[1.641s] Invoking command in '/home/srjn/ros2_ws/build/turtlebot_simulation': CMAKE_PREFIX_PATH=${CMAKE_PREFIX_PATH}:/home/srjn/ros2_ws/install/turtle_ctrl_launch:/home/srjn/ros2_ws/install/symlink:/home/srjn/ros2_ws/install/srvcli_py:/home/srjn/ros2_ws/install/pubsub_py:/home/srjn/ros2_ws/install/minimal_pkg:/home/srjn/ros2_ws/install/first_pytest:/home/srjn/ros2_ws/install/diff_drive_description:/opt/ros/jazzy DEBUGINFOD_URLS=https://debuginfod.ubuntu.com /usr/bin/cmake /home/srjn/ros2_ws/src/turtlebot_simulation -DCMAKE_INSTALL_PREFIX=/home/srjn/ros2_ws/install/turtlebot_simulation
[1.764s] -- The C compiler identification is GNU 13.3.0
[1.979s] -- The CXX compiler identification is GNU 13.3.0
[2.027s] -- Detecting C compiler ABI info
[2.248s] -- Detecting C compiler ABI info - done
[2.265s] -- Check for working C compiler: /usr/bin/cc - skipped
[2.266s] -- Detecting C compile features
[2.266s] -- Detecting C compile features - done
[2.284s] -- Detecting CXX compiler ABI info
[2.500s] -- Detecting CXX compiler ABI info - done
[2.521s] -- Check for working CXX compiler: /usr/bin/c++ - skipped
[2.521s] -- Detecting CXX compile features
[2.522s] -- Detecting CXX compile features - done
[2.537s] -- Found ament_cmake: 2.5.5 (/opt/ros/jazzy/share/ament_cmake/cmake)
[2.894s] -- Found Python3: /usr/bin/python3 (found version "3.12.3") found components: Interpreter 
[3.181s] [31mCMake Error at CMakeLists.txt:10 (find_package):
[3.181s]   By not providing "Findros_gz_bridge.cmake" in CMAKE_MODULE_PATH this
[3.182s]   project has asked CMake to find a package configuration file provided by
[3.182s]   "ros_gz_bridge", but CMake did not find one.
[3.182s] 
[3.182s] -- Configuring incomplete, errors occurred!
[3.182s]   Could not find a package configuration file provided by "ros_gz_bridge"
[3.182s]   with any of the following names:
[3.183s] 
[3.183s]     ros_gz_bridgeConfig.cmake
[3.183s]     ros_gz_bridge-config.cmake
[3.183s] 
[3.183s]   Add the installation prefix of "ros_gz_bridge" to CMAKE_PREFIX_PATH or set
[3.183s]   "ros_gz_bridge_DIR" to a directory containing one of the above files.  If
[3.183s]   "ros_gz_bridge" provides a separate development package or SDK, be sure it
[3.184s]   has been installed.
[3.184s] 
[3.184s] [0m
[3.190s] Invoked command in '/home/srjn/ros2_ws/build/turtlebot_simulation' returned '1': CMAKE_PREFIX_PATH=${CMAKE_PREFIX_PATH}:/home/srjn/ros2_ws/install/turtle_ctrl_launch:/home/srjn/ros2_ws/install/symlink:/home/srjn/ros2_ws/install/srvcli_py:/home/srjn/ros2_ws/install/pubsub_py:/home/srjn/ros2_ws/install/minimal_pkg:/home/srjn/ros2_ws/install/first_pytest:/home/srjn/ros2_ws/install/diff_drive_description:/opt/ros/jazzy DEBUGINFOD_URLS=https://debuginfod.ubuntu.com /usr/bin/cmake /home/srjn/ros2_ws/src/turtlebot_simulation -DCMAKE_INSTALL_PREFIX=/home/srjn/ros2_ws/install/turtlebot_simulation
