-- Install configuration: ""
-- Execute custom install script
-- Up-to-date symlink: /home/srjn/ros2_ws/install/pendulum_robot_description/share/pendulum_robot_description/urdf/pendulum.urdf
-- Up-to-date symlink: /home/srjn/ros2_ws/install/pendulum_robot_description/share/pendulum_robot_description/urdf/pendulum_robot.gv
-- Up-to-date symlink: /home/srjn/ros2_ws/install/pendulum_robot_description/share/pendulum_robot_description/urdf/pendulum_robot.pdf
-- Up-to-date symlink: /home/srjn/ros2_ws/install/pendulum_robot_description/share/pendulum_robot_description/urdf/pendulum_robot.xacro
-- Up-to-date symlink: /home/srjn/ros2_ws/install/pendulum_robot_description/share/pendulum_robot_description/launch/display.launch.py
-- Up-to-date symlink: /home/srjn/ros2_ws/install/pendulum_robot_description/share/pendulum_robot_description/launch/robot_description.launch.py
-- Up-to-date symlink: /home/srjn/ros2_ws/install/pendulum_robot_description/share/ament_index/resource_index/package_run_dependencies/pendulum_robot_description
-- Up-to-date symlink: /home/srjn/ros2_ws/install/pendulum_robot_description/share/ament_index/resource_index/parent_prefix_path/pendulum_robot_description
-- Up-to-date symlink: /home/srjn/ros2_ws/install/pendulum_robot_description/share/pendulum_robot_description/environment/ament_prefix_path.sh
-- Up-to-date symlink: /home/srjn/ros2_ws/install/pendulum_robot_description/share/pendulum_robot_description/environment/ament_prefix_path.dsv
-- Up-to-date symlink: /home/srjn/ros2_ws/install/pendulum_robot_description/share/pendulum_robot_description/environment/path.sh
-- Up-to-date symlink: /home/srjn/ros2_ws/install/pendulum_robot_description/share/pendulum_robot_description/environment/path.dsv
-- Up-to-date symlink: /home/srjn/ros2_ws/install/pendulum_robot_description/share/pendulum_robot_description/local_setup.bash
-- Up-to-date symlink: /home/srjn/ros2_ws/install/pendulum_robot_description/share/pendulum_robot_description/local_setup.sh
-- Up-to-date symlink: /home/srjn/ros2_ws/install/pendulum_robot_description/share/pendulum_robot_description/local_setup.zsh
-- Up-to-date symlink: /home/srjn/ros2_ws/install/pendulum_robot_description/share/pendulum_robot_description/local_setup.dsv
-- Symlinking: /home/srjn/ros2_ws/install/pendulum_robot_description/share/pendulum_robot_description/package.dsv
-- Up-to-date symlink: /home/srjn/ros2_ws/install/pendulum_robot_description/share/ament_index/resource_index/packages/pendulum_robot_description
-- Up-to-date symlink: /home/srjn/ros2_ws/install/pendulum_robot_description/share/pendulum_robot_description/cmake/pendulum_robot_descriptionConfig.cmake
-- Up-to-date symlink: /home/srjn/ros2_ws/install/pendulum_robot_description/share/pendulum_robot_description/cmake/pendulum_robot_descriptionConfig-version.cmake
-- Up-to-date symlink: /home/srjn/ros2_ws/install/pendulum_robot_description/share/pendulum_robot_description/package.xml
