[2.613s] Invoking command in '/home/srjn/ros2_ws/src/minimal_pkg': DEBUGINFOD_URLS=https://debuginfod.ubuntu.com PYTHONPATH=/home/srjn/ros2_ws/build/minimal_pkg/prefix_override:/usr/lib/python3/dist-packages/colcon_core/task/python/colcon_distutils_commands:/home/srjn/ros2_ws/install/minimal_pkg/lib/python3.12/site-packages:${PYTHONPATH} /usr/bin/python3 -W ignore:setup.py install is deprecated -W ignore:easy_install command is deprecated setup.py egg_info --egg-base ../../build/minimal_pkg build --build-base /home/srjn/ros2_ws/build/minimal_pkg/build install --record /home/srjn/ros2_ws/build/minimal_pkg/install.log --single-version-externally-managed install_data
[3.048s] running egg_info
[3.075s] writing ../../build/minimal_pkg/minimal_pkg.egg-info/PKG-INFO
[3.075s] writing dependency_links to ../../build/minimal_pkg/minimal_pkg.egg-info/dependency_links.txt
[3.075s] writing entry points to ../../build/minimal_pkg/minimal_pkg.egg-info/entry_points.txt
[3.075s] writing requirements to ../../build/minimal_pkg/minimal_pkg.egg-info/requires.txt
[3.076s] writing top-level names to ../../build/minimal_pkg/minimal_pkg.egg-info/top_level.txt
[3.139s] reading manifest file '../../build/minimal_pkg/minimal_pkg.egg-info/SOURCES.txt'
[3.140s] writing manifest file '../../build/minimal_pkg/minimal_pkg.egg-info/SOURCES.txt'
[3.140s] running build
[3.140s] running build_py
[3.140s] running install
[3.147s] running install_lib
[3.175s] running install_data
[3.176s] running install_egg_info
[3.209s] removing '/home/srjn/ros2_ws/install/minimal_pkg/lib/python3.12/site-packages/minimal_pkg-0.0.0-py3.12.egg-info' (and everything under it)
[3.210s] Copying ../../build/minimal_pkg/minimal_pkg.egg-info to /home/srjn/ros2_ws/install/minimal_pkg/lib/python3.12/site-packages/minimal_pkg-0.0.0-py3.12.egg-info
[3.211s] running install_scripts
[3.409s] Installing minimal_node script to /home/srjn/ros2_ws/install/minimal_pkg/lib/minimal_pkg
[3.409s] writing list of installed files to '/home/srjn/ros2_ws/build/minimal_pkg/install.log'
[3.472s] Invoked command in '/home/srjn/ros2_ws/src/minimal_pkg' returned '0': DEBUGINFOD_URLS=https://debuginfod.ubuntu.com PYTHONPATH=/home/srjn/ros2_ws/build/minimal_pkg/prefix_override:/usr/lib/python3/dist-packages/colcon_core/task/python/colcon_distutils_commands:/home/srjn/ros2_ws/install/minimal_pkg/lib/python3.12/site-packages:${PYTHONPATH} /usr/bin/python3 -W ignore:setup.py install is deprecated -W ignore:easy_install command is deprecated setup.py egg_info --egg-base ../../build/minimal_pkg build --build-base /home/srjn/ros2_ws/build/minimal_pkg/build install --record /home/srjn/ros2_ws/build/minimal_pkg/install.log --single-version-externally-managed install_data
