[0.101s] DEBUG:colcon:Command line arguments: ['/usr/bin/colcon', 'build', '--packages-select', 'diff_drive_description']
[0.101s] DEBUG:colcon:Parsed command line arguments: Namespace(log_base=None, log_level=None, verb_name='build', build_base='build', install_base='install', merge_install=False, symlink_install=False, test_result_base=None, continue_on_error=False, executor='parallel', parallel_workers=16, event_handlers=None, ignore_user_meta=False, metas=['./colcon.meta'], base_paths=['.'], packages_ignore=None, packages_ignore_regex=None, paths=None, packages_up_to=None, packages_up_to_regex=None, packages_above=None, packages_above_and_dependencies=None, packages_above_depth=None, packages_select_by_dep=None, packages_skip_by_dep=None, packages_skip_up_to=None, packages_select_build_failed=False, packages_skip_build_finished=False, packages_select_test_failures=False, packages_skip_test_passed=False, packages_select=['diff_drive_description'], packages_skip=None, packages_select_regex=None, packages_skip_regex=None, packages_start=None, packages_end=None, allow_overriding=[], cmake_args=None, cmake_target=None, cmake_target_skip_unavailable=False, cmake_clean_cache=False, cmake_clean_first=False, cmake_force_configure=False, ament_cmake_args=None, catkin_cmake_args=None, catkin_skip_building_tests=False, mixin_files=None, mixin=None, verb_parser=<colcon_mixin.mixin.mixin_argument.MixinArgumentDecorator object at 0x7dbf95ea7dd0>, verb_extension=<colcon_core.verb.build.BuildVerb object at 0x7dbf95fc3c50>, main=<bound method BuildVerb.main of <colcon_core.verb.build.BuildVerb object at 0x7dbf95fc3c50>>, mixin_verb=('build',))
[0.143s] Level 1:colcon.colcon_core.package_discovery:discover_packages(colcon_meta) check parameters
[0.143s] Level 1:colcon.colcon_core.package_discovery:discover_packages(recursive) check parameters
[0.143s] Level 1:colcon.colcon_core.package_discovery:discover_packages(ignore) check parameters
[0.143s] Level 1:colcon.colcon_core.package_discovery:discover_packages(path) check parameters
[0.143s] Level 1:colcon.colcon_core.package_discovery:discover_packages(colcon_meta) discover
[0.143s] Level 1:colcon.colcon_core.package_discovery:discover_packages(recursive) discover
[0.144s] INFO:colcon.colcon_core.package_discovery:Crawling recursively for packages in '/home/srjn/ros2_ws'
[0.144s] Level 1:colcon.colcon_core.package_identification:_identify(.) by extensions ['ignore', 'ignore_ament_install']
[0.144s] Level 1:colcon.colcon_core.package_identification:_identify(.) by extension 'ignore'
[0.144s] Level 1:colcon.colcon_core.package_identification:_identify(.) by extension 'ignore_ament_install'
[0.144s] Level 1:colcon.colcon_core.package_identification:_identify(.) by extensions ['colcon_pkg']
[0.144s] Level 1:colcon.colcon_core.package_identification:_identify(.) by extension 'colcon_pkg'
[0.144s] Level 1:colcon.colcon_core.package_identification:_identify(.) by extensions ['colcon_meta']
[0.144s] Level 1:colcon.colcon_core.package_identification:_identify(.) by extension 'colcon_meta'
[0.144s] Level 1:colcon.colcon_core.package_identification:_identify(.) by extensions ['ros']
[0.144s] Level 1:colcon.colcon_core.package_identification:_identify(.) by extension 'ros'
[0.172s] Level 1:colcon.colcon_core.package_identification:_identify(.) by extensions ['cmake', 'python']
[0.173s] Level 1:colcon.colcon_core.package_identification:_identify(.) by extension 'cmake'
[0.173s] Level 1:colcon.colcon_core.package_identification:_identify(.) by extension 'python'
[0.173s] Level 1:colcon.colcon_core.package_identification:_identify(.) by extensions ['python_setup_py']
[0.173s] Level 1:colcon.colcon_core.package_identification:_identify(.) by extension 'python_setup_py'
[0.173s] Level 1:colcon.colcon_core.package_identification:_identify(action_pkg) by extensions ['ignore', 'ignore_ament_install']
[0.173s] Level 1:colcon.colcon_core.package_identification:_identify(action_pkg) by extension 'ignore'
[0.173s] Level 1:colcon.colcon_core.package_identification:_identify(action_pkg) by extension 'ignore_ament_install'
[0.173s] Level 1:colcon.colcon_core.package_identification:_identify(action_pkg) by extensions ['colcon_pkg']
[0.173s] Level 1:colcon.colcon_core.package_identification:_identify(action_pkg) by extension 'colcon_pkg'
[0.173s] Level 1:colcon.colcon_core.package_identification:_identify(action_pkg) by extensions ['colcon_meta']
[0.173s] Level 1:colcon.colcon_core.package_identification:_identify(action_pkg) by extension 'colcon_meta'
[0.173s] Level 1:colcon.colcon_core.package_identification:_identify(action_pkg) by extensions ['ros']
[0.173s] Level 1:colcon.colcon_core.package_identification:_identify(action_pkg) by extension 'ros'
[0.176s] DEBUG:colcon.colcon_core.package_identification:Package 'action_pkg' with type 'ros.ament_cmake' and name 'action_pkg'
[0.176s] Level 1:colcon.colcon_core.package_identification:_identify(build) by extensions ['ignore', 'ignore_ament_install']
[0.176s] Level 1:colcon.colcon_core.package_identification:_identify(build) by extension 'ignore'
[0.177s] Level 1:colcon.colcon_core.package_identification:_identify(build) ignored
[0.177s] Level 1:colcon.colcon_core.package_identification:_identify(install) by extensions ['ignore', 'ignore_ament_install']
[0.177s] Level 1:colcon.colcon_core.package_identification:_identify(install) by extension 'ignore'
[0.177s] Level 1:colcon.colcon_core.package_identification:_identify(install) ignored
[0.177s] Level 1:colcon.colcon_core.package_identification:_identify(log) by extensions ['ignore', 'ignore_ament_install']
[0.177s] Level 1:colcon.colcon_core.package_identification:_identify(log) by extension 'ignore'
[0.177s] Level 1:colcon.colcon_core.package_identification:_identify(log) ignored
[0.177s] Level 1:colcon.colcon_core.package_identification:_identify(pendulum_robot_description) by extensions ['ignore', 'ignore_ament_install']
[0.177s] Level 1:colcon.colcon_core.package_identification:_identify(pendulum_robot_description) by extension 'ignore'
[0.177s] Level 1:colcon.colcon_core.package_identification:_identify(pendulum_robot_description) by extension 'ignore_ament_install'
[0.178s] Level 1:colcon.colcon_core.package_identification:_identify(pendulum_robot_description) by extensions ['colcon_pkg']
[0.178s] Level 1:colcon.colcon_core.package_identification:_identify(pendulum_robot_description) by extension 'colcon_pkg'
[0.178s] Level 1:colcon.colcon_core.package_identification:_identify(pendulum_robot_description) by extensions ['colcon_meta']
[0.178s] Level 1:colcon.colcon_core.package_identification:_identify(pendulum_robot_description) by extension 'colcon_meta'
[0.178s] Level 1:colcon.colcon_core.package_identification:_identify(pendulum_robot_description) by extensions ['ros']
[0.178s] Level 1:colcon.colcon_core.package_identification:_identify(pendulum_robot_description) by extension 'ros'
[0.178s] DEBUG:colcon.colcon_core.package_identification:Package 'pendulum_robot_description' with type 'ros.ament_cmake' and name 'pendulum_robot_description'
[0.178s] Level 1:colcon.colcon_core.package_identification:_identify(src) by extensions ['ignore', 'ignore_ament_install']
[0.179s] Level 1:colcon.colcon_core.package_identification:_identify(src) by extension 'ignore'
[0.179s] Level 1:colcon.colcon_core.package_identification:_identify(src) by extension 'ignore_ament_install'
[0.179s] Level 1:colcon.colcon_core.package_identification:_identify(src) by extensions ['colcon_pkg']
[0.179s] Level 1:colcon.colcon_core.package_identification:_identify(src) by extension 'colcon_pkg'
[0.179s] Level 1:colcon.colcon_core.package_identification:_identify(src) by extensions ['colcon_meta']
[0.179s] Level 1:colcon.colcon_core.package_identification:_identify(src) by extension 'colcon_meta'
[0.179s] Level 1:colcon.colcon_core.package_identification:_identify(src) by extensions ['ros']
[0.179s] Level 1:colcon.colcon_core.package_identification:_identify(src) by extension 'ros'
[0.179s] Level 1:colcon.colcon_core.package_identification:_identify(src) by extensions ['cmake', 'python']
[0.179s] Level 1:colcon.colcon_core.package_identification:_identify(src) by extension 'cmake'
[0.179s] Level 1:colcon.colcon_core.package_identification:_identify(src) by extension 'python'
[0.179s] Level 1:colcon.colcon_core.package_identification:_identify(src) by extensions ['python_setup_py']
[0.179s] Level 1:colcon.colcon_core.package_identification:_identify(src) by extension 'python_setup_py'
[0.179s] Level 1:colcon.colcon_core.package_identification:_identify(src/diff_drive_description) by extensions ['ignore', 'ignore_ament_install']
[0.179s] Level 1:colcon.colcon_core.package_identification:_identify(src/diff_drive_description) by extension 'ignore'
[0.179s] Level 1:colcon.colcon_core.package_identification:_identify(src/diff_drive_description) by extension 'ignore_ament_install'
[0.180s] Level 1:colcon.colcon_core.package_identification:_identify(src/diff_drive_description) by extensions ['colcon_pkg']
[0.180s] Level 1:colcon.colcon_core.package_identification:_identify(src/diff_drive_description) by extension 'colcon_pkg'
[0.180s] Level 1:colcon.colcon_core.package_identification:_identify(src/diff_drive_description) by extensions ['colcon_meta']
[0.180s] Level 1:colcon.colcon_core.package_identification:_identify(src/diff_drive_description) by extension 'colcon_meta'
[0.180s] Level 1:colcon.colcon_core.package_identification:_identify(src/diff_drive_description) by extensions ['ros']
[0.180s] Level 1:colcon.colcon_core.package_identification:_identify(src/diff_drive_description) by extension 'ros'
[0.180s] DEBUG:colcon.colcon_core.package_identification:Package 'src/diff_drive_description' with type 'ros.ament_python' and name 'diff_drive_description'
[0.181s] Level 1:colcon.colcon_core.package_identification:_identify(src/first_pytest) by extensions ['ignore', 'ignore_ament_install']
[0.181s] Level 1:colcon.colcon_core.package_identification:_identify(src/first_pytest) by extension 'ignore'
[0.181s] Level 1:colcon.colcon_core.package_identification:_identify(src/first_pytest) by extension 'ignore_ament_install'
[0.181s] Level 1:colcon.colcon_core.package_identification:_identify(src/first_pytest) by extensions ['colcon_pkg']
[0.181s] Level 1:colcon.colcon_core.package_identification:_identify(src/first_pytest) by extension 'colcon_pkg'
[0.181s] Level 1:colcon.colcon_core.package_identification:_identify(src/first_pytest) by extensions ['colcon_meta']
[0.181s] Level 1:colcon.colcon_core.package_identification:_identify(src/first_pytest) by extension 'colcon_meta'
[0.181s] Level 1:colcon.colcon_core.package_identification:_identify(src/first_pytest) by extensions ['ros']
[0.181s] Level 1:colcon.colcon_core.package_identification:_identify(src/first_pytest) by extension 'ros'
[0.182s] DEBUG:colcon.colcon_core.package_identification:Package 'src/first_pytest' with type 'ros.ament_python' and name 'first_pytest'
[0.182s] Level 1:colcon.colcon_core.package_identification:_identify(src/minimal_pkg) by extensions ['ignore', 'ignore_ament_install']
[0.182s] Level 1:colcon.colcon_core.package_identification:_identify(src/minimal_pkg) by extension 'ignore'
[0.182s] Level 1:colcon.colcon_core.package_identification:_identify(src/minimal_pkg) by extension 'ignore_ament_install'
[0.182s] Level 1:colcon.colcon_core.package_identification:_identify(src/minimal_pkg) by extensions ['colcon_pkg']
[0.182s] Level 1:colcon.colcon_core.package_identification:_identify(src/minimal_pkg) by extension 'colcon_pkg'
[0.182s] Level 1:colcon.colcon_core.package_identification:_identify(src/minimal_pkg) by extensions ['colcon_meta']
[0.182s] Level 1:colcon.colcon_core.package_identification:_identify(src/minimal_pkg) by extension 'colcon_meta'
[0.182s] Level 1:colcon.colcon_core.package_identification:_identify(src/minimal_pkg) by extensions ['ros']
[0.182s] Level 1:colcon.colcon_core.package_identification:_identify(src/minimal_pkg) by extension 'ros'
[0.183s] DEBUG:colcon.colcon_core.package_identification:Package 'src/minimal_pkg' with type 'ros.ament_python' and name 'minimal_pkg'
[0.183s] Level 1:colcon.colcon_core.package_identification:_identify(src/pubsub_py) by extensions ['ignore', 'ignore_ament_install']
[0.183s] Level 1:colcon.colcon_core.package_identification:_identify(src/pubsub_py) by extension 'ignore'
[0.183s] Level 1:colcon.colcon_core.package_identification:_identify(src/pubsub_py) by extension 'ignore_ament_install'
[0.183s] Level 1:colcon.colcon_core.package_identification:_identify(src/pubsub_py) by extensions ['colcon_pkg']
[0.183s] Level 1:colcon.colcon_core.package_identification:_identify(src/pubsub_py) by extension 'colcon_pkg'
[0.183s] Level 1:colcon.colcon_core.package_identification:_identify(src/pubsub_py) by extensions ['colcon_meta']
[0.183s] Level 1:colcon.colcon_core.package_identification:_identify(src/pubsub_py) by extension 'colcon_meta'
[0.184s] Level 1:colcon.colcon_core.package_identification:_identify(src/pubsub_py) by extensions ['ros']
[0.184s] Level 1:colcon.colcon_core.package_identification:_identify(src/pubsub_py) by extension 'ros'
[0.184s] DEBUG:colcon.colcon_core.package_identification:Package 'src/pubsub_py' with type 'ros.ament_python' and name 'pubsub_py'
[0.184s] Level 1:colcon.colcon_core.package_identification:_identify(src/srv_pkg) by extensions ['ignore', 'ignore_ament_install']
[0.184s] Level 1:colcon.colcon_core.package_identification:_identify(src/srv_pkg) by extension 'ignore'
[0.185s] Level 1:colcon.colcon_core.package_identification:_identify(src/srv_pkg) by extension 'ignore_ament_install'
[0.185s] Level 1:colcon.colcon_core.package_identification:_identify(src/srv_pkg) by extensions ['colcon_pkg']
[0.185s] Level 1:colcon.colcon_core.package_identification:_identify(src/srv_pkg) by extension 'colcon_pkg'
[0.185s] Level 1:colcon.colcon_core.package_identification:_identify(src/srv_pkg) by extensions ['colcon_meta']
[0.185s] Level 1:colcon.colcon_core.package_identification:_identify(src/srv_pkg) by extension 'colcon_meta'
[0.185s] Level 1:colcon.colcon_core.package_identification:_identify(src/srv_pkg) by extensions ['ros']
[0.185s] Level 1:colcon.colcon_core.package_identification:_identify(src/srv_pkg) by extension 'ros'
[0.186s] DEBUG:colcon.colcon_core.package_identification:Package 'src/srv_pkg' with type 'ros.ament_cmake' and name 'srv_pkg'
[0.186s] Level 1:colcon.colcon_core.package_identification:_identify(src/symlink) by extensions ['ignore', 'ignore_ament_install']
[0.186s] Level 1:colcon.colcon_core.package_identification:_identify(src/symlink) by extension 'ignore'
[0.186s] Level 1:colcon.colcon_core.package_identification:_identify(src/symlink) by extension 'ignore_ament_install'
[0.186s] Level 1:colcon.colcon_core.package_identification:_identify(src/symlink) by extensions ['colcon_pkg']
[0.186s] Level 1:colcon.colcon_core.package_identification:_identify(src/symlink) by extension 'colcon_pkg'
[0.186s] Level 1:colcon.colcon_core.package_identification:_identify(src/symlink) by extensions ['colcon_meta']
[0.186s] Level 1:colcon.colcon_core.package_identification:_identify(src/symlink) by extension 'colcon_meta'
[0.186s] Level 1:colcon.colcon_core.package_identification:_identify(src/symlink) by extensions ['ros']
[0.186s] Level 1:colcon.colcon_core.package_identification:_identify(src/symlink) by extension 'ros'
[0.187s] DEBUG:colcon.colcon_core.package_identification:Package 'src/symlink' with type 'ros.ament_python' and name 'symlink'
[0.187s] Level 1:colcon.colcon_core.package_identification:_identify(src/turtle_ctrl_launch) by extensions ['ignore', 'ignore_ament_install']
[0.187s] Level 1:colcon.colcon_core.package_identification:_identify(src/turtle_ctrl_launch) by extension 'ignore'
[0.187s] Level 1:colcon.colcon_core.package_identification:_identify(src/turtle_ctrl_launch) by extension 'ignore_ament_install'
[0.187s] Level 1:colcon.colcon_core.package_identification:_identify(src/turtle_ctrl_launch) by extensions ['colcon_pkg']
[0.187s] Level 1:colcon.colcon_core.package_identification:_identify(src/turtle_ctrl_launch) by extension 'colcon_pkg'
[0.187s] Level 1:colcon.colcon_core.package_identification:_identify(src/turtle_ctrl_launch) by extensions ['colcon_meta']
[0.187s] Level 1:colcon.colcon_core.package_identification:_identify(src/turtle_ctrl_launch) by extension 'colcon_meta'
[0.187s] Level 1:colcon.colcon_core.package_identification:_identify(src/turtle_ctrl_launch) by extensions ['ros']
[0.187s] Level 1:colcon.colcon_core.package_identification:_identify(src/turtle_ctrl_launch) by extension 'ros'
[0.188s] DEBUG:colcon.colcon_core.package_identification:Package 'src/turtle_ctrl_launch' with type 'ros.ament_python' and name 'turtle_ctrl_launch'
[0.188s] Level 1:colcon.colcon_core.package_identification:_identify(srvcli_py) by extensions ['ignore', 'ignore_ament_install']
[0.188s] Level 1:colcon.colcon_core.package_identification:_identify(srvcli_py) by extension 'ignore'
[0.188s] Level 1:colcon.colcon_core.package_identification:_identify(srvcli_py) by extension 'ignore_ament_install'
[0.188s] Level 1:colcon.colcon_core.package_identification:_identify(srvcli_py) by extensions ['colcon_pkg']
[0.188s] Level 1:colcon.colcon_core.package_identification:_identify(srvcli_py) by extension 'colcon_pkg'
[0.188s] Level 1:colcon.colcon_core.package_identification:_identify(srvcli_py) by extensions ['colcon_meta']
[0.188s] Level 1:colcon.colcon_core.package_identification:_identify(srvcli_py) by extension 'colcon_meta'
[0.188s] Level 1:colcon.colcon_core.package_identification:_identify(srvcli_py) by extensions ['ros']
[0.188s] Level 1:colcon.colcon_core.package_identification:_identify(srvcli_py) by extension 'ros'
[0.189s] DEBUG:colcon.colcon_core.package_identification:Package 'srvcli_py' with type 'ros.ament_python' and name 'srvcli_py'
[0.189s] Level 1:colcon.colcon_core.package_discovery:discover_packages(recursive) using defaults
[0.189s] Level 1:colcon.colcon_core.package_discovery:discover_packages(ignore) discover
[0.189s] Level 1:colcon.colcon_core.package_discovery:discover_packages(ignore) using defaults
[0.189s] Level 1:colcon.colcon_core.package_discovery:discover_packages(path) discover
[0.189s] Level 1:colcon.colcon_core.package_discovery:discover_packages(path) using defaults
[0.213s] INFO:colcon.colcon_core.package_selection:Skipping not selected package 'action_pkg' in 'action_pkg'
[0.213s] INFO:colcon.colcon_core.package_selection:Skipping not selected package 'first_pytest' in 'src/first_pytest'
[0.213s] INFO:colcon.colcon_core.package_selection:Skipping not selected package 'minimal_pkg' in 'src/minimal_pkg'
[0.213s] INFO:colcon.colcon_core.package_selection:Skipping not selected package 'pendulum_robot_description' in 'pendulum_robot_description'
[0.213s] INFO:colcon.colcon_core.package_selection:Skipping not selected package 'pubsub_py' in 'src/pubsub_py'
[0.213s] INFO:colcon.colcon_core.package_selection:Skipping not selected package 'srv_pkg' in 'src/srv_pkg'
[0.214s] INFO:colcon.colcon_core.package_selection:Skipping not selected package 'symlink' in 'src/symlink'
[0.214s] INFO:colcon.colcon_core.package_selection:Skipping not selected package 'turtle_ctrl_launch' in 'src/turtle_ctrl_launch'
[0.214s] INFO:colcon.colcon_core.package_selection:Skipping not selected package 'srvcli_py' in 'srvcli_py'
[0.214s] Level 1:colcon.colcon_core.package_discovery:discover_packages(prefix_path) check parameters
[0.214s] Level 1:colcon.colcon_core.package_discovery:discover_packages(prefix_path) discover
[0.216s] DEBUG:colcon.colcon_installed_package_information.package_discovery:Found 10 installed packages in /home/srjn/ros2_ws/install
[0.218s] DEBUG:colcon.colcon_installed_package_information.package_discovery:Found 320 installed packages in /opt/ros/jazzy
[0.220s] Level 1:colcon.colcon_core.package_discovery:discover_packages(prefix_path) using defaults
[0.269s] Level 5:colcon.colcon_core.verb:set package 'diff_drive_description' build argument 'cmake_args' from command line to 'None'
[0.269s] Level 5:colcon.colcon_core.verb:set package 'diff_drive_description' build argument 'cmake_target' from command line to 'None'
[0.269s] Level 5:colcon.colcon_core.verb:set package 'diff_drive_description' build argument 'cmake_target_skip_unavailable' from command line to 'False'
[0.269s] Level 5:colcon.colcon_core.verb:set package 'diff_drive_description' build argument 'cmake_clean_cache' from command line to 'False'
[0.269s] Level 5:colcon.colcon_core.verb:set package 'diff_drive_description' build argument 'cmake_clean_first' from command line to 'False'
[0.269s] Level 5:colcon.colcon_core.verb:set package 'diff_drive_description' build argument 'cmake_force_configure' from command line to 'False'
[0.269s] Level 5:colcon.colcon_core.verb:set package 'diff_drive_description' build argument 'ament_cmake_args' from command line to 'None'
[0.269s] Level 5:colcon.colcon_core.verb:set package 'diff_drive_description' build argument 'catkin_cmake_args' from command line to 'None'
[0.269s] Level 5:colcon.colcon_core.verb:set package 'diff_drive_description' build argument 'catkin_skip_building_tests' from command line to 'False'
[0.269s] DEBUG:colcon.colcon_core.verb:Building package 'diff_drive_description' with the following arguments: {'ament_cmake_args': None, 'build_base': '/home/srjn/ros2_ws/build/diff_drive_description', 'catkin_cmake_args': None, 'catkin_skip_building_tests': False, 'cmake_args': None, 'cmake_clean_cache': False, 'cmake_clean_first': False, 'cmake_force_configure': False, 'cmake_target': None, 'cmake_target_skip_unavailable': False, 'install_base': '/home/srjn/ros2_ws/install/diff_drive_description', 'merge_install': False, 'path': '/home/srjn/ros2_ws/src/diff_drive_description', 'symlink_install': False, 'test_result_base': None}
[0.269s] INFO:colcon.colcon_core.executor:Executing jobs using 'parallel' executor
[0.271s] DEBUG:colcon.colcon_parallel_executor.executor.parallel:run_until_complete
[0.271s] INFO:colcon.colcon_ros.task.ament_python.build:Building ROS package in '/home/srjn/ros2_ws/src/diff_drive_description' with build type 'ament_python'
[0.271s] Level 1:colcon.colcon_core.shell:create_environment_hook('diff_drive_description', 'ament_prefix_path')
[0.274s] INFO:colcon.colcon_core.plugin_system:Skipping extension 'colcon_core.shell.bat': Not used on non-Windows systems
[0.274s] INFO:colcon.colcon_core.shell:Creating environment hook '/home/srjn/ros2_ws/install/diff_drive_description/share/diff_drive_description/hook/ament_prefix_path.ps1'
[0.275s] INFO:colcon.colcon_core.shell:Creating environment descriptor '/home/srjn/ros2_ws/install/diff_drive_description/share/diff_drive_description/hook/ament_prefix_path.dsv'
[0.275s] INFO:colcon.colcon_core.shell:Creating environment hook '/home/srjn/ros2_ws/install/diff_drive_description/share/diff_drive_description/hook/ament_prefix_path.sh'
[0.276s] INFO:colcon.colcon_core.shell:Skip shell extension 'powershell' for command environment: Not usable outside of PowerShell
[0.276s] DEBUG:colcon.colcon_core.shell:Skip shell extension 'dsv' for command environment
[0.535s] INFO:colcon.colcon_core.task.python.build:Building Python package in '/home/srjn/ros2_ws/src/diff_drive_description'
[0.535s] INFO:colcon.colcon_core.shell:Skip shell extension 'powershell' for command environment: Not usable outside of PowerShell
[0.535s] DEBUG:colcon.colcon_core.shell:Skip shell extension 'dsv' for command environment
[1.187s] DEBUG:colcon.colcon_core.event_handler.log_command:Invoking command in '/home/srjn/ros2_ws/src/diff_drive_description': DEBUGINFOD_URLS=https://debuginfod.ubuntu.com PYTHONPATH=/home/srjn/ros2_ws/build/diff_drive_description/prefix_override:/usr/lib/python3/dist-packages/colcon_core/task/python/colcon_distutils_commands:/home/srjn/ros2_ws/install/diff_drive_description/lib/python3.12/site-packages:${PYTHONPATH} /usr/bin/python3 -W ignore:setup.py install is deprecated -W ignore:easy_install command is deprecated setup.py egg_info --egg-base ../../build/diff_drive_description build --build-base /home/srjn/ros2_ws/build/diff_drive_description/build install --record /home/srjn/ros2_ws/build/diff_drive_description/install.log --single-version-externally-managed install_data
[1.768s] DEBUG:colcon.colcon_core.event_handler.log_command:Invoked command in '/home/srjn/ros2_ws/src/diff_drive_description' returned '0': DEBUGINFOD_URLS=https://debuginfod.ubuntu.com PYTHONPATH=/home/srjn/ros2_ws/build/diff_drive_description/prefix_override:/usr/lib/python3/dist-packages/colcon_core/task/python/colcon_distutils_commands:/home/srjn/ros2_ws/install/diff_drive_description/lib/python3.12/site-packages:${PYTHONPATH} /usr/bin/python3 -W ignore:setup.py install is deprecated -W ignore:easy_install command is deprecated setup.py egg_info --egg-base ../../build/diff_drive_description build --build-base /home/srjn/ros2_ws/build/diff_drive_description/build install --record /home/srjn/ros2_ws/build/diff_drive_description/install.log --single-version-externally-managed install_data
[1.770s] Level 1:colcon.colcon_core.environment:checking '/home/srjn/ros2_ws/install/diff_drive_description' for CMake module files
[1.770s] Level 1:colcon.colcon_core.environment:checking '/home/srjn/ros2_ws/install/diff_drive_description' for CMake config files
[1.770s] Level 1:colcon.colcon_core.environment:checking '/home/srjn/ros2_ws/install/diff_drive_description/lib'
[1.771s] Level 1:colcon.colcon_core.environment:checking '/home/srjn/ros2_ws/install/diff_drive_description/bin'
[1.771s] Level 1:colcon.colcon_core.environment:checking '/home/srjn/ros2_ws/install/diff_drive_description/lib/pkgconfig/diff_drive_description.pc'
[1.771s] Level 1:colcon.colcon_core.environment:checking '/home/srjn/ros2_ws/install/diff_drive_description/lib/python3.12/site-packages'
[1.771s] Level 1:colcon.colcon_core.shell:create_environment_hook('diff_drive_description', 'pythonpath')
[1.771s] INFO:colcon.colcon_core.shell:Creating environment hook '/home/srjn/ros2_ws/install/diff_drive_description/share/diff_drive_description/hook/pythonpath.ps1'
[1.771s] INFO:colcon.colcon_core.shell:Creating environment descriptor '/home/srjn/ros2_ws/install/diff_drive_description/share/diff_drive_description/hook/pythonpath.dsv'
[1.772s] INFO:colcon.colcon_core.shell:Creating environment hook '/home/srjn/ros2_ws/install/diff_drive_description/share/diff_drive_description/hook/pythonpath.sh'
[1.772s] Level 1:colcon.colcon_core.environment:checking '/home/srjn/ros2_ws/install/diff_drive_description/bin'
[1.772s] Level 1:colcon.colcon_core.environment:create_environment_scripts_only(diff_drive_description)
[1.772s] INFO:colcon.colcon_core.shell:Creating package script '/home/srjn/ros2_ws/install/diff_drive_description/share/diff_drive_description/package.ps1'
[1.773s] INFO:colcon.colcon_core.shell:Creating package descriptor '/home/srjn/ros2_ws/install/diff_drive_description/share/diff_drive_description/package.dsv'
[1.774s] INFO:colcon.colcon_core.shell:Creating package script '/home/srjn/ros2_ws/install/diff_drive_description/share/diff_drive_description/package.sh'
[1.775s] INFO:colcon.colcon_core.shell:Creating package script '/home/srjn/ros2_ws/install/diff_drive_description/share/diff_drive_description/package.bash'
[1.775s] INFO:colcon.colcon_core.shell:Creating package script '/home/srjn/ros2_ws/install/diff_drive_description/share/diff_drive_description/package.zsh'
[1.776s] Level 1:colcon.colcon_core.environment:create_file_with_runtime_dependencies(/home/srjn/ros2_ws/install/diff_drive_description/share/colcon-core/packages/diff_drive_description)
[1.776s] DEBUG:colcon.colcon_parallel_executor.executor.parallel:closing loop
[1.776s] DEBUG:colcon.colcon_parallel_executor.executor.parallel:loop closed
[1.777s] DEBUG:colcon.colcon_parallel_executor.executor.parallel:run_until_complete finished with '0'
[1.777s] DEBUG:colcon.colcon_core.event_reactor:joining thread
[1.782s] INFO:colcon.colcon_core.plugin_system:Skipping extension 'colcon_notification.desktop_notification.terminal_notifier': Not used on non-Darwin systems
[1.782s] INFO:colcon.colcon_core.plugin_system:Skipping extension 'colcon_notification.desktop_notification.win32': Not used on non-Windows systems
[1.782s] INFO:colcon.colcon_notification.desktop_notification:Sending desktop notification using 'notify2'
[1.802s] DEBUG:colcon.colcon_core.event_reactor:joined thread
[1.802s] INFO:colcon.colcon_core.shell:Creating prefix script '/home/srjn/ros2_ws/install/local_setup.ps1'
[1.804s] INFO:colcon.colcon_core.shell:Creating prefix util module '/home/srjn/ros2_ws/install/_local_setup_util_ps1.py'
[1.805s] INFO:colcon.colcon_core.shell:Creating prefix chain script '/home/srjn/ros2_ws/install/setup.ps1'
[1.807s] INFO:colcon.colcon_core.shell:Creating prefix script '/home/srjn/ros2_ws/install/local_setup.sh'
[1.808s] INFO:colcon.colcon_core.shell:Creating prefix util module '/home/srjn/ros2_ws/install/_local_setup_util_sh.py'
[1.808s] INFO:colcon.colcon_core.shell:Creating prefix chain script '/home/srjn/ros2_ws/install/setup.sh'
[1.810s] INFO:colcon.colcon_core.shell:Creating prefix script '/home/srjn/ros2_ws/install/local_setup.bash'
[1.811s] INFO:colcon.colcon_core.shell:Creating prefix chain script '/home/srjn/ros2_ws/install/setup.bash'
[1.812s] INFO:colcon.colcon_core.shell:Creating prefix script '/home/srjn/ros2_ws/install/local_setup.zsh'
[1.812s] INFO:colcon.colcon_core.shell:Creating prefix chain script '/home/srjn/ros2_ws/install/setup.zsh'
