[0.083s] DEBUG:colcon:Command line arguments: ['/usr/bin/colcon', 'build', '--symlink-install']
[0.083s] DEBUG:colcon:Parsed command line arguments: Namespace(log_base=None, log_level=None, verb_name='build', build_base='build', install_base='install', merge_install=False, symlink_install=True, test_result_base=None, continue_on_error=False, executor='parallel', parallel_workers=16, event_handlers=None, ignore_user_meta=False, metas=['./colcon.meta'], base_paths=['.'], packages_ignore=None, packages_ignore_regex=None, paths=None, packages_up_to=None, packages_up_to_regex=None, packages_above=None, packages_above_and_dependencies=None, packages_above_depth=None, packages_select_by_dep=None, packages_skip_by_dep=None, packages_skip_up_to=None, packages_select_build_failed=False, packages_skip_build_finished=False, packages_select_test_failures=False, packages_skip_test_passed=False, packages_select=None, packages_skip=None, packages_select_regex=None, packages_skip_regex=None, packages_start=None, packages_end=None, allow_overriding=[], cmake_args=None, cmake_target=None, cmake_target_skip_unavailable=False, cmake_clean_cache=False, cmake_clean_first=False, cmake_force_configure=False, ament_cmake_args=None, catkin_cmake_args=None, catkin_skip_building_tests=False, mixin_files=None, mixin=None, verb_parser=<colcon_mixin.mixin.mixin_argument.MixinArgumentDecorator object at 0x7d63a93d1220>, verb_extension=<colcon_core.verb.build.BuildVerb object at 0x7d63a8de7620>, main=<bound method BuildVerb.main of <colcon_core.verb.build.BuildVerb object at 0x7d63a8de7620>>, mixin_verb=('build',))
[0.118s] Level 1:colcon.colcon_core.package_discovery:discover_packages(colcon_meta) check parameters
[0.118s] Level 1:colcon.colcon_core.package_discovery:discover_packages(recursive) check parameters
[0.118s] Level 1:colcon.colcon_core.package_discovery:discover_packages(ignore) check parameters
[0.118s] Level 1:colcon.colcon_core.package_discovery:discover_packages(path) check parameters
[0.118s] Level 1:colcon.colcon_core.package_discovery:discover_packages(colcon_meta) discover
[0.118s] Level 1:colcon.colcon_core.package_discovery:discover_packages(recursive) discover
[0.118s] INFO:colcon.colcon_core.package_discovery:Crawling recursively for packages in '/home/srjn/ros2_ws'
[0.118s] Level 1:colcon.colcon_core.package_identification:_identify(.) by extensions ['ignore', 'ignore_ament_install']
[0.119s] Level 1:colcon.colcon_core.package_identification:_identify(.) by extension 'ignore'
[0.119s] Level 1:colcon.colcon_core.package_identification:_identify(.) by extension 'ignore_ament_install'
[0.119s] Level 1:colcon.colcon_core.package_identification:_identify(.) by extensions ['colcon_pkg']
[0.119s] Level 1:colcon.colcon_core.package_identification:_identify(.) by extension 'colcon_pkg'
[0.119s] Level 1:colcon.colcon_core.package_identification:_identify(.) by extensions ['colcon_meta']
[0.119s] Level 1:colcon.colcon_core.package_identification:_identify(.) by extension 'colcon_meta'
[0.119s] Level 1:colcon.colcon_core.package_identification:_identify(.) by extensions ['ros']
[0.119s] Level 1:colcon.colcon_core.package_identification:_identify(.) by extension 'ros'
[0.138s] Level 1:colcon.colcon_core.package_identification:_identify(.) by extensions ['cmake', 'python']
[0.138s] Level 1:colcon.colcon_core.package_identification:_identify(.) by extension 'cmake'
[0.138s] Level 1:colcon.colcon_core.package_identification:_identify(.) by extension 'python'
[0.138s] Level 1:colcon.colcon_core.package_identification:_identify(.) by extensions ['python_setup_py']
[0.138s] Level 1:colcon.colcon_core.package_identification:_identify(.) by extension 'python_setup_py'
[0.139s] Level 1:colcon.colcon_core.package_identification:_identify(action_pkg) by extensions ['ignore', 'ignore_ament_install']
[0.139s] Level 1:colcon.colcon_core.package_identification:_identify(action_pkg) by extension 'ignore'
[0.139s] Level 1:colcon.colcon_core.package_identification:_identify(action_pkg) by extension 'ignore_ament_install'
[0.139s] Level 1:colcon.colcon_core.package_identification:_identify(action_pkg) by extensions ['colcon_pkg']
[0.139s] Level 1:colcon.colcon_core.package_identification:_identify(action_pkg) by extension 'colcon_pkg'
[0.139s] Level 1:colcon.colcon_core.package_identification:_identify(action_pkg) by extensions ['colcon_meta']
[0.139s] Level 1:colcon.colcon_core.package_identification:_identify(action_pkg) by extension 'colcon_meta'
[0.139s] Level 1:colcon.colcon_core.package_identification:_identify(action_pkg) by extensions ['ros']
[0.139s] Level 1:colcon.colcon_core.package_identification:_identify(action_pkg) by extension 'ros'
[0.141s] DEBUG:colcon.colcon_core.package_identification:Package 'action_pkg' with type 'ros.ament_cmake' and name 'action_pkg'
[0.141s] Level 1:colcon.colcon_core.package_identification:_identify(build) by extensions ['ignore', 'ignore_ament_install']
[0.141s] Level 1:colcon.colcon_core.package_identification:_identify(build) by extension 'ignore'
[0.141s] Level 1:colcon.colcon_core.package_identification:_identify(build) ignored
[0.141s] Level 1:colcon.colcon_core.package_identification:_identify(install) by extensions ['ignore', 'ignore_ament_install']
[0.141s] Level 1:colcon.colcon_core.package_identification:_identify(install) by extension 'ignore'
[0.141s] Level 1:colcon.colcon_core.package_identification:_identify(install) ignored
[0.141s] Level 1:colcon.colcon_core.package_identification:_identify(log) by extensions ['ignore', 'ignore_ament_install']
[0.141s] Level 1:colcon.colcon_core.package_identification:_identify(log) by extension 'ignore'
[0.141s] Level 1:colcon.colcon_core.package_identification:_identify(log) ignored
[0.141s] Level 1:colcon.colcon_core.package_identification:_identify(pendulum_robot_description) by extensions ['ignore', 'ignore_ament_install']
[0.142s] Level 1:colcon.colcon_core.package_identification:_identify(pendulum_robot_description) by extension 'ignore'
[0.142s] Level 1:colcon.colcon_core.package_identification:_identify(pendulum_robot_description) by extension 'ignore_ament_install'
[0.142s] Level 1:colcon.colcon_core.package_identification:_identify(pendulum_robot_description) by extensions ['colcon_pkg']
[0.142s] Level 1:colcon.colcon_core.package_identification:_identify(pendulum_robot_description) by extension 'colcon_pkg'
[0.142s] Level 1:colcon.colcon_core.package_identification:_identify(pendulum_robot_description) by extensions ['colcon_meta']
[0.142s] Level 1:colcon.colcon_core.package_identification:_identify(pendulum_robot_description) by extension 'colcon_meta'
[0.142s] Level 1:colcon.colcon_core.package_identification:_identify(pendulum_robot_description) by extensions ['ros']
[0.142s] Level 1:colcon.colcon_core.package_identification:_identify(pendulum_robot_description) by extension 'ros'
[0.142s] DEBUG:colcon.colcon_core.package_identification:Package 'pendulum_robot_description' with type 'ros.ament_cmake' and name 'pendulum_robot_description'
[0.142s] Level 1:colcon.colcon_core.package_identification:_identify(src) by extensions ['ignore', 'ignore_ament_install']
[0.142s] Level 1:colcon.colcon_core.package_identification:_identify(src) by extension 'ignore'
[0.143s] Level 1:colcon.colcon_core.package_identification:_identify(src) by extension 'ignore_ament_install'
[0.143s] Level 1:colcon.colcon_core.package_identification:_identify(src) by extensions ['colcon_pkg']
[0.143s] Level 1:colcon.colcon_core.package_identification:_identify(src) by extension 'colcon_pkg'
[0.143s] Level 1:colcon.colcon_core.package_identification:_identify(src) by extensions ['colcon_meta']
[0.143s] Level 1:colcon.colcon_core.package_identification:_identify(src) by extension 'colcon_meta'
[0.143s] Level 1:colcon.colcon_core.package_identification:_identify(src) by extensions ['ros']
[0.143s] Level 1:colcon.colcon_core.package_identification:_identify(src) by extension 'ros'
[0.143s] Level 1:colcon.colcon_core.package_identification:_identify(src) by extensions ['cmake', 'python']
[0.143s] Level 1:colcon.colcon_core.package_identification:_identify(src) by extension 'cmake'
[0.143s] Level 1:colcon.colcon_core.package_identification:_identify(src) by extension 'python'
[0.143s] Level 1:colcon.colcon_core.package_identification:_identify(src) by extensions ['python_setup_py']
[0.143s] Level 1:colcon.colcon_core.package_identification:_identify(src) by extension 'python_setup_py'
[0.143s] Level 1:colcon.colcon_core.package_identification:_identify(src/minimal_pkg) by extensions ['ignore', 'ignore_ament_install']
[0.143s] Level 1:colcon.colcon_core.package_identification:_identify(src/minimal_pkg) by extension 'ignore'
[0.143s] Level 1:colcon.colcon_core.package_identification:_identify(src/minimal_pkg) by extension 'ignore_ament_install'
[0.143s] Level 1:colcon.colcon_core.package_identification:_identify(src/minimal_pkg) by extensions ['colcon_pkg']
[0.143s] Level 1:colcon.colcon_core.package_identification:_identify(src/minimal_pkg) by extension 'colcon_pkg'
[0.143s] Level 1:colcon.colcon_core.package_identification:_identify(src/minimal_pkg) by extensions ['colcon_meta']
[0.143s] Level 1:colcon.colcon_core.package_identification:_identify(src/minimal_pkg) by extension 'colcon_meta'
[0.143s] Level 1:colcon.colcon_core.package_identification:_identify(src/minimal_pkg) by extensions ['ros']
[0.143s] Level 1:colcon.colcon_core.package_identification:_identify(src/minimal_pkg) by extension 'ros'
[0.144s] DEBUG:colcon.colcon_core.package_identification:Package 'src/minimal_pkg' with type 'ros.ament_python' and name 'minimal_pkg'
[0.144s] Level 1:colcon.colcon_core.package_identification:_identify(src/pubsub_py) by extensions ['ignore', 'ignore_ament_install']
[0.144s] Level 1:colcon.colcon_core.package_identification:_identify(src/pubsub_py) by extension 'ignore'
[0.144s] Level 1:colcon.colcon_core.package_identification:_identify(src/pubsub_py) by extension 'ignore_ament_install'
[0.144s] Level 1:colcon.colcon_core.package_identification:_identify(src/pubsub_py) by extensions ['colcon_pkg']
[0.144s] Level 1:colcon.colcon_core.package_identification:_identify(src/pubsub_py) by extension 'colcon_pkg'
[0.144s] Level 1:colcon.colcon_core.package_identification:_identify(src/pubsub_py) by extensions ['colcon_meta']
[0.144s] Level 1:colcon.colcon_core.package_identification:_identify(src/pubsub_py) by extension 'colcon_meta'
[0.144s] Level 1:colcon.colcon_core.package_identification:_identify(src/pubsub_py) by extensions ['ros']
[0.144s] Level 1:colcon.colcon_core.package_identification:_identify(src/pubsub_py) by extension 'ros'
[0.145s] DEBUG:colcon.colcon_core.package_identification:Package 'src/pubsub_py' with type 'ros.ament_python' and name 'pubsub_py'
[0.145s] Level 1:colcon.colcon_core.package_identification:_identify(src/srv_pkg) by extensions ['ignore', 'ignore_ament_install']
[0.145s] Level 1:colcon.colcon_core.package_identification:_identify(src/srv_pkg) by extension 'ignore'
[0.145s] Level 1:colcon.colcon_core.package_identification:_identify(src/srv_pkg) by extension 'ignore_ament_install'
[0.145s] Level 1:colcon.colcon_core.package_identification:_identify(src/srv_pkg) by extensions ['colcon_pkg']
[0.145s] Level 1:colcon.colcon_core.package_identification:_identify(src/srv_pkg) by extension 'colcon_pkg'
[0.145s] Level 1:colcon.colcon_core.package_identification:_identify(src/srv_pkg) by extensions ['colcon_meta']
[0.145s] Level 1:colcon.colcon_core.package_identification:_identify(src/srv_pkg) by extension 'colcon_meta'
[0.145s] Level 1:colcon.colcon_core.package_identification:_identify(src/srv_pkg) by extensions ['ros']
[0.145s] Level 1:colcon.colcon_core.package_identification:_identify(src/srv_pkg) by extension 'ros'
[0.146s] DEBUG:colcon.colcon_core.package_identification:Package 'src/srv_pkg' with type 'ros.ament_cmake' and name 'srv_pkg'
[0.146s] Level 1:colcon.colcon_core.package_identification:_identify(src/symlink) by extensions ['ignore', 'ignore_ament_install']
[0.146s] Level 1:colcon.colcon_core.package_identification:_identify(src/symlink) by extension 'ignore'
[0.146s] Level 1:colcon.colcon_core.package_identification:_identify(src/symlink) by extension 'ignore_ament_install'
[0.146s] Level 1:colcon.colcon_core.package_identification:_identify(src/symlink) by extensions ['colcon_pkg']
[0.146s] Level 1:colcon.colcon_core.package_identification:_identify(src/symlink) by extension 'colcon_pkg'
[0.146s] Level 1:colcon.colcon_core.package_identification:_identify(src/symlink) by extensions ['colcon_meta']
[0.146s] Level 1:colcon.colcon_core.package_identification:_identify(src/symlink) by extension 'colcon_meta'
[0.146s] Level 1:colcon.colcon_core.package_identification:_identify(src/symlink) by extensions ['ros']
[0.146s] Level 1:colcon.colcon_core.package_identification:_identify(src/symlink) by extension 'ros'
[0.146s] DEBUG:colcon.colcon_core.package_identification:Package 'src/symlink' with type 'ros.ament_python' and name 'symlink'
[0.146s] Level 1:colcon.colcon_core.package_identification:_identify(src/turtle_ctrl_launch) by extensions ['ignore', 'ignore_ament_install']
[0.147s] Level 1:colcon.colcon_core.package_identification:_identify(src/turtle_ctrl_launch) by extension 'ignore'
[0.147s] Level 1:colcon.colcon_core.package_identification:_identify(src/turtle_ctrl_launch) by extension 'ignore_ament_install'
[0.147s] Level 1:colcon.colcon_core.package_identification:_identify(src/turtle_ctrl_launch) by extensions ['colcon_pkg']
[0.147s] Level 1:colcon.colcon_core.package_identification:_identify(src/turtle_ctrl_launch) by extension 'colcon_pkg'
[0.147s] Level 1:colcon.colcon_core.package_identification:_identify(src/turtle_ctrl_launch) by extensions ['colcon_meta']
[0.147s] Level 1:colcon.colcon_core.package_identification:_identify(src/turtle_ctrl_launch) by extension 'colcon_meta'
[0.147s] Level 1:colcon.colcon_core.package_identification:_identify(src/turtle_ctrl_launch) by extensions ['ros']
[0.147s] Level 1:colcon.colcon_core.package_identification:_identify(src/turtle_ctrl_launch) by extension 'ros'
[0.147s] DEBUG:colcon.colcon_core.package_identification:Package 'src/turtle_ctrl_launch' with type 'ros.ament_python' and name 'turtle_ctrl_launch'
[0.147s] Level 1:colcon.colcon_core.package_identification:_identify(srvcli_py) by extensions ['ignore', 'ignore_ament_install']
[0.147s] Level 1:colcon.colcon_core.package_identification:_identify(srvcli_py) by extension 'ignore'
[0.147s] Level 1:colcon.colcon_core.package_identification:_identify(srvcli_py) by extension 'ignore_ament_install'
[0.147s] Level 1:colcon.colcon_core.package_identification:_identify(srvcli_py) by extensions ['colcon_pkg']
[0.147s] Level 1:colcon.colcon_core.package_identification:_identify(srvcli_py) by extension 'colcon_pkg'
[0.147s] Level 1:colcon.colcon_core.package_identification:_identify(srvcli_py) by extensions ['colcon_meta']
[0.147s] Level 1:colcon.colcon_core.package_identification:_identify(srvcli_py) by extension 'colcon_meta'
[0.147s] Level 1:colcon.colcon_core.package_identification:_identify(srvcli_py) by extensions ['ros']
[0.147s] Level 1:colcon.colcon_core.package_identification:_identify(srvcli_py) by extension 'ros'
[0.148s] DEBUG:colcon.colcon_core.package_identification:Package 'srvcli_py' with type 'ros.ament_python' and name 'srvcli_py'
[0.148s] Level 1:colcon.colcon_core.package_discovery:discover_packages(recursive) using defaults
[0.148s] Level 1:colcon.colcon_core.package_discovery:discover_packages(ignore) discover
[0.148s] Level 1:colcon.colcon_core.package_discovery:discover_packages(ignore) using defaults
[0.148s] Level 1:colcon.colcon_core.package_discovery:discover_packages(path) discover
[0.148s] Level 1:colcon.colcon_core.package_discovery:discover_packages(path) using defaults
[0.162s] Level 1:colcon.colcon_core.package_discovery:discover_packages(prefix_path) check parameters
[0.162s] Level 1:colcon.colcon_core.package_discovery:discover_packages(prefix_path) discover
[0.162s] WARNING:colcon.colcon_ros.prefix_path.ament:The path '/home/srjn/ros2_ws/install/turtle_ctrl_launch' in the environment variable AMENT_PREFIX_PATH doesn't exist
[0.162s] WARNING:colcon.colcon_ros.prefix_path.ament:The path '/home/srjn/ros2_ws/install/symlink' in the environment variable AMENT_PREFIX_PATH doesn't exist
[0.162s] WARNING:colcon.colcon_ros.prefix_path.ament:The path '/home/srjn/ros2_ws/install/srvcli_py' in the environment variable AMENT_PREFIX_PATH doesn't exist
[0.162s] WARNING:colcon.colcon_ros.prefix_path.ament:The path '/home/srjn/ros2_ws/install/srv_pkg' in the environment variable AMENT_PREFIX_PATH doesn't exist
[0.162s] WARNING:colcon.colcon_ros.prefix_path.ament:The path '/home/srjn/ros2_ws/install/pubsub_py' in the environment variable AMENT_PREFIX_PATH doesn't exist
[0.162s] WARNING:colcon.colcon_ros.prefix_path.ament:The path '/home/srjn/ros2_ws/install/pendulum_robot_description' in the environment variable AMENT_PREFIX_PATH doesn't exist
[0.163s] WARNING:colcon.colcon_ros.prefix_path.ament:The path '/home/srjn/ros2_ws/install/minimal_pkg' in the environment variable AMENT_PREFIX_PATH doesn't exist
[0.163s] WARNING:colcon.colcon_ros.prefix_path.ament:The path '/home/srjn/ros2_ws/install/action_pkg' in the environment variable AMENT_PREFIX_PATH doesn't exist
[0.163s] WARNING:colcon.colcon_ros.prefix_path.catkin:The path '/home/srjn/ros2_ws/install/srv_pkg' in the environment variable CMAKE_PREFIX_PATH doesn't exist
[0.163s] WARNING:colcon.colcon_ros.prefix_path.catkin:The path '/home/srjn/ros2_ws/install/pendulum_robot_description' in the environment variable CMAKE_PREFIX_PATH doesn't exist
[0.163s] WARNING:colcon.colcon_ros.prefix_path.catkin:The path '/home/srjn/ros2_ws/install/action_pkg' in the environment variable CMAKE_PREFIX_PATH doesn't exist
[0.163s] DEBUG:colcon.colcon_installed_package_information.package_discovery:Found 0 installed packages in /home/srjn/ros2_ws/install
[0.164s] DEBUG:colcon.colcon_installed_package_information.package_discovery:Found 320 installed packages in /opt/ros/jazzy
[0.166s] Level 1:colcon.colcon_core.package_discovery:discover_packages(prefix_path) using defaults
[0.200s] Level 5:colcon.colcon_core.verb:set package 'action_pkg' build argument 'cmake_args' from command line to 'None'
[0.200s] Level 5:colcon.colcon_core.verb:set package 'action_pkg' build argument 'cmake_target' from command line to 'None'
[0.200s] Level 5:colcon.colcon_core.verb:set package 'action_pkg' build argument 'cmake_target_skip_unavailable' from command line to 'False'
[0.200s] Level 5:colcon.colcon_core.verb:set package 'action_pkg' build argument 'cmake_clean_cache' from command line to 'False'
[0.200s] Level 5:colcon.colcon_core.verb:set package 'action_pkg' build argument 'cmake_clean_first' from command line to 'False'
[0.200s] Level 5:colcon.colcon_core.verb:set package 'action_pkg' build argument 'cmake_force_configure' from command line to 'False'
[0.200s] Level 5:colcon.colcon_core.verb:set package 'action_pkg' build argument 'ament_cmake_args' from command line to 'None'
[0.200s] Level 5:colcon.colcon_core.verb:set package 'action_pkg' build argument 'catkin_cmake_args' from command line to 'None'
[0.200s] Level 5:colcon.colcon_core.verb:set package 'action_pkg' build argument 'catkin_skip_building_tests' from command line to 'False'
[0.200s] DEBUG:colcon.colcon_core.verb:Building package 'action_pkg' with the following arguments: {'ament_cmake_args': None, 'build_base': '/home/srjn/ros2_ws/build/action_pkg', 'catkin_cmake_args': None, 'catkin_skip_building_tests': False, 'cmake_args': None, 'cmake_clean_cache': False, 'cmake_clean_first': False, 'cmake_force_configure': False, 'cmake_target': None, 'cmake_target_skip_unavailable': False, 'install_base': '/home/srjn/ros2_ws/install/action_pkg', 'merge_install': False, 'path': '/home/srjn/ros2_ws/action_pkg', 'symlink_install': True, 'test_result_base': None}
[0.201s] Level 5:colcon.colcon_core.verb:set package 'minimal_pkg' build argument 'cmake_args' from command line to 'None'
[0.201s] Level 5:colcon.colcon_core.verb:set package 'minimal_pkg' build argument 'cmake_target' from command line to 'None'
[0.201s] Level 5:colcon.colcon_core.verb:set package 'minimal_pkg' build argument 'cmake_target_skip_unavailable' from command line to 'False'
[0.201s] Level 5:colcon.colcon_core.verb:set package 'minimal_pkg' build argument 'cmake_clean_cache' from command line to 'False'
[0.201s] Level 5:colcon.colcon_core.verb:set package 'minimal_pkg' build argument 'cmake_clean_first' from command line to 'False'
[0.201s] Level 5:colcon.colcon_core.verb:set package 'minimal_pkg' build argument 'cmake_force_configure' from command line to 'False'
[0.201s] Level 5:colcon.colcon_core.verb:set package 'minimal_pkg' build argument 'ament_cmake_args' from command line to 'None'
[0.201s] Level 5:colcon.colcon_core.verb:set package 'minimal_pkg' build argument 'catkin_cmake_args' from command line to 'None'
[0.201s] Level 5:colcon.colcon_core.verb:set package 'minimal_pkg' build argument 'catkin_skip_building_tests' from command line to 'False'
[0.201s] DEBUG:colcon.colcon_core.verb:Building package 'minimal_pkg' with the following arguments: {'ament_cmake_args': None, 'build_base': '/home/srjn/ros2_ws/build/minimal_pkg', 'catkin_cmake_args': None, 'catkin_skip_building_tests': False, 'cmake_args': None, 'cmake_clean_cache': False, 'cmake_clean_first': False, 'cmake_force_configure': False, 'cmake_target': None, 'cmake_target_skip_unavailable': False, 'install_base': '/home/srjn/ros2_ws/install/minimal_pkg', 'merge_install': False, 'path': '/home/srjn/ros2_ws/src/minimal_pkg', 'symlink_install': True, 'test_result_base': None}
[0.201s] Level 5:colcon.colcon_core.verb:set package 'pendulum_robot_description' build argument 'cmake_args' from command line to 'None'
[0.201s] Level 5:colcon.colcon_core.verb:set package 'pendulum_robot_description' build argument 'cmake_target' from command line to 'None'
[0.201s] Level 5:colcon.colcon_core.verb:set package 'pendulum_robot_description' build argument 'cmake_target_skip_unavailable' from command line to 'False'
[0.201s] Level 5:colcon.colcon_core.verb:set package 'pendulum_robot_description' build argument 'cmake_clean_cache' from command line to 'False'
[0.201s] Level 5:colcon.colcon_core.verb:set package 'pendulum_robot_description' build argument 'cmake_clean_first' from command line to 'False'
[0.201s] Level 5:colcon.colcon_core.verb:set package 'pendulum_robot_description' build argument 'cmake_force_configure' from command line to 'False'
[0.201s] Level 5:colcon.colcon_core.verb:set package 'pendulum_robot_description' build argument 'ament_cmake_args' from command line to 'None'
[0.201s] Level 5:colcon.colcon_core.verb:set package 'pendulum_robot_description' build argument 'catkin_cmake_args' from command line to 'None'
[0.201s] Level 5:colcon.colcon_core.verb:set package 'pendulum_robot_description' build argument 'catkin_skip_building_tests' from command line to 'False'
[0.201s] DEBUG:colcon.colcon_core.verb:Building package 'pendulum_robot_description' with the following arguments: {'ament_cmake_args': None, 'build_base': '/home/srjn/ros2_ws/build/pendulum_robot_description', 'catkin_cmake_args': None, 'catkin_skip_building_tests': False, 'cmake_args': None, 'cmake_clean_cache': False, 'cmake_clean_first': False, 'cmake_force_configure': False, 'cmake_target': None, 'cmake_target_skip_unavailable': False, 'install_base': '/home/srjn/ros2_ws/install/pendulum_robot_description', 'merge_install': False, 'path': '/home/srjn/ros2_ws/pendulum_robot_description', 'symlink_install': True, 'test_result_base': None}
[0.201s] Level 5:colcon.colcon_core.verb:set package 'pubsub_py' build argument 'cmake_args' from command line to 'None'
[0.201s] Level 5:colcon.colcon_core.verb:set package 'pubsub_py' build argument 'cmake_target' from command line to 'None'
[0.201s] Level 5:colcon.colcon_core.verb:set package 'pubsub_py' build argument 'cmake_target_skip_unavailable' from command line to 'False'
[0.201s] Level 5:colcon.colcon_core.verb:set package 'pubsub_py' build argument 'cmake_clean_cache' from command line to 'False'
[0.201s] Level 5:colcon.colcon_core.verb:set package 'pubsub_py' build argument 'cmake_clean_first' from command line to 'False'
[0.201s] Level 5:colcon.colcon_core.verb:set package 'pubsub_py' build argument 'cmake_force_configure' from command line to 'False'
[0.201s] Level 5:colcon.colcon_core.verb:set package 'pubsub_py' build argument 'ament_cmake_args' from command line to 'None'
[0.201s] Level 5:colcon.colcon_core.verb:set package 'pubsub_py' build argument 'catkin_cmake_args' from command line to 'None'
[0.201s] Level 5:colcon.colcon_core.verb:set package 'pubsub_py' build argument 'catkin_skip_building_tests' from command line to 'False'
[0.202s] DEBUG:colcon.colcon_core.verb:Building package 'pubsub_py' with the following arguments: {'ament_cmake_args': None, 'build_base': '/home/srjn/ros2_ws/build/pubsub_py', 'catkin_cmake_args': None, 'catkin_skip_building_tests': False, 'cmake_args': None, 'cmake_clean_cache': False, 'cmake_clean_first': False, 'cmake_force_configure': False, 'cmake_target': None, 'cmake_target_skip_unavailable': False, 'install_base': '/home/srjn/ros2_ws/install/pubsub_py', 'merge_install': False, 'path': '/home/srjn/ros2_ws/src/pubsub_py', 'symlink_install': True, 'test_result_base': None}
[0.202s] Level 5:colcon.colcon_core.verb:set package 'srv_pkg' build argument 'cmake_args' from command line to 'None'
[0.202s] Level 5:colcon.colcon_core.verb:set package 'srv_pkg' build argument 'cmake_target' from command line to 'None'
[0.202s] Level 5:colcon.colcon_core.verb:set package 'srv_pkg' build argument 'cmake_target_skip_unavailable' from command line to 'False'
[0.202s] Level 5:colcon.colcon_core.verb:set package 'srv_pkg' build argument 'cmake_clean_cache' from command line to 'False'
[0.202s] Level 5:colcon.colcon_core.verb:set package 'srv_pkg' build argument 'cmake_clean_first' from command line to 'False'
[0.202s] Level 5:colcon.colcon_core.verb:set package 'srv_pkg' build argument 'cmake_force_configure' from command line to 'False'
[0.202s] Level 5:colcon.colcon_core.verb:set package 'srv_pkg' build argument 'ament_cmake_args' from command line to 'None'
[0.202s] Level 5:colcon.colcon_core.verb:set package 'srv_pkg' build argument 'catkin_cmake_args' from command line to 'None'
[0.202s] Level 5:colcon.colcon_core.verb:set package 'srv_pkg' build argument 'catkin_skip_building_tests' from command line to 'False'
[0.202s] DEBUG:colcon.colcon_core.verb:Building package 'srv_pkg' with the following arguments: {'ament_cmake_args': None, 'build_base': '/home/srjn/ros2_ws/build/srv_pkg', 'catkin_cmake_args': None, 'catkin_skip_building_tests': False, 'cmake_args': None, 'cmake_clean_cache': False, 'cmake_clean_first': False, 'cmake_force_configure': False, 'cmake_target': None, 'cmake_target_skip_unavailable': False, 'install_base': '/home/srjn/ros2_ws/install/srv_pkg', 'merge_install': False, 'path': '/home/srjn/ros2_ws/src/srv_pkg', 'symlink_install': True, 'test_result_base': None}
[0.202s] Level 5:colcon.colcon_core.verb:set package 'symlink' build argument 'cmake_args' from command line to 'None'
[0.202s] Level 5:colcon.colcon_core.verb:set package 'symlink' build argument 'cmake_target' from command line to 'None'
[0.202s] Level 5:colcon.colcon_core.verb:set package 'symlink' build argument 'cmake_target_skip_unavailable' from command line to 'False'
[0.202s] Level 5:colcon.colcon_core.verb:set package 'symlink' build argument 'cmake_clean_cache' from command line to 'False'
[0.202s] Level 5:colcon.colcon_core.verb:set package 'symlink' build argument 'cmake_clean_first' from command line to 'False'
[0.202s] Level 5:colcon.colcon_core.verb:set package 'symlink' build argument 'cmake_force_configure' from command line to 'False'
[0.202s] Level 5:colcon.colcon_core.verb:set package 'symlink' build argument 'ament_cmake_args' from command line to 'None'
[0.202s] Level 5:colcon.colcon_core.verb:set package 'symlink' build argument 'catkin_cmake_args' from command line to 'None'
[0.202s] Level 5:colcon.colcon_core.verb:set package 'symlink' build argument 'catkin_skip_building_tests' from command line to 'False'
[0.202s] DEBUG:colcon.colcon_core.verb:Building package 'symlink' with the following arguments: {'ament_cmake_args': None, 'build_base': '/home/srjn/ros2_ws/build/symlink', 'catkin_cmake_args': None, 'catkin_skip_building_tests': False, 'cmake_args': None, 'cmake_clean_cache': False, 'cmake_clean_first': False, 'cmake_force_configure': False, 'cmake_target': None, 'cmake_target_skip_unavailable': False, 'install_base': '/home/srjn/ros2_ws/install/symlink', 'merge_install': False, 'path': '/home/srjn/ros2_ws/src/symlink', 'symlink_install': True, 'test_result_base': None}
[0.202s] Level 5:colcon.colcon_core.verb:set package 'turtle_ctrl_launch' build argument 'cmake_args' from command line to 'None'
[0.202s] Level 5:colcon.colcon_core.verb:set package 'turtle_ctrl_launch' build argument 'cmake_target' from command line to 'None'
[0.202s] Level 5:colcon.colcon_core.verb:set package 'turtle_ctrl_launch' build argument 'cmake_target_skip_unavailable' from command line to 'False'
[0.202s] Level 5:colcon.colcon_core.verb:set package 'turtle_ctrl_launch' build argument 'cmake_clean_cache' from command line to 'False'
[0.202s] Level 5:colcon.colcon_core.verb:set package 'turtle_ctrl_launch' build argument 'cmake_clean_first' from command line to 'False'
[0.202s] Level 5:colcon.colcon_core.verb:set package 'turtle_ctrl_launch' build argument 'cmake_force_configure' from command line to 'False'
[0.202s] Level 5:colcon.colcon_core.verb:set package 'turtle_ctrl_launch' build argument 'ament_cmake_args' from command line to 'None'
[0.202s] Level 5:colcon.colcon_core.verb:set package 'turtle_ctrl_launch' build argument 'catkin_cmake_args' from command line to 'None'
[0.202s] Level 5:colcon.colcon_core.verb:set package 'turtle_ctrl_launch' build argument 'catkin_skip_building_tests' from command line to 'False'
[0.202s] DEBUG:colcon.colcon_core.verb:Building package 'turtle_ctrl_launch' with the following arguments: {'ament_cmake_args': None, 'build_base': '/home/srjn/ros2_ws/build/turtle_ctrl_launch', 'catkin_cmake_args': None, 'catkin_skip_building_tests': False, 'cmake_args': None, 'cmake_clean_cache': False, 'cmake_clean_first': False, 'cmake_force_configure': False, 'cmake_target': None, 'cmake_target_skip_unavailable': False, 'install_base': '/home/srjn/ros2_ws/install/turtle_ctrl_launch', 'merge_install': False, 'path': '/home/srjn/ros2_ws/src/turtle_ctrl_launch', 'symlink_install': True, 'test_result_base': None}
[0.203s] Level 5:colcon.colcon_core.verb:set package 'srvcli_py' build argument 'cmake_args' from command line to 'None'
[0.203s] Level 5:colcon.colcon_core.verb:set package 'srvcli_py' build argument 'cmake_target' from command line to 'None'
[0.203s] Level 5:colcon.colcon_core.verb:set package 'srvcli_py' build argument 'cmake_target_skip_unavailable' from command line to 'False'
[0.203s] Level 5:colcon.colcon_core.verb:set package 'srvcli_py' build argument 'cmake_clean_cache' from command line to 'False'
[0.203s] Level 5:colcon.colcon_core.verb:set package 'srvcli_py' build argument 'cmake_clean_first' from command line to 'False'
[0.203s] Level 5:colcon.colcon_core.verb:set package 'srvcli_py' build argument 'cmake_force_configure' from command line to 'False'
[0.203s] Level 5:colcon.colcon_core.verb:set package 'srvcli_py' build argument 'ament_cmake_args' from command line to 'None'
[0.203s] Level 5:colcon.colcon_core.verb:set package 'srvcli_py' build argument 'catkin_cmake_args' from command line to 'None'
[0.203s] Level 5:colcon.colcon_core.verb:set package 'srvcli_py' build argument 'catkin_skip_building_tests' from command line to 'False'
[0.203s] DEBUG:colcon.colcon_core.verb:Building package 'srvcli_py' with the following arguments: {'ament_cmake_args': None, 'build_base': '/home/srjn/ros2_ws/build/srvcli_py', 'catkin_cmake_args': None, 'catkin_skip_building_tests': False, 'cmake_args': None, 'cmake_clean_cache': False, 'cmake_clean_first': False, 'cmake_force_configure': False, 'cmake_target': None, 'cmake_target_skip_unavailable': False, 'install_base': '/home/srjn/ros2_ws/install/srvcli_py', 'merge_install': False, 'path': '/home/srjn/ros2_ws/srvcli_py', 'symlink_install': True, 'test_result_base': None}
[0.203s] INFO:colcon.colcon_core.executor:Executing jobs using 'parallel' executor
[0.203s] DEBUG:colcon.colcon_parallel_executor.executor.parallel:run_until_complete
[0.204s] INFO:colcon.colcon_ros.task.ament_cmake.build:Building ROS package in '/home/srjn/ros2_ws/src/srv_pkg' with build type 'ament_cmake'
[0.204s] INFO:colcon.colcon_cmake.task.cmake.build:Building CMake package in '/home/srjn/ros2_ws/src/srv_pkg'
[0.205s] INFO:colcon.colcon_core.plugin_system:Skipping extension 'colcon_core.shell.bat': Not used on non-Windows systems
[0.205s] INFO:colcon.colcon_core.shell:Skip shell extension 'powershell' for command environment: Not usable outside of PowerShell
[0.205s] DEBUG:colcon.colcon_core.shell:Skip shell extension 'dsv' for command environment
[0.208s] INFO:colcon.colcon_ros.task.ament_cmake.build:Building ROS package in '/home/srjn/ros2_ws/action_pkg' with build type 'ament_cmake'
[0.208s] INFO:colcon.colcon_cmake.task.cmake.build:Building CMake package in '/home/srjn/ros2_ws/action_pkg'
[0.208s] INFO:colcon.colcon_core.shell:Skip shell extension 'powershell' for command environment: Not usable outside of PowerShell
[0.208s] DEBUG:colcon.colcon_core.shell:Skip shell extension 'dsv' for command environment
[0.211s] INFO:colcon.colcon_ros.task.ament_python.build:Building ROS package in '/home/srjn/ros2_ws/src/minimal_pkg' with build type 'ament_python'
[0.211s] Level 1:colcon.colcon_core.shell:create_environment_hook('minimal_pkg', 'ament_prefix_path')
[0.211s] INFO:colcon.colcon_core.shell:Creating environment hook '/home/srjn/ros2_ws/install/minimal_pkg/share/minimal_pkg/hook/ament_prefix_path.ps1'
[0.212s] INFO:colcon.colcon_core.shell:Creating environment descriptor '/home/srjn/ros2_ws/install/minimal_pkg/share/minimal_pkg/hook/ament_prefix_path.dsv'
[0.212s] INFO:colcon.colcon_core.shell:Creating environment hook '/home/srjn/ros2_ws/install/minimal_pkg/share/minimal_pkg/hook/ament_prefix_path.sh'
[0.212s] INFO:colcon.colcon_core.shell:Skip shell extension 'powershell' for command environment: Not usable outside of PowerShell
[0.212s] DEBUG:colcon.colcon_core.shell:Skip shell extension 'dsv' for command environment
[0.215s] INFO:colcon.colcon_ros.task.ament_cmake.build:Building ROS package in '/home/srjn/ros2_ws/pendulum_robot_description' with build type 'ament_cmake'
[0.215s] INFO:colcon.colcon_cmake.task.cmake.build:Building CMake package in '/home/srjn/ros2_ws/pendulum_robot_description'
[0.215s] INFO:colcon.colcon_core.shell:Skip shell extension 'powershell' for command environment: Not usable outside of PowerShell
[0.215s] DEBUG:colcon.colcon_core.shell:Skip shell extension 'dsv' for command environment
[0.217s] INFO:colcon.colcon_ros.task.ament_python.build:Building ROS package in '/home/srjn/ros2_ws/src/pubsub_py' with build type 'ament_python'
[0.217s] Level 1:colcon.colcon_core.shell:create_environment_hook('pubsub_py', 'ament_prefix_path')
[0.217s] INFO:colcon.colcon_core.shell:Creating environment hook '/home/srjn/ros2_ws/install/pubsub_py/share/pubsub_py/hook/ament_prefix_path.ps1'
[0.218s] INFO:colcon.colcon_core.shell:Creating environment descriptor '/home/srjn/ros2_ws/install/pubsub_py/share/pubsub_py/hook/ament_prefix_path.dsv'
[0.218s] INFO:colcon.colcon_core.shell:Creating environment hook '/home/srjn/ros2_ws/install/pubsub_py/share/pubsub_py/hook/ament_prefix_path.sh'
[0.218s] INFO:colcon.colcon_core.shell:Skip shell extension 'powershell' for command environment: Not usable outside of PowerShell
[0.218s] DEBUG:colcon.colcon_core.shell:Skip shell extension 'dsv' for command environment
[0.221s] INFO:colcon.colcon_ros.task.ament_python.build:Building ROS package in '/home/srjn/ros2_ws/src/symlink' with build type 'ament_python'
[0.221s] Level 1:colcon.colcon_core.shell:create_environment_hook('symlink', 'ament_prefix_path')
[0.221s] INFO:colcon.colcon_core.shell:Creating environment hook '/home/srjn/ros2_ws/install/symlink/share/symlink/hook/ament_prefix_path.ps1'
[0.221s] INFO:colcon.colcon_core.shell:Creating environment descriptor '/home/srjn/ros2_ws/install/symlink/share/symlink/hook/ament_prefix_path.dsv'
[0.221s] INFO:colcon.colcon_core.shell:Creating environment hook '/home/srjn/ros2_ws/install/symlink/share/symlink/hook/ament_prefix_path.sh'
[0.222s] INFO:colcon.colcon_core.shell:Skip shell extension 'powershell' for command environment: Not usable outside of PowerShell
[0.222s] DEBUG:colcon.colcon_core.shell:Skip shell extension 'dsv' for command environment
[0.224s] INFO:colcon.colcon_ros.task.ament_python.build:Building ROS package in '/home/srjn/ros2_ws/src/turtle_ctrl_launch' with build type 'ament_python'
[0.224s] Level 1:colcon.colcon_core.shell:create_environment_hook('turtle_ctrl_launch', 'ament_prefix_path')
[0.224s] INFO:colcon.colcon_core.shell:Creating environment hook '/home/srjn/ros2_ws/install/turtle_ctrl_launch/share/turtle_ctrl_launch/hook/ament_prefix_path.ps1'
[0.225s] INFO:colcon.colcon_core.shell:Creating environment descriptor '/home/srjn/ros2_ws/install/turtle_ctrl_launch/share/turtle_ctrl_launch/hook/ament_prefix_path.dsv'
[0.225s] INFO:colcon.colcon_core.shell:Creating environment hook '/home/srjn/ros2_ws/install/turtle_ctrl_launch/share/turtle_ctrl_launch/hook/ament_prefix_path.sh'
[0.225s] INFO:colcon.colcon_core.shell:Skip shell extension 'powershell' for command environment: Not usable outside of PowerShell
[0.225s] DEBUG:colcon.colcon_core.shell:Skip shell extension 'dsv' for command environment
[0.231s] DEBUG:colcon.colcon_core.event_handler.log_command:Invoking command in '/home/srjn/ros2_ws/build/srv_pkg': CMAKE_PREFIX_PATH=${CMAKE_PREFIX_PATH}:/home/srjn/ros2_ws/install/turtle_ctrl_launch:/home/srjn/ros2_ws/install/symlink:/home/srjn/ros2_ws/install/srvcli_py:/home/srjn/ros2_ws/install/pubsub_py:/home/srjn/ros2_ws/install/minimal_pkg:/opt/ros/jazzy DEBUGINFOD_URLS=https://debuginfod.ubuntu.com /usr/bin/cmake /home/srjn/ros2_ws/src/srv_pkg -DAMENT_CMAKE_SYMLINK_INSTALL=1 -DCMAKE_INSTALL_PREFIX=/home/srjn/ros2_ws/install/srv_pkg
[0.232s] DEBUG:colcon.colcon_core.event_handler.log_command:Invoking command in '/home/srjn/ros2_ws/build/action_pkg': CMAKE_PREFIX_PATH=${CMAKE_PREFIX_PATH}:/home/srjn/ros2_ws/install/turtle_ctrl_launch:/home/srjn/ros2_ws/install/symlink:/home/srjn/ros2_ws/install/srvcli_py:/home/srjn/ros2_ws/install/pubsub_py:/home/srjn/ros2_ws/install/minimal_pkg:/opt/ros/jazzy DEBUGINFOD_URLS=https://debuginfod.ubuntu.com /usr/bin/cmake /home/srjn/ros2_ws/action_pkg -DAMENT_CMAKE_SYMLINK_INSTALL=1 -DCMAKE_INSTALL_PREFIX=/home/srjn/ros2_ws/install/action_pkg
[0.410s] INFO:colcon.colcon_core.task.python.build:Building Python package in '/home/srjn/ros2_ws/src/minimal_pkg'
[0.411s] INFO:colcon.colcon_core.shell:Skip shell extension 'powershell' for command environment: Not usable outside of PowerShell
[0.411s] DEBUG:colcon.colcon_core.shell:Skip shell extension 'dsv' for command environment
[0.416s] DEBUG:colcon.colcon_core.event_handler.log_command:Invoking command in '/home/srjn/ros2_ws/build/pendulum_robot_description': CMAKE_PREFIX_PATH=${CMAKE_PREFIX_PATH}:/home/srjn/ros2_ws/install/turtle_ctrl_launch:/home/srjn/ros2_ws/install/symlink:/home/srjn/ros2_ws/install/srvcli_py:/home/srjn/ros2_ws/install/pubsub_py:/home/srjn/ros2_ws/install/minimal_pkg:/opt/ros/jazzy DEBUGINFOD_URLS=https://debuginfod.ubuntu.com /usr/bin/cmake /home/srjn/ros2_ws/pendulum_robot_description -DAMENT_CMAKE_SYMLINK_INSTALL=1 -DCMAKE_INSTALL_PREFIX=/home/srjn/ros2_ws/install/pendulum_robot_description
[0.615s] INFO:colcon.colcon_core.task.python.build:Building Python package in '/home/srjn/ros2_ws/src/pubsub_py'
[0.616s] INFO:colcon.colcon_core.shell:Skip shell extension 'powershell' for command environment: Not usable outside of PowerShell
[0.616s] DEBUG:colcon.colcon_core.shell:Skip shell extension 'dsv' for command environment
[3.044s] DEBUG:colcon.colcon_parallel_executor.executor.parallel:closing loop
[3.045s] DEBUG:colcon.colcon_parallel_executor.executor.parallel:loop closed
[3.045s] DEBUG:colcon.colcon_parallel_executor.executor.parallel:run_until_complete finished with 'Command '['/usr/bin/python3', '-c', 'import sys;from contextlib import suppress;exec("with suppress(ImportError):    from setuptools.extern.packaging.specifiers    import SpecifierSet");exec("with suppress(ImportError):    from packaging.specifiers import SpecifierSet");from distutils.core import run_setup;dist = run_setup(    \'setup.py\', script_args=(\'--dry-run\',), stop_after=\'config\');skip_keys = (\'cmdclass\', \'distclass\', \'ext_modules\', \'metadata\');data = {    key: value for key, value in dist.__dict__.items()     if (        not key.startswith(\'_\') and         not callable(value) and         key not in skip_keys and         key not in dist.display_option_names    )};data[\'metadata\'] = {    k: v for k, v in dist.metadata.__dict__.items()     if k not in (\'license_files\', \'provides_extras\')};sys.stdout.buffer.write(repr(data).encode(\'utf-8\'))']' returned non-zero exit status 1.'
[3.045s] DEBUG:colcon.colcon_core.event_reactor:joining thread
[3.049s] INFO:colcon.colcon_core.plugin_system:Skipping extension 'colcon_notification.desktop_notification.terminal_notifier': Not used on non-Darwin systems
[3.049s] INFO:colcon.colcon_core.plugin_system:Skipping extension 'colcon_notification.desktop_notification.win32': Not used on non-Windows systems
[3.049s] INFO:colcon.colcon_notification.desktop_notification:Sending desktop notification using 'notify2'
[3.063s] DEBUG:colcon.colcon_core.event_reactor:joined thread
[3.063s] INFO:colcon.colcon_core.shell:Creating prefix script '/home/srjn/ros2_ws/install/local_setup.ps1'
[3.064s] INFO:colcon.colcon_core.shell:Creating prefix util module '/home/srjn/ros2_ws/install/_local_setup_util_ps1.py'
[3.064s] INFO:colcon.colcon_core.shell:Creating prefix chain script '/home/srjn/ros2_ws/install/setup.ps1'
[3.065s] INFO:colcon.colcon_core.shell:Creating prefix script '/home/srjn/ros2_ws/install/local_setup.sh'
[3.066s] INFO:colcon.colcon_core.shell:Creating prefix util module '/home/srjn/ros2_ws/install/_local_setup_util_sh.py'
[3.066s] INFO:colcon.colcon_core.shell:Creating prefix chain script '/home/srjn/ros2_ws/install/setup.sh'
[3.067s] INFO:colcon.colcon_core.shell:Creating prefix script '/home/srjn/ros2_ws/install/local_setup.bash'
[3.067s] INFO:colcon.colcon_core.shell:Creating prefix chain script '/home/srjn/ros2_ws/install/setup.bash'
[3.068s] INFO:colcon.colcon_core.shell:Creating prefix script '/home/srjn/ros2_ws/install/local_setup.zsh'
[3.068s] INFO:colcon.colcon_core.shell:Creating prefix chain script '/home/srjn/ros2_ws/install/setup.zsh'
