running develop
Removing /home/srjn/ros2_ws/install/srvcli_py/lib/python3.12/site-packages/srvcli-py.egg-link (link to .)
running egg_info
writing ../build/srvcli_py/srvcli_py.egg-info/PKG-INFO
writing dependency_links to ../build/srvcli_py/srvcli_py.egg-info/dependency_links.txt
writing requirements to ../build/srvcli_py/srvcli_py.egg-info/requires.txt
writing top-level names to ../build/srvcli_py/srvcli_py.egg-info/top_level.txt
reading manifest file '../build/srvcli_py/srvcli_py.egg-info/SOURCES.txt'
writing manifest file '../build/srvcli_py/srvcli_py.egg-info/SOURCES.txt'
running build
running build_py
creating /home/srjn/ros2_ws/build/srvcli_py/build
creating /home/srjn/ros2_ws/build/srvcli_py/build/lib
creating /home/srjn/ros2_ws/build/srvcli_py/build/lib/srvcli_py
copying srvcli_py/__init__.py -> /home/srjn/ros2_ws/build/srvcli_py/build/lib/srvcli_py
copying srvcli_py/service.py -> /home/srjn/ros2_ws/build/srvcli_py/build/lib/srvcli_py
copying srvcli_py/client.py -> /home/srjn/ros2_ws/build/srvcli_py/build/lib/srvcli_py
running install
running install_lib
creating /home/srjn/ros2_ws/install/srvcli_py/lib/python3.12/site-packages/srvcli_py
copying /home/srjn/ros2_ws/build/srvcli_py/build/lib/srvcli_py/__init__.py -> /home/srjn/ros2_ws/install/srvcli_py/lib/python3.12/site-packages/srvcli_py
copying /home/srjn/ros2_ws/build/srvcli_py/build/lib/srvcli_py/service.py -> /home/srjn/ros2_ws/install/srvcli_py/lib/python3.12/site-packages/srvcli_py
copying /home/srjn/ros2_ws/build/srvcli_py/build/lib/srvcli_py/client.py -> /home/srjn/ros2_ws/install/srvcli_py/lib/python3.12/site-packages/srvcli_py
byte-compiling /home/srjn/ros2_ws/install/srvcli_py/lib/python3.12/site-packages/srvcli_py/__init__.py to __init__.cpython-312.pyc
byte-compiling /home/srjn/ros2_ws/install/srvcli_py/lib/python3.12/site-packages/srvcli_py/service.py to service.cpython-312.pyc
byte-compiling /home/srjn/ros2_ws/install/srvcli_py/lib/python3.12/site-packages/srvcli_py/client.py to client.cpython-312.pyc
running install_data
copying resource/srvcli_py -> /home/srjn/ros2_ws/install/srvcli_py/share/ament_index/resource_index/packages
copying package.xml -> /home/srjn/ros2_ws/install/srvcli_py/share/srvcli_py
running install_egg_info
Copying ../build/srvcli_py/srvcli_py.egg-info to /home/srjn/ros2_ws/install/srvcli_py/lib/python3.12/site-packages/srvcli_py-0.0.0-py3.12.egg-info
running install_scripts
writing list of installed files to '/home/srjn/ros2_ws/build/srvcli_py/install.log'
