[1.083s] Invoking command in '/home/srjn/ros2_ws/build/srvcli_py': DEBUGINFOD_URLS=https://debuginfod.ubuntu.com PYTHONPATH=/home/srjn/ros2_ws/build/srvcli_py/prefix_override:/usr/lib/python3/dist-packages/colcon_core/task/python/colcon_distutils_commands:/home/srjn/ros2_ws/install/srvcli_py/lib/python3.12/site-packages:/home/srjn/ros2_ws/install/srv_pkg/lib/python3.12/site-packages:/home/srjn/ros2_ws/build/turtle_ctrl_launch:/home/srjn/ros2_ws/install/turtle_ctrl_launch/lib/python3.12/site-packages:/home/srjn/ros2_ws/build/symlink:/home/srjn/ros2_ws/install/symlink/lib/python3.12/site-packages:/home/srjn/ros2_ws/build/srvcli_py:/home/srjn/ros2_ws/install/srvcli_py/lib/python3.12/site-packages:/home/srjn/ros2_ws/build/pubsub_py:/home/srjn/ros2_ws/install/pubsub_py/lib/python3.12/site-packages:/home/srjn/ros2_ws/build/minimal_pkg:/home/srjn/ros2_ws/install/minimal_pkg/lib/python3.12/site-packages:/home/srjn/ros2_ws/build/first_pytest:/home/srjn/ros2_ws/install/first_pytest/lib/python3.12/site-packages:/home/srjn/ros2_ws/install/diff_drive_description/lib/python3.12/site-packages:/opt/ros/jazzy/lib/python3.12/site-packages /usr/bin/python3 -W ignore:setup.py install is deprecated -W ignore:easy_install command is deprecated setup.py develop --uninstall --editable --build-directory /home/srjn/ros2_ws/build/srvcli_py/build
[1.505s] running develop
[1.777s] Removing /home/srjn/ros2_ws/install/srvcli_py/lib/python3.12/site-packages/srvcli-py.egg-link (link to .)
[1.811s] Invoked command in '/home/srjn/ros2_ws/build/srvcli_py' returned '0': DEBUGINFOD_URLS=https://debuginfod.ubuntu.com PYTHONPATH=/home/srjn/ros2_ws/build/srvcli_py/prefix_override:/usr/lib/python3/dist-packages/colcon_core/task/python/colcon_distutils_commands:/home/srjn/ros2_ws/install/srvcli_py/lib/python3.12/site-packages:/home/srjn/ros2_ws/install/srv_pkg/lib/python3.12/site-packages:/home/srjn/ros2_ws/build/turtle_ctrl_launch:/home/srjn/ros2_ws/install/turtle_ctrl_launch/lib/python3.12/site-packages:/home/srjn/ros2_ws/build/symlink:/home/srjn/ros2_ws/install/symlink/lib/python3.12/site-packages:/home/srjn/ros2_ws/build/srvcli_py:/home/srjn/ros2_ws/install/srvcli_py/lib/python3.12/site-packages:/home/srjn/ros2_ws/build/pubsub_py:/home/srjn/ros2_ws/install/pubsub_py/lib/python3.12/site-packages:/home/srjn/ros2_ws/build/minimal_pkg:/home/srjn/ros2_ws/install/minimal_pkg/lib/python3.12/site-packages:/home/srjn/ros2_ws/build/first_pytest:/home/srjn/ros2_ws/install/first_pytest/lib/python3.12/site-packages:/home/srjn/ros2_ws/install/diff_drive_description/lib/python3.12/site-packages:/opt/ros/jazzy/lib/python3.12/site-packages /usr/bin/python3 -W ignore:setup.py install is deprecated -W ignore:easy_install command is deprecated setup.py develop --uninstall --editable --build-directory /home/srjn/ros2_ws/build/srvcli_py/build
[1.812s] Invoking command in '/home/srjn/ros2_ws/srvcli_py': DEBUGINFOD_URLS=https://debuginfod.ubuntu.com PYTHONPATH=/home/srjn/ros2_ws/build/srvcli_py/prefix_override:/usr/lib/python3/dist-packages/colcon_core/task/python/colcon_distutils_commands:/home/srjn/ros2_ws/install/srvcli_py/lib/python3.12/site-packages:/home/srjn/ros2_ws/install/srv_pkg/lib/python3.12/site-packages:/home/srjn/ros2_ws/build/turtle_ctrl_launch:/home/srjn/ros2_ws/install/turtle_ctrl_launch/lib/python3.12/site-packages:/home/srjn/ros2_ws/build/symlink:/home/srjn/ros2_ws/install/symlink/lib/python3.12/site-packages:/home/srjn/ros2_ws/build/srvcli_py:/home/srjn/ros2_ws/install/srvcli_py/lib/python3.12/site-packages:/home/srjn/ros2_ws/build/pubsub_py:/home/srjn/ros2_ws/install/pubsub_py/lib/python3.12/site-packages:/home/srjn/ros2_ws/build/minimal_pkg:/home/srjn/ros2_ws/install/minimal_pkg/lib/python3.12/site-packages:/home/srjn/ros2_ws/build/first_pytest:/home/srjn/ros2_ws/install/first_pytest/lib/python3.12/site-packages:/home/srjn/ros2_ws/install/diff_drive_description/lib/python3.12/site-packages:/opt/ros/jazzy/lib/python3.12/site-packages /usr/bin/python3 -W ignore:setup.py install is deprecated -W ignore:easy_install command is deprecated setup.py egg_info --egg-base ../build/srvcli_py build --build-base /home/srjn/ros2_ws/build/srvcli_py/build install --record /home/srjn/ros2_ws/build/srvcli_py/install.log --single-version-externally-managed install_data --force
[2.138s] running egg_info
[2.166s] writing ../build/srvcli_py/srvcli_py.egg-info/PKG-INFO
[2.166s] writing dependency_links to ../build/srvcli_py/srvcli_py.egg-info/dependency_links.txt
[2.167s] writing requirements to ../build/srvcli_py/srvcli_py.egg-info/requires.txt
[2.167s] writing top-level names to ../build/srvcli_py/srvcli_py.egg-info/top_level.txt
[2.225s] reading manifest file '../build/srvcli_py/srvcli_py.egg-info/SOURCES.txt'
[2.226s] writing manifest file '../build/srvcli_py/srvcli_py.egg-info/SOURCES.txt'
[2.226s] running build
[2.226s] running build_py
[2.226s] creating /home/srjn/ros2_ws/build/srvcli_py/build
[2.226s] creating /home/srjn/ros2_ws/build/srvcli_py/build/lib
[2.226s] creating /home/srjn/ros2_ws/build/srvcli_py/build/lib/srvcli_py
[2.226s] copying srvcli_py/__init__.py -> /home/srjn/ros2_ws/build/srvcli_py/build/lib/srvcli_py
[2.227s] copying srvcli_py/service.py -> /home/srjn/ros2_ws/build/srvcli_py/build/lib/srvcli_py
[2.227s] copying srvcli_py/client.py -> /home/srjn/ros2_ws/build/srvcli_py/build/lib/srvcli_py
[2.227s] running install
[2.237s] running install_lib
[2.265s] creating /home/srjn/ros2_ws/install/srvcli_py/lib/python3.12/site-packages/srvcli_py
[2.265s] copying /home/srjn/ros2_ws/build/srvcli_py/build/lib/srvcli_py/__init__.py -> /home/srjn/ros2_ws/install/srvcli_py/lib/python3.12/site-packages/srvcli_py
[2.265s] copying /home/srjn/ros2_ws/build/srvcli_py/build/lib/srvcli_py/service.py -> /home/srjn/ros2_ws/install/srvcli_py/lib/python3.12/site-packages/srvcli_py
[2.266s] copying /home/srjn/ros2_ws/build/srvcli_py/build/lib/srvcli_py/client.py -> /home/srjn/ros2_ws/install/srvcli_py/lib/python3.12/site-packages/srvcli_py
[2.266s] byte-compiling /home/srjn/ros2_ws/install/srvcli_py/lib/python3.12/site-packages/srvcli_py/__init__.py to __init__.cpython-312.pyc
[2.266s] byte-compiling /home/srjn/ros2_ws/install/srvcli_py/lib/python3.12/site-packages/srvcli_py/service.py to service.cpython-312.pyc
[2.267s] byte-compiling /home/srjn/ros2_ws/install/srvcli_py/lib/python3.12/site-packages/srvcli_py/client.py to client.cpython-312.pyc
[2.268s] running install_data
[2.268s] copying resource/srvcli_py -> /home/srjn/ros2_ws/install/srvcli_py/share/ament_index/resource_index/packages
[2.268s] copying package.xml -> /home/srjn/ros2_ws/install/srvcli_py/share/srvcli_py
[2.268s] running install_egg_info
[2.295s] Copying ../build/srvcli_py/srvcli_py.egg-info to /home/srjn/ros2_ws/install/srvcli_py/lib/python3.12/site-packages/srvcli_py-0.0.0-py3.12.egg-info
[2.295s] running install_scripts
[2.444s] writing list of installed files to '/home/srjn/ros2_ws/build/srvcli_py/install.log'
[2.469s] Invoked command in '/home/srjn/ros2_ws/srvcli_py' returned '0': DEBUGINFOD_URLS=https://debuginfod.ubuntu.com PYTHONPATH=/home/srjn/ros2_ws/build/srvcli_py/prefix_override:/usr/lib/python3/dist-packages/colcon_core/task/python/colcon_distutils_commands:/home/srjn/ros2_ws/install/srvcli_py/lib/python3.12/site-packages:/home/srjn/ros2_ws/install/srv_pkg/lib/python3.12/site-packages:/home/srjn/ros2_ws/build/turtle_ctrl_launch:/home/srjn/ros2_ws/install/turtle_ctrl_launch/lib/python3.12/site-packages:/home/srjn/ros2_ws/build/symlink:/home/srjn/ros2_ws/install/symlink/lib/python3.12/site-packages:/home/srjn/ros2_ws/build/srvcli_py:/home/srjn/ros2_ws/install/srvcli_py/lib/python3.12/site-packages:/home/srjn/ros2_ws/build/pubsub_py:/home/srjn/ros2_ws/install/pubsub_py/lib/python3.12/site-packages:/home/srjn/ros2_ws/build/minimal_pkg:/home/srjn/ros2_ws/install/minimal_pkg/lib/python3.12/site-packages:/home/srjn/ros2_ws/build/first_pytest:/home/srjn/ros2_ws/install/first_pytest/lib/python3.12/site-packages:/home/srjn/ros2_ws/install/diff_drive_description/lib/python3.12/site-packages:/opt/ros/jazzy/lib/python3.12/site-packages /usr/bin/python3 -W ignore:setup.py install is deprecated -W ignore:easy_install command is deprecated setup.py egg_info --egg-base ../build/srvcli_py build --build-base /home/srjn/ros2_ws/build/srvcli_py/build install --record /home/srjn/ros2_ws/build/srvcli_py/install.log --single-version-externally-managed install_data --force
