[0.085s] DEBUG:colcon:Command line arguments: ['/usr/bin/colcon', 'build', '--symlink-install']
[0.085s] DEBUG:colcon:Parsed command line arguments: Namespace(log_base=None, log_level=None, verb_name='build', build_base='build', install_base='install', merge_install=False, symlink_install=True, test_result_base=None, continue_on_error=False, executor='parallel', parallel_workers=16, event_handlers=None, ignore_user_meta=False, metas=['./colcon.meta'], base_paths=['.'], packages_ignore=None, packages_ignore_regex=None, paths=None, packages_up_to=None, packages_up_to_regex=None, packages_above=None, packages_above_and_dependencies=None, packages_above_depth=None, packages_select_by_dep=None, packages_skip_by_dep=None, packages_skip_up_to=None, packages_select_build_failed=False, packages_skip_build_finished=False, packages_select_test_failures=False, packages_skip_test_passed=False, packages_select=None, packages_skip=None, packages_select_regex=None, packages_skip_regex=None, packages_start=None, packages_end=None, allow_overriding=[], cmake_args=None, cmake_target=None, cmake_target_skip_unavailable=False, cmake_clean_cache=False, cmake_clean_first=False, cmake_force_configure=False, ament_cmake_args=None, catkin_cmake_args=None, catkin_skip_building_tests=False, mixin_files=None, mixin=None, verb_parser=<colcon_mixin.mixin.mixin_argument.MixinArgumentDecorator object at 0x7b9415c9b4a0>, verb_extension=<colcon_core.verb.build.BuildVerb object at 0x7b9415dbf680>, main=<bound method BuildVerb.main of <colcon_core.verb.build.BuildVerb object at 0x7b9415dbf680>>, mixin_verb=('build',))
[0.116s] Level 1:colcon.colcon_core.package_discovery:discover_packages(colcon_meta) check parameters
[0.117s] Level 1:colcon.colcon_core.package_discovery:discover_packages(recursive) check parameters
[0.117s] Level 1:colcon.colcon_core.package_discovery:discover_packages(ignore) check parameters
[0.117s] Level 1:colcon.colcon_core.package_discovery:discover_packages(path) check parameters
[0.117s] Level 1:colcon.colcon_core.package_discovery:discover_packages(colcon_meta) discover
[0.117s] Level 1:colcon.colcon_core.package_discovery:discover_packages(recursive) discover
[0.117s] INFO:colcon.colcon_core.package_discovery:Crawling recursively for packages in '/home/srjn/ros2_ws'
[0.117s] Level 1:colcon.colcon_core.package_identification:_identify(.) by extensions ['ignore', 'ignore_ament_install']
[0.117s] Level 1:colcon.colcon_core.package_identification:_identify(.) by extension 'ignore'
[0.117s] Level 1:colcon.colcon_core.package_identification:_identify(.) by extension 'ignore_ament_install'
[0.117s] Level 1:colcon.colcon_core.package_identification:_identify(.) by extensions ['colcon_pkg']
[0.117s] Level 1:colcon.colcon_core.package_identification:_identify(.) by extension 'colcon_pkg'
[0.117s] Level 1:colcon.colcon_core.package_identification:_identify(.) by extensions ['colcon_meta']
[0.117s] Level 1:colcon.colcon_core.package_identification:_identify(.) by extension 'colcon_meta'
[0.117s] Level 1:colcon.colcon_core.package_identification:_identify(.) by extensions ['ros']
[0.117s] Level 1:colcon.colcon_core.package_identification:_identify(.) by extension 'ros'
[0.136s] Level 1:colcon.colcon_core.package_identification:_identify(.) by extensions ['cmake', 'python']
[0.136s] Level 1:colcon.colcon_core.package_identification:_identify(.) by extension 'cmake'
[0.136s] Level 1:colcon.colcon_core.package_identification:_identify(.) by extension 'python'
[0.137s] Level 1:colcon.colcon_core.package_identification:_identify(.) by extensions ['python_setup_py']
[0.137s] Level 1:colcon.colcon_core.package_identification:_identify(.) by extension 'python_setup_py'
[0.137s] Level 1:colcon.colcon_core.package_identification:_identify(action_pkg) by extensions ['ignore', 'ignore_ament_install']
[0.137s] Level 1:colcon.colcon_core.package_identification:_identify(action_pkg) by extension 'ignore'
[0.137s] Level 1:colcon.colcon_core.package_identification:_identify(action_pkg) by extension 'ignore_ament_install'
[0.137s] Level 1:colcon.colcon_core.package_identification:_identify(action_pkg) by extensions ['colcon_pkg']
[0.137s] Level 1:colcon.colcon_core.package_identification:_identify(action_pkg) by extension 'colcon_pkg'
[0.137s] Level 1:colcon.colcon_core.package_identification:_identify(action_pkg) by extensions ['colcon_meta']
[0.137s] Level 1:colcon.colcon_core.package_identification:_identify(action_pkg) by extension 'colcon_meta'
[0.137s] Level 1:colcon.colcon_core.package_identification:_identify(action_pkg) by extensions ['ros']
[0.137s] Level 1:colcon.colcon_core.package_identification:_identify(action_pkg) by extension 'ros'
[0.139s] DEBUG:colcon.colcon_core.package_identification:Package 'action_pkg' with type 'ros.ament_cmake' and name 'action_pkg'
[0.139s] Level 1:colcon.colcon_core.package_identification:_identify(build) by extensions ['ignore', 'ignore_ament_install']
[0.139s] Level 1:colcon.colcon_core.package_identification:_identify(build) by extension 'ignore'
[0.140s] Level 1:colcon.colcon_core.package_identification:_identify(build) ignored
[0.140s] Level 1:colcon.colcon_core.package_identification:_identify(install) by extensions ['ignore', 'ignore_ament_install']
[0.140s] Level 1:colcon.colcon_core.package_identification:_identify(install) by extension 'ignore'
[0.140s] Level 1:colcon.colcon_core.package_identification:_identify(install) ignored
[0.140s] Level 1:colcon.colcon_core.package_identification:_identify(log) by extensions ['ignore', 'ignore_ament_install']
[0.140s] Level 1:colcon.colcon_core.package_identification:_identify(log) by extension 'ignore'
[0.140s] Level 1:colcon.colcon_core.package_identification:_identify(log) ignored
[0.140s] Level 1:colcon.colcon_core.package_identification:_identify(pendulum_robot_description) by extensions ['ignore', 'ignore_ament_install']
[0.140s] Level 1:colcon.colcon_core.package_identification:_identify(pendulum_robot_description) by extension 'ignore'
[0.140s] Level 1:colcon.colcon_core.package_identification:_identify(pendulum_robot_description) by extension 'ignore_ament_install'
[0.140s] Level 1:colcon.colcon_core.package_identification:_identify(pendulum_robot_description) by extensions ['colcon_pkg']
[0.140s] Level 1:colcon.colcon_core.package_identification:_identify(pendulum_robot_description) by extension 'colcon_pkg'
[0.140s] Level 1:colcon.colcon_core.package_identification:_identify(pendulum_robot_description) by extensions ['colcon_meta']
[0.140s] Level 1:colcon.colcon_core.package_identification:_identify(pendulum_robot_description) by extension 'colcon_meta'
[0.140s] Level 1:colcon.colcon_core.package_identification:_identify(pendulum_robot_description) by extensions ['ros']
[0.140s] Level 1:colcon.colcon_core.package_identification:_identify(pendulum_robot_description) by extension 'ros'
[0.141s] DEBUG:colcon.colcon_core.package_identification:Package 'pendulum_robot_description' with type 'ros.ament_cmake' and name 'pendulum_robot_description'
[0.141s] Level 1:colcon.colcon_core.package_identification:_identify(src) by extensions ['ignore', 'ignore_ament_install']
[0.141s] Level 1:colcon.colcon_core.package_identification:_identify(src) by extension 'ignore'
[0.141s] Level 1:colcon.colcon_core.package_identification:_identify(src) by extension 'ignore_ament_install'
[0.141s] Level 1:colcon.colcon_core.package_identification:_identify(src) by extensions ['colcon_pkg']
[0.141s] Level 1:colcon.colcon_core.package_identification:_identify(src) by extension 'colcon_pkg'
[0.141s] Level 1:colcon.colcon_core.package_identification:_identify(src) by extensions ['colcon_meta']
[0.141s] Level 1:colcon.colcon_core.package_identification:_identify(src) by extension 'colcon_meta'
[0.141s] Level 1:colcon.colcon_core.package_identification:_identify(src) by extensions ['ros']
[0.141s] Level 1:colcon.colcon_core.package_identification:_identify(src) by extension 'ros'
[0.141s] Level 1:colcon.colcon_core.package_identification:_identify(src) by extensions ['cmake', 'python']
[0.141s] Level 1:colcon.colcon_core.package_identification:_identify(src) by extension 'cmake'
[0.141s] Level 1:colcon.colcon_core.package_identification:_identify(src) by extension 'python'
[0.141s] Level 1:colcon.colcon_core.package_identification:_identify(src) by extensions ['python_setup_py']
[0.142s] Level 1:colcon.colcon_core.package_identification:_identify(src) by extension 'python_setup_py'
[0.142s] Level 1:colcon.colcon_core.package_identification:_identify(src/minimal_pkg) by extensions ['ignore', 'ignore_ament_install']
[0.142s] Level 1:colcon.colcon_core.package_identification:_identify(src/minimal_pkg) by extension 'ignore'
[0.142s] Level 1:colcon.colcon_core.package_identification:_identify(src/minimal_pkg) by extension 'ignore_ament_install'
[0.142s] Level 1:colcon.colcon_core.package_identification:_identify(src/minimal_pkg) by extensions ['colcon_pkg']
[0.142s] Level 1:colcon.colcon_core.package_identification:_identify(src/minimal_pkg) by extension 'colcon_pkg'
[0.142s] Level 1:colcon.colcon_core.package_identification:_identify(src/minimal_pkg) by extensions ['colcon_meta']
[0.142s] Level 1:colcon.colcon_core.package_identification:_identify(src/minimal_pkg) by extension 'colcon_meta'
[0.142s] Level 1:colcon.colcon_core.package_identification:_identify(src/minimal_pkg) by extensions ['ros']
[0.142s] Level 1:colcon.colcon_core.package_identification:_identify(src/minimal_pkg) by extension 'ros'
[0.142s] DEBUG:colcon.colcon_core.package_identification:Package 'src/minimal_pkg' with type 'ros.ament_python' and name 'minimal_pkg'
[0.142s] Level 1:colcon.colcon_core.package_identification:_identify(src/pubsub_py) by extensions ['ignore', 'ignore_ament_install']
[0.143s] Level 1:colcon.colcon_core.package_identification:_identify(src/pubsub_py) by extension 'ignore'
[0.143s] Level 1:colcon.colcon_core.package_identification:_identify(src/pubsub_py) by extension 'ignore_ament_install'
[0.143s] Level 1:colcon.colcon_core.package_identification:_identify(src/pubsub_py) by extensions ['colcon_pkg']
[0.143s] Level 1:colcon.colcon_core.package_identification:_identify(src/pubsub_py) by extension 'colcon_pkg'
[0.143s] Level 1:colcon.colcon_core.package_identification:_identify(src/pubsub_py) by extensions ['colcon_meta']
[0.143s] Level 1:colcon.colcon_core.package_identification:_identify(src/pubsub_py) by extension 'colcon_meta'
[0.143s] Level 1:colcon.colcon_core.package_identification:_identify(src/pubsub_py) by extensions ['ros']
[0.143s] Level 1:colcon.colcon_core.package_identification:_identify(src/pubsub_py) by extension 'ros'
[0.143s] DEBUG:colcon.colcon_core.package_identification:Package 'src/pubsub_py' with type 'ros.ament_python' and name 'pubsub_py'
[0.143s] Level 1:colcon.colcon_core.package_identification:_identify(src/srv_pkg) by extensions ['ignore', 'ignore_ament_install']
[0.143s] Level 1:colcon.colcon_core.package_identification:_identify(src/srv_pkg) by extension 'ignore'
[0.144s] Level 1:colcon.colcon_core.package_identification:_identify(src/srv_pkg) by extension 'ignore_ament_install'
[0.144s] Level 1:colcon.colcon_core.package_identification:_identify(src/srv_pkg) by extensions ['colcon_pkg']
[0.144s] Level 1:colcon.colcon_core.package_identification:_identify(src/srv_pkg) by extension 'colcon_pkg'
[0.144s] Level 1:colcon.colcon_core.package_identification:_identify(src/srv_pkg) by extensions ['colcon_meta']
[0.144s] Level 1:colcon.colcon_core.package_identification:_identify(src/srv_pkg) by extension 'colcon_meta'
[0.144s] Level 1:colcon.colcon_core.package_identification:_identify(src/srv_pkg) by extensions ['ros']
[0.144s] Level 1:colcon.colcon_core.package_identification:_identify(src/srv_pkg) by extension 'ros'
[0.144s] DEBUG:colcon.colcon_core.package_identification:Package 'src/srv_pkg' with type 'ros.ament_cmake' and name 'srv_pkg'
[0.144s] Level 1:colcon.colcon_core.package_identification:_identify(src/symlink) by extensions ['ignore', 'ignore_ament_install']
[0.145s] Level 1:colcon.colcon_core.package_identification:_identify(src/symlink) by extension 'ignore'
[0.145s] Level 1:colcon.colcon_core.package_identification:_identify(src/symlink) by extension 'ignore_ament_install'
[0.145s] Level 1:colcon.colcon_core.package_identification:_identify(src/symlink) by extensions ['colcon_pkg']
[0.145s] Level 1:colcon.colcon_core.package_identification:_identify(src/symlink) by extension 'colcon_pkg'
[0.145s] Level 1:colcon.colcon_core.package_identification:_identify(src/symlink) by extensions ['colcon_meta']
[0.145s] Level 1:colcon.colcon_core.package_identification:_identify(src/symlink) by extension 'colcon_meta'
[0.145s] Level 1:colcon.colcon_core.package_identification:_identify(src/symlink) by extensions ['ros']
[0.145s] Level 1:colcon.colcon_core.package_identification:_identify(src/symlink) by extension 'ros'
[0.145s] DEBUG:colcon.colcon_core.package_identification:Package 'src/symlink' with type 'ros.ament_python' and name 'symlink'
[0.145s] Level 1:colcon.colcon_core.package_identification:_identify(src/turtle_ctrl_launch) by extensions ['ignore', 'ignore_ament_install']
[0.145s] Level 1:colcon.colcon_core.package_identification:_identify(src/turtle_ctrl_launch) by extension 'ignore'
[0.146s] Level 1:colcon.colcon_core.package_identification:_identify(src/turtle_ctrl_launch) by extension 'ignore_ament_install'
[0.146s] Level 1:colcon.colcon_core.package_identification:_identify(src/turtle_ctrl_launch) by extensions ['colcon_pkg']
[0.146s] Level 1:colcon.colcon_core.package_identification:_identify(src/turtle_ctrl_launch) by extension 'colcon_pkg'
[0.146s] Level 1:colcon.colcon_core.package_identification:_identify(src/turtle_ctrl_launch) by extensions ['colcon_meta']
[0.146s] Level 1:colcon.colcon_core.package_identification:_identify(src/turtle_ctrl_launch) by extension 'colcon_meta'
[0.146s] Level 1:colcon.colcon_core.package_identification:_identify(src/turtle_ctrl_launch) by extensions ['ros']
[0.146s] Level 1:colcon.colcon_core.package_identification:_identify(src/turtle_ctrl_launch) by extension 'ros'
[0.146s] DEBUG:colcon.colcon_core.package_identification:Package 'src/turtle_ctrl_launch' with type 'ros.ament_python' and name 'turtle_ctrl_launch'
[0.146s] Level 1:colcon.colcon_core.package_identification:_identify(srvcli_py) by extensions ['ignore', 'ignore_ament_install']
[0.146s] Level 1:colcon.colcon_core.package_identification:_identify(srvcli_py) by extension 'ignore'
[0.146s] Level 1:colcon.colcon_core.package_identification:_identify(srvcli_py) by extension 'ignore_ament_install'
[0.146s] Level 1:colcon.colcon_core.package_identification:_identify(srvcli_py) by extensions ['colcon_pkg']
[0.146s] Level 1:colcon.colcon_core.package_identification:_identify(srvcli_py) by extension 'colcon_pkg'
[0.146s] Level 1:colcon.colcon_core.package_identification:_identify(srvcli_py) by extensions ['colcon_meta']
[0.146s] Level 1:colcon.colcon_core.package_identification:_identify(srvcli_py) by extension 'colcon_meta'
[0.146s] Level 1:colcon.colcon_core.package_identification:_identify(srvcli_py) by extensions ['ros']
[0.146s] Level 1:colcon.colcon_core.package_identification:_identify(srvcli_py) by extension 'ros'
[0.147s] DEBUG:colcon.colcon_core.package_identification:Package 'srvcli_py' with type 'ros.ament_python' and name 'srvcli_py'
[0.147s] Level 1:colcon.colcon_core.package_discovery:discover_packages(recursive) using defaults
[0.147s] Level 1:colcon.colcon_core.package_discovery:discover_packages(ignore) discover
[0.147s] Level 1:colcon.colcon_core.package_discovery:discover_packages(ignore) using defaults
[0.147s] Level 1:colcon.colcon_core.package_discovery:discover_packages(path) discover
[0.147s] Level 1:colcon.colcon_core.package_discovery:discover_packages(path) using defaults
[0.163s] Level 1:colcon.colcon_core.package_discovery:discover_packages(prefix_path) check parameters
[0.163s] Level 1:colcon.colcon_core.package_discovery:discover_packages(prefix_path) discover
[0.164s] WARNING:colcon.colcon_ros.prefix_path.ament:The path '/home/srjn/ros2_ws/install/srvcli_py' in the environment variable AMENT_PREFIX_PATH doesn't exist
[0.164s] WARNING:colcon.colcon_ros.prefix_path.ament:The path '/home/srjn/ros2_ws/install/srv_pkg' in the environment variable AMENT_PREFIX_PATH doesn't exist
[0.164s] WARNING:colcon.colcon_ros.prefix_path.ament:The path '/home/srjn/ros2_ws/install/pendulum_robot_description' in the environment variable AMENT_PREFIX_PATH doesn't exist
[0.164s] WARNING:colcon.colcon_ros.prefix_path.ament:The path '/home/srjn/ros2_ws/install/action_pkg' in the environment variable AMENT_PREFIX_PATH doesn't exist
[0.164s] WARNING:colcon.colcon_ros.prefix_path.catkin:The path '/home/srjn/ros2_ws/install/srv_pkg' in the environment variable CMAKE_PREFIX_PATH doesn't exist
[0.164s] WARNING:colcon.colcon_ros.prefix_path.catkin:The path '/home/srjn/ros2_ws/install/pendulum_robot_description' in the environment variable CMAKE_PREFIX_PATH doesn't exist
[0.164s] WARNING:colcon.colcon_ros.prefix_path.catkin:The path '/home/srjn/ros2_ws/install/action_pkg' in the environment variable CMAKE_PREFIX_PATH doesn't exist
[0.165s] DEBUG:colcon.colcon_installed_package_information.package_discovery:Found 0 installed packages in /home/srjn/ros2_ws/install
[0.166s] DEBUG:colcon.colcon_installed_package_information.package_discovery:Found 320 installed packages in /opt/ros/jazzy
[0.167s] Level 1:colcon.colcon_core.package_discovery:discover_packages(prefix_path) using defaults
[0.202s] Level 5:colcon.colcon_core.verb:set package 'action_pkg' build argument 'cmake_args' from command line to 'None'
[0.202s] Level 5:colcon.colcon_core.verb:set package 'action_pkg' build argument 'cmake_target' from command line to 'None'
[0.202s] Level 5:colcon.colcon_core.verb:set package 'action_pkg' build argument 'cmake_target_skip_unavailable' from command line to 'False'
[0.202s] Level 5:colcon.colcon_core.verb:set package 'action_pkg' build argument 'cmake_clean_cache' from command line to 'False'
[0.202s] Level 5:colcon.colcon_core.verb:set package 'action_pkg' build argument 'cmake_clean_first' from command line to 'False'
[0.202s] Level 5:colcon.colcon_core.verb:set package 'action_pkg' build argument 'cmake_force_configure' from command line to 'False'
[0.202s] Level 5:colcon.colcon_core.verb:set package 'action_pkg' build argument 'ament_cmake_args' from command line to 'None'
[0.202s] Level 5:colcon.colcon_core.verb:set package 'action_pkg' build argument 'catkin_cmake_args' from command line to 'None'
[0.202s] Level 5:colcon.colcon_core.verb:set package 'action_pkg' build argument 'catkin_skip_building_tests' from command line to 'False'
[0.202s] DEBUG:colcon.colcon_core.verb:Building package 'action_pkg' with the following arguments: {'ament_cmake_args': None, 'build_base': '/home/srjn/ros2_ws/build/action_pkg', 'catkin_cmake_args': None, 'catkin_skip_building_tests': False, 'cmake_args': None, 'cmake_clean_cache': False, 'cmake_clean_first': False, 'cmake_force_configure': False, 'cmake_target': None, 'cmake_target_skip_unavailable': False, 'install_base': '/home/srjn/ros2_ws/install/action_pkg', 'merge_install': False, 'path': '/home/srjn/ros2_ws/action_pkg', 'symlink_install': True, 'test_result_base': None}
[0.202s] Level 5:colcon.colcon_core.verb:set package 'minimal_pkg' build argument 'cmake_args' from command line to 'None'
[0.202s] Level 5:colcon.colcon_core.verb:set package 'minimal_pkg' build argument 'cmake_target' from command line to 'None'
[0.202s] Level 5:colcon.colcon_core.verb:set package 'minimal_pkg' build argument 'cmake_target_skip_unavailable' from command line to 'False'
[0.202s] Level 5:colcon.colcon_core.verb:set package 'minimal_pkg' build argument 'cmake_clean_cache' from command line to 'False'
[0.202s] Level 5:colcon.colcon_core.verb:set package 'minimal_pkg' build argument 'cmake_clean_first' from command line to 'False'
[0.202s] Level 5:colcon.colcon_core.verb:set package 'minimal_pkg' build argument 'cmake_force_configure' from command line to 'False'
[0.202s] Level 5:colcon.colcon_core.verb:set package 'minimal_pkg' build argument 'ament_cmake_args' from command line to 'None'
[0.202s] Level 5:colcon.colcon_core.verb:set package 'minimal_pkg' build argument 'catkin_cmake_args' from command line to 'None'
[0.202s] Level 5:colcon.colcon_core.verb:set package 'minimal_pkg' build argument 'catkin_skip_building_tests' from command line to 'False'
[0.202s] DEBUG:colcon.colcon_core.verb:Building package 'minimal_pkg' with the following arguments: {'ament_cmake_args': None, 'build_base': '/home/srjn/ros2_ws/build/minimal_pkg', 'catkin_cmake_args': None, 'catkin_skip_building_tests': False, 'cmake_args': None, 'cmake_clean_cache': False, 'cmake_clean_first': False, 'cmake_force_configure': False, 'cmake_target': None, 'cmake_target_skip_unavailable': False, 'install_base': '/home/srjn/ros2_ws/install/minimal_pkg', 'merge_install': False, 'path': '/home/srjn/ros2_ws/src/minimal_pkg', 'symlink_install': True, 'test_result_base': None}
[0.202s] Level 5:colcon.colcon_core.verb:set package 'pendulum_robot_description' build argument 'cmake_args' from command line to 'None'
[0.202s] Level 5:colcon.colcon_core.verb:set package 'pendulum_robot_description' build argument 'cmake_target' from command line to 'None'
[0.203s] Level 5:colcon.colcon_core.verb:set package 'pendulum_robot_description' build argument 'cmake_target_skip_unavailable' from command line to 'False'
[0.203s] Level 5:colcon.colcon_core.verb:set package 'pendulum_robot_description' build argument 'cmake_clean_cache' from command line to 'False'
[0.203s] Level 5:colcon.colcon_core.verb:set package 'pendulum_robot_description' build argument 'cmake_clean_first' from command line to 'False'
[0.203s] Level 5:colcon.colcon_core.verb:set package 'pendulum_robot_description' build argument 'cmake_force_configure' from command line to 'False'
[0.203s] Level 5:colcon.colcon_core.verb:set package 'pendulum_robot_description' build argument 'ament_cmake_args' from command line to 'None'
[0.203s] Level 5:colcon.colcon_core.verb:set package 'pendulum_robot_description' build argument 'catkin_cmake_args' from command line to 'None'
[0.203s] Level 5:colcon.colcon_core.verb:set package 'pendulum_robot_description' build argument 'catkin_skip_building_tests' from command line to 'False'
[0.203s] DEBUG:colcon.colcon_core.verb:Building package 'pendulum_robot_description' with the following arguments: {'ament_cmake_args': None, 'build_base': '/home/srjn/ros2_ws/build/pendulum_robot_description', 'catkin_cmake_args': None, 'catkin_skip_building_tests': False, 'cmake_args': None, 'cmake_clean_cache': False, 'cmake_clean_first': False, 'cmake_force_configure': False, 'cmake_target': None, 'cmake_target_skip_unavailable': False, 'install_base': '/home/srjn/ros2_ws/install/pendulum_robot_description', 'merge_install': False, 'path': '/home/srjn/ros2_ws/pendulum_robot_description', 'symlink_install': True, 'test_result_base': None}
[0.203s] Level 5:colcon.colcon_core.verb:set package 'pubsub_py' build argument 'cmake_args' from command line to 'None'
[0.203s] Level 5:colcon.colcon_core.verb:set package 'pubsub_py' build argument 'cmake_target' from command line to 'None'
[0.203s] Level 5:colcon.colcon_core.verb:set package 'pubsub_py' build argument 'cmake_target_skip_unavailable' from command line to 'False'
[0.203s] Level 5:colcon.colcon_core.verb:set package 'pubsub_py' build argument 'cmake_clean_cache' from command line to 'False'
[0.203s] Level 5:colcon.colcon_core.verb:set package 'pubsub_py' build argument 'cmake_clean_first' from command line to 'False'
[0.203s] Level 5:colcon.colcon_core.verb:set package 'pubsub_py' build argument 'cmake_force_configure' from command line to 'False'
[0.203s] Level 5:colcon.colcon_core.verb:set package 'pubsub_py' build argument 'ament_cmake_args' from command line to 'None'
[0.203s] Level 5:colcon.colcon_core.verb:set package 'pubsub_py' build argument 'catkin_cmake_args' from command line to 'None'
[0.203s] Level 5:colcon.colcon_core.verb:set package 'pubsub_py' build argument 'catkin_skip_building_tests' from command line to 'False'
[0.203s] DEBUG:colcon.colcon_core.verb:Building package 'pubsub_py' with the following arguments: {'ament_cmake_args': None, 'build_base': '/home/srjn/ros2_ws/build/pubsub_py', 'catkin_cmake_args': None, 'catkin_skip_building_tests': False, 'cmake_args': None, 'cmake_clean_cache': False, 'cmake_clean_first': False, 'cmake_force_configure': False, 'cmake_target': None, 'cmake_target_skip_unavailable': False, 'install_base': '/home/srjn/ros2_ws/install/pubsub_py', 'merge_install': False, 'path': '/home/srjn/ros2_ws/src/pubsub_py', 'symlink_install': True, 'test_result_base': None}
[0.203s] Level 5:colcon.colcon_core.verb:set package 'srv_pkg' build argument 'cmake_args' from command line to 'None'
[0.203s] Level 5:colcon.colcon_core.verb:set package 'srv_pkg' build argument 'cmake_target' from command line to 'None'
[0.203s] Level 5:colcon.colcon_core.verb:set package 'srv_pkg' build argument 'cmake_target_skip_unavailable' from command line to 'False'
[0.203s] Level 5:colcon.colcon_core.verb:set package 'srv_pkg' build argument 'cmake_clean_cache' from command line to 'False'
[0.203s] Level 5:colcon.colcon_core.verb:set package 'srv_pkg' build argument 'cmake_clean_first' from command line to 'False'
[0.203s] Level 5:colcon.colcon_core.verb:set package 'srv_pkg' build argument 'cmake_force_configure' from command line to 'False'
[0.203s] Level 5:colcon.colcon_core.verb:set package 'srv_pkg' build argument 'ament_cmake_args' from command line to 'None'
[0.203s] Level 5:colcon.colcon_core.verb:set package 'srv_pkg' build argument 'catkin_cmake_args' from command line to 'None'
[0.203s] Level 5:colcon.colcon_core.verb:set package 'srv_pkg' build argument 'catkin_skip_building_tests' from command line to 'False'
[0.203s] DEBUG:colcon.colcon_core.verb:Building package 'srv_pkg' with the following arguments: {'ament_cmake_args': None, 'build_base': '/home/srjn/ros2_ws/build/srv_pkg', 'catkin_cmake_args': None, 'catkin_skip_building_tests': False, 'cmake_args': None, 'cmake_clean_cache': False, 'cmake_clean_first': False, 'cmake_force_configure': False, 'cmake_target': None, 'cmake_target_skip_unavailable': False, 'install_base': '/home/srjn/ros2_ws/install/srv_pkg', 'merge_install': False, 'path': '/home/srjn/ros2_ws/src/srv_pkg', 'symlink_install': True, 'test_result_base': None}
[0.203s] Level 5:colcon.colcon_core.verb:set package 'symlink' build argument 'cmake_args' from command line to 'None'
[0.203s] Level 5:colcon.colcon_core.verb:set package 'symlink' build argument 'cmake_target' from command line to 'None'
[0.203s] Level 5:colcon.colcon_core.verb:set package 'symlink' build argument 'cmake_target_skip_unavailable' from command line to 'False'
[0.203s] Level 5:colcon.colcon_core.verb:set package 'symlink' build argument 'cmake_clean_cache' from command line to 'False'
[0.203s] Level 5:colcon.colcon_core.verb:set package 'symlink' build argument 'cmake_clean_first' from command line to 'False'
[0.203s] Level 5:colcon.colcon_core.verb:set package 'symlink' build argument 'cmake_force_configure' from command line to 'False'
[0.204s] Level 5:colcon.colcon_core.verb:set package 'symlink' build argument 'ament_cmake_args' from command line to 'None'
[0.204s] Level 5:colcon.colcon_core.verb:set package 'symlink' build argument 'catkin_cmake_args' from command line to 'None'
[0.204s] Level 5:colcon.colcon_core.verb:set package 'symlink' build argument 'catkin_skip_building_tests' from command line to 'False'
[0.204s] DEBUG:colcon.colcon_core.verb:Building package 'symlink' with the following arguments: {'ament_cmake_args': None, 'build_base': '/home/srjn/ros2_ws/build/symlink', 'catkin_cmake_args': None, 'catkin_skip_building_tests': False, 'cmake_args': None, 'cmake_clean_cache': False, 'cmake_clean_first': False, 'cmake_force_configure': False, 'cmake_target': None, 'cmake_target_skip_unavailable': False, 'install_base': '/home/srjn/ros2_ws/install/symlink', 'merge_install': False, 'path': '/home/srjn/ros2_ws/src/symlink', 'symlink_install': True, 'test_result_base': None}
[0.204s] Level 5:colcon.colcon_core.verb:set package 'turtle_ctrl_launch' build argument 'cmake_args' from command line to 'None'
[0.204s] Level 5:colcon.colcon_core.verb:set package 'turtle_ctrl_launch' build argument 'cmake_target' from command line to 'None'
[0.204s] Level 5:colcon.colcon_core.verb:set package 'turtle_ctrl_launch' build argument 'cmake_target_skip_unavailable' from command line to 'False'
[0.204s] Level 5:colcon.colcon_core.verb:set package 'turtle_ctrl_launch' build argument 'cmake_clean_cache' from command line to 'False'
[0.204s] Level 5:colcon.colcon_core.verb:set package 'turtle_ctrl_launch' build argument 'cmake_clean_first' from command line to 'False'
[0.204s] Level 5:colcon.colcon_core.verb:set package 'turtle_ctrl_launch' build argument 'cmake_force_configure' from command line to 'False'
[0.204s] Level 5:colcon.colcon_core.verb:set package 'turtle_ctrl_launch' build argument 'ament_cmake_args' from command line to 'None'
[0.204s] Level 5:colcon.colcon_core.verb:set package 'turtle_ctrl_launch' build argument 'catkin_cmake_args' from command line to 'None'
[0.204s] Level 5:colcon.colcon_core.verb:set package 'turtle_ctrl_launch' build argument 'catkin_skip_building_tests' from command line to 'False'
[0.204s] DEBUG:colcon.colcon_core.verb:Building package 'turtle_ctrl_launch' with the following arguments: {'ament_cmake_args': None, 'build_base': '/home/srjn/ros2_ws/build/turtle_ctrl_launch', 'catkin_cmake_args': None, 'catkin_skip_building_tests': False, 'cmake_args': None, 'cmake_clean_cache': False, 'cmake_clean_first': False, 'cmake_force_configure': False, 'cmake_target': None, 'cmake_target_skip_unavailable': False, 'install_base': '/home/srjn/ros2_ws/install/turtle_ctrl_launch', 'merge_install': False, 'path': '/home/srjn/ros2_ws/src/turtle_ctrl_launch', 'symlink_install': True, 'test_result_base': None}
[0.204s] Level 5:colcon.colcon_core.verb:set package 'srvcli_py' build argument 'cmake_args' from command line to 'None'
[0.204s] Level 5:colcon.colcon_core.verb:set package 'srvcli_py' build argument 'cmake_target' from command line to 'None'
[0.204s] Level 5:colcon.colcon_core.verb:set package 'srvcli_py' build argument 'cmake_target_skip_unavailable' from command line to 'False'
[0.204s] Level 5:colcon.colcon_core.verb:set package 'srvcli_py' build argument 'cmake_clean_cache' from command line to 'False'
[0.204s] Level 5:colcon.colcon_core.verb:set package 'srvcli_py' build argument 'cmake_clean_first' from command line to 'False'
[0.204s] Level 5:colcon.colcon_core.verb:set package 'srvcli_py' build argument 'cmake_force_configure' from command line to 'False'
[0.204s] Level 5:colcon.colcon_core.verb:set package 'srvcli_py' build argument 'ament_cmake_args' from command line to 'None'
[0.204s] Level 5:colcon.colcon_core.verb:set package 'srvcli_py' build argument 'catkin_cmake_args' from command line to 'None'
[0.204s] Level 5:colcon.colcon_core.verb:set package 'srvcli_py' build argument 'catkin_skip_building_tests' from command line to 'False'
[0.204s] DEBUG:colcon.colcon_core.verb:Building package 'srvcli_py' with the following arguments: {'ament_cmake_args': None, 'build_base': '/home/srjn/ros2_ws/build/srvcli_py', 'catkin_cmake_args': None, 'catkin_skip_building_tests': False, 'cmake_args': None, 'cmake_clean_cache': False, 'cmake_clean_first': False, 'cmake_force_configure': False, 'cmake_target': None, 'cmake_target_skip_unavailable': False, 'install_base': '/home/srjn/ros2_ws/install/srvcli_py', 'merge_install': False, 'path': '/home/srjn/ros2_ws/srvcli_py', 'symlink_install': True, 'test_result_base': None}
[0.204s] INFO:colcon.colcon_core.executor:Executing jobs using 'parallel' executor
[0.205s] DEBUG:colcon.colcon_parallel_executor.executor.parallel:run_until_complete
[0.205s] INFO:colcon.colcon_ros.task.ament_cmake.build:Building ROS package in '/home/srjn/ros2_ws/src/srv_pkg' with build type 'ament_cmake'
[0.205s] INFO:colcon.colcon_cmake.task.cmake.build:Building CMake package in '/home/srjn/ros2_ws/src/srv_pkg'
[0.207s] INFO:colcon.colcon_core.plugin_system:Skipping extension 'colcon_core.shell.bat': Not used on non-Windows systems
[0.207s] INFO:colcon.colcon_core.shell:Skip shell extension 'powershell' for command environment: Not usable outside of PowerShell
[0.207s] DEBUG:colcon.colcon_core.shell:Skip shell extension 'dsv' for command environment
[0.210s] INFO:colcon.colcon_ros.task.ament_cmake.build:Building ROS package in '/home/srjn/ros2_ws/action_pkg' with build type 'ament_cmake'
[0.210s] INFO:colcon.colcon_cmake.task.cmake.build:Building CMake package in '/home/srjn/ros2_ws/action_pkg'
[0.210s] INFO:colcon.colcon_core.shell:Skip shell extension 'powershell' for command environment: Not usable outside of PowerShell
[0.210s] DEBUG:colcon.colcon_core.shell:Skip shell extension 'dsv' for command environment
[0.213s] INFO:colcon.colcon_ros.task.ament_python.build:Building ROS package in '/home/srjn/ros2_ws/src/minimal_pkg' with build type 'ament_python'
[0.213s] Level 1:colcon.colcon_core.shell:create_environment_hook('minimal_pkg', 'ament_prefix_path')
[0.213s] INFO:colcon.colcon_core.shell:Creating environment hook '/home/srjn/ros2_ws/install/minimal_pkg/share/minimal_pkg/hook/ament_prefix_path.ps1'
[0.214s] INFO:colcon.colcon_core.shell:Creating environment descriptor '/home/srjn/ros2_ws/install/minimal_pkg/share/minimal_pkg/hook/ament_prefix_path.dsv'
[0.214s] INFO:colcon.colcon_core.shell:Creating environment hook '/home/srjn/ros2_ws/install/minimal_pkg/share/minimal_pkg/hook/ament_prefix_path.sh'
[0.215s] INFO:colcon.colcon_core.shell:Skip shell extension 'powershell' for command environment: Not usable outside of PowerShell
[0.215s] DEBUG:colcon.colcon_core.shell:Skip shell extension 'dsv' for command environment
[0.218s] INFO:colcon.colcon_ros.task.ament_cmake.build:Building ROS package in '/home/srjn/ros2_ws/pendulum_robot_description' with build type 'ament_cmake'
[0.218s] INFO:colcon.colcon_cmake.task.cmake.build:Building CMake package in '/home/srjn/ros2_ws/pendulum_robot_description'
[0.218s] INFO:colcon.colcon_core.shell:Skip shell extension 'powershell' for command environment: Not usable outside of PowerShell
[0.218s] DEBUG:colcon.colcon_core.shell:Skip shell extension 'dsv' for command environment
[0.220s] INFO:colcon.colcon_ros.task.ament_python.build:Building ROS package in '/home/srjn/ros2_ws/src/pubsub_py' with build type 'ament_python'
[0.220s] Level 1:colcon.colcon_core.shell:create_environment_hook('pubsub_py', 'ament_prefix_path')
[0.220s] INFO:colcon.colcon_core.shell:Creating environment hook '/home/srjn/ros2_ws/install/pubsub_py/share/pubsub_py/hook/ament_prefix_path.ps1'
[0.221s] INFO:colcon.colcon_core.shell:Creating environment descriptor '/home/srjn/ros2_ws/install/pubsub_py/share/pubsub_py/hook/ament_prefix_path.dsv'
[0.221s] INFO:colcon.colcon_core.shell:Creating environment hook '/home/srjn/ros2_ws/install/pubsub_py/share/pubsub_py/hook/ament_prefix_path.sh'
[0.221s] INFO:colcon.colcon_core.shell:Skip shell extension 'powershell' for command environment: Not usable outside of PowerShell
[0.221s] DEBUG:colcon.colcon_core.shell:Skip shell extension 'dsv' for command environment
[0.224s] INFO:colcon.colcon_ros.task.ament_python.build:Building ROS package in '/home/srjn/ros2_ws/src/symlink' with build type 'ament_python'
[0.224s] Level 1:colcon.colcon_core.shell:create_environment_hook('symlink', 'ament_prefix_path')
[0.224s] INFO:colcon.colcon_core.shell:Creating environment hook '/home/srjn/ros2_ws/install/symlink/share/symlink/hook/ament_prefix_path.ps1'
[0.224s] INFO:colcon.colcon_core.shell:Creating environment descriptor '/home/srjn/ros2_ws/install/symlink/share/symlink/hook/ament_prefix_path.dsv'
[0.225s] INFO:colcon.colcon_core.shell:Creating environment hook '/home/srjn/ros2_ws/install/symlink/share/symlink/hook/ament_prefix_path.sh'
[0.225s] INFO:colcon.colcon_core.shell:Skip shell extension 'powershell' for command environment: Not usable outside of PowerShell
[0.225s] DEBUG:colcon.colcon_core.shell:Skip shell extension 'dsv' for command environment
[0.227s] INFO:colcon.colcon_ros.task.ament_python.build:Building ROS package in '/home/srjn/ros2_ws/src/turtle_ctrl_launch' with build type 'ament_python'
[0.227s] Level 1:colcon.colcon_core.shell:create_environment_hook('turtle_ctrl_launch', 'ament_prefix_path')
[0.227s] INFO:colcon.colcon_core.shell:Creating environment hook '/home/srjn/ros2_ws/install/turtle_ctrl_launch/share/turtle_ctrl_launch/hook/ament_prefix_path.ps1'
[0.228s] INFO:colcon.colcon_core.shell:Creating environment descriptor '/home/srjn/ros2_ws/install/turtle_ctrl_launch/share/turtle_ctrl_launch/hook/ament_prefix_path.dsv'
[0.228s] INFO:colcon.colcon_core.shell:Creating environment hook '/home/srjn/ros2_ws/install/turtle_ctrl_launch/share/turtle_ctrl_launch/hook/ament_prefix_path.sh'
[0.228s] INFO:colcon.colcon_core.shell:Skip shell extension 'powershell' for command environment: Not usable outside of PowerShell
[0.228s] DEBUG:colcon.colcon_core.shell:Skip shell extension 'dsv' for command environment
[0.235s] DEBUG:colcon.colcon_core.event_handler.log_command:Invoking command in '/home/srjn/ros2_ws/build/srv_pkg': CMAKE_PREFIX_PATH=${CMAKE_PREFIX_PATH}:/home/srjn/ros2_ws/install/turtle_ctrl_launch:/home/srjn/ros2_ws/install/symlink:/home/srjn/ros2_ws/install/srvcli_py:/home/srjn/ros2_ws/install/pubsub_py:/home/srjn/ros2_ws/install/minimal_pkg:/opt/ros/jazzy DEBUGINFOD_URLS=https://debuginfod.ubuntu.com /usr/bin/cmake --build /home/srjn/ros2_ws/build/srv_pkg -- -j16 -l16
[0.237s] DEBUG:colcon.colcon_core.event_handler.log_command:Invoking command in '/home/srjn/ros2_ws/build/action_pkg': CMAKE_PREFIX_PATH=${CMAKE_PREFIX_PATH}:/home/srjn/ros2_ws/install/turtle_ctrl_launch:/home/srjn/ros2_ws/install/symlink:/home/srjn/ros2_ws/install/srvcli_py:/home/srjn/ros2_ws/install/pubsub_py:/home/srjn/ros2_ws/install/minimal_pkg:/opt/ros/jazzy DEBUGINFOD_URLS=https://debuginfod.ubuntu.com /usr/bin/cmake --build /home/srjn/ros2_ws/build/action_pkg -- -j16 -l16
[0.424s] INFO:colcon.colcon_core.task.python.build:Building Python package in '/home/srjn/ros2_ws/src/minimal_pkg'
[0.424s] INFO:colcon.colcon_core.shell:Skip shell extension 'powershell' for command environment: Not usable outside of PowerShell
[0.424s] DEBUG:colcon.colcon_core.shell:Skip shell extension 'dsv' for command environment
[0.429s] DEBUG:colcon.colcon_core.event_handler.log_command:Invoking command in '/home/srjn/ros2_ws/build/pendulum_robot_description': CMAKE_PREFIX_PATH=${CMAKE_PREFIX_PATH}:/home/srjn/ros2_ws/install/turtle_ctrl_launch:/home/srjn/ros2_ws/install/symlink:/home/srjn/ros2_ws/install/srvcli_py:/home/srjn/ros2_ws/install/pubsub_py:/home/srjn/ros2_ws/install/minimal_pkg:/opt/ros/jazzy DEBUGINFOD_URLS=https://debuginfod.ubuntu.com /usr/bin/cmake --build /home/srjn/ros2_ws/build/pendulum_robot_description -- -j16 -l16
[0.615s] INFO:colcon.colcon_core.task.python.build:Building Python package in '/home/srjn/ros2_ws/src/pubsub_py'
[0.615s] INFO:colcon.colcon_core.shell:Skip shell extension 'powershell' for command environment: Not usable outside of PowerShell
[0.615s] DEBUG:colcon.colcon_core.shell:Skip shell extension 'dsv' for command environment
[0.805s] INFO:colcon.colcon_core.task.python.build:Building Python package in '/home/srjn/ros2_ws/src/symlink'
[0.805s] INFO:colcon.colcon_core.shell:Skip shell extension 'powershell' for command environment: Not usable outside of PowerShell
[0.805s] DEBUG:colcon.colcon_core.shell:Skip shell extension 'dsv' for command environment
[0.814s] DEBUG:colcon.colcon_core.event_handler.log_command:Invoked command in '/home/srjn/ros2_ws/build/action_pkg' returned '0': CMAKE_PREFIX_PATH=${CMAKE_PREFIX_PATH}:/home/srjn/ros2_ws/install/turtle_ctrl_launch:/home/srjn/ros2_ws/install/symlink:/home/srjn/ros2_ws/install/srvcli_py:/home/srjn/ros2_ws/install/pubsub_py:/home/srjn/ros2_ws/install/minimal_pkg:/opt/ros/jazzy DEBUGINFOD_URLS=https://debuginfod.ubuntu.com /usr/bin/cmake --build /home/srjn/ros2_ws/build/action_pkg -- -j16 -l16
[0.822s] DEBUG:colcon.colcon_core.event_handler.log_command:Invoking command in '/home/srjn/ros2_ws/build/action_pkg': CMAKE_PREFIX_PATH=${CMAKE_PREFIX_PATH}:/home/srjn/ros2_ws/install/turtle_ctrl_launch:/home/srjn/ros2_ws/install/symlink:/home/srjn/ros2_ws/install/srvcli_py:/home/srjn/ros2_ws/install/pubsub_py:/home/srjn/ros2_ws/install/minimal_pkg:/opt/ros/jazzy DEBUGINFOD_URLS=https://debuginfod.ubuntu.com /usr/bin/cmake --install /home/srjn/ros2_ws/build/action_pkg
[0.822s] DEBUG:colcon.colcon_core.event_handler.log_command:Invoked command in '/home/srjn/ros2_ws/build/pendulum_robot_description' returned '0': CMAKE_PREFIX_PATH=${CMAKE_PREFIX_PATH}:/home/srjn/ros2_ws/install/turtle_ctrl_launch:/home/srjn/ros2_ws/install/symlink:/home/srjn/ros2_ws/install/srvcli_py:/home/srjn/ros2_ws/install/pubsub_py:/home/srjn/ros2_ws/install/minimal_pkg:/opt/ros/jazzy DEBUGINFOD_URLS=https://debuginfod.ubuntu.com /usr/bin/cmake --build /home/srjn/ros2_ws/build/pendulum_robot_description -- -j16 -l16
[0.823s] DEBUG:colcon.colcon_core.event_handler.log_command:Invoking command in '/home/srjn/ros2_ws/build/pendulum_robot_description': CMAKE_PREFIX_PATH=${CMAKE_PREFIX_PATH}:/home/srjn/ros2_ws/install/turtle_ctrl_launch:/home/srjn/ros2_ws/install/symlink:/home/srjn/ros2_ws/install/srvcli_py:/home/srjn/ros2_ws/install/pubsub_py:/home/srjn/ros2_ws/install/minimal_pkg:/opt/ros/jazzy DEBUGINFOD_URLS=https://debuginfod.ubuntu.com /usr/bin/cmake --install /home/srjn/ros2_ws/build/pendulum_robot_description
[1.057s] INFO:colcon.colcon_core.task.python.build:Building Python package in '/home/srjn/ros2_ws/src/turtle_ctrl_launch'
[1.057s] INFO:colcon.colcon_core.shell:Skip shell extension 'powershell' for command environment: Not usable outside of PowerShell
[1.057s] DEBUG:colcon.colcon_core.shell:Skip shell extension 'dsv' for command environment
[1.073s] Level 1:colcon.colcon_core.environment:create_environment_scripts_only(action_pkg)
[1.074s] DEBUG:colcon.colcon_core.event_handler.log_command:Invoked command in '/home/srjn/ros2_ws/build/action_pkg' returned '0': CMAKE_PREFIX_PATH=${CMAKE_PREFIX_PATH}:/home/srjn/ros2_ws/install/turtle_ctrl_launch:/home/srjn/ros2_ws/install/symlink:/home/srjn/ros2_ws/install/srvcli_py:/home/srjn/ros2_ws/install/pubsub_py:/home/srjn/ros2_ws/install/minimal_pkg:/opt/ros/jazzy DEBUGINFOD_URLS=https://debuginfod.ubuntu.com /usr/bin/cmake --install /home/srjn/ros2_ws/build/action_pkg
[1.077s] Level 1:colcon.colcon_core.environment:checking '/home/srjn/ros2_ws/install/action_pkg' for CMake module files
[1.077s] Level 1:colcon.colcon_core.environment:checking '/home/srjn/ros2_ws/install/action_pkg' for CMake config files
[1.078s] Level 1:colcon.colcon_core.shell:create_environment_hook('action_pkg', 'cmake_prefix_path')
[1.078s] INFO:colcon.colcon_core.shell:Creating environment hook '/home/srjn/ros2_ws/install/action_pkg/share/action_pkg/hook/cmake_prefix_path.ps1'
[1.079s] INFO:colcon.colcon_core.shell:Creating environment descriptor '/home/srjn/ros2_ws/install/action_pkg/share/action_pkg/hook/cmake_prefix_path.dsv'
[1.079s] INFO:colcon.colcon_core.shell:Creating environment hook '/home/srjn/ros2_ws/install/action_pkg/share/action_pkg/hook/cmake_prefix_path.sh'
[1.080s] Level 1:colcon.colcon_core.environment:checking '/home/srjn/ros2_ws/install/action_pkg/bin'
[1.080s] Level 1:colcon.colcon_core.environment:checking '/home/srjn/ros2_ws/install/action_pkg/lib/pkgconfig/action_pkg.pc'
[1.080s] Level 1:colcon.colcon_core.environment:checking '/home/srjn/ros2_ws/install/action_pkg/lib/python3.12/site-packages'
[1.081s] Level 1:colcon.colcon_core.environment:checking '/home/srjn/ros2_ws/install/action_pkg/bin'
[1.081s] INFO:colcon.colcon_core.shell:Creating package script '/home/srjn/ros2_ws/install/action_pkg/share/action_pkg/package.ps1'
[1.082s] INFO:colcon.colcon_core.shell:Creating package descriptor '/home/srjn/ros2_ws/install/action_pkg/share/action_pkg/package.dsv'
[1.082s] INFO:colcon.colcon_core.shell:Creating package script '/home/srjn/ros2_ws/install/action_pkg/share/action_pkg/package.sh'
[1.083s] INFO:colcon.colcon_core.shell:Creating package script '/home/srjn/ros2_ws/install/action_pkg/share/action_pkg/package.bash'
[1.084s] INFO:colcon.colcon_core.shell:Creating package script '/home/srjn/ros2_ws/install/action_pkg/share/action_pkg/package.zsh'
[1.084s] Level 1:colcon.colcon_core.environment:create_file_with_runtime_dependencies(/home/srjn/ros2_ws/install/action_pkg/share/colcon-core/packages/action_pkg)
[1.085s] Level 1:colcon.colcon_core.environment:create_environment_scripts_only(action_pkg)
[1.085s] Level 1:colcon.colcon_core.environment:checking '/home/srjn/ros2_ws/install/action_pkg' for CMake module files
[1.086s] Level 1:colcon.colcon_core.environment:checking '/home/srjn/ros2_ws/install/action_pkg' for CMake config files
[1.086s] Level 1:colcon.colcon_core.shell:create_environment_hook('action_pkg', 'cmake_prefix_path')
[1.086s] INFO:colcon.colcon_core.shell:Creating environment hook '/home/srjn/ros2_ws/install/action_pkg/share/action_pkg/hook/cmake_prefix_path.ps1'
[1.087s] INFO:colcon.colcon_core.shell:Creating environment descriptor '/home/srjn/ros2_ws/install/action_pkg/share/action_pkg/hook/cmake_prefix_path.dsv'
[1.087s] INFO:colcon.colcon_core.shell:Creating environment hook '/home/srjn/ros2_ws/install/action_pkg/share/action_pkg/hook/cmake_prefix_path.sh'
[1.088s] Level 1:colcon.colcon_core.environment:checking '/home/srjn/ros2_ws/install/action_pkg/bin'
[1.088s] Level 1:colcon.colcon_core.environment:checking '/home/srjn/ros2_ws/install/action_pkg/lib/pkgconfig/action_pkg.pc'
[1.089s] Level 1:colcon.colcon_core.environment:checking '/home/srjn/ros2_ws/install/action_pkg/lib/python3.12/site-packages'
[1.089s] Level 1:colcon.colcon_core.environment:checking '/home/srjn/ros2_ws/install/action_pkg/bin'
[1.089s] INFO:colcon.colcon_core.shell:Creating package script '/home/srjn/ros2_ws/install/action_pkg/share/action_pkg/package.ps1'
[1.090s] INFO:colcon.colcon_core.shell:Creating package descriptor '/home/srjn/ros2_ws/install/action_pkg/share/action_pkg/package.dsv'
[1.091s] INFO:colcon.colcon_core.shell:Creating package script '/home/srjn/ros2_ws/install/action_pkg/share/action_pkg/package.sh'
[1.091s] INFO:colcon.colcon_core.shell:Creating package script '/home/srjn/ros2_ws/install/action_pkg/share/action_pkg/package.bash'
[1.092s] INFO:colcon.colcon_core.shell:Creating package script '/home/srjn/ros2_ws/install/action_pkg/share/action_pkg/package.zsh'
[1.092s] Level 1:colcon.colcon_core.environment:create_file_with_runtime_dependencies(/home/srjn/ros2_ws/install/action_pkg/share/colcon-core/packages/action_pkg)
[1.123s] Level 1:colcon.colcon_core.environment:create_environment_scripts_only(pendulum_robot_description)
[1.124s] Level 1:colcon.colcon_core.environment:checking '/home/srjn/ros2_ws/install/pendulum_robot_description' for CMake module files
[1.125s] DEBUG:colcon.colcon_core.event_handler.log_command:Invoked command in '/home/srjn/ros2_ws/build/pendulum_robot_description' returned '0': CMAKE_PREFIX_PATH=${CMAKE_PREFIX_PATH}:/home/srjn/ros2_ws/install/turtle_ctrl_launch:/home/srjn/ros2_ws/install/symlink:/home/srjn/ros2_ws/install/srvcli_py:/home/srjn/ros2_ws/install/pubsub_py:/home/srjn/ros2_ws/install/minimal_pkg:/opt/ros/jazzy DEBUGINFOD_URLS=https://debuginfod.ubuntu.com /usr/bin/cmake --install /home/srjn/ros2_ws/build/pendulum_robot_description
[1.125s] Level 1:colcon.colcon_core.environment:checking '/home/srjn/ros2_ws/install/pendulum_robot_description' for CMake config files
[1.126s] Level 1:colcon.colcon_core.shell:create_environment_hook('pendulum_robot_description', 'cmake_prefix_path')
[1.126s] INFO:colcon.colcon_core.shell:Creating environment hook '/home/srjn/ros2_ws/install/pendulum_robot_description/share/pendulum_robot_description/hook/cmake_prefix_path.ps1'
[1.126s] INFO:colcon.colcon_core.shell:Creating environment descriptor '/home/srjn/ros2_ws/install/pendulum_robot_description/share/pendulum_robot_description/hook/cmake_prefix_path.dsv'
[1.127s] INFO:colcon.colcon_core.shell:Creating environment hook '/home/srjn/ros2_ws/install/pendulum_robot_description/share/pendulum_robot_description/hook/cmake_prefix_path.sh'
[1.127s] Level 1:colcon.colcon_core.environment:checking '/home/srjn/ros2_ws/install/pendulum_robot_description/bin'
[1.128s] Level 1:colcon.colcon_core.environment:checking '/home/srjn/ros2_ws/install/pendulum_robot_description/lib/pkgconfig/pendulum_robot_description.pc'
[1.128s] Level 1:colcon.colcon_core.environment:checking '/home/srjn/ros2_ws/install/pendulum_robot_description/lib/python3.12/site-packages'
[1.128s] Level 1:colcon.colcon_core.environment:checking '/home/srjn/ros2_ws/install/pendulum_robot_description/bin'
[1.129s] INFO:colcon.colcon_core.shell:Creating package script '/home/srjn/ros2_ws/install/pendulum_robot_description/share/pendulum_robot_description/package.ps1'
[1.129s] INFO:colcon.colcon_core.shell:Creating package descriptor '/home/srjn/ros2_ws/install/pendulum_robot_description/share/pendulum_robot_description/package.dsv'
[1.130s] INFO:colcon.colcon_core.shell:Creating package script '/home/srjn/ros2_ws/install/pendulum_robot_description/share/pendulum_robot_description/package.sh'
[1.130s] INFO:colcon.colcon_core.shell:Creating package script '/home/srjn/ros2_ws/install/pendulum_robot_description/share/pendulum_robot_description/package.bash'
[1.130s] INFO:colcon.colcon_core.shell:Creating package script '/home/srjn/ros2_ws/install/pendulum_robot_description/share/pendulum_robot_description/package.zsh'
[1.131s] Level 1:colcon.colcon_core.environment:create_file_with_runtime_dependencies(/home/srjn/ros2_ws/install/pendulum_robot_description/share/colcon-core/packages/pendulum_robot_description)
[1.131s] Level 1:colcon.colcon_core.environment:create_environment_scripts_only(pendulum_robot_description)
[1.132s] Level 1:colcon.colcon_core.environment:checking '/home/srjn/ros2_ws/install/pendulum_robot_description' for CMake module files
[1.132s] Level 1:colcon.colcon_core.environment:checking '/home/srjn/ros2_ws/install/pendulum_robot_description' for CMake config files
[1.133s] Level 1:colcon.colcon_core.shell:create_environment_hook('pendulum_robot_description', 'cmake_prefix_path')
[1.133s] INFO:colcon.colcon_core.shell:Creating environment hook '/home/srjn/ros2_ws/install/pendulum_robot_description/share/pendulum_robot_description/hook/cmake_prefix_path.ps1'
[1.133s] INFO:colcon.colcon_core.shell:Creating environment descriptor '/home/srjn/ros2_ws/install/pendulum_robot_description/share/pendulum_robot_description/hook/cmake_prefix_path.dsv'
[1.134s] INFO:colcon.colcon_core.shell:Creating environment hook '/home/srjn/ros2_ws/install/pendulum_robot_description/share/pendulum_robot_description/hook/cmake_prefix_path.sh'
[1.134s] Level 1:colcon.colcon_core.environment:checking '/home/srjn/ros2_ws/install/pendulum_robot_description/bin'
[1.135s] Level 1:colcon.colcon_core.environment:checking '/home/srjn/ros2_ws/install/pendulum_robot_description/lib/pkgconfig/pendulum_robot_description.pc'
[1.135s] Level 1:colcon.colcon_core.environment:checking '/home/srjn/ros2_ws/install/pendulum_robot_description/lib/python3.12/site-packages'
[1.135s] Level 1:colcon.colcon_core.environment:checking '/home/srjn/ros2_ws/install/pendulum_robot_description/bin'
[1.136s] INFO:colcon.colcon_core.shell:Creating package script '/home/srjn/ros2_ws/install/pendulum_robot_description/share/pendulum_robot_description/package.ps1'
[1.136s] INFO:colcon.colcon_core.shell:Creating package descriptor '/home/srjn/ros2_ws/install/pendulum_robot_description/share/pendulum_robot_description/package.dsv'
[1.137s] INFO:colcon.colcon_core.shell:Creating package script '/home/srjn/ros2_ws/install/pendulum_robot_description/share/pendulum_robot_description/package.sh'
[1.137s] INFO:colcon.colcon_core.shell:Creating package script '/home/srjn/ros2_ws/install/pendulum_robot_description/share/pendulum_robot_description/package.bash'
[1.138s] INFO:colcon.colcon_core.shell:Creating package script '/home/srjn/ros2_ws/install/pendulum_robot_description/share/pendulum_robot_description/package.zsh'
[1.138s] Level 1:colcon.colcon_core.environment:create_file_with_runtime_dependencies(/home/srjn/ros2_ws/install/pendulum_robot_description/share/colcon-core/packages/pendulum_robot_description)
[1.720s] DEBUG:colcon.colcon_core.event_handler.log_command:Invoking command in '/home/srjn/ros2_ws/build/minimal_pkg': DEBUGINFOD_URLS=https://debuginfod.ubuntu.com PYTHONPATH=/home/srjn/ros2_ws/build/minimal_pkg/prefix_override:/usr/lib/python3/dist-packages/colcon_core/task/python/colcon_distutils_commands:/home/srjn/ros2_ws/install/minimal_pkg/lib/python3.12/site-packages:${PYTHONPATH} /usr/bin/python3 -W ignore:setup.py install is deprecated -W ignore:easy_install command is deprecated setup.py develop --editable --build-directory /home/srjn/ros2_ws/build/minimal_pkg/build --no-deps symlink_data
[1.734s] DEBUG:colcon.colcon_core.event_handler.log_command:Invoking command in '/home/srjn/ros2_ws/build/symlink': DEBUGINFOD_URLS=https://debuginfod.ubuntu.com PYTHONPATH=/home/srjn/ros2_ws/build/symlink/prefix_override:/usr/lib/python3/dist-packages/colcon_core/task/python/colcon_distutils_commands:/home/srjn/ros2_ws/install/symlink/lib/python3.12/site-packages:${PYTHONPATH} /usr/bin/python3 -W ignore:setup.py install is deprecated -W ignore:easy_install command is deprecated setup.py develop --editable --build-directory /home/srjn/ros2_ws/build/symlink/build --no-deps symlink_data
[1.747s] DEBUG:colcon.colcon_core.event_handler.log_command:Invoking command in '/home/srjn/ros2_ws/build/turtle_ctrl_launch': DEBUGINFOD_URLS=https://debuginfod.ubuntu.com PYTHONPATH=/home/srjn/ros2_ws/build/turtle_ctrl_launch/prefix_override:/usr/lib/python3/dist-packages/colcon_core/task/python/colcon_distutils_commands:/home/srjn/ros2_ws/install/turtle_ctrl_launch/lib/python3.12/site-packages:${PYTHONPATH} /usr/bin/python3 -W ignore:setup.py install is deprecated -W ignore:easy_install command is deprecated setup.py develop --editable --build-directory /home/srjn/ros2_ws/build/turtle_ctrl_launch/build --no-deps symlink_data
[1.749s] DEBUG:colcon.colcon_core.event_handler.log_command:Invoking command in '/home/srjn/ros2_ws/build/pubsub_py': DEBUGINFOD_URLS=https://debuginfod.ubuntu.com PYTHONPATH=/home/srjn/ros2_ws/build/pubsub_py/prefix_override:/usr/lib/python3/dist-packages/colcon_core/task/python/colcon_distutils_commands:/home/srjn/ros2_ws/install/pubsub_py/lib/python3.12/site-packages:${PYTHONPATH} /usr/bin/python3 -W ignore:setup.py install is deprecated -W ignore:easy_install command is deprecated setup.py develop --editable --build-directory /home/srjn/ros2_ws/build/pubsub_py/build --no-deps symlink_data
[2.333s] Level 1:colcon.colcon_core.shell:create_environment_hook('minimal_pkg', 'pythonpath_develop')
[2.334s] INFO:colcon.colcon_core.shell:Creating environment hook '/home/srjn/ros2_ws/build/minimal_pkg/share/minimal_pkg/hook/pythonpath_develop.ps1'
[2.334s] DEBUG:colcon.colcon_core.event_handler.log_command:Invoked command in '/home/srjn/ros2_ws/build/minimal_pkg' returned '0': DEBUGINFOD_URLS=https://debuginfod.ubuntu.com PYTHONPATH=/home/srjn/ros2_ws/build/minimal_pkg/prefix_override:/usr/lib/python3/dist-packages/colcon_core/task/python/colcon_distutils_commands:/home/srjn/ros2_ws/install/minimal_pkg/lib/python3.12/site-packages:${PYTHONPATH} /usr/bin/python3 -W ignore:setup.py install is deprecated -W ignore:easy_install command is deprecated setup.py develop --editable --build-directory /home/srjn/ros2_ws/build/minimal_pkg/build --no-deps symlink_data
[2.335s] INFO:colcon.colcon_core.shell:Creating environment descriptor '/home/srjn/ros2_ws/build/minimal_pkg/share/minimal_pkg/hook/pythonpath_develop.dsv'
[2.335s] INFO:colcon.colcon_core.shell:Creating environment hook '/home/srjn/ros2_ws/build/minimal_pkg/share/minimal_pkg/hook/pythonpath_develop.sh'
[2.335s] Level 1:colcon.colcon_core.environment:checking '/home/srjn/ros2_ws/install/minimal_pkg' for CMake module files
[2.336s] Level 1:colcon.colcon_core.environment:checking '/home/srjn/ros2_ws/install/minimal_pkg' for CMake config files
[2.336s] Level 1:colcon.colcon_core.environment:checking '/home/srjn/ros2_ws/install/minimal_pkg/lib'
[2.336s] Level 1:colcon.colcon_core.environment:checking '/home/srjn/ros2_ws/install/minimal_pkg/bin'
[2.336s] Level 1:colcon.colcon_core.environment:checking '/home/srjn/ros2_ws/install/minimal_pkg/lib/pkgconfig/minimal_pkg.pc'
[2.337s] Level 1:colcon.colcon_core.environment:checking '/home/srjn/ros2_ws/install/minimal_pkg/lib/python3.12/site-packages'
[2.337s] Level 1:colcon.colcon_core.shell:create_environment_hook('minimal_pkg', 'pythonpath')
[2.337s] INFO:colcon.colcon_core.shell:Creating environment hook '/home/srjn/ros2_ws/install/minimal_pkg/share/minimal_pkg/hook/pythonpath.ps1'
[2.337s] INFO:colcon.colcon_core.shell:Creating environment descriptor '/home/srjn/ros2_ws/install/minimal_pkg/share/minimal_pkg/hook/pythonpath.dsv'
[2.338s] INFO:colcon.colcon_core.shell:Creating environment hook '/home/srjn/ros2_ws/install/minimal_pkg/share/minimal_pkg/hook/pythonpath.sh'
[2.338s] Level 1:colcon.colcon_core.environment:checking '/home/srjn/ros2_ws/install/minimal_pkg/bin'
[2.338s] Level 1:colcon.colcon_core.environment:create_environment_scripts_only(minimal_pkg)
[2.339s] INFO:colcon.colcon_core.shell:Creating package script '/home/srjn/ros2_ws/install/minimal_pkg/share/minimal_pkg/package.ps1'
[2.339s] INFO:colcon.colcon_core.shell:Creating package descriptor '/home/srjn/ros2_ws/install/minimal_pkg/share/minimal_pkg/package.dsv'
[2.340s] INFO:colcon.colcon_core.shell:Creating package script '/home/srjn/ros2_ws/install/minimal_pkg/share/minimal_pkg/package.sh'
[2.340s] INFO:colcon.colcon_core.shell:Creating package script '/home/srjn/ros2_ws/install/minimal_pkg/share/minimal_pkg/package.bash'
[2.340s] INFO:colcon.colcon_core.shell:Creating package script '/home/srjn/ros2_ws/install/minimal_pkg/share/minimal_pkg/package.zsh'
[2.340s] Level 1:colcon.colcon_core.environment:create_file_with_runtime_dependencies(/home/srjn/ros2_ws/install/minimal_pkg/share/colcon-core/packages/minimal_pkg)
[2.369s] Level 1:colcon.colcon_core.shell:create_environment_hook('pubsub_py', 'pythonpath_develop')
[2.369s] INFO:colcon.colcon_core.shell:Creating environment hook '/home/srjn/ros2_ws/build/pubsub_py/share/pubsub_py/hook/pythonpath_develop.ps1'
[2.370s] DEBUG:colcon.colcon_core.event_handler.log_command:Invoked command in '/home/srjn/ros2_ws/build/pubsub_py' returned '0': DEBUGINFOD_URLS=https://debuginfod.ubuntu.com PYTHONPATH=/home/srjn/ros2_ws/build/pubsub_py/prefix_override:/usr/lib/python3/dist-packages/colcon_core/task/python/colcon_distutils_commands:/home/srjn/ros2_ws/install/pubsub_py/lib/python3.12/site-packages:${PYTHONPATH} /usr/bin/python3 -W ignore:setup.py install is deprecated -W ignore:easy_install command is deprecated setup.py develop --editable --build-directory /home/srjn/ros2_ws/build/pubsub_py/build --no-deps symlink_data
[2.370s] INFO:colcon.colcon_core.shell:Creating environment descriptor '/home/srjn/ros2_ws/build/pubsub_py/share/pubsub_py/hook/pythonpath_develop.dsv'
[2.370s] INFO:colcon.colcon_core.shell:Creating environment hook '/home/srjn/ros2_ws/build/pubsub_py/share/pubsub_py/hook/pythonpath_develop.sh'
[2.371s] Level 1:colcon.colcon_core.environment:checking '/home/srjn/ros2_ws/install/pubsub_py' for CMake module files
[2.371s] Level 1:colcon.colcon_core.environment:checking '/home/srjn/ros2_ws/install/pubsub_py' for CMake config files
[2.372s] Level 1:colcon.colcon_core.environment:checking '/home/srjn/ros2_ws/install/pubsub_py/lib'
[2.372s] Level 1:colcon.colcon_core.environment:checking '/home/srjn/ros2_ws/install/pubsub_py/bin'
[2.372s] Level 1:colcon.colcon_core.environment:checking '/home/srjn/ros2_ws/install/pubsub_py/lib/pkgconfig/pubsub_py.pc'
[2.372s] Level 1:colcon.colcon_core.environment:checking '/home/srjn/ros2_ws/install/pubsub_py/lib/python3.12/site-packages'
[2.372s] Level 1:colcon.colcon_core.shell:create_environment_hook('pubsub_py', 'pythonpath')
[2.372s] INFO:colcon.colcon_core.shell:Creating environment hook '/home/srjn/ros2_ws/install/pubsub_py/share/pubsub_py/hook/pythonpath.ps1'
[2.372s] INFO:colcon.colcon_core.shell:Creating environment descriptor '/home/srjn/ros2_ws/install/pubsub_py/share/pubsub_py/hook/pythonpath.dsv'
[2.373s] INFO:colcon.colcon_core.shell:Creating environment hook '/home/srjn/ros2_ws/install/pubsub_py/share/pubsub_py/hook/pythonpath.sh'
[2.373s] Level 1:colcon.colcon_core.environment:checking '/home/srjn/ros2_ws/install/pubsub_py/bin'
[2.373s] Level 1:colcon.colcon_core.environment:create_environment_scripts_only(pubsub_py)
[2.373s] INFO:colcon.colcon_core.shell:Creating package script '/home/srjn/ros2_ws/install/pubsub_py/share/pubsub_py/package.ps1'
[2.374s] INFO:colcon.colcon_core.shell:Creating package descriptor '/home/srjn/ros2_ws/install/pubsub_py/share/pubsub_py/package.dsv'
[2.374s] INFO:colcon.colcon_core.shell:Creating package script '/home/srjn/ros2_ws/install/pubsub_py/share/pubsub_py/package.sh'
[2.374s] INFO:colcon.colcon_core.shell:Creating package script '/home/srjn/ros2_ws/install/pubsub_py/share/pubsub_py/package.bash'
[2.375s] INFO:colcon.colcon_core.shell:Creating package script '/home/srjn/ros2_ws/install/pubsub_py/share/pubsub_py/package.zsh'
[2.375s] Level 1:colcon.colcon_core.environment:create_file_with_runtime_dependencies(/home/srjn/ros2_ws/install/pubsub_py/share/colcon-core/packages/pubsub_py)
[2.376s] Level 1:colcon.colcon_core.shell:create_environment_hook('turtle_ctrl_launch', 'pythonpath_develop')
[2.376s] INFO:colcon.colcon_core.shell:Creating environment hook '/home/srjn/ros2_ws/build/turtle_ctrl_launch/share/turtle_ctrl_launch/hook/pythonpath_develop.ps1'
[2.376s] DEBUG:colcon.colcon_core.event_handler.log_command:Invoked command in '/home/srjn/ros2_ws/build/turtle_ctrl_launch' returned '0': DEBUGINFOD_URLS=https://debuginfod.ubuntu.com PYTHONPATH=/home/srjn/ros2_ws/build/turtle_ctrl_launch/prefix_override:/usr/lib/python3/dist-packages/colcon_core/task/python/colcon_distutils_commands:/home/srjn/ros2_ws/install/turtle_ctrl_launch/lib/python3.12/site-packages:${PYTHONPATH} /usr/bin/python3 -W ignore:setup.py install is deprecated -W ignore:easy_install command is deprecated setup.py develop --editable --build-directory /home/srjn/ros2_ws/build/turtle_ctrl_launch/build --no-deps symlink_data
[2.377s] INFO:colcon.colcon_core.shell:Creating environment descriptor '/home/srjn/ros2_ws/build/turtle_ctrl_launch/share/turtle_ctrl_launch/hook/pythonpath_develop.dsv'
[2.377s] INFO:colcon.colcon_core.shell:Creating environment hook '/home/srjn/ros2_ws/build/turtle_ctrl_launch/share/turtle_ctrl_launch/hook/pythonpath_develop.sh'
[2.378s] Level 1:colcon.colcon_core.environment:checking '/home/srjn/ros2_ws/install/turtle_ctrl_launch' for CMake module files
[2.378s] Level 1:colcon.colcon_core.environment:checking '/home/srjn/ros2_ws/install/turtle_ctrl_launch' for CMake config files
[2.378s] Level 1:colcon.colcon_core.environment:checking '/home/srjn/ros2_ws/install/turtle_ctrl_launch/lib'
[2.378s] Level 1:colcon.colcon_core.environment:checking '/home/srjn/ros2_ws/install/turtle_ctrl_launch/bin'
[2.378s] Level 1:colcon.colcon_core.environment:checking '/home/srjn/ros2_ws/install/turtle_ctrl_launch/lib/pkgconfig/turtle_ctrl_launch.pc'
[2.379s] Level 1:colcon.colcon_core.environment:checking '/home/srjn/ros2_ws/install/turtle_ctrl_launch/lib/python3.12/site-packages'
[2.379s] Level 1:colcon.colcon_core.shell:create_environment_hook('turtle_ctrl_launch', 'pythonpath')
[2.379s] INFO:colcon.colcon_core.shell:Creating environment hook '/home/srjn/ros2_ws/install/turtle_ctrl_launch/share/turtle_ctrl_launch/hook/pythonpath.ps1'
[2.379s] INFO:colcon.colcon_core.shell:Creating environment descriptor '/home/srjn/ros2_ws/install/turtle_ctrl_launch/share/turtle_ctrl_launch/hook/pythonpath.dsv'
[2.379s] INFO:colcon.colcon_core.shell:Creating environment hook '/home/srjn/ros2_ws/install/turtle_ctrl_launch/share/turtle_ctrl_launch/hook/pythonpath.sh'
[2.380s] Level 1:colcon.colcon_core.environment:checking '/home/srjn/ros2_ws/install/turtle_ctrl_launch/bin'
[2.380s] Level 1:colcon.colcon_core.environment:create_environment_scripts_only(turtle_ctrl_launch)
[2.380s] INFO:colcon.colcon_core.shell:Creating package script '/home/srjn/ros2_ws/install/turtle_ctrl_launch/share/turtle_ctrl_launch/package.ps1'
[2.380s] INFO:colcon.colcon_core.shell:Creating package descriptor '/home/srjn/ros2_ws/install/turtle_ctrl_launch/share/turtle_ctrl_launch/package.dsv'
[2.381s] INFO:colcon.colcon_core.shell:Creating package script '/home/srjn/ros2_ws/install/turtle_ctrl_launch/share/turtle_ctrl_launch/package.sh'
[2.381s] INFO:colcon.colcon_core.shell:Creating package script '/home/srjn/ros2_ws/install/turtle_ctrl_launch/share/turtle_ctrl_launch/package.bash'
[2.381s] INFO:colcon.colcon_core.shell:Creating package script '/home/srjn/ros2_ws/install/turtle_ctrl_launch/share/turtle_ctrl_launch/package.zsh'
[2.382s] Level 1:colcon.colcon_core.environment:create_file_with_runtime_dependencies(/home/srjn/ros2_ws/install/turtle_ctrl_launch/share/colcon-core/packages/turtle_ctrl_launch)
[2.382s] Level 1:colcon.colcon_core.shell:create_environment_hook('symlink', 'pythonpath_develop')
[2.383s] INFO:colcon.colcon_core.shell:Creating environment hook '/home/srjn/ros2_ws/build/symlink/share/symlink/hook/pythonpath_develop.ps1'
[2.383s] DEBUG:colcon.colcon_core.event_handler.log_command:Invoked command in '/home/srjn/ros2_ws/build/symlink' returned '0': DEBUGINFOD_URLS=https://debuginfod.ubuntu.com PYTHONPATH=/home/srjn/ros2_ws/build/symlink/prefix_override:/usr/lib/python3/dist-packages/colcon_core/task/python/colcon_distutils_commands:/home/srjn/ros2_ws/install/symlink/lib/python3.12/site-packages:${PYTHONPATH} /usr/bin/python3 -W ignore:setup.py install is deprecated -W ignore:easy_install command is deprecated setup.py develop --editable --build-directory /home/srjn/ros2_ws/build/symlink/build --no-deps symlink_data
[2.383s] INFO:colcon.colcon_core.shell:Creating environment descriptor '/home/srjn/ros2_ws/build/symlink/share/symlink/hook/pythonpath_develop.dsv'
[2.384s] INFO:colcon.colcon_core.shell:Creating environment hook '/home/srjn/ros2_ws/build/symlink/share/symlink/hook/pythonpath_develop.sh'
[2.384s] Level 1:colcon.colcon_core.environment:checking '/home/srjn/ros2_ws/install/symlink' for CMake module files
[2.384s] Level 1:colcon.colcon_core.environment:checking '/home/srjn/ros2_ws/install/symlink' for CMake config files
[2.385s] Level 1:colcon.colcon_core.environment:checking '/home/srjn/ros2_ws/install/symlink/lib'
[2.385s] Level 1:colcon.colcon_core.environment:checking '/home/srjn/ros2_ws/install/symlink/bin'
[2.385s] Level 1:colcon.colcon_core.environment:checking '/home/srjn/ros2_ws/install/symlink/lib/pkgconfig/symlink.pc'
[2.385s] Level 1:colcon.colcon_core.environment:checking '/home/srjn/ros2_ws/install/symlink/lib/python3.12/site-packages'
[2.385s] Level 1:colcon.colcon_core.shell:create_environment_hook('symlink', 'pythonpath')
[2.385s] INFO:colcon.colcon_core.shell:Creating environment hook '/home/srjn/ros2_ws/install/symlink/share/symlink/hook/pythonpath.ps1'
[2.386s] INFO:colcon.colcon_core.shell:Creating environment descriptor '/home/srjn/ros2_ws/install/symlink/share/symlink/hook/pythonpath.dsv'
[2.386s] INFO:colcon.colcon_core.shell:Creating environment hook '/home/srjn/ros2_ws/install/symlink/share/symlink/hook/pythonpath.sh'
[2.386s] Level 1:colcon.colcon_core.environment:checking '/home/srjn/ros2_ws/install/symlink/bin'
[2.386s] Level 1:colcon.colcon_core.environment:create_environment_scripts_only(symlink)
[2.387s] INFO:colcon.colcon_core.shell:Creating package script '/home/srjn/ros2_ws/install/symlink/share/symlink/package.ps1'
[2.387s] INFO:colcon.colcon_core.shell:Creating package descriptor '/home/srjn/ros2_ws/install/symlink/share/symlink/package.dsv'
[2.387s] INFO:colcon.colcon_core.shell:Creating package script '/home/srjn/ros2_ws/install/symlink/share/symlink/package.sh'
[2.388s] INFO:colcon.colcon_core.shell:Creating package script '/home/srjn/ros2_ws/install/symlink/share/symlink/package.bash'
[2.388s] INFO:colcon.colcon_core.shell:Creating package script '/home/srjn/ros2_ws/install/symlink/share/symlink/package.zsh'
[2.388s] Level 1:colcon.colcon_core.environment:create_file_with_runtime_dependencies(/home/srjn/ros2_ws/install/symlink/share/colcon-core/packages/symlink)
[2.543s] DEBUG:colcon.colcon_core.event_handler.log_command:Invoked command in '/home/srjn/ros2_ws/build/srv_pkg' returned '0': CMAKE_PREFIX_PATH=${CMAKE_PREFIX_PATH}:/home/srjn/ros2_ws/install/turtle_ctrl_launch:/home/srjn/ros2_ws/install/symlink:/home/srjn/ros2_ws/install/srvcli_py:/home/srjn/ros2_ws/install/pubsub_py:/home/srjn/ros2_ws/install/minimal_pkg:/opt/ros/jazzy DEBUGINFOD_URLS=https://debuginfod.ubuntu.com /usr/bin/cmake --build /home/srjn/ros2_ws/build/srv_pkg -- -j16 -l16
[2.544s] DEBUG:colcon.colcon_core.event_handler.log_command:Invoking command in '/home/srjn/ros2_ws/build/srv_pkg': CMAKE_PREFIX_PATH=${CMAKE_PREFIX_PATH}:/home/srjn/ros2_ws/install/turtle_ctrl_launch:/home/srjn/ros2_ws/install/symlink:/home/srjn/ros2_ws/install/srvcli_py:/home/srjn/ros2_ws/install/pubsub_py:/home/srjn/ros2_ws/install/minimal_pkg:/opt/ros/jazzy DEBUGINFOD_URLS=https://debuginfod.ubuntu.com /usr/bin/cmake --install /home/srjn/ros2_ws/build/srv_pkg
[3.164s] Level 1:colcon.colcon_core.environment:create_environment_scripts_only(srv_pkg)
[3.164s] DEBUG:colcon.colcon_core.event_handler.log_command:Invoked command in '/home/srjn/ros2_ws/build/srv_pkg' returned '0': CMAKE_PREFIX_PATH=${CMAKE_PREFIX_PATH}:/home/srjn/ros2_ws/install/turtle_ctrl_launch:/home/srjn/ros2_ws/install/symlink:/home/srjn/ros2_ws/install/srvcli_py:/home/srjn/ros2_ws/install/pubsub_py:/home/srjn/ros2_ws/install/minimal_pkg:/opt/ros/jazzy DEBUGINFOD_URLS=https://debuginfod.ubuntu.com /usr/bin/cmake --install /home/srjn/ros2_ws/build/srv_pkg
[3.165s] Level 1:colcon.colcon_core.environment:checking '/home/srjn/ros2_ws/install/srv_pkg' for CMake module files
[3.165s] Level 1:colcon.colcon_core.environment:checking '/home/srjn/ros2_ws/install/srv_pkg' for CMake config files
[3.166s] Level 1:colcon.colcon_core.shell:create_environment_hook('srv_pkg', 'cmake_prefix_path')
[3.166s] INFO:colcon.colcon_core.shell:Creating environment hook '/home/srjn/ros2_ws/install/srv_pkg/share/srv_pkg/hook/cmake_prefix_path.ps1'
[3.166s] INFO:colcon.colcon_core.shell:Creating environment descriptor '/home/srjn/ros2_ws/install/srv_pkg/share/srv_pkg/hook/cmake_prefix_path.dsv'
[3.167s] INFO:colcon.colcon_core.shell:Creating environment hook '/home/srjn/ros2_ws/install/srv_pkg/share/srv_pkg/hook/cmake_prefix_path.sh'
[3.167s] Level 1:colcon.colcon_core.environment:checking '/home/srjn/ros2_ws/install/srv_pkg/lib'
[3.167s] Level 1:colcon.colcon_core.shell:create_environment_hook('srv_pkg', 'ld_library_path_lib')
[3.167s] INFO:colcon.colcon_core.shell:Creating environment hook '/home/srjn/ros2_ws/install/srv_pkg/share/srv_pkg/hook/ld_library_path_lib.ps1'
[3.167s] INFO:colcon.colcon_core.shell:Creating environment descriptor '/home/srjn/ros2_ws/install/srv_pkg/share/srv_pkg/hook/ld_library_path_lib.dsv'
[3.168s] INFO:colcon.colcon_core.shell:Creating environment hook '/home/srjn/ros2_ws/install/srv_pkg/share/srv_pkg/hook/ld_library_path_lib.sh'
[3.168s] Level 1:colcon.colcon_core.environment:checking '/home/srjn/ros2_ws/install/srv_pkg/bin'
[3.168s] Level 1:colcon.colcon_core.environment:checking '/home/srjn/ros2_ws/install/srv_pkg/lib/pkgconfig/srv_pkg.pc'
[3.168s] Level 1:colcon.colcon_core.environment:checking '/home/srjn/ros2_ws/install/srv_pkg/lib/python3.12/site-packages'
[3.168s] Level 1:colcon.colcon_core.shell:create_environment_hook('srv_pkg', 'pythonpath')
[3.168s] INFO:colcon.colcon_core.shell:Creating environment hook '/home/srjn/ros2_ws/install/srv_pkg/share/srv_pkg/hook/pythonpath.ps1'
[3.168s] INFO:colcon.colcon_core.shell:Creating environment descriptor '/home/srjn/ros2_ws/install/srv_pkg/share/srv_pkg/hook/pythonpath.dsv'
[3.169s] INFO:colcon.colcon_core.shell:Creating environment hook '/home/srjn/ros2_ws/install/srv_pkg/share/srv_pkg/hook/pythonpath.sh'
[3.169s] Level 1:colcon.colcon_core.environment:checking '/home/srjn/ros2_ws/install/srv_pkg/bin'
[3.169s] INFO:colcon.colcon_core.shell:Creating package script '/home/srjn/ros2_ws/install/srv_pkg/share/srv_pkg/package.ps1'
[3.170s] INFO:colcon.colcon_core.shell:Creating package descriptor '/home/srjn/ros2_ws/install/srv_pkg/share/srv_pkg/package.dsv'
[3.170s] INFO:colcon.colcon_core.shell:Creating package script '/home/srjn/ros2_ws/install/srv_pkg/share/srv_pkg/package.sh'
[3.170s] INFO:colcon.colcon_core.shell:Creating package script '/home/srjn/ros2_ws/install/srv_pkg/share/srv_pkg/package.bash'
[3.170s] INFO:colcon.colcon_core.shell:Creating package script '/home/srjn/ros2_ws/install/srv_pkg/share/srv_pkg/package.zsh'
[3.171s] Level 1:colcon.colcon_core.environment:create_file_with_runtime_dependencies(/home/srjn/ros2_ws/install/srv_pkg/share/colcon-core/packages/srv_pkg)
[3.171s] Level 1:colcon.colcon_core.environment:create_environment_scripts_only(srv_pkg)
[3.171s] Level 1:colcon.colcon_core.environment:checking '/home/srjn/ros2_ws/install/srv_pkg' for CMake module files
[3.172s] Level 1:colcon.colcon_core.environment:checking '/home/srjn/ros2_ws/install/srv_pkg' for CMake config files
[3.172s] Level 1:colcon.colcon_core.shell:create_environment_hook('srv_pkg', 'cmake_prefix_path')
[3.172s] INFO:colcon.colcon_core.shell:Creating environment hook '/home/srjn/ros2_ws/install/srv_pkg/share/srv_pkg/hook/cmake_prefix_path.ps1'
[3.173s] INFO:colcon.colcon_core.shell:Creating environment descriptor '/home/srjn/ros2_ws/install/srv_pkg/share/srv_pkg/hook/cmake_prefix_path.dsv'
[3.173s] INFO:colcon.colcon_core.shell:Creating environment hook '/home/srjn/ros2_ws/install/srv_pkg/share/srv_pkg/hook/cmake_prefix_path.sh'
[3.173s] Level 1:colcon.colcon_core.environment:checking '/home/srjn/ros2_ws/install/srv_pkg/lib'
[3.173s] Level 1:colcon.colcon_core.shell:create_environment_hook('srv_pkg', 'ld_library_path_lib')
[3.173s] INFO:colcon.colcon_core.shell:Creating environment hook '/home/srjn/ros2_ws/install/srv_pkg/share/srv_pkg/hook/ld_library_path_lib.ps1'
[3.174s] INFO:colcon.colcon_core.shell:Creating environment descriptor '/home/srjn/ros2_ws/install/srv_pkg/share/srv_pkg/hook/ld_library_path_lib.dsv'
[3.174s] INFO:colcon.colcon_core.shell:Creating environment hook '/home/srjn/ros2_ws/install/srv_pkg/share/srv_pkg/hook/ld_library_path_lib.sh'
[3.174s] Level 1:colcon.colcon_core.environment:checking '/home/srjn/ros2_ws/install/srv_pkg/bin'
[3.174s] Level 1:colcon.colcon_core.environment:checking '/home/srjn/ros2_ws/install/srv_pkg/lib/pkgconfig/srv_pkg.pc'
[3.175s] Level 1:colcon.colcon_core.environment:checking '/home/srjn/ros2_ws/install/srv_pkg/lib/python3.12/site-packages'
[3.175s] Level 1:colcon.colcon_core.shell:create_environment_hook('srv_pkg', 'pythonpath')
[3.175s] INFO:colcon.colcon_core.shell:Creating environment hook '/home/srjn/ros2_ws/install/srv_pkg/share/srv_pkg/hook/pythonpath.ps1'
[3.175s] INFO:colcon.colcon_core.shell:Creating environment descriptor '/home/srjn/ros2_ws/install/srv_pkg/share/srv_pkg/hook/pythonpath.dsv'
[3.175s] INFO:colcon.colcon_core.shell:Creating environment hook '/home/srjn/ros2_ws/install/srv_pkg/share/srv_pkg/hook/pythonpath.sh'
[3.176s] Level 1:colcon.colcon_core.environment:checking '/home/srjn/ros2_ws/install/srv_pkg/bin'
[3.176s] INFO:colcon.colcon_core.shell:Creating package script '/home/srjn/ros2_ws/install/srv_pkg/share/srv_pkg/package.ps1'
[3.176s] INFO:colcon.colcon_core.shell:Creating package descriptor '/home/srjn/ros2_ws/install/srv_pkg/share/srv_pkg/package.dsv'
[3.177s] INFO:colcon.colcon_core.shell:Creating package script '/home/srjn/ros2_ws/install/srv_pkg/share/srv_pkg/package.sh'
[3.177s] INFO:colcon.colcon_core.shell:Creating package script '/home/srjn/ros2_ws/install/srv_pkg/share/srv_pkg/package.bash'
[3.177s] INFO:colcon.colcon_core.shell:Creating package script '/home/srjn/ros2_ws/install/srv_pkg/share/srv_pkg/package.zsh'
[3.177s] Level 1:colcon.colcon_core.environment:create_file_with_runtime_dependencies(/home/srjn/ros2_ws/install/srv_pkg/share/colcon-core/packages/srv_pkg)
[3.178s] INFO:colcon.colcon_ros.task.ament_python.build:Building ROS package in '/home/srjn/ros2_ws/srvcli_py' with build type 'ament_python'
[3.178s] Level 1:colcon.colcon_core.shell:create_environment_hook('srvcli_py', 'ament_prefix_path')
[3.178s] INFO:colcon.colcon_core.shell:Creating environment hook '/home/srjn/ros2_ws/install/srvcli_py/share/srvcli_py/hook/ament_prefix_path.ps1'
[3.179s] INFO:colcon.colcon_core.shell:Creating environment descriptor '/home/srjn/ros2_ws/install/srvcli_py/share/srvcli_py/hook/ament_prefix_path.dsv'
[3.179s] INFO:colcon.colcon_core.shell:Creating environment hook '/home/srjn/ros2_ws/install/srvcli_py/share/srvcli_py/hook/ament_prefix_path.sh'
[3.179s] INFO:colcon.colcon_core.shell:Skip shell extension 'powershell' for command environment: Not usable outside of PowerShell
[3.179s] DEBUG:colcon.colcon_core.shell:Skip shell extension 'dsv' for command environment
[3.369s] INFO:colcon.colcon_core.task.python.build:Building Python package in '/home/srjn/ros2_ws/srvcli_py'
[3.369s] INFO:colcon.colcon_core.shell:Skip shell extension 'powershell' for command environment: Not usable outside of PowerShell
[3.369s] DEBUG:colcon.colcon_core.shell:Skip shell extension 'dsv' for command environment
[3.879s] DEBUG:colcon.colcon_core.event_handler.log_command:Invoking command in '/home/srjn/ros2_ws/build/srvcli_py': DEBUGINFOD_URLS=https://debuginfod.ubuntu.com PYTHONPATH=/home/srjn/ros2_ws/build/srvcli_py/prefix_override:/usr/lib/python3/dist-packages/colcon_core/task/python/colcon_distutils_commands:/home/srjn/ros2_ws/install/srvcli_py/lib/python3.12/site-packages:/home/srjn/ros2_ws/install/srv_pkg/lib/python3.12/site-packages:/home/srjn/ros2_ws/build/turtle_ctrl_launch:/home/srjn/ros2_ws/install/turtle_ctrl_launch/lib/python3.12/site-packages:/home/srjn/ros2_ws/build/symlink:/home/srjn/ros2_ws/install/symlink/lib/python3.12/site-packages:/home/srjn/ros2_ws/build/srvcli_py:/home/srjn/ros2_ws/install/srvcli_py/lib/python3.12/site-packages:/home/srjn/ros2_ws/build/pubsub_py:/home/srjn/ros2_ws/install/pubsub_py/lib/python3.12/site-packages:/home/srjn/ros2_ws/build/minimal_pkg:/home/srjn/ros2_ws/install/minimal_pkg/lib/python3.12/site-packages:/opt/ros/jazzy/lib/python3.12/site-packages /usr/bin/python3 -W ignore:setup.py install is deprecated -W ignore:easy_install command is deprecated setup.py develop --editable --build-directory /home/srjn/ros2_ws/build/srvcli_py/build --no-deps symlink_data
[4.427s] Level 1:colcon.colcon_core.shell:create_environment_hook('srvcli_py', 'pythonpath_develop')
[4.427s] INFO:colcon.colcon_core.shell:Creating environment hook '/home/srjn/ros2_ws/build/srvcli_py/share/srvcli_py/hook/pythonpath_develop.ps1'
[4.428s] DEBUG:colcon.colcon_core.event_handler.log_command:Invoked command in '/home/srjn/ros2_ws/build/srvcli_py' returned '0': DEBUGINFOD_URLS=https://debuginfod.ubuntu.com PYTHONPATH=/home/srjn/ros2_ws/build/srvcli_py/prefix_override:/usr/lib/python3/dist-packages/colcon_core/task/python/colcon_distutils_commands:/home/srjn/ros2_ws/install/srvcli_py/lib/python3.12/site-packages:/home/srjn/ros2_ws/install/srv_pkg/lib/python3.12/site-packages:/home/srjn/ros2_ws/build/turtle_ctrl_launch:/home/srjn/ros2_ws/install/turtle_ctrl_launch/lib/python3.12/site-packages:/home/srjn/ros2_ws/build/symlink:/home/srjn/ros2_ws/install/symlink/lib/python3.12/site-packages:/home/srjn/ros2_ws/build/srvcli_py:/home/srjn/ros2_ws/install/srvcli_py/lib/python3.12/site-packages:/home/srjn/ros2_ws/build/pubsub_py:/home/srjn/ros2_ws/install/pubsub_py/lib/python3.12/site-packages:/home/srjn/ros2_ws/build/minimal_pkg:/home/srjn/ros2_ws/install/minimal_pkg/lib/python3.12/site-packages:/opt/ros/jazzy/lib/python3.12/site-packages /usr/bin/python3 -W ignore:setup.py install is deprecated -W ignore:easy_install command is deprecated setup.py develop --editable --build-directory /home/srjn/ros2_ws/build/srvcli_py/build --no-deps symlink_data
[4.428s] INFO:colcon.colcon_core.shell:Creating environment descriptor '/home/srjn/ros2_ws/build/srvcli_py/share/srvcli_py/hook/pythonpath_develop.dsv'
[4.428s] INFO:colcon.colcon_core.shell:Creating environment hook '/home/srjn/ros2_ws/build/srvcli_py/share/srvcli_py/hook/pythonpath_develop.sh'
[4.429s] Level 1:colcon.colcon_core.environment:checking '/home/srjn/ros2_ws/install/srvcli_py' for CMake module files
[4.429s] Level 1:colcon.colcon_core.environment:checking '/home/srjn/ros2_ws/install/srvcli_py' for CMake config files
[4.429s] Level 1:colcon.colcon_core.environment:checking '/home/srjn/ros2_ws/install/srvcli_py/lib'
[4.429s] Level 1:colcon.colcon_core.environment:checking '/home/srjn/ros2_ws/install/srvcli_py/bin'
[4.429s] Level 1:colcon.colcon_core.environment:checking '/home/srjn/ros2_ws/install/srvcli_py/lib/pkgconfig/srvcli_py.pc'
[4.430s] Level 1:colcon.colcon_core.environment:checking '/home/srjn/ros2_ws/install/srvcli_py/lib/python3.12/site-packages'
[4.430s] Level 1:colcon.colcon_core.shell:create_environment_hook('srvcli_py', 'pythonpath')
[4.430s] INFO:colcon.colcon_core.shell:Creating environment hook '/home/srjn/ros2_ws/install/srvcli_py/share/srvcli_py/hook/pythonpath.ps1'
[4.430s] INFO:colcon.colcon_core.shell:Creating environment descriptor '/home/srjn/ros2_ws/install/srvcli_py/share/srvcli_py/hook/pythonpath.dsv'
[4.430s] INFO:colcon.colcon_core.shell:Creating environment hook '/home/srjn/ros2_ws/install/srvcli_py/share/srvcli_py/hook/pythonpath.sh'
[4.431s] Level 1:colcon.colcon_core.environment:checking '/home/srjn/ros2_ws/install/srvcli_py/bin'
[4.431s] Level 1:colcon.colcon_core.environment:create_environment_scripts_only(srvcli_py)
[4.431s] INFO:colcon.colcon_core.shell:Creating package script '/home/srjn/ros2_ws/install/srvcli_py/share/srvcli_py/package.ps1'
[4.431s] INFO:colcon.colcon_core.shell:Creating package descriptor '/home/srjn/ros2_ws/install/srvcli_py/share/srvcli_py/package.dsv'
[4.431s] INFO:colcon.colcon_core.shell:Creating package script '/home/srjn/ros2_ws/install/srvcli_py/share/srvcli_py/package.sh'
[4.432s] INFO:colcon.colcon_core.shell:Creating package script '/home/srjn/ros2_ws/install/srvcli_py/share/srvcli_py/package.bash'
[4.432s] INFO:colcon.colcon_core.shell:Creating package script '/home/srjn/ros2_ws/install/srvcli_py/share/srvcli_py/package.zsh'
[4.432s] Level 1:colcon.colcon_core.environment:create_file_with_runtime_dependencies(/home/srjn/ros2_ws/install/srvcli_py/share/colcon-core/packages/srvcli_py)
[4.432s] DEBUG:colcon.colcon_parallel_executor.executor.parallel:closing loop
[4.433s] DEBUG:colcon.colcon_parallel_executor.executor.parallel:loop closed
[4.433s] DEBUG:colcon.colcon_parallel_executor.executor.parallel:run_until_complete finished with '0'
[4.433s] DEBUG:colcon.colcon_core.event_reactor:joining thread
[4.438s] INFO:colcon.colcon_core.plugin_system:Skipping extension 'colcon_notification.desktop_notification.terminal_notifier': Not used on non-Darwin systems
[4.438s] INFO:colcon.colcon_core.plugin_system:Skipping extension 'colcon_notification.desktop_notification.win32': Not used on non-Windows systems
[4.438s] INFO:colcon.colcon_notification.desktop_notification:Sending desktop notification using 'notify2'
[4.458s] DEBUG:colcon.colcon_core.event_reactor:joined thread
[4.458s] INFO:colcon.colcon_core.shell:Creating prefix script '/home/srjn/ros2_ws/install/local_setup.ps1'
[4.459s] INFO:colcon.colcon_core.shell:Creating prefix util module '/home/srjn/ros2_ws/install/_local_setup_util_ps1.py'
[4.459s] INFO:colcon.colcon_core.shell:Creating prefix chain script '/home/srjn/ros2_ws/install/setup.ps1'
[4.460s] INFO:colcon.colcon_core.shell:Creating prefix script '/home/srjn/ros2_ws/install/local_setup.sh'
[4.461s] INFO:colcon.colcon_core.shell:Creating prefix util module '/home/srjn/ros2_ws/install/_local_setup_util_sh.py'
[4.461s] INFO:colcon.colcon_core.shell:Creating prefix chain script '/home/srjn/ros2_ws/install/setup.sh'
[4.462s] INFO:colcon.colcon_core.shell:Creating prefix script '/home/srjn/ros2_ws/install/local_setup.bash'
[4.462s] INFO:colcon.colcon_core.shell:Creating prefix chain script '/home/srjn/ros2_ws/install/setup.bash'
[4.463s] INFO:colcon.colcon_core.shell:Creating prefix script '/home/srjn/ros2_ws/install/local_setup.zsh'
[4.463s] INFO:colcon.colcon_core.shell:Creating prefix chain script '/home/srjn/ros2_ws/install/setup.zsh'
