running develop
Removing /home/srjn/ros2_ws/install/diff_drive_description/lib/python3.12/site-packages/diff-drive-description.egg-link (link to .)
running egg_info
writing ../../build/diff_drive_description/diff_drive_description.egg-info/PKG-INFO
writing dependency_links to ../../build/diff_drive_description/diff_drive_description.egg-info/dependency_links.txt
writing requirements to ../../build/diff_drive_description/diff_drive_description.egg-info/requires.txt
writing top-level names to ../../build/diff_drive_description/diff_drive_description.egg-info/top_level.txt
reading manifest file '../../build/diff_drive_description/diff_drive_description.egg-info/SOURCES.txt'
writing manifest file '../../build/diff_drive_description/diff_drive_description.egg-info/SOURCES.txt'
running build
running build_py
creating /home/srjn/ros2_ws/build/diff_drive_description/build
creating /home/srjn/ros2_ws/build/diff_drive_description/build/lib
creating /home/srjn/ros2_ws/build/diff_drive_description/build/lib/diff_drive_description
copying diff_drive_description/__init__.py -> /home/srjn/ros2_ws/build/diff_drive_description/build/lib/diff_drive_description
running install
running install_lib
creating /home/srjn/ros2_ws/install/diff_drive_description/lib/python3.12/site-packages/diff_drive_description
copying /home/srjn/ros2_ws/build/diff_drive_description/build/lib/diff_drive_description/__init__.py -> /home/srjn/ros2_ws/install/diff_drive_description/lib/python3.12/site-packages/diff_drive_description
byte-compiling /home/srjn/ros2_ws/install/diff_drive_description/lib/python3.12/site-packages/diff_drive_description/__init__.py to __init__.cpython-312.pyc
running install_data
copying resource/diff_drive_description -> /home/srjn/ros2_ws/install/diff_drive_description/share/ament_index/resource_index/packages
copying package.xml -> /home/srjn/ros2_ws/install/diff_drive_description/share/diff_drive_description
copying urdf/diff_drive_macro.xacro -> /home/srjn/ros2_ws/install/diff_drive_description/share/diff_drive_description
copying urdf/diff_drive.xacro -> /home/srjn/ros2_ws/install/diff_drive_description/share/diff_drive_description
copying urdf/diff_drive_with_lidar.xacro -> /home/srjn/ros2_ws/install/diff_drive_description/share/diff_drive_description
copying urdf/diff_drive_with_lidar_control.xacro -> /home/srjn/ros2_ws/install/diff_drive_description/share/diff_drive_description
copying launch/display.launch.py -> /home/srjn/ros2_ws/install/diff_drive_description/share/diff_drive_description
copying launch/diff_drive_gazebo.launch.py -> /home/srjn/ros2_ws/install/diff_drive_description/share/diff_drive_description
running install_egg_info
Copying ../../build/diff_drive_description/diff_drive_description.egg-info to /home/srjn/ros2_ws/install/diff_drive_description/lib/python3.12/site-packages/diff_drive_description-0.0.0-py3.12.egg-info
running install_scripts
writing list of installed files to '/home/srjn/ros2_ws/build/diff_drive_description/install.log'
