[0.827s] Invoking command in '/home/srjn/ros2_ws/build/diff_drive_description': DEBUGINFOD_URLS=https://debuginfod.ubuntu.com PYTHONPATH=/home/srjn/ros2_ws/build/diff_drive_description/prefix_override:/usr/lib/python3/dist-packages/colcon_core/task/python/colcon_distutils_commands:/home/srjn/ros2_ws/install/diff_drive_description/lib/python3.12/site-packages:${PYTHONPATH} /usr/bin/python3 -W ignore:setup.py install is deprecated -W ignore:easy_install command is deprecated setup.py develop --uninstall --editable --build-directory /home/srjn/ros2_ws/build/diff_drive_description/build
[1.130s] running develop
[1.346s] Removing /home/srjn/ros2_ws/install/diff_drive_description/lib/python3.12/site-packages/diff-drive-description.egg-link (link to .)
[1.374s] Invoked command in '/home/srjn/ros2_ws/build/diff_drive_description' returned '0': DEBUGINFOD_URLS=https://debuginfod.ubuntu.com PYTHONPATH=/home/srjn/ros2_ws/build/diff_drive_description/prefix_override:/usr/lib/python3/dist-packages/colcon_core/task/python/colcon_distutils_commands:/home/srjn/ros2_ws/install/diff_drive_description/lib/python3.12/site-packages:${PYTHONPATH} /usr/bin/python3 -W ignore:setup.py install is deprecated -W ignore:easy_install command is deprecated setup.py develop --uninstall --editable --build-directory /home/srjn/ros2_ws/build/diff_drive_description/build
[1.376s] Invoking command in '/home/srjn/ros2_ws/src/diff_drive_description': DEBUGINFOD_URLS=https://debuginfod.ubuntu.com PYTHONPATH=/home/srjn/ros2_ws/build/diff_drive_description/prefix_override:/usr/lib/python3/dist-packages/colcon_core/task/python/colcon_distutils_commands:/home/srjn/ros2_ws/install/diff_drive_description/lib/python3.12/site-packages:${PYTHONPATH} /usr/bin/python3 -W ignore:setup.py install is deprecated -W ignore:easy_install command is deprecated setup.py egg_info --egg-base ../../build/diff_drive_description build --build-base /home/srjn/ros2_ws/build/diff_drive_description/build install --record /home/srjn/ros2_ws/build/diff_drive_description/install.log --single-version-externally-managed install_data --force
[1.639s] running egg_info
[1.658s] writing ../../build/diff_drive_description/diff_drive_description.egg-info/PKG-INFO
[1.658s] writing dependency_links to ../../build/diff_drive_description/diff_drive_description.egg-info/dependency_links.txt
[1.659s] writing requirements to ../../build/diff_drive_description/diff_drive_description.egg-info/requires.txt
[1.659s] writing top-level names to ../../build/diff_drive_description/diff_drive_description.egg-info/top_level.txt
[1.699s] reading manifest file '../../build/diff_drive_description/diff_drive_description.egg-info/SOURCES.txt'
[1.700s] writing manifest file '../../build/diff_drive_description/diff_drive_description.egg-info/SOURCES.txt'
[1.700s] running build
[1.700s] running build_py
[1.700s] creating /home/srjn/ros2_ws/build/diff_drive_description/build
[1.700s] creating /home/srjn/ros2_ws/build/diff_drive_description/build/lib
[1.700s] creating /home/srjn/ros2_ws/build/diff_drive_description/build/lib/diff_drive_description
[1.700s] copying diff_drive_description/__init__.py -> /home/srjn/ros2_ws/build/diff_drive_description/build/lib/diff_drive_description
[1.700s] running install
[1.705s] running install_lib
[1.729s] creating /home/srjn/ros2_ws/install/diff_drive_description/lib/python3.12/site-packages/diff_drive_description
[1.729s] copying /home/srjn/ros2_ws/build/diff_drive_description/build/lib/diff_drive_description/__init__.py -> /home/srjn/ros2_ws/install/diff_drive_description/lib/python3.12/site-packages/diff_drive_description
[1.730s] byte-compiling /home/srjn/ros2_ws/install/diff_drive_description/lib/python3.12/site-packages/diff_drive_description/__init__.py to __init__.cpython-312.pyc
[1.730s] running install_data
[1.730s] copying resource/diff_drive_description -> /home/srjn/ros2_ws/install/diff_drive_description/share/ament_index/resource_index/packages
[1.730s] copying package.xml -> /home/srjn/ros2_ws/install/diff_drive_description/share/diff_drive_description
[1.731s] copying urdf/diff_drive_macro.xacro -> /home/srjn/ros2_ws/install/diff_drive_description/share/diff_drive_description
[1.731s] copying urdf/diff_drive.xacro -> /home/srjn/ros2_ws/install/diff_drive_description/share/diff_drive_description
[1.731s] copying urdf/diff_drive_with_lidar.xacro -> /home/srjn/ros2_ws/install/diff_drive_description/share/diff_drive_description
[1.731s] copying urdf/diff_drive_with_lidar_control.xacro -> /home/srjn/ros2_ws/install/diff_drive_description/share/diff_drive_description
[1.731s] copying launch/display.launch.py -> /home/srjn/ros2_ws/install/diff_drive_description/share/diff_drive_description
[1.731s] copying launch/diff_drive_gazebo.launch.py -> /home/srjn/ros2_ws/install/diff_drive_description/share/diff_drive_description
[1.731s] running install_egg_info
[1.753s] Copying ../../build/diff_drive_description/diff_drive_description.egg-info to /home/srjn/ros2_ws/install/diff_drive_description/lib/python3.12/site-packages/diff_drive_description-0.0.0-py3.12.egg-info
[1.753s] running install_scripts
[1.893s] writing list of installed files to '/home/srjn/ros2_ws/build/diff_drive_description/install.log'
[1.940s] Invoked command in '/home/srjn/ros2_ws/src/diff_drive_description' returned '0': DEBUGINFOD_URLS=https://debuginfod.ubuntu.com PYTHONPATH=/home/srjn/ros2_ws/build/diff_drive_description/prefix_override:/usr/lib/python3/dist-packages/colcon_core/task/python/colcon_distutils_commands:/home/srjn/ros2_ws/install/diff_drive_description/lib/python3.12/site-packages:${PYTHONPATH} /usr/bin/python3 -W ignore:setup.py install is deprecated -W ignore:easy_install command is deprecated setup.py egg_info --egg-base ../../build/diff_drive_description build --build-base /home/srjn/ros2_ws/build/diff_drive_description/build install --record /home/srjn/ros2_ws/build/diff_drive_description/install.log --single-version-externally-managed install_data --force
