[3.581s] Invoking command in '/home/srjn/ros2_ws/src/minimal_pkg': DEBUGINFOD_URLS=https://debuginfod.ubuntu.com PYTHONPATH=/home/srjn/ros2_ws/build/minimal_pkg/prefix_override:/usr/lib/python3/dist-packages/colcon_core/task/python/colcon_distutils_commands:/home/srjn/ros2_ws/install/minimal_pkg/lib/python3.12/site-packages:${PYTHONPATH} /usr/bin/python3 -W ignore:setup.py install is deprecated -W ignore:easy_install command is deprecated setup.py egg_info --egg-base ../../build/minimal_pkg build --build-base /home/srjn/ros2_ws/build/minimal_pkg/build install --record /home/srjn/ros2_ws/build/minimal_pkg/install.log --single-version-externally-managed install_data
[4.862s] running egg_info
[4.951s] writing ../../build/minimal_pkg/minimal_pkg.egg-info/PKG-INFO
[4.951s] writing dependency_links to ../../build/minimal_pkg/minimal_pkg.egg-info/dependency_links.txt
[4.951s] writing entry points to ../../build/minimal_pkg/minimal_pkg.egg-info/entry_points.txt
[4.952s] writing requirements to ../../build/minimal_pkg/minimal_pkg.egg-info/requires.txt
[4.952s] writing top-level names to ../../build/minimal_pkg/minimal_pkg.egg-info/top_level.txt
[5.138s] reading manifest file '../../build/minimal_pkg/minimal_pkg.egg-info/SOURCES.txt'
[5.141s] writing manifest file '../../build/minimal_pkg/minimal_pkg.egg-info/SOURCES.txt'
[5.142s] running build
[5.148s] running build_py
[5.148s] running install
[5.168s] running install_lib
[5.262s] running install_data
[5.262s] running install_egg_info
[5.365s] removing '/home/srjn/ros2_ws/install/minimal_pkg/lib/python3.12/site-packages/minimal_pkg-0.0.0-py3.12.egg-info' (and everything under it)
[5.370s] Copying ../../build/minimal_pkg/minimal_pkg.egg-info to /home/srjn/ros2_ws/install/minimal_pkg/lib/python3.12/site-packages/minimal_pkg-0.0.0-py3.12.egg-info
[5.377s] running install_scripts
[6.213s] Installing minimal_node script to /home/srjn/ros2_ws/install/minimal_pkg/lib/minimal_pkg
[6.223s] writing list of installed files to '/home/srjn/ros2_ws/build/minimal_pkg/install.log'
[6.425s] Invoked command in '/home/srjn/ros2_ws/src/minimal_pkg' returned '0': DEBUGINFOD_URLS=https://debuginfod.ubuntu.com PYTHONPATH=/home/srjn/ros2_ws/build/minimal_pkg/prefix_override:/usr/lib/python3/dist-packages/colcon_core/task/python/colcon_distutils_commands:/home/srjn/ros2_ws/install/minimal_pkg/lib/python3.12/site-packages:${PYTHONPATH} /usr/bin/python3 -W ignore:setup.py install is deprecated -W ignore:easy_install command is deprecated setup.py egg_info --egg-base ../../build/minimal_pkg build --build-base /home/srjn/ros2_ws/build/minimal_pkg/build install --record /home/srjn/ros2_ws/build/minimal_pkg/install.log --single-version-externally-managed install_data
