[2.394s] Invoking command in '/home/srjn/ros2_ws/src/pubsub_py': DEBUGINFOD_URLS=https://debuginfod.ubuntu.com PYTHONPATH=/home/srjn/ros2_ws/build/pubsub_py/prefix_override:/usr/lib/python3/dist-packages/colcon_core/task/python/colcon_distutils_commands:/home/srjn/ros2_ws/install/pubsub_py/lib/python3.12/site-packages:${PYTHONPATH} /usr/bin/python3 -W ignore:setup.py install is deprecated -W ignore:easy_install command is deprecated setup.py egg_info --egg-base ../../build/pubsub_py build --build-base /home/srjn/ros2_ws/build/pubsub_py/build install --record /home/srjn/ros2_ws/build/pubsub_py/install.log --single-version-externally-managed install_data
[2.744s] running egg_info
[2.770s] writing ../../build/pubsub_py/pubsub_py.egg-info/PKG-INFO
[2.770s] writing dependency_links to ../../build/pubsub_py/pubsub_py.egg-info/dependency_links.txt
[2.770s] writing entry points to ../../build/pubsub_py/pubsub_py.egg-info/entry_points.txt
[2.771s] writing requirements to ../../build/pubsub_py/pubsub_py.egg-info/requires.txt
[2.771s] writing top-level names to ../../build/pubsub_py/pubsub_py.egg-info/top_level.txt
[2.829s] reading manifest file '../../build/pubsub_py/pubsub_py.egg-info/SOURCES.txt'
[2.831s] writing manifest file '../../build/pubsub_py/pubsub_py.egg-info/SOURCES.txt'
[2.831s] running build
[2.831s] running build_py
[2.831s] running install
[2.838s] running install_lib
[2.866s] running install_data
[2.866s] running install_egg_info
[2.900s] removing '/home/srjn/ros2_ws/install/pubsub_py/lib/python3.12/site-packages/pubsub_py-0.0.0-py3.12.egg-info' (and everything under it)
[2.900s] Copying ../../build/pubsub_py/pubsub_py.egg-info to /home/srjn/ros2_ws/install/pubsub_py/lib/python3.12/site-packages/pubsub_py-0.0.0-py3.12.egg-info
[2.901s] running install_scripts
[3.092s] Installing sine_wave_pub script to /home/srjn/ros2_ws/install/pubsub_py/lib/pubsub_py
[3.092s] Installing sine_wave_sub script to /home/srjn/ros2_ws/install/pubsub_py/lib/pubsub_py
[3.093s] writing list of installed files to '/home/srjn/ros2_ws/build/pubsub_py/install.log'
[3.165s] Invoked command in '/home/srjn/ros2_ws/src/pubsub_py' returned '0': DEBUGINFOD_URLS=https://debuginfod.ubuntu.com PYTHONPATH=/home/srjn/ros2_ws/build/pubsub_py/prefix_override:/usr/lib/python3/dist-packages/colcon_core/task/python/colcon_distutils_commands:/home/srjn/ros2_ws/install/pubsub_py/lib/python3.12/site-packages:${PYTHONPATH} /usr/bin/python3 -W ignore:setup.py install is deprecated -W ignore:easy_install command is deprecated setup.py egg_info --egg-base ../../build/pubsub_py build --build-base /home/srjn/ros2_ws/build/pubsub_py/build install --record /home/srjn/ros2_ws/build/pubsub_py/install.log --single-version-externally-managed install_data
