[2.525s] Invoking command in '/home/srjn/ros2_ws/src/symlink': DEBUGINFOD_URLS=https://debuginfod.ubuntu.com PYTHONPATH=/home/srjn/ros2_ws/build/symlink/prefix_override:/usr/lib/python3/dist-packages/colcon_core/task/python/colcon_distutils_commands:/home/srjn/ros2_ws/install/symlink/lib/python3.12/site-packages:${PYTHONPATH} /usr/bin/python3 -W ignore:setup.py install is deprecated -W ignore:easy_install command is deprecated setup.py egg_info --egg-base ../../build/symlink build --build-base /home/srjn/ros2_ws/build/symlink/build install --record /home/srjn/ros2_ws/build/symlink/install.log --single-version-externally-managed install_data
[2.890s] running egg_info
[2.917s] writing ../../build/symlink/symlink.egg-info/PKG-INFO
[2.917s] writing dependency_links to ../../build/symlink/symlink.egg-info/dependency_links.txt
[2.918s] writing entry points to ../../build/symlink/symlink.egg-info/entry_points.txt
[2.918s] writing requirements to ../../build/symlink/symlink.egg-info/requires.txt
[2.918s] writing top-level names to ../../build/symlink/symlink.egg-info/top_level.txt
[2.976s] reading manifest file '../../build/symlink/symlink.egg-info/SOURCES.txt'
[2.977s] writing manifest file '../../build/symlink/symlink.egg-info/SOURCES.txt'
[2.978s] running build
[2.978s] running build_py
[2.978s] running install
[2.985s] running install_lib
[3.013s] running install_data
[3.013s] running install_egg_info
[3.041s] removing '/home/srjn/ros2_ws/install/symlink/lib/python3.12/site-packages/symlink-0.0.0-py3.12.egg-info' (and everything under it)
[3.041s] Copying ../../build/symlink/symlink.egg-info to /home/srjn/ros2_ws/install/symlink/lib/python3.12/site-packages/symlink-0.0.0-py3.12.egg-info
[3.042s] running install_scripts
[3.266s] Installing hello_world_node script to /home/srjn/ros2_ws/install/symlink/lib/symlink
[3.266s] writing list of installed files to '/home/srjn/ros2_ws/build/symlink/install.log'
[3.331s] Invoked command in '/home/srjn/ros2_ws/src/symlink' returned '0': DEBUGINFOD_URLS=https://debuginfod.ubuntu.com PYTHONPATH=/home/srjn/ros2_ws/build/symlink/prefix_override:/usr/lib/python3/dist-packages/colcon_core/task/python/colcon_distutils_commands:/home/srjn/ros2_ws/install/symlink/lib/python3.12/site-packages:${PYTHONPATH} /usr/bin/python3 -W ignore:setup.py install is deprecated -W ignore:easy_install command is deprecated setup.py egg_info --egg-base ../../build/symlink build --build-base /home/srjn/ros2_ws/build/symlink/build install --record /home/srjn/ros2_ws/build/symlink/install.log --single-version-externally-managed install_data
