[1.528s] Invoking command in '/home/srjn/ros2_ws/build/pubsub_py': DEBUGINFOD_URLS=https://debuginfod.ubuntu.com PYTHONPATH=/home/srjn/ros2_ws/build/pubsub_py/prefix_override:/usr/lib/python3/dist-packages/colcon_core/task/python/colcon_distutils_commands:/home/srjn/ros2_ws/install/pubsub_py/lib/python3.12/site-packages:${PYTHONPATH} /usr/bin/python3 -W ignore:setup.py install is deprecated -W ignore:easy_install command is deprecated setup.py develop --editable --build-directory /home/srjn/ros2_ws/build/pubsub_py/build --no-deps symlink_data
[1.830s] running develop
[2.015s] running egg_info
[2.015s] creating pubsub_py.egg-info
[2.033s] writing pubsub_py.egg-info/PKG-INFO
[2.033s] writing dependency_links to pubsub_py.egg-info/dependency_links.txt
[2.033s] writing entry points to pubsub_py.egg-info/entry_points.txt
[2.034s] writing requirements to pubsub_py.egg-info/requires.txt
[2.034s] writing top-level names to pubsub_py.egg-info/top_level.txt
[2.034s] writing manifest file 'pubsub_py.egg-info/SOURCES.txt'
[2.074s] reading manifest file 'pubsub_py.egg-info/SOURCES.txt'
[2.074s] writing manifest file 'pubsub_py.egg-info/SOURCES.txt'
[2.094s] running build_ext
[2.094s] Creating /home/srjn/ros2_ws/install/pubsub_py/lib/python3.12/site-packages/pubsub-py.egg-link (link to .)
[2.094s] Installing sine_wave_pub script to /home/srjn/ros2_ws/install/pubsub_py/lib/pubsub_py
[2.094s] Installing sine_wave_sub script to /home/srjn/ros2_ws/install/pubsub_py/lib/pubsub_py
[2.095s] 
[2.095s] Installed /home/srjn/ros2_ws/build/pubsub_py
[2.095s] running symlink_data
[2.095s] creating /home/srjn/ros2_ws/install/pubsub_py/share/ament_index
[2.095s] creating /home/srjn/ros2_ws/install/pubsub_py/share/ament_index/resource_index
[2.095s] creating /home/srjn/ros2_ws/install/pubsub_py/share/ament_index/resource_index/packages
[2.095s] symbolically linking /home/srjn/ros2_ws/build/pubsub_py/resource/pubsub_py -> /home/srjn/ros2_ws/install/pubsub_py/share/ament_index/resource_index/packages
[2.095s] symbolically linking /home/srjn/ros2_ws/build/pubsub_py/package.xml -> /home/srjn/ros2_ws/install/pubsub_py/share/pubsub_py
[2.149s] Invoked command in '/home/srjn/ros2_ws/build/pubsub_py' returned '0': DEBUGINFOD_URLS=https://debuginfod.ubuntu.com PYTHONPATH=/home/srjn/ros2_ws/build/pubsub_py/prefix_override:/usr/lib/python3/dist-packages/colcon_core/task/python/colcon_distutils_commands:/home/srjn/ros2_ws/install/pubsub_py/lib/python3.12/site-packages:${PYTHONPATH} /usr/bin/python3 -W ignore:setup.py install is deprecated -W ignore:easy_install command is deprecated setup.py develop --editable --build-directory /home/srjn/ros2_ws/build/pubsub_py/build --no-deps symlink_data
