[0.701s] Invoking command in '/home/srjn/ros2_ws/build/srvcli_py': DEBUGINFOD_URLS=https://debuginfod.ubuntu.com PYTHONPATH=/home/srjn/ros2_ws/build/srvcli_py/prefix_override:/usr/lib/python3/dist-packages/colcon_core/task/python/colcon_distutils_commands:/home/srjn/ros2_ws/install/srvcli_py/lib/python3.12/site-packages:/home/srjn/ros2_ws/install/srv_pkg/lib/python3.12/site-packages:/home/srjn/ros2_ws/build/turtle_ctrl_launch:/home/srjn/ros2_ws/install/turtle_ctrl_launch/lib/python3.12/site-packages:/home/srjn/ros2_ws/build/symlink:/home/srjn/ros2_ws/install/symlink/lib/python3.12/site-packages:/home/srjn/ros2_ws/build/srvcli_py:/home/srjn/ros2_ws/install/srvcli_py/lib/python3.12/site-packages:/home/srjn/ros2_ws/build/pubsub_py:/home/srjn/ros2_ws/install/pubsub_py/lib/python3.12/site-packages:/home/srjn/ros2_ws/build/minimal_pkg:/home/srjn/ros2_ws/install/minimal_pkg/lib/python3.12/site-packages:/opt/ros/jazzy/lib/python3.12/site-packages /usr/bin/python3 -W ignore:setup.py install is deprecated -W ignore:easy_install command is deprecated setup.py develop --editable --build-directory /home/srjn/ros2_ws/build/srvcli_py/build --no-deps symlink_data
[0.972s] running develop
[1.149s] running egg_info
[1.149s] creating srvcli_py.egg-info
[1.166s] writing srvcli_py.egg-info/PKG-INFO
[1.166s] writing dependency_links to srvcli_py.egg-info/dependency_links.txt
[1.166s] writing requirements to srvcli_py.egg-info/requires.txt
[1.166s] writing top-level names to srvcli_py.egg-info/top_level.txt
[1.166s] writing manifest file 'srvcli_py.egg-info/SOURCES.txt'
[1.200s] reading manifest file 'srvcli_py.egg-info/SOURCES.txt'
[1.201s] writing manifest file 'srvcli_py.egg-info/SOURCES.txt'
[1.219s] running build_ext
[1.219s] Creating /home/srjn/ros2_ws/install/srvcli_py/lib/python3.12/site-packages/srvcli-py.egg-link (link to .)
[1.219s] 
[1.219s] Installed /home/srjn/ros2_ws/build/srvcli_py
[1.219s] running symlink_data
[1.219s] creating /home/srjn/ros2_ws/install/srvcli_py/share/ament_index
[1.219s] creating /home/srjn/ros2_ws/install/srvcli_py/share/ament_index/resource_index
[1.220s] creating /home/srjn/ros2_ws/install/srvcli_py/share/ament_index/resource_index/packages
[1.220s] symbolically linking /home/srjn/ros2_ws/build/srvcli_py/resource/srvcli_py -> /home/srjn/ros2_ws/install/srvcli_py/share/ament_index/resource_index/packages
[1.220s] symbolically linking /home/srjn/ros2_ws/build/srvcli_py/package.xml -> /home/srjn/ros2_ws/install/srvcli_py/share/srvcli_py
[1.249s] Invoked command in '/home/srjn/ros2_ws/build/srvcli_py' returned '0': DEBUGINFOD_URLS=https://debuginfod.ubuntu.com PYTHONPATH=/home/srjn/ros2_ws/build/srvcli_py/prefix_override:/usr/lib/python3/dist-packages/colcon_core/task/python/colcon_distutils_commands:/home/srjn/ros2_ws/install/srvcli_py/lib/python3.12/site-packages:/home/srjn/ros2_ws/install/srv_pkg/lib/python3.12/site-packages:/home/srjn/ros2_ws/build/turtle_ctrl_launch:/home/srjn/ros2_ws/install/turtle_ctrl_launch/lib/python3.12/site-packages:/home/srjn/ros2_ws/build/symlink:/home/srjn/ros2_ws/install/symlink/lib/python3.12/site-packages:/home/srjn/ros2_ws/build/srvcli_py:/home/srjn/ros2_ws/install/srvcli_py/lib/python3.12/site-packages:/home/srjn/ros2_ws/build/pubsub_py:/home/srjn/ros2_ws/install/pubsub_py/lib/python3.12/site-packages:/home/srjn/ros2_ws/build/minimal_pkg:/home/srjn/ros2_ws/install/minimal_pkg/lib/python3.12/site-packages:/opt/ros/jazzy/lib/python3.12/site-packages /usr/bin/python3 -W ignore:setup.py install is deprecated -W ignore:easy_install command is deprecated setup.py develop --editable --build-directory /home/srjn/ros2_ws/build/srvcli_py/build --no-deps symlink_data
