[2.447s] Invoking command in '/home/srjn/ros2_ws/build/minimal_pkg': DEBUGINFOD_URLS=https://debuginfod.ubuntu.com PYTHONPATH=/home/srjn/ros2_ws/build/minimal_pkg/prefix_override:/usr/lib/python3/dist-packages/colcon_core/task/python/colcon_distutils_commands:/home/srjn/ros2_ws/install/minimal_pkg/lib/python3.12/site-packages:${PYTHONPATH} /usr/bin/python3 -W ignore:setup.py install is deprecated -W ignore:easy_install command is deprecated setup.py develop --uninstall --editable --build-directory /home/srjn/ros2_ws/build/minimal_pkg/build
[2.845s] running develop
[3.228s] Invoked command in '/home/srjn/ros2_ws/build/minimal_pkg' returned '0': DEBUGINFOD_URLS=https://debuginfod.ubuntu.com PYTHONPATH=/home/srjn/ros2_ws/build/minimal_pkg/prefix_override:/usr/lib/python3/dist-packages/colcon_core/task/python/colcon_distutils_commands:/home/srjn/ros2_ws/install/minimal_pkg/lib/python3.12/site-packages:${PYTHONPATH} /usr/bin/python3 -W ignore:setup.py install is deprecated -W ignore:easy_install command is deprecated setup.py develop --uninstall --editable --build-directory /home/srjn/ros2_ws/build/minimal_pkg/build
[3.229s] Invoking command in '/home/srjn/ros2_ws/src/minimal_pkg': DEBUGINFOD_URLS=https://debuginfod.ubuntu.com PYTHONPATH=/home/srjn/ros2_ws/build/minimal_pkg/prefix_override:/usr/lib/python3/dist-packages/colcon_core/task/python/colcon_distutils_commands:/home/srjn/ros2_ws/install/minimal_pkg/lib/python3.12/site-packages:${PYTHONPATH} /usr/bin/python3 -W ignore:setup.py install is deprecated -W ignore:easy_install command is deprecated setup.py egg_info --egg-base ../../build/minimal_pkg build --build-base /home/srjn/ros2_ws/build/minimal_pkg/build install --record /home/srjn/ros2_ws/build/minimal_pkg/install.log --single-version-externally-managed install_data --force
[3.553s] running egg_info
[3.575s] writing ../../build/minimal_pkg/minimal_pkg.egg-info/PKG-INFO
[3.575s] writing dependency_links to ../../build/minimal_pkg/minimal_pkg.egg-info/dependency_links.txt
[3.576s] writing entry points to ../../build/minimal_pkg/minimal_pkg.egg-info/entry_points.txt
[3.576s] writing requirements to ../../build/minimal_pkg/minimal_pkg.egg-info/requires.txt
[3.576s] writing top-level names to ../../build/minimal_pkg/minimal_pkg.egg-info/top_level.txt
[3.627s] reading manifest file '../../build/minimal_pkg/minimal_pkg.egg-info/SOURCES.txt'
[3.628s] writing manifest file '../../build/minimal_pkg/minimal_pkg.egg-info/SOURCES.txt'
[3.628s] running build
[3.628s] running build_py
[3.628s] creating /home/srjn/ros2_ws/build/minimal_pkg/build
[3.629s] creating /home/srjn/ros2_ws/build/minimal_pkg/build/lib
[3.629s] creating /home/srjn/ros2_ws/build/minimal_pkg/build/lib/minimal_pkg
[3.629s] copying minimal_pkg/__init__.py -> /home/srjn/ros2_ws/build/minimal_pkg/build/lib/minimal_pkg
[3.629s] copying minimal_pkg/minimal_node.py -> /home/srjn/ros2_ws/build/minimal_pkg/build/lib/minimal_pkg
[3.629s] running install
[3.635s] running install_lib
[3.658s] creating /home/srjn/ros2_ws/install/minimal_pkg/lib/python3.12/site-packages/minimal_pkg
[3.659s] copying /home/srjn/ros2_ws/build/minimal_pkg/build/lib/minimal_pkg/__init__.py -> /home/srjn/ros2_ws/install/minimal_pkg/lib/python3.12/site-packages/minimal_pkg
[3.659s] copying /home/srjn/ros2_ws/build/minimal_pkg/build/lib/minimal_pkg/minimal_node.py -> /home/srjn/ros2_ws/install/minimal_pkg/lib/python3.12/site-packages/minimal_pkg
[3.659s] byte-compiling /home/srjn/ros2_ws/install/minimal_pkg/lib/python3.12/site-packages/minimal_pkg/__init__.py to __init__.cpython-312.pyc
[3.660s] byte-compiling /home/srjn/ros2_ws/install/minimal_pkg/lib/python3.12/site-packages/minimal_pkg/minimal_node.py to minimal_node.cpython-312.pyc
[3.660s] running install_data
[3.660s] copying resource/minimal_pkg -> /home/srjn/ros2_ws/install/minimal_pkg/share/ament_index/resource_index/packages
[3.660s] copying package.xml -> /home/srjn/ros2_ws/install/minimal_pkg/share/minimal_pkg
[3.660s] running install_egg_info
[3.687s] Copying ../../build/minimal_pkg/minimal_pkg.egg-info to /home/srjn/ros2_ws/install/minimal_pkg/lib/python3.12/site-packages/minimal_pkg-0.0.0-py3.12.egg-info
[3.689s] running install_scripts
[3.871s] Installing minimal_node script to /home/srjn/ros2_ws/install/minimal_pkg/lib/minimal_pkg
[3.871s] writing list of installed files to '/home/srjn/ros2_ws/build/minimal_pkg/install.log'
[3.924s] Invoked command in '/home/srjn/ros2_ws/src/minimal_pkg' returned '0': DEBUGINFOD_URLS=https://debuginfod.ubuntu.com PYTHONPATH=/home/srjn/ros2_ws/build/minimal_pkg/prefix_override:/usr/lib/python3/dist-packages/colcon_core/task/python/colcon_distutils_commands:/home/srjn/ros2_ws/install/minimal_pkg/lib/python3.12/site-packages:${PYTHONPATH} /usr/bin/python3 -W ignore:setup.py install is deprecated -W ignore:easy_install command is deprecated setup.py egg_info --egg-base ../../build/minimal_pkg build --build-base /home/srjn/ros2_ws/build/minimal_pkg/build install --record /home/srjn/ros2_ws/build/minimal_pkg/install.log --single-version-externally-managed install_data --force
