[0.104s] DEBUG:colcon:Command line arguments: ['/usr/bin/colcon', 'build', '--symlink-install']
[0.104s] DEBUG:colcon:Parsed command line arguments: Namespace(log_base=None, log_level=None, verb_name='build', build_base='build', install_base='install', merge_install=False, symlink_install=True, test_result_base=None, continue_on_error=False, executor='parallel', parallel_workers=16, event_handlers=None, ignore_user_meta=False, metas=['./colcon.meta'], base_paths=['.'], packages_ignore=None, packages_ignore_regex=None, paths=None, packages_up_to=None, packages_up_to_regex=None, packages_above=None, packages_above_and_dependencies=None, packages_above_depth=None, packages_select_by_dep=None, packages_skip_by_dep=None, packages_skip_up_to=None, packages_select_build_failed=False, packages_skip_build_finished=False, packages_select_test_failures=False, packages_skip_test_passed=False, packages_select=None, packages_skip=None, packages_select_regex=None, packages_skip_regex=None, packages_start=None, packages_end=None, allow_overriding=[], cmake_args=None, cmake_target=None, cmake_target_skip_unavailable=False, cmake_clean_cache=False, cmake_clean_first=False, cmake_force_configure=False, ament_cmake_args=None, catkin_cmake_args=None, catkin_skip_building_tests=False, mixin_files=None, mixin=None, verb_parser=<colcon_mixin.mixin.mixin_argument.MixinArgumentDecorator object at 0x70dec949ff20>, verb_extension=<colcon_core.verb.build.BuildVerb object at 0x70dec95e80e0>, main=<bound method BuildVerb.main of <colcon_core.verb.build.BuildVerb object at 0x70dec95e80e0>>, mixin_verb=('build',))
[0.141s] Level 1:colcon.colcon_core.package_discovery:discover_packages(colcon_meta) check parameters
[0.141s] Level 1:colcon.colcon_core.package_discovery:discover_packages(recursive) check parameters
[0.141s] Level 1:colcon.colcon_core.package_discovery:discover_packages(ignore) check parameters
[0.141s] Level 1:colcon.colcon_core.package_discovery:discover_packages(path) check parameters
[0.141s] Level 1:colcon.colcon_core.package_discovery:discover_packages(colcon_meta) discover
[0.142s] Level 1:colcon.colcon_core.package_discovery:discover_packages(recursive) discover
[0.142s] INFO:colcon.colcon_core.package_discovery:Crawling recursively for packages in '/home/srjn/ros2_ws'
[0.142s] Level 1:colcon.colcon_core.package_identification:_identify(.) by extensions ['ignore', 'ignore_ament_install']
[0.142s] Level 1:colcon.colcon_core.package_identification:_identify(.) by extension 'ignore'
[0.142s] Level 1:colcon.colcon_core.package_identification:_identify(.) by extension 'ignore_ament_install'
[0.142s] Level 1:colcon.colcon_core.package_identification:_identify(.) by extensions ['colcon_pkg']
[0.142s] Level 1:colcon.colcon_core.package_identification:_identify(.) by extension 'colcon_pkg'
[0.142s] Level 1:colcon.colcon_core.package_identification:_identify(.) by extensions ['colcon_meta']
[0.142s] Level 1:colcon.colcon_core.package_identification:_identify(.) by extension 'colcon_meta'
[0.142s] Level 1:colcon.colcon_core.package_identification:_identify(.) by extensions ['ros']
[0.142s] Level 1:colcon.colcon_core.package_identification:_identify(.) by extension 'ros'
[0.170s] Level 1:colcon.colcon_core.package_identification:_identify(.) by extensions ['cmake', 'python']
[0.170s] Level 1:colcon.colcon_core.package_identification:_identify(.) by extension 'cmake'
[0.170s] Level 1:colcon.colcon_core.package_identification:_identify(.) by extension 'python'
[0.170s] Level 1:colcon.colcon_core.package_identification:_identify(.) by extensions ['python_setup_py']
[0.171s] Level 1:colcon.colcon_core.package_identification:_identify(.) by extension 'python_setup_py'
[0.171s] Level 1:colcon.colcon_core.package_identification:_identify(action_pkg) by extensions ['ignore', 'ignore_ament_install']
[0.171s] Level 1:colcon.colcon_core.package_identification:_identify(action_pkg) by extension 'ignore'
[0.171s] Level 1:colcon.colcon_core.package_identification:_identify(action_pkg) by extension 'ignore_ament_install'
[0.171s] Level 1:colcon.colcon_core.package_identification:_identify(action_pkg) by extensions ['colcon_pkg']
[0.171s] Level 1:colcon.colcon_core.package_identification:_identify(action_pkg) by extension 'colcon_pkg'
[0.171s] Level 1:colcon.colcon_core.package_identification:_identify(action_pkg) by extensions ['colcon_meta']
[0.171s] Level 1:colcon.colcon_core.package_identification:_identify(action_pkg) by extension 'colcon_meta'
[0.171s] Level 1:colcon.colcon_core.package_identification:_identify(action_pkg) by extensions ['ros']
[0.171s] Level 1:colcon.colcon_core.package_identification:_identify(action_pkg) by extension 'ros'
[0.173s] DEBUG:colcon.colcon_core.package_identification:Package 'action_pkg' with type 'ros.ament_cmake' and name 'action_pkg'
[0.173s] Level 1:colcon.colcon_core.package_identification:_identify(build) by extensions ['ignore', 'ignore_ament_install']
[0.173s] Level 1:colcon.colcon_core.package_identification:_identify(build) by extension 'ignore'
[0.173s] Level 1:colcon.colcon_core.package_identification:_identify(build) ignored
[0.174s] Level 1:colcon.colcon_core.package_identification:_identify(install) by extensions ['ignore', 'ignore_ament_install']
[0.174s] Level 1:colcon.colcon_core.package_identification:_identify(install) by extension 'ignore'
[0.174s] Level 1:colcon.colcon_core.package_identification:_identify(install) ignored
[0.174s] Level 1:colcon.colcon_core.package_identification:_identify(log) by extensions ['ignore', 'ignore_ament_install']
[0.174s] Level 1:colcon.colcon_core.package_identification:_identify(log) by extension 'ignore'
[0.174s] Level 1:colcon.colcon_core.package_identification:_identify(log) ignored
[0.174s] Level 1:colcon.colcon_core.package_identification:_identify(pendulum_robot_description) by extensions ['ignore', 'ignore_ament_install']
[0.174s] Level 1:colcon.colcon_core.package_identification:_identify(pendulum_robot_description) by extension 'ignore'
[0.174s] Level 1:colcon.colcon_core.package_identification:_identify(pendulum_robot_description) by extension 'ignore_ament_install'
[0.174s] Level 1:colcon.colcon_core.package_identification:_identify(pendulum_robot_description) by extensions ['colcon_pkg']
[0.174s] Level 1:colcon.colcon_core.package_identification:_identify(pendulum_robot_description) by extension 'colcon_pkg'
[0.174s] Level 1:colcon.colcon_core.package_identification:_identify(pendulum_robot_description) by extensions ['colcon_meta']
[0.174s] Level 1:colcon.colcon_core.package_identification:_identify(pendulum_robot_description) by extension 'colcon_meta'
[0.174s] Level 1:colcon.colcon_core.package_identification:_identify(pendulum_robot_description) by extensions ['ros']
[0.174s] Level 1:colcon.colcon_core.package_identification:_identify(pendulum_robot_description) by extension 'ros'
[0.175s] DEBUG:colcon.colcon_core.package_identification:Package 'pendulum_robot_description' with type 'ros.ament_cmake' and name 'pendulum_robot_description'
[0.175s] Level 1:colcon.colcon_core.package_identification:_identify(src) by extensions ['ignore', 'ignore_ament_install']
[0.175s] Level 1:colcon.colcon_core.package_identification:_identify(src) by extension 'ignore'
[0.175s] Level 1:colcon.colcon_core.package_identification:_identify(src) by extension 'ignore_ament_install'
[0.175s] Level 1:colcon.colcon_core.package_identification:_identify(src) by extensions ['colcon_pkg']
[0.175s] Level 1:colcon.colcon_core.package_identification:_identify(src) by extension 'colcon_pkg'
[0.175s] Level 1:colcon.colcon_core.package_identification:_identify(src) by extensions ['colcon_meta']
[0.175s] Level 1:colcon.colcon_core.package_identification:_identify(src) by extension 'colcon_meta'
[0.175s] Level 1:colcon.colcon_core.package_identification:_identify(src) by extensions ['ros']
[0.175s] Level 1:colcon.colcon_core.package_identification:_identify(src) by extension 'ros'
[0.175s] Level 1:colcon.colcon_core.package_identification:_identify(src) by extensions ['cmake', 'python']
[0.175s] Level 1:colcon.colcon_core.package_identification:_identify(src) by extension 'cmake'
[0.175s] Level 1:colcon.colcon_core.package_identification:_identify(src) by extension 'python'
[0.175s] Level 1:colcon.colcon_core.package_identification:_identify(src) by extensions ['python_setup_py']
[0.175s] Level 1:colcon.colcon_core.package_identification:_identify(src) by extension 'python_setup_py'
[0.175s] Level 1:colcon.colcon_core.package_identification:_identify(src/diff_drive_description) by extensions ['ignore', 'ignore_ament_install']
[0.175s] Level 1:colcon.colcon_core.package_identification:_identify(src/diff_drive_description) by extension 'ignore'
[0.175s] Level 1:colcon.colcon_core.package_identification:_identify(src/diff_drive_description) by extension 'ignore_ament_install'
[0.175s] Level 1:colcon.colcon_core.package_identification:_identify(src/diff_drive_description) by extensions ['colcon_pkg']
[0.176s] Level 1:colcon.colcon_core.package_identification:_identify(src/diff_drive_description) by extension 'colcon_pkg'
[0.176s] Level 1:colcon.colcon_core.package_identification:_identify(src/diff_drive_description) by extensions ['colcon_meta']
[0.176s] Level 1:colcon.colcon_core.package_identification:_identify(src/diff_drive_description) by extension 'colcon_meta'
[0.176s] Level 1:colcon.colcon_core.package_identification:_identify(src/diff_drive_description) by extensions ['ros']
[0.176s] Level 1:colcon.colcon_core.package_identification:_identify(src/diff_drive_description) by extension 'ros'
[0.176s] DEBUG:colcon.colcon_core.package_identification:Package 'src/diff_drive_description' with type 'ros.ament_python' and name 'diff_drive_description'
[0.176s] Level 1:colcon.colcon_core.package_identification:_identify(src/first_pytest) by extensions ['ignore', 'ignore_ament_install']
[0.176s] Level 1:colcon.colcon_core.package_identification:_identify(src/first_pytest) by extension 'ignore'
[0.176s] Level 1:colcon.colcon_core.package_identification:_identify(src/first_pytest) by extension 'ignore_ament_install'
[0.176s] Level 1:colcon.colcon_core.package_identification:_identify(src/first_pytest) by extensions ['colcon_pkg']
[0.176s] Level 1:colcon.colcon_core.package_identification:_identify(src/first_pytest) by extension 'colcon_pkg'
[0.176s] Level 1:colcon.colcon_core.package_identification:_identify(src/first_pytest) by extensions ['colcon_meta']
[0.176s] Level 1:colcon.colcon_core.package_identification:_identify(src/first_pytest) by extension 'colcon_meta'
[0.176s] Level 1:colcon.colcon_core.package_identification:_identify(src/first_pytest) by extensions ['ros']
[0.176s] Level 1:colcon.colcon_core.package_identification:_identify(src/first_pytest) by extension 'ros'
[0.177s] DEBUG:colcon.colcon_core.package_identification:Package 'src/first_pytest' with type 'ros.ament_python' and name 'first_pytest'
[0.177s] Level 1:colcon.colcon_core.package_identification:_identify(src/minimal_pkg) by extensions ['ignore', 'ignore_ament_install']
[0.177s] Level 1:colcon.colcon_core.package_identification:_identify(src/minimal_pkg) by extension 'ignore'
[0.177s] Level 1:colcon.colcon_core.package_identification:_identify(src/minimal_pkg) by extension 'ignore_ament_install'
[0.177s] Level 1:colcon.colcon_core.package_identification:_identify(src/minimal_pkg) by extensions ['colcon_pkg']
[0.177s] Level 1:colcon.colcon_core.package_identification:_identify(src/minimal_pkg) by extension 'colcon_pkg'
[0.177s] Level 1:colcon.colcon_core.package_identification:_identify(src/minimal_pkg) by extensions ['colcon_meta']
[0.177s] Level 1:colcon.colcon_core.package_identification:_identify(src/minimal_pkg) by extension 'colcon_meta'
[0.177s] Level 1:colcon.colcon_core.package_identification:_identify(src/minimal_pkg) by extensions ['ros']
[0.177s] Level 1:colcon.colcon_core.package_identification:_identify(src/minimal_pkg) by extension 'ros'
[0.178s] DEBUG:colcon.colcon_core.package_identification:Package 'src/minimal_pkg' with type 'ros.ament_python' and name 'minimal_pkg'
[0.178s] Level 1:colcon.colcon_core.package_identification:_identify(src/pubsub_py) by extensions ['ignore', 'ignore_ament_install']
[0.178s] Level 1:colcon.colcon_core.package_identification:_identify(src/pubsub_py) by extension 'ignore'
[0.178s] Level 1:colcon.colcon_core.package_identification:_identify(src/pubsub_py) by extension 'ignore_ament_install'
[0.178s] Level 1:colcon.colcon_core.package_identification:_identify(src/pubsub_py) by extensions ['colcon_pkg']
[0.178s] Level 1:colcon.colcon_core.package_identification:_identify(src/pubsub_py) by extension 'colcon_pkg'
[0.178s] Level 1:colcon.colcon_core.package_identification:_identify(src/pubsub_py) by extensions ['colcon_meta']
[0.178s] Level 1:colcon.colcon_core.package_identification:_identify(src/pubsub_py) by extension 'colcon_meta'
[0.178s] Level 1:colcon.colcon_core.package_identification:_identify(src/pubsub_py) by extensions ['ros']
[0.178s] Level 1:colcon.colcon_core.package_identification:_identify(src/pubsub_py) by extension 'ros'
[0.178s] DEBUG:colcon.colcon_core.package_identification:Package 'src/pubsub_py' with type 'ros.ament_python' and name 'pubsub_py'
[0.178s] Level 1:colcon.colcon_core.package_identification:_identify(src/srv_pkg) by extensions ['ignore', 'ignore_ament_install']
[0.179s] Level 1:colcon.colcon_core.package_identification:_identify(src/srv_pkg) by extension 'ignore'
[0.179s] Level 1:colcon.colcon_core.package_identification:_identify(src/srv_pkg) by extension 'ignore_ament_install'
[0.179s] Level 1:colcon.colcon_core.package_identification:_identify(src/srv_pkg) by extensions ['colcon_pkg']
[0.179s] Level 1:colcon.colcon_core.package_identification:_identify(src/srv_pkg) by extension 'colcon_pkg'
[0.179s] Level 1:colcon.colcon_core.package_identification:_identify(src/srv_pkg) by extensions ['colcon_meta']
[0.179s] Level 1:colcon.colcon_core.package_identification:_identify(src/srv_pkg) by extension 'colcon_meta'
[0.179s] Level 1:colcon.colcon_core.package_identification:_identify(src/srv_pkg) by extensions ['ros']
[0.179s] Level 1:colcon.colcon_core.package_identification:_identify(src/srv_pkg) by extension 'ros'
[0.179s] DEBUG:colcon.colcon_core.package_identification:Package 'src/srv_pkg' with type 'ros.ament_cmake' and name 'srv_pkg'
[0.179s] Level 1:colcon.colcon_core.package_identification:_identify(src/symlink) by extensions ['ignore', 'ignore_ament_install']
[0.179s] Level 1:colcon.colcon_core.package_identification:_identify(src/symlink) by extension 'ignore'
[0.179s] Level 1:colcon.colcon_core.package_identification:_identify(src/symlink) by extension 'ignore_ament_install'
[0.179s] Level 1:colcon.colcon_core.package_identification:_identify(src/symlink) by extensions ['colcon_pkg']
[0.179s] Level 1:colcon.colcon_core.package_identification:_identify(src/symlink) by extension 'colcon_pkg'
[0.179s] Level 1:colcon.colcon_core.package_identification:_identify(src/symlink) by extensions ['colcon_meta']
[0.180s] Level 1:colcon.colcon_core.package_identification:_identify(src/symlink) by extension 'colcon_meta'
[0.180s] Level 1:colcon.colcon_core.package_identification:_identify(src/symlink) by extensions ['ros']
[0.180s] Level 1:colcon.colcon_core.package_identification:_identify(src/symlink) by extension 'ros'
[0.180s] DEBUG:colcon.colcon_core.package_identification:Package 'src/symlink' with type 'ros.ament_python' and name 'symlink'
[0.180s] Level 1:colcon.colcon_core.package_identification:_identify(src/turtle_ctrl_launch) by extensions ['ignore', 'ignore_ament_install']
[0.180s] Level 1:colcon.colcon_core.package_identification:_identify(src/turtle_ctrl_launch) by extension 'ignore'
[0.180s] Level 1:colcon.colcon_core.package_identification:_identify(src/turtle_ctrl_launch) by extension 'ignore_ament_install'
[0.180s] Level 1:colcon.colcon_core.package_identification:_identify(src/turtle_ctrl_launch) by extensions ['colcon_pkg']
[0.180s] Level 1:colcon.colcon_core.package_identification:_identify(src/turtle_ctrl_launch) by extension 'colcon_pkg'
[0.180s] Level 1:colcon.colcon_core.package_identification:_identify(src/turtle_ctrl_launch) by extensions ['colcon_meta']
[0.180s] Level 1:colcon.colcon_core.package_identification:_identify(src/turtle_ctrl_launch) by extension 'colcon_meta'
[0.180s] Level 1:colcon.colcon_core.package_identification:_identify(src/turtle_ctrl_launch) by extensions ['ros']
[0.181s] Level 1:colcon.colcon_core.package_identification:_identify(src/turtle_ctrl_launch) by extension 'ros'
[0.181s] DEBUG:colcon.colcon_core.package_identification:Package 'src/turtle_ctrl_launch' with type 'ros.ament_python' and name 'turtle_ctrl_launch'
[0.181s] Level 1:colcon.colcon_core.package_identification:_identify(srvcli_py) by extensions ['ignore', 'ignore_ament_install']
[0.181s] Level 1:colcon.colcon_core.package_identification:_identify(srvcli_py) by extension 'ignore'
[0.181s] Level 1:colcon.colcon_core.package_identification:_identify(srvcli_py) by extension 'ignore_ament_install'
[0.181s] Level 1:colcon.colcon_core.package_identification:_identify(srvcli_py) by extensions ['colcon_pkg']
[0.181s] Level 1:colcon.colcon_core.package_identification:_identify(srvcli_py) by extension 'colcon_pkg'
[0.181s] Level 1:colcon.colcon_core.package_identification:_identify(srvcli_py) by extensions ['colcon_meta']
[0.181s] Level 1:colcon.colcon_core.package_identification:_identify(srvcli_py) by extension 'colcon_meta'
[0.181s] Level 1:colcon.colcon_core.package_identification:_identify(srvcli_py) by extensions ['ros']
[0.181s] Level 1:colcon.colcon_core.package_identification:_identify(srvcli_py) by extension 'ros'
[0.182s] DEBUG:colcon.colcon_core.package_identification:Package 'srvcli_py' with type 'ros.ament_python' and name 'srvcli_py'
[0.182s] Level 1:colcon.colcon_core.package_discovery:discover_packages(recursive) using defaults
[0.182s] Level 1:colcon.colcon_core.package_discovery:discover_packages(ignore) discover
[0.182s] Level 1:colcon.colcon_core.package_discovery:discover_packages(ignore) using defaults
[0.182s] Level 1:colcon.colcon_core.package_discovery:discover_packages(path) discover
[0.182s] Level 1:colcon.colcon_core.package_discovery:discover_packages(path) using defaults
[0.201s] Level 1:colcon.colcon_core.package_discovery:discover_packages(prefix_path) check parameters
[0.201s] Level 1:colcon.colcon_core.package_discovery:discover_packages(prefix_path) discover
[0.203s] DEBUG:colcon.colcon_installed_package_information.package_discovery:Found 10 installed packages in /home/srjn/ros2_ws/install
[0.205s] DEBUG:colcon.colcon_installed_package_information.package_discovery:Found 320 installed packages in /opt/ros/jazzy
[0.206s] Level 1:colcon.colcon_core.package_discovery:discover_packages(prefix_path) using defaults
[0.242s] Level 5:colcon.colcon_core.verb:set package 'action_pkg' build argument 'cmake_args' from command line to 'None'
[0.242s] Level 5:colcon.colcon_core.verb:set package 'action_pkg' build argument 'cmake_target' from command line to 'None'
[0.242s] Level 5:colcon.colcon_core.verb:set package 'action_pkg' build argument 'cmake_target_skip_unavailable' from command line to 'False'
[0.242s] Level 5:colcon.colcon_core.verb:set package 'action_pkg' build argument 'cmake_clean_cache' from command line to 'False'
[0.242s] Level 5:colcon.colcon_core.verb:set package 'action_pkg' build argument 'cmake_clean_first' from command line to 'False'
[0.242s] Level 5:colcon.colcon_core.verb:set package 'action_pkg' build argument 'cmake_force_configure' from command line to 'False'
[0.242s] Level 5:colcon.colcon_core.verb:set package 'action_pkg' build argument 'ament_cmake_args' from command line to 'None'
[0.243s] Level 5:colcon.colcon_core.verb:set package 'action_pkg' build argument 'catkin_cmake_args' from command line to 'None'
[0.243s] Level 5:colcon.colcon_core.verb:set package 'action_pkg' build argument 'catkin_skip_building_tests' from command line to 'False'
[0.243s] DEBUG:colcon.colcon_core.verb:Building package 'action_pkg' with the following arguments: {'ament_cmake_args': None, 'build_base': '/home/srjn/ros2_ws/build/action_pkg', 'catkin_cmake_args': None, 'catkin_skip_building_tests': False, 'cmake_args': None, 'cmake_clean_cache': False, 'cmake_clean_first': False, 'cmake_force_configure': False, 'cmake_target': None, 'cmake_target_skip_unavailable': False, 'install_base': '/home/srjn/ros2_ws/install/action_pkg', 'merge_install': False, 'path': '/home/srjn/ros2_ws/action_pkg', 'symlink_install': True, 'test_result_base': None}
[0.243s] Level 5:colcon.colcon_core.verb:set package 'diff_drive_description' build argument 'cmake_args' from command line to 'None'
[0.243s] Level 5:colcon.colcon_core.verb:set package 'diff_drive_description' build argument 'cmake_target' from command line to 'None'
[0.243s] Level 5:colcon.colcon_core.verb:set package 'diff_drive_description' build argument 'cmake_target_skip_unavailable' from command line to 'False'
[0.243s] Level 5:colcon.colcon_core.verb:set package 'diff_drive_description' build argument 'cmake_clean_cache' from command line to 'False'
[0.243s] Level 5:colcon.colcon_core.verb:set package 'diff_drive_description' build argument 'cmake_clean_first' from command line to 'False'
[0.243s] Level 5:colcon.colcon_core.verb:set package 'diff_drive_description' build argument 'cmake_force_configure' from command line to 'False'
[0.243s] Level 5:colcon.colcon_core.verb:set package 'diff_drive_description' build argument 'ament_cmake_args' from command line to 'None'
[0.243s] Level 5:colcon.colcon_core.verb:set package 'diff_drive_description' build argument 'catkin_cmake_args' from command line to 'None'
[0.243s] Level 5:colcon.colcon_core.verb:set package 'diff_drive_description' build argument 'catkin_skip_building_tests' from command line to 'False'
[0.243s] DEBUG:colcon.colcon_core.verb:Building package 'diff_drive_description' with the following arguments: {'ament_cmake_args': None, 'build_base': '/home/srjn/ros2_ws/build/diff_drive_description', 'catkin_cmake_args': None, 'catkin_skip_building_tests': False, 'cmake_args': None, 'cmake_clean_cache': False, 'cmake_clean_first': False, 'cmake_force_configure': False, 'cmake_target': None, 'cmake_target_skip_unavailable': False, 'install_base': '/home/srjn/ros2_ws/install/diff_drive_description', 'merge_install': False, 'path': '/home/srjn/ros2_ws/src/diff_drive_description', 'symlink_install': True, 'test_result_base': None}
[0.243s] Level 5:colcon.colcon_core.verb:set package 'first_pytest' build argument 'cmake_args' from command line to 'None'
[0.243s] Level 5:colcon.colcon_core.verb:set package 'first_pytest' build argument 'cmake_target' from command line to 'None'
[0.243s] Level 5:colcon.colcon_core.verb:set package 'first_pytest' build argument 'cmake_target_skip_unavailable' from command line to 'False'
[0.243s] Level 5:colcon.colcon_core.verb:set package 'first_pytest' build argument 'cmake_clean_cache' from command line to 'False'
[0.243s] Level 5:colcon.colcon_core.verb:set package 'first_pytest' build argument 'cmake_clean_first' from command line to 'False'
[0.243s] Level 5:colcon.colcon_core.verb:set package 'first_pytest' build argument 'cmake_force_configure' from command line to 'False'
[0.243s] Level 5:colcon.colcon_core.verb:set package 'first_pytest' build argument 'ament_cmake_args' from command line to 'None'
[0.243s] Level 5:colcon.colcon_core.verb:set package 'first_pytest' build argument 'catkin_cmake_args' from command line to 'None'
[0.243s] Level 5:colcon.colcon_core.verb:set package 'first_pytest' build argument 'catkin_skip_building_tests' from command line to 'False'
[0.243s] DEBUG:colcon.colcon_core.verb:Building package 'first_pytest' with the following arguments: {'ament_cmake_args': None, 'build_base': '/home/srjn/ros2_ws/build/first_pytest', 'catkin_cmake_args': None, 'catkin_skip_building_tests': False, 'cmake_args': None, 'cmake_clean_cache': False, 'cmake_clean_first': False, 'cmake_force_configure': False, 'cmake_target': None, 'cmake_target_skip_unavailable': False, 'install_base': '/home/srjn/ros2_ws/install/first_pytest', 'merge_install': False, 'path': '/home/srjn/ros2_ws/src/first_pytest', 'symlink_install': True, 'test_result_base': None}
[0.243s] Level 5:colcon.colcon_core.verb:set package 'minimal_pkg' build argument 'cmake_args' from command line to 'None'
[0.243s] Level 5:colcon.colcon_core.verb:set package 'minimal_pkg' build argument 'cmake_target' from command line to 'None'
[0.244s] Level 5:colcon.colcon_core.verb:set package 'minimal_pkg' build argument 'cmake_target_skip_unavailable' from command line to 'False'
[0.244s] Level 5:colcon.colcon_core.verb:set package 'minimal_pkg' build argument 'cmake_clean_cache' from command line to 'False'
[0.244s] Level 5:colcon.colcon_core.verb:set package 'minimal_pkg' build argument 'cmake_clean_first' from command line to 'False'
[0.244s] Level 5:colcon.colcon_core.verb:set package 'minimal_pkg' build argument 'cmake_force_configure' from command line to 'False'
[0.244s] Level 5:colcon.colcon_core.verb:set package 'minimal_pkg' build argument 'ament_cmake_args' from command line to 'None'
[0.244s] Level 5:colcon.colcon_core.verb:set package 'minimal_pkg' build argument 'catkin_cmake_args' from command line to 'None'
[0.244s] Level 5:colcon.colcon_core.verb:set package 'minimal_pkg' build argument 'catkin_skip_building_tests' from command line to 'False'
[0.244s] DEBUG:colcon.colcon_core.verb:Building package 'minimal_pkg' with the following arguments: {'ament_cmake_args': None, 'build_base': '/home/srjn/ros2_ws/build/minimal_pkg', 'catkin_cmake_args': None, 'catkin_skip_building_tests': False, 'cmake_args': None, 'cmake_clean_cache': False, 'cmake_clean_first': False, 'cmake_force_configure': False, 'cmake_target': None, 'cmake_target_skip_unavailable': False, 'install_base': '/home/srjn/ros2_ws/install/minimal_pkg', 'merge_install': False, 'path': '/home/srjn/ros2_ws/src/minimal_pkg', 'symlink_install': True, 'test_result_base': None}
[0.244s] Level 5:colcon.colcon_core.verb:set package 'pendulum_robot_description' build argument 'cmake_args' from command line to 'None'
[0.244s] Level 5:colcon.colcon_core.verb:set package 'pendulum_robot_description' build argument 'cmake_target' from command line to 'None'
[0.244s] Level 5:colcon.colcon_core.verb:set package 'pendulum_robot_description' build argument 'cmake_target_skip_unavailable' from command line to 'False'
[0.244s] Level 5:colcon.colcon_core.verb:set package 'pendulum_robot_description' build argument 'cmake_clean_cache' from command line to 'False'
[0.244s] Level 5:colcon.colcon_core.verb:set package 'pendulum_robot_description' build argument 'cmake_clean_first' from command line to 'False'
[0.244s] Level 5:colcon.colcon_core.verb:set package 'pendulum_robot_description' build argument 'cmake_force_configure' from command line to 'False'
[0.244s] Level 5:colcon.colcon_core.verb:set package 'pendulum_robot_description' build argument 'ament_cmake_args' from command line to 'None'
[0.244s] Level 5:colcon.colcon_core.verb:set package 'pendulum_robot_description' build argument 'catkin_cmake_args' from command line to 'None'
[0.244s] Level 5:colcon.colcon_core.verb:set package 'pendulum_robot_description' build argument 'catkin_skip_building_tests' from command line to 'False'
[0.244s] DEBUG:colcon.colcon_core.verb:Building package 'pendulum_robot_description' with the following arguments: {'ament_cmake_args': None, 'build_base': '/home/srjn/ros2_ws/build/pendulum_robot_description', 'catkin_cmake_args': None, 'catkin_skip_building_tests': False, 'cmake_args': None, 'cmake_clean_cache': False, 'cmake_clean_first': False, 'cmake_force_configure': False, 'cmake_target': None, 'cmake_target_skip_unavailable': False, 'install_base': '/home/srjn/ros2_ws/install/pendulum_robot_description', 'merge_install': False, 'path': '/home/srjn/ros2_ws/pendulum_robot_description', 'symlink_install': True, 'test_result_base': None}
[0.244s] Level 5:colcon.colcon_core.verb:set package 'pubsub_py' build argument 'cmake_args' from command line to 'None'
[0.244s] Level 5:colcon.colcon_core.verb:set package 'pubsub_py' build argument 'cmake_target' from command line to 'None'
[0.244s] Level 5:colcon.colcon_core.verb:set package 'pubsub_py' build argument 'cmake_target_skip_unavailable' from command line to 'False'
[0.244s] Level 5:colcon.colcon_core.verb:set package 'pubsub_py' build argument 'cmake_clean_cache' from command line to 'False'
[0.244s] Level 5:colcon.colcon_core.verb:set package 'pubsub_py' build argument 'cmake_clean_first' from command line to 'False'
[0.244s] Level 5:colcon.colcon_core.verb:set package 'pubsub_py' build argument 'cmake_force_configure' from command line to 'False'
[0.244s] Level 5:colcon.colcon_core.verb:set package 'pubsub_py' build argument 'ament_cmake_args' from command line to 'None'
[0.244s] Level 5:colcon.colcon_core.verb:set package 'pubsub_py' build argument 'catkin_cmake_args' from command line to 'None'
[0.244s] Level 5:colcon.colcon_core.verb:set package 'pubsub_py' build argument 'catkin_skip_building_tests' from command line to 'False'
[0.244s] DEBUG:colcon.colcon_core.verb:Building package 'pubsub_py' with the following arguments: {'ament_cmake_args': None, 'build_base': '/home/srjn/ros2_ws/build/pubsub_py', 'catkin_cmake_args': None, 'catkin_skip_building_tests': False, 'cmake_args': None, 'cmake_clean_cache': False, 'cmake_clean_first': False, 'cmake_force_configure': False, 'cmake_target': None, 'cmake_target_skip_unavailable': False, 'install_base': '/home/srjn/ros2_ws/install/pubsub_py', 'merge_install': False, 'path': '/home/srjn/ros2_ws/src/pubsub_py', 'symlink_install': True, 'test_result_base': None}
[0.244s] Level 5:colcon.colcon_core.verb:set package 'srv_pkg' build argument 'cmake_args' from command line to 'None'
[0.244s] Level 5:colcon.colcon_core.verb:set package 'srv_pkg' build argument 'cmake_target' from command line to 'None'
[0.245s] Level 5:colcon.colcon_core.verb:set package 'srv_pkg' build argument 'cmake_target_skip_unavailable' from command line to 'False'
[0.245s] Level 5:colcon.colcon_core.verb:set package 'srv_pkg' build argument 'cmake_clean_cache' from command line to 'False'
[0.245s] Level 5:colcon.colcon_core.verb:set package 'srv_pkg' build argument 'cmake_clean_first' from command line to 'False'
[0.245s] Level 5:colcon.colcon_core.verb:set package 'srv_pkg' build argument 'cmake_force_configure' from command line to 'False'
[0.245s] Level 5:colcon.colcon_core.verb:set package 'srv_pkg' build argument 'ament_cmake_args' from command line to 'None'
[0.245s] Level 5:colcon.colcon_core.verb:set package 'srv_pkg' build argument 'catkin_cmake_args' from command line to 'None'
[0.245s] Level 5:colcon.colcon_core.verb:set package 'srv_pkg' build argument 'catkin_skip_building_tests' from command line to 'False'
[0.245s] DEBUG:colcon.colcon_core.verb:Building package 'srv_pkg' with the following arguments: {'ament_cmake_args': None, 'build_base': '/home/srjn/ros2_ws/build/srv_pkg', 'catkin_cmake_args': None, 'catkin_skip_building_tests': False, 'cmake_args': None, 'cmake_clean_cache': False, 'cmake_clean_first': False, 'cmake_force_configure': False, 'cmake_target': None, 'cmake_target_skip_unavailable': False, 'install_base': '/home/srjn/ros2_ws/install/srv_pkg', 'merge_install': False, 'path': '/home/srjn/ros2_ws/src/srv_pkg', 'symlink_install': True, 'test_result_base': None}
[0.245s] Level 5:colcon.colcon_core.verb:set package 'symlink' build argument 'cmake_args' from command line to 'None'
[0.245s] Level 5:colcon.colcon_core.verb:set package 'symlink' build argument 'cmake_target' from command line to 'None'
[0.245s] Level 5:colcon.colcon_core.verb:set package 'symlink' build argument 'cmake_target_skip_unavailable' from command line to 'False'
[0.245s] Level 5:colcon.colcon_core.verb:set package 'symlink' build argument 'cmake_clean_cache' from command line to 'False'
[0.245s] Level 5:colcon.colcon_core.verb:set package 'symlink' build argument 'cmake_clean_first' from command line to 'False'
[0.245s] Level 5:colcon.colcon_core.verb:set package 'symlink' build argument 'cmake_force_configure' from command line to 'False'
[0.245s] Level 5:colcon.colcon_core.verb:set package 'symlink' build argument 'ament_cmake_args' from command line to 'None'
[0.245s] Level 5:colcon.colcon_core.verb:set package 'symlink' build argument 'catkin_cmake_args' from command line to 'None'
[0.245s] Level 5:colcon.colcon_core.verb:set package 'symlink' build argument 'catkin_skip_building_tests' from command line to 'False'
[0.245s] DEBUG:colcon.colcon_core.verb:Building package 'symlink' with the following arguments: {'ament_cmake_args': None, 'build_base': '/home/srjn/ros2_ws/build/symlink', 'catkin_cmake_args': None, 'catkin_skip_building_tests': False, 'cmake_args': None, 'cmake_clean_cache': False, 'cmake_clean_first': False, 'cmake_force_configure': False, 'cmake_target': None, 'cmake_target_skip_unavailable': False, 'install_base': '/home/srjn/ros2_ws/install/symlink', 'merge_install': False, 'path': '/home/srjn/ros2_ws/src/symlink', 'symlink_install': True, 'test_result_base': None}
[0.245s] Level 5:colcon.colcon_core.verb:set package 'turtle_ctrl_launch' build argument 'cmake_args' from command line to 'None'
[0.245s] Level 5:colcon.colcon_core.verb:set package 'turtle_ctrl_launch' build argument 'cmake_target' from command line to 'None'
[0.245s] Level 5:colcon.colcon_core.verb:set package 'turtle_ctrl_launch' build argument 'cmake_target_skip_unavailable' from command line to 'False'
[0.245s] Level 5:colcon.colcon_core.verb:set package 'turtle_ctrl_launch' build argument 'cmake_clean_cache' from command line to 'False'
[0.245s] Level 5:colcon.colcon_core.verb:set package 'turtle_ctrl_launch' build argument 'cmake_clean_first' from command line to 'False'
[0.245s] Level 5:colcon.colcon_core.verb:set package 'turtle_ctrl_launch' build argument 'cmake_force_configure' from command line to 'False'
[0.245s] Level 5:colcon.colcon_core.verb:set package 'turtle_ctrl_launch' build argument 'ament_cmake_args' from command line to 'None'
[0.245s] Level 5:colcon.colcon_core.verb:set package 'turtle_ctrl_launch' build argument 'catkin_cmake_args' from command line to 'None'
[0.245s] Level 5:colcon.colcon_core.verb:set package 'turtle_ctrl_launch' build argument 'catkin_skip_building_tests' from command line to 'False'
[0.245s] DEBUG:colcon.colcon_core.verb:Building package 'turtle_ctrl_launch' with the following arguments: {'ament_cmake_args': None, 'build_base': '/home/srjn/ros2_ws/build/turtle_ctrl_launch', 'catkin_cmake_args': None, 'catkin_skip_building_tests': False, 'cmake_args': None, 'cmake_clean_cache': False, 'cmake_clean_first': False, 'cmake_force_configure': False, 'cmake_target': None, 'cmake_target_skip_unavailable': False, 'install_base': '/home/srjn/ros2_ws/install/turtle_ctrl_launch', 'merge_install': False, 'path': '/home/srjn/ros2_ws/src/turtle_ctrl_launch', 'symlink_install': True, 'test_result_base': None}
[0.245s] Level 5:colcon.colcon_core.verb:set package 'srvcli_py' build argument 'cmake_args' from command line to 'None'
[0.245s] Level 5:colcon.colcon_core.verb:set package 'srvcli_py' build argument 'cmake_target' from command line to 'None'
[0.245s] Level 5:colcon.colcon_core.verb:set package 'srvcli_py' build argument 'cmake_target_skip_unavailable' from command line to 'False'
[0.246s] Level 5:colcon.colcon_core.verb:set package 'srvcli_py' build argument 'cmake_clean_cache' from command line to 'False'
[0.246s] Level 5:colcon.colcon_core.verb:set package 'srvcli_py' build argument 'cmake_clean_first' from command line to 'False'
[0.246s] Level 5:colcon.colcon_core.verb:set package 'srvcli_py' build argument 'cmake_force_configure' from command line to 'False'
[0.246s] Level 5:colcon.colcon_core.verb:set package 'srvcli_py' build argument 'ament_cmake_args' from command line to 'None'
[0.246s] Level 5:colcon.colcon_core.verb:set package 'srvcli_py' build argument 'catkin_cmake_args' from command line to 'None'
[0.246s] Level 5:colcon.colcon_core.verb:set package 'srvcli_py' build argument 'catkin_skip_building_tests' from command line to 'False'
[0.246s] DEBUG:colcon.colcon_core.verb:Building package 'srvcli_py' with the following arguments: {'ament_cmake_args': None, 'build_base': '/home/srjn/ros2_ws/build/srvcli_py', 'catkin_cmake_args': None, 'catkin_skip_building_tests': False, 'cmake_args': None, 'cmake_clean_cache': False, 'cmake_clean_first': False, 'cmake_force_configure': False, 'cmake_target': None, 'cmake_target_skip_unavailable': False, 'install_base': '/home/srjn/ros2_ws/install/srvcli_py', 'merge_install': False, 'path': '/home/srjn/ros2_ws/srvcli_py', 'symlink_install': True, 'test_result_base': None}
[0.246s] INFO:colcon.colcon_core.executor:Executing jobs using 'parallel' executor
[0.246s] DEBUG:colcon.colcon_parallel_executor.executor.parallel:run_until_complete
[0.247s] INFO:colcon.colcon_ros.task.ament_cmake.build:Building ROS package in '/home/srjn/ros2_ws/src/srv_pkg' with build type 'ament_cmake'
[0.247s] INFO:colcon.colcon_cmake.task.cmake.build:Building CMake package in '/home/srjn/ros2_ws/src/srv_pkg'
[0.248s] INFO:colcon.colcon_core.plugin_system:Skipping extension 'colcon_core.shell.bat': Not used on non-Windows systems
[0.249s] INFO:colcon.colcon_core.shell:Skip shell extension 'powershell' for command environment: Not usable outside of PowerShell
[0.249s] DEBUG:colcon.colcon_core.shell:Skip shell extension 'dsv' for command environment
[0.252s] INFO:colcon.colcon_ros.task.ament_cmake.build:Building ROS package in '/home/srjn/ros2_ws/action_pkg' with build type 'ament_cmake'
[0.252s] INFO:colcon.colcon_cmake.task.cmake.build:Building CMake package in '/home/srjn/ros2_ws/action_pkg'
[0.252s] INFO:colcon.colcon_core.shell:Skip shell extension 'powershell' for command environment: Not usable outside of PowerShell
[0.252s] DEBUG:colcon.colcon_core.shell:Skip shell extension 'dsv' for command environment
[0.256s] INFO:colcon.colcon_ros.task.ament_python.build:Building ROS package in '/home/srjn/ros2_ws/src/diff_drive_description' with build type 'ament_python'
[0.256s] Level 1:colcon.colcon_core.shell:create_environment_hook('diff_drive_description', 'ament_prefix_path')
[0.256s] INFO:colcon.colcon_core.shell:Creating environment hook '/home/srjn/ros2_ws/install/diff_drive_description/share/diff_drive_description/hook/ament_prefix_path.ps1'
[0.257s] INFO:colcon.colcon_core.shell:Creating environment descriptor '/home/srjn/ros2_ws/install/diff_drive_description/share/diff_drive_description/hook/ament_prefix_path.dsv'
[0.257s] INFO:colcon.colcon_core.shell:Creating environment hook '/home/srjn/ros2_ws/install/diff_drive_description/share/diff_drive_description/hook/ament_prefix_path.sh'
[0.257s] INFO:colcon.colcon_core.shell:Skip shell extension 'powershell' for command environment: Not usable outside of PowerShell
[0.257s] DEBUG:colcon.colcon_core.shell:Skip shell extension 'dsv' for command environment
[0.261s] INFO:colcon.colcon_ros.task.ament_python.build:Building ROS package in '/home/srjn/ros2_ws/src/first_pytest' with build type 'ament_python'
[0.262s] Level 1:colcon.colcon_core.shell:create_environment_hook('first_pytest', 'ament_prefix_path')
[0.262s] INFO:colcon.colcon_core.shell:Creating environment hook '/home/srjn/ros2_ws/install/first_pytest/share/first_pytest/hook/ament_prefix_path.ps1'
[0.262s] INFO:colcon.colcon_core.shell:Creating environment descriptor '/home/srjn/ros2_ws/install/first_pytest/share/first_pytest/hook/ament_prefix_path.dsv'
[0.263s] INFO:colcon.colcon_core.shell:Creating environment hook '/home/srjn/ros2_ws/install/first_pytest/share/first_pytest/hook/ament_prefix_path.sh'
[0.263s] INFO:colcon.colcon_core.shell:Skip shell extension 'powershell' for command environment: Not usable outside of PowerShell
[0.263s] DEBUG:colcon.colcon_core.shell:Skip shell extension 'dsv' for command environment
[0.268s] INFO:colcon.colcon_ros.task.ament_python.build:Building ROS package in '/home/srjn/ros2_ws/src/minimal_pkg' with build type 'ament_python'
[0.269s] Level 1:colcon.colcon_core.shell:create_environment_hook('minimal_pkg', 'ament_prefix_path')
[0.269s] INFO:colcon.colcon_core.shell:Creating environment hook '/home/srjn/ros2_ws/install/minimal_pkg/share/minimal_pkg/hook/ament_prefix_path.ps1'
[0.269s] INFO:colcon.colcon_core.shell:Creating environment descriptor '/home/srjn/ros2_ws/install/minimal_pkg/share/minimal_pkg/hook/ament_prefix_path.dsv'
[0.270s] INFO:colcon.colcon_core.shell:Creating environment hook '/home/srjn/ros2_ws/install/minimal_pkg/share/minimal_pkg/hook/ament_prefix_path.sh'
[0.270s] INFO:colcon.colcon_core.shell:Skip shell extension 'powershell' for command environment: Not usable outside of PowerShell
[0.270s] DEBUG:colcon.colcon_core.shell:Skip shell extension 'dsv' for command environment
[0.274s] INFO:colcon.colcon_ros.task.ament_cmake.build:Building ROS package in '/home/srjn/ros2_ws/pendulum_robot_description' with build type 'ament_cmake'
[0.274s] INFO:colcon.colcon_cmake.task.cmake.build:Building CMake package in '/home/srjn/ros2_ws/pendulum_robot_description'
[0.274s] INFO:colcon.colcon_core.shell:Skip shell extension 'powershell' for command environment: Not usable outside of PowerShell
[0.274s] DEBUG:colcon.colcon_core.shell:Skip shell extension 'dsv' for command environment
[0.278s] INFO:colcon.colcon_ros.task.ament_python.build:Building ROS package in '/home/srjn/ros2_ws/src/pubsub_py' with build type 'ament_python'
[0.278s] Level 1:colcon.colcon_core.shell:create_environment_hook('pubsub_py', 'ament_prefix_path')
[0.278s] INFO:colcon.colcon_core.shell:Creating environment hook '/home/srjn/ros2_ws/install/pubsub_py/share/pubsub_py/hook/ament_prefix_path.ps1'
[0.279s] INFO:colcon.colcon_core.shell:Creating environment descriptor '/home/srjn/ros2_ws/install/pubsub_py/share/pubsub_py/hook/ament_prefix_path.dsv'
[0.279s] INFO:colcon.colcon_core.shell:Creating environment hook '/home/srjn/ros2_ws/install/pubsub_py/share/pubsub_py/hook/ament_prefix_path.sh'
[0.280s] INFO:colcon.colcon_core.shell:Skip shell extension 'powershell' for command environment: Not usable outside of PowerShell
[0.280s] DEBUG:colcon.colcon_core.shell:Skip shell extension 'dsv' for command environment
[0.284s] INFO:colcon.colcon_ros.task.ament_python.build:Building ROS package in '/home/srjn/ros2_ws/src/symlink' with build type 'ament_python'
[0.285s] Level 1:colcon.colcon_core.shell:create_environment_hook('symlink', 'ament_prefix_path')
[0.285s] INFO:colcon.colcon_core.shell:Creating environment hook '/home/srjn/ros2_ws/install/symlink/share/symlink/hook/ament_prefix_path.ps1'
[0.285s] INFO:colcon.colcon_core.shell:Creating environment descriptor '/home/srjn/ros2_ws/install/symlink/share/symlink/hook/ament_prefix_path.dsv'
[0.286s] INFO:colcon.colcon_core.shell:Creating environment hook '/home/srjn/ros2_ws/install/symlink/share/symlink/hook/ament_prefix_path.sh'
[0.287s] INFO:colcon.colcon_core.shell:Skip shell extension 'powershell' for command environment: Not usable outside of PowerShell
[0.287s] DEBUG:colcon.colcon_core.shell:Skip shell extension 'dsv' for command environment
[0.292s] INFO:colcon.colcon_ros.task.ament_python.build:Building ROS package in '/home/srjn/ros2_ws/src/turtle_ctrl_launch' with build type 'ament_python'
[0.292s] Level 1:colcon.colcon_core.shell:create_environment_hook('turtle_ctrl_launch', 'ament_prefix_path')
[0.292s] INFO:colcon.colcon_core.shell:Creating environment hook '/home/srjn/ros2_ws/install/turtle_ctrl_launch/share/turtle_ctrl_launch/hook/ament_prefix_path.ps1'
[0.292s] INFO:colcon.colcon_core.shell:Creating environment descriptor '/home/srjn/ros2_ws/install/turtle_ctrl_launch/share/turtle_ctrl_launch/hook/ament_prefix_path.dsv'
[0.293s] INFO:colcon.colcon_core.shell:Creating environment hook '/home/srjn/ros2_ws/install/turtle_ctrl_launch/share/turtle_ctrl_launch/hook/ament_prefix_path.sh'
[0.293s] INFO:colcon.colcon_core.shell:Skip shell extension 'powershell' for command environment: Not usable outside of PowerShell
[0.293s] DEBUG:colcon.colcon_core.shell:Skip shell extension 'dsv' for command environment
[0.304s] DEBUG:colcon.colcon_core.event_handler.log_command:Invoking command in '/home/srjn/ros2_ws/build/srv_pkg': CMAKE_PREFIX_PATH=${CMAKE_PREFIX_PATH}:/home/srjn/ros2_ws/install/diff_drive_description:/home/srjn/ros2_ws/install/turtle_ctrl_launch:/home/srjn/ros2_ws/install/symlink:/home/srjn/ros2_ws/install/srvcli_py:/home/srjn/ros2_ws/install/pubsub_py:/home/srjn/ros2_ws/install/minimal_pkg:/home/srjn/ros2_ws/install/first_pytest:/opt/ros/jazzy DEBUGINFOD_URLS=https://debuginfod.ubuntu.com /usr/bin/cmake --build /home/srjn/ros2_ws/build/srv_pkg -- -j16 -l16
[0.308s] DEBUG:colcon.colcon_core.event_handler.log_command:Invoking command in '/home/srjn/ros2_ws/build/action_pkg': CMAKE_PREFIX_PATH=${CMAKE_PREFIX_PATH}:/home/srjn/ros2_ws/install/diff_drive_description:/home/srjn/ros2_ws/install/turtle_ctrl_launch:/home/srjn/ros2_ws/install/symlink:/home/srjn/ros2_ws/install/srvcli_py:/home/srjn/ros2_ws/install/pubsub_py:/home/srjn/ros2_ws/install/minimal_pkg:/home/srjn/ros2_ws/install/first_pytest:/opt/ros/jazzy DEBUGINFOD_URLS=https://debuginfod.ubuntu.com /usr/bin/cmake --build /home/srjn/ros2_ws/build/action_pkg -- -j16 -l16
[0.533s] INFO:colcon.colcon_core.task.python.build:Building Python package in '/home/srjn/ros2_ws/src/diff_drive_description'
[0.533s] INFO:colcon.colcon_core.shell:Skip shell extension 'powershell' for command environment: Not usable outside of PowerShell
[0.534s] DEBUG:colcon.colcon_core.shell:Skip shell extension 'dsv' for command environment
[0.745s] INFO:colcon.colcon_core.task.python.build:Building Python package in '/home/srjn/ros2_ws/src/first_pytest'
[0.745s] INFO:colcon.colcon_core.shell:Skip shell extension 'powershell' for command environment: Not usable outside of PowerShell
[0.745s] DEBUG:colcon.colcon_core.shell:Skip shell extension 'dsv' for command environment
[0.954s] INFO:colcon.colcon_core.task.python.build:Building Python package in '/home/srjn/ros2_ws/src/minimal_pkg'
[0.954s] INFO:colcon.colcon_core.shell:Skip shell extension 'powershell' for command environment: Not usable outside of PowerShell
[0.955s] DEBUG:colcon.colcon_core.shell:Skip shell extension 'dsv' for command environment
[0.961s] DEBUG:colcon.colcon_core.event_handler.log_command:Invoking command in '/home/srjn/ros2_ws/build/pendulum_robot_description': CMAKE_PREFIX_PATH=${CMAKE_PREFIX_PATH}:/home/srjn/ros2_ws/install/diff_drive_description:/home/srjn/ros2_ws/install/turtle_ctrl_launch:/home/srjn/ros2_ws/install/symlink:/home/srjn/ros2_ws/install/srvcli_py:/home/srjn/ros2_ws/install/pubsub_py:/home/srjn/ros2_ws/install/minimal_pkg:/home/srjn/ros2_ws/install/first_pytest:/opt/ros/jazzy DEBUGINFOD_URLS=https://debuginfod.ubuntu.com /usr/bin/cmake --build /home/srjn/ros2_ws/build/pendulum_robot_description -- -j16 -l16
[1.166s] INFO:colcon.colcon_core.task.python.build:Building Python package in '/home/srjn/ros2_ws/src/pubsub_py'
[1.166s] INFO:colcon.colcon_core.shell:Skip shell extension 'powershell' for command environment: Not usable outside of PowerShell
[1.167s] DEBUG:colcon.colcon_core.shell:Skip shell extension 'dsv' for command environment
[1.371s] INFO:colcon.colcon_core.task.python.build:Building Python package in '/home/srjn/ros2_ws/src/symlink'
[1.371s] INFO:colcon.colcon_core.shell:Skip shell extension 'powershell' for command environment: Not usable outside of PowerShell
[1.371s] DEBUG:colcon.colcon_core.shell:Skip shell extension 'dsv' for command environment
[1.380s] DEBUG:colcon.colcon_core.event_handler.log_command:Invoked command in '/home/srjn/ros2_ws/build/srv_pkg' returned '0': CMAKE_PREFIX_PATH=${CMAKE_PREFIX_PATH}:/home/srjn/ros2_ws/install/diff_drive_description:/home/srjn/ros2_ws/install/turtle_ctrl_launch:/home/srjn/ros2_ws/install/symlink:/home/srjn/ros2_ws/install/srvcli_py:/home/srjn/ros2_ws/install/pubsub_py:/home/srjn/ros2_ws/install/minimal_pkg:/home/srjn/ros2_ws/install/first_pytest:/opt/ros/jazzy DEBUGINFOD_URLS=https://debuginfod.ubuntu.com /usr/bin/cmake --build /home/srjn/ros2_ws/build/srv_pkg -- -j16 -l16
[1.390s] DEBUG:colcon.colcon_core.event_handler.log_command:Invoking command in '/home/srjn/ros2_ws/build/srv_pkg': CMAKE_PREFIX_PATH=${CMAKE_PREFIX_PATH}:/home/srjn/ros2_ws/install/diff_drive_description:/home/srjn/ros2_ws/install/turtle_ctrl_launch:/home/srjn/ros2_ws/install/symlink:/home/srjn/ros2_ws/install/srvcli_py:/home/srjn/ros2_ws/install/pubsub_py:/home/srjn/ros2_ws/install/minimal_pkg:/home/srjn/ros2_ws/install/first_pytest:/opt/ros/jazzy DEBUGINFOD_URLS=https://debuginfod.ubuntu.com /usr/bin/cmake --install /home/srjn/ros2_ws/build/srv_pkg
[1.390s] DEBUG:colcon.colcon_core.event_handler.log_command:Invoked command in '/home/srjn/ros2_ws/build/action_pkg' returned '0': CMAKE_PREFIX_PATH=${CMAKE_PREFIX_PATH}:/home/srjn/ros2_ws/install/diff_drive_description:/home/srjn/ros2_ws/install/turtle_ctrl_launch:/home/srjn/ros2_ws/install/symlink:/home/srjn/ros2_ws/install/srvcli_py:/home/srjn/ros2_ws/install/pubsub_py:/home/srjn/ros2_ws/install/minimal_pkg:/home/srjn/ros2_ws/install/first_pytest:/opt/ros/jazzy DEBUGINFOD_URLS=https://debuginfod.ubuntu.com /usr/bin/cmake --build /home/srjn/ros2_ws/build/action_pkg -- -j16 -l16
[1.391s] DEBUG:colcon.colcon_core.event_handler.log_command:Invoking command in '/home/srjn/ros2_ws/build/action_pkg': CMAKE_PREFIX_PATH=${CMAKE_PREFIX_PATH}:/home/srjn/ros2_ws/install/diff_drive_description:/home/srjn/ros2_ws/install/turtle_ctrl_launch:/home/srjn/ros2_ws/install/symlink:/home/srjn/ros2_ws/install/srvcli_py:/home/srjn/ros2_ws/install/pubsub_py:/home/srjn/ros2_ws/install/minimal_pkg:/home/srjn/ros2_ws/install/first_pytest:/opt/ros/jazzy DEBUGINFOD_URLS=https://debuginfod.ubuntu.com /usr/bin/cmake --install /home/srjn/ros2_ws/build/action_pkg
[1.391s] DEBUG:colcon.colcon_core.event_handler.log_command:Invoked command in '/home/srjn/ros2_ws/build/pendulum_robot_description' returned '0': CMAKE_PREFIX_PATH=${CMAKE_PREFIX_PATH}:/home/srjn/ros2_ws/install/diff_drive_description:/home/srjn/ros2_ws/install/turtle_ctrl_launch:/home/srjn/ros2_ws/install/symlink:/home/srjn/ros2_ws/install/srvcli_py:/home/srjn/ros2_ws/install/pubsub_py:/home/srjn/ros2_ws/install/minimal_pkg:/home/srjn/ros2_ws/install/first_pytest:/opt/ros/jazzy DEBUGINFOD_URLS=https://debuginfod.ubuntu.com /usr/bin/cmake --build /home/srjn/ros2_ws/build/pendulum_robot_description -- -j16 -l16
[1.392s] DEBUG:colcon.colcon_core.event_handler.log_command:Invoking command in '/home/srjn/ros2_ws/build/pendulum_robot_description': CMAKE_PREFIX_PATH=${CMAKE_PREFIX_PATH}:/home/srjn/ros2_ws/install/diff_drive_description:/home/srjn/ros2_ws/install/turtle_ctrl_launch:/home/srjn/ros2_ws/install/symlink:/home/srjn/ros2_ws/install/srvcli_py:/home/srjn/ros2_ws/install/pubsub_py:/home/srjn/ros2_ws/install/minimal_pkg:/home/srjn/ros2_ws/install/first_pytest:/opt/ros/jazzy DEBUGINFOD_URLS=https://debuginfod.ubuntu.com /usr/bin/cmake --install /home/srjn/ros2_ws/build/pendulum_robot_description
[1.590s] INFO:colcon.colcon_core.task.python.build:Building Python package in '/home/srjn/ros2_ws/src/turtle_ctrl_launch'
[1.590s] INFO:colcon.colcon_core.shell:Skip shell extension 'powershell' for command environment: Not usable outside of PowerShell
[1.591s] DEBUG:colcon.colcon_core.shell:Skip shell extension 'dsv' for command environment
[1.609s] Level 1:colcon.colcon_core.environment:create_environment_scripts_only(pendulum_robot_description)
[1.611s] DEBUG:colcon.colcon_core.event_handler.log_command:Invoked command in '/home/srjn/ros2_ws/build/pendulum_robot_description' returned '0': CMAKE_PREFIX_PATH=${CMAKE_PREFIX_PATH}:/home/srjn/ros2_ws/install/diff_drive_description:/home/srjn/ros2_ws/install/turtle_ctrl_launch:/home/srjn/ros2_ws/install/symlink:/home/srjn/ros2_ws/install/srvcli_py:/home/srjn/ros2_ws/install/pubsub_py:/home/srjn/ros2_ws/install/minimal_pkg:/home/srjn/ros2_ws/install/first_pytest:/opt/ros/jazzy DEBUGINFOD_URLS=https://debuginfod.ubuntu.com /usr/bin/cmake --install /home/srjn/ros2_ws/build/pendulum_robot_description
[1.613s] Level 1:colcon.colcon_core.environment:checking '/home/srjn/ros2_ws/install/pendulum_robot_description' for CMake module files
[1.614s] Level 1:colcon.colcon_core.environment:checking '/home/srjn/ros2_ws/install/pendulum_robot_description' for CMake config files
[1.614s] Level 1:colcon.colcon_core.shell:create_environment_hook('pendulum_robot_description', 'cmake_prefix_path')
[1.614s] INFO:colcon.colcon_core.shell:Creating environment hook '/home/srjn/ros2_ws/install/pendulum_robot_description/share/pendulum_robot_description/hook/cmake_prefix_path.ps1'
[1.615s] INFO:colcon.colcon_core.shell:Creating environment descriptor '/home/srjn/ros2_ws/install/pendulum_robot_description/share/pendulum_robot_description/hook/cmake_prefix_path.dsv'
[1.615s] INFO:colcon.colcon_core.shell:Creating environment hook '/home/srjn/ros2_ws/install/pendulum_robot_description/share/pendulum_robot_description/hook/cmake_prefix_path.sh'
[1.616s] Level 1:colcon.colcon_core.environment:checking '/home/srjn/ros2_ws/install/pendulum_robot_description/bin'
[1.616s] Level 1:colcon.colcon_core.environment:checking '/home/srjn/ros2_ws/install/pendulum_robot_description/lib/pkgconfig/pendulum_robot_description.pc'
[1.616s] Level 1:colcon.colcon_core.environment:checking '/home/srjn/ros2_ws/install/pendulum_robot_description/lib/python3.12/site-packages'
[1.616s] Level 1:colcon.colcon_core.environment:checking '/home/srjn/ros2_ws/install/pendulum_robot_description/bin'
[1.616s] INFO:colcon.colcon_core.shell:Creating package script '/home/srjn/ros2_ws/install/pendulum_robot_description/share/pendulum_robot_description/package.ps1'
[1.617s] INFO:colcon.colcon_core.shell:Creating package descriptor '/home/srjn/ros2_ws/install/pendulum_robot_description/share/pendulum_robot_description/package.dsv'
[1.617s] INFO:colcon.colcon_core.shell:Creating package script '/home/srjn/ros2_ws/install/pendulum_robot_description/share/pendulum_robot_description/package.sh'
[1.618s] INFO:colcon.colcon_core.shell:Creating package script '/home/srjn/ros2_ws/install/pendulum_robot_description/share/pendulum_robot_description/package.bash'
[1.618s] INFO:colcon.colcon_core.shell:Creating package script '/home/srjn/ros2_ws/install/pendulum_robot_description/share/pendulum_robot_description/package.zsh'
[1.619s] Level 1:colcon.colcon_core.environment:create_file_with_runtime_dependencies(/home/srjn/ros2_ws/install/pendulum_robot_description/share/colcon-core/packages/pendulum_robot_description)
[1.619s] Level 1:colcon.colcon_core.environment:create_environment_scripts_only(pendulum_robot_description)
[1.619s] Level 1:colcon.colcon_core.environment:checking '/home/srjn/ros2_ws/install/pendulum_robot_description' for CMake module files
[1.620s] Level 1:colcon.colcon_core.environment:checking '/home/srjn/ros2_ws/install/pendulum_robot_description' for CMake config files
[1.620s] Level 1:colcon.colcon_core.shell:create_environment_hook('pendulum_robot_description', 'cmake_prefix_path')
[1.620s] INFO:colcon.colcon_core.shell:Creating environment hook '/home/srjn/ros2_ws/install/pendulum_robot_description/share/pendulum_robot_description/hook/cmake_prefix_path.ps1'
[1.620s] INFO:colcon.colcon_core.shell:Creating environment descriptor '/home/srjn/ros2_ws/install/pendulum_robot_description/share/pendulum_robot_description/hook/cmake_prefix_path.dsv'
[1.621s] INFO:colcon.colcon_core.shell:Creating environment hook '/home/srjn/ros2_ws/install/pendulum_robot_description/share/pendulum_robot_description/hook/cmake_prefix_path.sh'
[1.621s] Level 1:colcon.colcon_core.environment:checking '/home/srjn/ros2_ws/install/pendulum_robot_description/bin'
[1.621s] Level 1:colcon.colcon_core.environment:checking '/home/srjn/ros2_ws/install/pendulum_robot_description/lib/pkgconfig/pendulum_robot_description.pc'
[1.621s] Level 1:colcon.colcon_core.environment:checking '/home/srjn/ros2_ws/install/pendulum_robot_description/lib/python3.12/site-packages'
[1.622s] Level 1:colcon.colcon_core.environment:checking '/home/srjn/ros2_ws/install/pendulum_robot_description/bin'
[1.622s] INFO:colcon.colcon_core.shell:Creating package script '/home/srjn/ros2_ws/install/pendulum_robot_description/share/pendulum_robot_description/package.ps1'
[1.622s] INFO:colcon.colcon_core.shell:Creating package descriptor '/home/srjn/ros2_ws/install/pendulum_robot_description/share/pendulum_robot_description/package.dsv'
[1.622s] INFO:colcon.colcon_core.shell:Creating package script '/home/srjn/ros2_ws/install/pendulum_robot_description/share/pendulum_robot_description/package.sh'
[1.623s] INFO:colcon.colcon_core.shell:Creating package script '/home/srjn/ros2_ws/install/pendulum_robot_description/share/pendulum_robot_description/package.bash'
[1.623s] INFO:colcon.colcon_core.shell:Creating package script '/home/srjn/ros2_ws/install/pendulum_robot_description/share/pendulum_robot_description/package.zsh'
[1.623s] Level 1:colcon.colcon_core.environment:create_file_with_runtime_dependencies(/home/srjn/ros2_ws/install/pendulum_robot_description/share/colcon-core/packages/pendulum_robot_description)
[1.623s] Level 1:colcon.colcon_core.environment:create_environment_scripts_only(action_pkg)
[1.624s] Level 1:colcon.colcon_core.environment:checking '/home/srjn/ros2_ws/install/action_pkg' for CMake module files
[1.624s] Level 1:colcon.colcon_core.environment:checking '/home/srjn/ros2_ws/install/action_pkg' for CMake config files
[1.625s] DEBUG:colcon.colcon_core.event_handler.log_command:Invoked command in '/home/srjn/ros2_ws/build/action_pkg' returned '0': CMAKE_PREFIX_PATH=${CMAKE_PREFIX_PATH}:/home/srjn/ros2_ws/install/diff_drive_description:/home/srjn/ros2_ws/install/turtle_ctrl_launch:/home/srjn/ros2_ws/install/symlink:/home/srjn/ros2_ws/install/srvcli_py:/home/srjn/ros2_ws/install/pubsub_py:/home/srjn/ros2_ws/install/minimal_pkg:/home/srjn/ros2_ws/install/first_pytest:/opt/ros/jazzy DEBUGINFOD_URLS=https://debuginfod.ubuntu.com /usr/bin/cmake --install /home/srjn/ros2_ws/build/action_pkg
[1.625s] Level 1:colcon.colcon_core.shell:create_environment_hook('action_pkg', 'cmake_prefix_path')
[1.625s] INFO:colcon.colcon_core.shell:Creating environment hook '/home/srjn/ros2_ws/install/action_pkg/share/action_pkg/hook/cmake_prefix_path.ps1'
[1.626s] INFO:colcon.colcon_core.shell:Creating environment descriptor '/home/srjn/ros2_ws/install/action_pkg/share/action_pkg/hook/cmake_prefix_path.dsv'
[1.626s] INFO:colcon.colcon_core.shell:Creating environment hook '/home/srjn/ros2_ws/install/action_pkg/share/action_pkg/hook/cmake_prefix_path.sh'
[1.626s] Level 1:colcon.colcon_core.environment:checking '/home/srjn/ros2_ws/install/action_pkg/bin'
[1.626s] Level 1:colcon.colcon_core.environment:checking '/home/srjn/ros2_ws/install/action_pkg/lib/pkgconfig/action_pkg.pc'
[1.626s] Level 1:colcon.colcon_core.environment:checking '/home/srjn/ros2_ws/install/action_pkg/lib/python3.12/site-packages'
[1.627s] Level 1:colcon.colcon_core.environment:checking '/home/srjn/ros2_ws/install/action_pkg/bin'
[1.627s] INFO:colcon.colcon_core.shell:Creating package script '/home/srjn/ros2_ws/install/action_pkg/share/action_pkg/package.ps1'
[1.627s] INFO:colcon.colcon_core.shell:Creating package descriptor '/home/srjn/ros2_ws/install/action_pkg/share/action_pkg/package.dsv'
[1.627s] INFO:colcon.colcon_core.shell:Creating package script '/home/srjn/ros2_ws/install/action_pkg/share/action_pkg/package.sh'
[1.628s] INFO:colcon.colcon_core.shell:Creating package script '/home/srjn/ros2_ws/install/action_pkg/share/action_pkg/package.bash'
[1.628s] INFO:colcon.colcon_core.shell:Creating package script '/home/srjn/ros2_ws/install/action_pkg/share/action_pkg/package.zsh'
[1.628s] Level 1:colcon.colcon_core.environment:create_file_with_runtime_dependencies(/home/srjn/ros2_ws/install/action_pkg/share/colcon-core/packages/action_pkg)
[1.629s] Level 1:colcon.colcon_core.environment:create_environment_scripts_only(action_pkg)
[1.629s] Level 1:colcon.colcon_core.environment:checking '/home/srjn/ros2_ws/install/action_pkg' for CMake module files
[1.629s] Level 1:colcon.colcon_core.environment:checking '/home/srjn/ros2_ws/install/action_pkg' for CMake config files
[1.630s] Level 1:colcon.colcon_core.shell:create_environment_hook('action_pkg', 'cmake_prefix_path')
[1.630s] INFO:colcon.colcon_core.shell:Creating environment hook '/home/srjn/ros2_ws/install/action_pkg/share/action_pkg/hook/cmake_prefix_path.ps1'
[1.630s] INFO:colcon.colcon_core.shell:Creating environment descriptor '/home/srjn/ros2_ws/install/action_pkg/share/action_pkg/hook/cmake_prefix_path.dsv'
[1.630s] INFO:colcon.colcon_core.shell:Creating environment hook '/home/srjn/ros2_ws/install/action_pkg/share/action_pkg/hook/cmake_prefix_path.sh'
[1.631s] Level 1:colcon.colcon_core.environment:checking '/home/srjn/ros2_ws/install/action_pkg/bin'
[1.631s] Level 1:colcon.colcon_core.environment:checking '/home/srjn/ros2_ws/install/action_pkg/lib/pkgconfig/action_pkg.pc'
[1.631s] Level 1:colcon.colcon_core.environment:checking '/home/srjn/ros2_ws/install/action_pkg/lib/python3.12/site-packages'
[1.631s] Level 1:colcon.colcon_core.environment:checking '/home/srjn/ros2_ws/install/action_pkg/bin'
[1.631s] INFO:colcon.colcon_core.shell:Creating package script '/home/srjn/ros2_ws/install/action_pkg/share/action_pkg/package.ps1'
[1.632s] INFO:colcon.colcon_core.shell:Creating package descriptor '/home/srjn/ros2_ws/install/action_pkg/share/action_pkg/package.dsv'
[1.632s] INFO:colcon.colcon_core.shell:Creating package script '/home/srjn/ros2_ws/install/action_pkg/share/action_pkg/package.sh'
[1.632s] INFO:colcon.colcon_core.shell:Creating package script '/home/srjn/ros2_ws/install/action_pkg/share/action_pkg/package.bash'
[1.633s] INFO:colcon.colcon_core.shell:Creating package script '/home/srjn/ros2_ws/install/action_pkg/share/action_pkg/package.zsh'
[1.633s] Level 1:colcon.colcon_core.environment:create_file_with_runtime_dependencies(/home/srjn/ros2_ws/install/action_pkg/share/colcon-core/packages/action_pkg)
[1.633s] Level 1:colcon.colcon_core.environment:create_environment_scripts_only(srv_pkg)
[1.634s] Level 1:colcon.colcon_core.environment:checking '/home/srjn/ros2_ws/install/srv_pkg' for CMake module files
[1.635s] DEBUG:colcon.colcon_core.event_handler.log_command:Invoked command in '/home/srjn/ros2_ws/build/srv_pkg' returned '0': CMAKE_PREFIX_PATH=${CMAKE_PREFIX_PATH}:/home/srjn/ros2_ws/install/diff_drive_description:/home/srjn/ros2_ws/install/turtle_ctrl_launch:/home/srjn/ros2_ws/install/symlink:/home/srjn/ros2_ws/install/srvcli_py:/home/srjn/ros2_ws/install/pubsub_py:/home/srjn/ros2_ws/install/minimal_pkg:/home/srjn/ros2_ws/install/first_pytest:/opt/ros/jazzy DEBUGINFOD_URLS=https://debuginfod.ubuntu.com /usr/bin/cmake --install /home/srjn/ros2_ws/build/srv_pkg
[1.635s] Level 1:colcon.colcon_core.environment:checking '/home/srjn/ros2_ws/install/srv_pkg' for CMake config files
[1.636s] Level 1:colcon.colcon_core.shell:create_environment_hook('srv_pkg', 'cmake_prefix_path')
[1.637s] INFO:colcon.colcon_core.shell:Creating environment hook '/home/srjn/ros2_ws/install/srv_pkg/share/srv_pkg/hook/cmake_prefix_path.ps1'
[1.637s] INFO:colcon.colcon_core.shell:Creating environment descriptor '/home/srjn/ros2_ws/install/srv_pkg/share/srv_pkg/hook/cmake_prefix_path.dsv'
[1.637s] INFO:colcon.colcon_core.shell:Creating environment hook '/home/srjn/ros2_ws/install/srv_pkg/share/srv_pkg/hook/cmake_prefix_path.sh'
[1.638s] Level 1:colcon.colcon_core.environment:checking '/home/srjn/ros2_ws/install/srv_pkg/lib'
[1.638s] Level 1:colcon.colcon_core.shell:create_environment_hook('srv_pkg', 'ld_library_path_lib')
[1.638s] INFO:colcon.colcon_core.shell:Creating environment hook '/home/srjn/ros2_ws/install/srv_pkg/share/srv_pkg/hook/ld_library_path_lib.ps1'
[1.639s] INFO:colcon.colcon_core.shell:Creating environment descriptor '/home/srjn/ros2_ws/install/srv_pkg/share/srv_pkg/hook/ld_library_path_lib.dsv'
[1.639s] INFO:colcon.colcon_core.shell:Creating environment hook '/home/srjn/ros2_ws/install/srv_pkg/share/srv_pkg/hook/ld_library_path_lib.sh'
[1.640s] Level 1:colcon.colcon_core.environment:checking '/home/srjn/ros2_ws/install/srv_pkg/bin'
[1.640s] Level 1:colcon.colcon_core.environment:checking '/home/srjn/ros2_ws/install/srv_pkg/lib/pkgconfig/srv_pkg.pc'
[1.640s] Level 1:colcon.colcon_core.environment:checking '/home/srjn/ros2_ws/install/srv_pkg/lib/python3.12/site-packages'
[1.640s] Level 1:colcon.colcon_core.shell:create_environment_hook('srv_pkg', 'pythonpath')
[1.640s] INFO:colcon.colcon_core.shell:Creating environment hook '/home/srjn/ros2_ws/install/srv_pkg/share/srv_pkg/hook/pythonpath.ps1'
[1.641s] INFO:colcon.colcon_core.shell:Creating environment descriptor '/home/srjn/ros2_ws/install/srv_pkg/share/srv_pkg/hook/pythonpath.dsv'
[1.641s] INFO:colcon.colcon_core.shell:Creating environment hook '/home/srjn/ros2_ws/install/srv_pkg/share/srv_pkg/hook/pythonpath.sh'
[1.642s] Level 1:colcon.colcon_core.environment:checking '/home/srjn/ros2_ws/install/srv_pkg/bin'
[1.642s] INFO:colcon.colcon_core.shell:Creating package script '/home/srjn/ros2_ws/install/srv_pkg/share/srv_pkg/package.ps1'
[1.643s] INFO:colcon.colcon_core.shell:Creating package descriptor '/home/srjn/ros2_ws/install/srv_pkg/share/srv_pkg/package.dsv'
[1.643s] INFO:colcon.colcon_core.shell:Creating package script '/home/srjn/ros2_ws/install/srv_pkg/share/srv_pkg/package.sh'
[1.644s] INFO:colcon.colcon_core.shell:Creating package script '/home/srjn/ros2_ws/install/srv_pkg/share/srv_pkg/package.bash'
[1.644s] INFO:colcon.colcon_core.shell:Creating package script '/home/srjn/ros2_ws/install/srv_pkg/share/srv_pkg/package.zsh'
[1.644s] Level 1:colcon.colcon_core.environment:create_file_with_runtime_dependencies(/home/srjn/ros2_ws/install/srv_pkg/share/colcon-core/packages/srv_pkg)
[1.645s] Level 1:colcon.colcon_core.environment:create_environment_scripts_only(srv_pkg)
[1.645s] Level 1:colcon.colcon_core.environment:checking '/home/srjn/ros2_ws/install/srv_pkg' for CMake module files
[1.646s] Level 1:colcon.colcon_core.environment:checking '/home/srjn/ros2_ws/install/srv_pkg' for CMake config files
[1.647s] Level 1:colcon.colcon_core.shell:create_environment_hook('srv_pkg', 'cmake_prefix_path')
[1.647s] INFO:colcon.colcon_core.shell:Creating environment hook '/home/srjn/ros2_ws/install/srv_pkg/share/srv_pkg/hook/cmake_prefix_path.ps1'
[1.648s] INFO:colcon.colcon_core.shell:Creating environment descriptor '/home/srjn/ros2_ws/install/srv_pkg/share/srv_pkg/hook/cmake_prefix_path.dsv'
[1.648s] INFO:colcon.colcon_core.shell:Creating environment hook '/home/srjn/ros2_ws/install/srv_pkg/share/srv_pkg/hook/cmake_prefix_path.sh'
[1.649s] Level 1:colcon.colcon_core.environment:checking '/home/srjn/ros2_ws/install/srv_pkg/lib'
[1.649s] Level 1:colcon.colcon_core.shell:create_environment_hook('srv_pkg', 'ld_library_path_lib')
[1.649s] INFO:colcon.colcon_core.shell:Creating environment hook '/home/srjn/ros2_ws/install/srv_pkg/share/srv_pkg/hook/ld_library_path_lib.ps1'
[1.650s] INFO:colcon.colcon_core.shell:Creating environment descriptor '/home/srjn/ros2_ws/install/srv_pkg/share/srv_pkg/hook/ld_library_path_lib.dsv'
[1.650s] INFO:colcon.colcon_core.shell:Creating environment hook '/home/srjn/ros2_ws/install/srv_pkg/share/srv_pkg/hook/ld_library_path_lib.sh'
[1.650s] Level 1:colcon.colcon_core.environment:checking '/home/srjn/ros2_ws/install/srv_pkg/bin'
[1.651s] Level 1:colcon.colcon_core.environment:checking '/home/srjn/ros2_ws/install/srv_pkg/lib/pkgconfig/srv_pkg.pc'
[1.651s] Level 1:colcon.colcon_core.environment:checking '/home/srjn/ros2_ws/install/srv_pkg/lib/python3.12/site-packages'
[1.651s] Level 1:colcon.colcon_core.shell:create_environment_hook('srv_pkg', 'pythonpath')
[1.651s] INFO:colcon.colcon_core.shell:Creating environment hook '/home/srjn/ros2_ws/install/srv_pkg/share/srv_pkg/hook/pythonpath.ps1'
[1.652s] INFO:colcon.colcon_core.shell:Creating environment descriptor '/home/srjn/ros2_ws/install/srv_pkg/share/srv_pkg/hook/pythonpath.dsv'
[1.652s] INFO:colcon.colcon_core.shell:Creating environment hook '/home/srjn/ros2_ws/install/srv_pkg/share/srv_pkg/hook/pythonpath.sh'
[1.652s] Level 1:colcon.colcon_core.environment:checking '/home/srjn/ros2_ws/install/srv_pkg/bin'
[1.653s] INFO:colcon.colcon_core.shell:Creating package script '/home/srjn/ros2_ws/install/srv_pkg/share/srv_pkg/package.ps1'
[1.653s] INFO:colcon.colcon_core.shell:Creating package descriptor '/home/srjn/ros2_ws/install/srv_pkg/share/srv_pkg/package.dsv'
[1.654s] INFO:colcon.colcon_core.shell:Creating package script '/home/srjn/ros2_ws/install/srv_pkg/share/srv_pkg/package.sh'
[1.654s] INFO:colcon.colcon_core.shell:Creating package script '/home/srjn/ros2_ws/install/srv_pkg/share/srv_pkg/package.bash'
[1.654s] INFO:colcon.colcon_core.shell:Creating package script '/home/srjn/ros2_ws/install/srv_pkg/share/srv_pkg/package.zsh'
[1.655s] Level 1:colcon.colcon_core.environment:create_file_with_runtime_dependencies(/home/srjn/ros2_ws/install/srv_pkg/share/colcon-core/packages/srv_pkg)
[1.656s] INFO:colcon.colcon_ros.task.ament_python.build:Building ROS package in '/home/srjn/ros2_ws/srvcli_py' with build type 'ament_python'
[1.656s] Level 1:colcon.colcon_core.shell:create_environment_hook('srvcli_py', 'ament_prefix_path')
[1.656s] INFO:colcon.colcon_core.shell:Creating environment hook '/home/srjn/ros2_ws/install/srvcli_py/share/srvcli_py/hook/ament_prefix_path.ps1'
[1.657s] INFO:colcon.colcon_core.shell:Creating environment descriptor '/home/srjn/ros2_ws/install/srvcli_py/share/srvcli_py/hook/ament_prefix_path.dsv'
[1.657s] INFO:colcon.colcon_core.shell:Creating environment hook '/home/srjn/ros2_ws/install/srvcli_py/share/srvcli_py/hook/ament_prefix_path.sh'
[1.658s] INFO:colcon.colcon_core.shell:Skip shell extension 'powershell' for command environment: Not usable outside of PowerShell
[1.658s] DEBUG:colcon.colcon_core.shell:Skip shell extension 'dsv' for command environment
[1.911s] INFO:colcon.colcon_core.task.python.build:Building Python package in '/home/srjn/ros2_ws/srvcli_py'
[1.912s] INFO:colcon.colcon_core.shell:Skip shell extension 'powershell' for command environment: Not usable outside of PowerShell
[1.912s] DEBUG:colcon.colcon_core.shell:Skip shell extension 'dsv' for command environment
[2.254s] DEBUG:colcon.colcon_core.event_handler.log_command:Invoking command in '/home/srjn/ros2_ws/build/minimal_pkg': DEBUGINFOD_URLS=https://debuginfod.ubuntu.com PYTHONPATH=/home/srjn/ros2_ws/build/minimal_pkg/prefix_override:/usr/lib/python3/dist-packages/colcon_core/task/python/colcon_distutils_commands:/home/srjn/ros2_ws/install/minimal_pkg/lib/python3.12/site-packages:${PYTHONPATH} /usr/bin/python3 -W ignore:setup.py install is deprecated -W ignore:easy_install command is deprecated setup.py develop --editable --build-directory /home/srjn/ros2_ws/build/minimal_pkg/build --no-deps symlink_data
[2.258s] DEBUG:colcon.colcon_core.event_handler.log_command:Invoking command in '/home/srjn/ros2_ws/build/diff_drive_description': DEBUGINFOD_URLS=https://debuginfod.ubuntu.com PYTHONPATH=/home/srjn/ros2_ws/build/diff_drive_description/prefix_override:/usr/lib/python3/dist-packages/colcon_core/task/python/colcon_distutils_commands:/home/srjn/ros2_ws/install/diff_drive_description/lib/python3.12/site-packages:${PYTHONPATH} /usr/bin/python3 -W ignore:setup.py install is deprecated -W ignore:easy_install command is deprecated setup.py develop --editable --build-directory /home/srjn/ros2_ws/build/diff_drive_description/build --no-deps symlink_data
[2.279s] DEBUG:colcon.colcon_core.event_handler.log_command:Invoking command in '/home/srjn/ros2_ws/build/first_pytest': DEBUGINFOD_URLS=https://debuginfod.ubuntu.com PYTHONPATH=/home/srjn/ros2_ws/build/first_pytest/prefix_override:/usr/lib/python3/dist-packages/colcon_core/task/python/colcon_distutils_commands:/home/srjn/ros2_ws/install/first_pytest/lib/python3.12/site-packages:${PYTHONPATH} /usr/bin/python3 -W ignore:setup.py install is deprecated -W ignore:easy_install command is deprecated setup.py develop --editable --build-directory /home/srjn/ros2_ws/build/first_pytest/build --no-deps symlink_data
[2.310s] DEBUG:colcon.colcon_core.event_handler.log_command:Invoking command in '/home/srjn/ros2_ws/build/pubsub_py': DEBUGINFOD_URLS=https://debuginfod.ubuntu.com PYTHONPATH=/home/srjn/ros2_ws/build/pubsub_py/prefix_override:/usr/lib/python3/dist-packages/colcon_core/task/python/colcon_distutils_commands:/home/srjn/ros2_ws/install/pubsub_py/lib/python3.12/site-packages:${PYTHONPATH} /usr/bin/python3 -W ignore:setup.py install is deprecated -W ignore:easy_install command is deprecated setup.py develop --editable --build-directory /home/srjn/ros2_ws/build/pubsub_py/build --no-deps symlink_data
[2.314s] DEBUG:colcon.colcon_core.event_handler.log_command:Invoking command in '/home/srjn/ros2_ws/build/symlink': DEBUGINFOD_URLS=https://debuginfod.ubuntu.com PYTHONPATH=/home/srjn/ros2_ws/build/symlink/prefix_override:/usr/lib/python3/dist-packages/colcon_core/task/python/colcon_distutils_commands:/home/srjn/ros2_ws/install/symlink/lib/python3.12/site-packages:${PYTHONPATH} /usr/bin/python3 -W ignore:setup.py install is deprecated -W ignore:easy_install command is deprecated setup.py develop --editable --build-directory /home/srjn/ros2_ws/build/symlink/build --no-deps symlink_data
[2.342s] DEBUG:colcon.colcon_core.event_handler.log_command:Invoking command in '/home/srjn/ros2_ws/build/turtle_ctrl_launch': DEBUGINFOD_URLS=https://debuginfod.ubuntu.com PYTHONPATH=/home/srjn/ros2_ws/build/turtle_ctrl_launch/prefix_override:/usr/lib/python3/dist-packages/colcon_core/task/python/colcon_distutils_commands:/home/srjn/ros2_ws/install/turtle_ctrl_launch/lib/python3.12/site-packages:${PYTHONPATH} /usr/bin/python3 -W ignore:setup.py install is deprecated -W ignore:easy_install command is deprecated setup.py develop --editable --build-directory /home/srjn/ros2_ws/build/turtle_ctrl_launch/build --no-deps symlink_data
[2.553s] DEBUG:colcon.colcon_core.event_handler.log_command:Invoking command in '/home/srjn/ros2_ws/build/srvcli_py': DEBUGINFOD_URLS=https://debuginfod.ubuntu.com PYTHONPATH=/home/srjn/ros2_ws/build/srvcli_py/prefix_override:/usr/lib/python3/dist-packages/colcon_core/task/python/colcon_distutils_commands:/home/srjn/ros2_ws/install/srvcli_py/lib/python3.12/site-packages:/home/srjn/ros2_ws/install/srv_pkg/lib/python3.12/site-packages:/home/srjn/ros2_ws/build/diff_drive_description:/home/srjn/ros2_ws/install/diff_drive_description/lib/python3.12/site-packages:/home/srjn/ros2_ws/build/turtle_ctrl_launch:/home/srjn/ros2_ws/install/turtle_ctrl_launch/lib/python3.12/site-packages:/home/srjn/ros2_ws/build/symlink:/home/srjn/ros2_ws/install/symlink/lib/python3.12/site-packages:/home/srjn/ros2_ws/build/srvcli_py:/home/srjn/ros2_ws/install/srvcli_py/lib/python3.12/site-packages:/home/srjn/ros2_ws/build/pubsub_py:/home/srjn/ros2_ws/install/pubsub_py/lib/python3.12/site-packages:/home/srjn/ros2_ws/build/minimal_pkg:/home/srjn/ros2_ws/install/minimal_pkg/lib/python3.12/site-packages:/home/srjn/ros2_ws/build/first_pytest:/home/srjn/ros2_ws/install/first_pytest/lib/python3.12/site-packages:/opt/ros/jazzy/lib/python3.12/site-packages /usr/bin/python3 -W ignore:setup.py install is deprecated -W ignore:easy_install command is deprecated setup.py develop --editable --build-directory /home/srjn/ros2_ws/build/srvcli_py/build --no-deps symlink_data
[2.988s] DEBUG:colcon.colcon_core.event_handler.log_command:Invoked command in '/home/srjn/ros2_ws/build/diff_drive_description' returned '1': DEBUGINFOD_URLS=https://debuginfod.ubuntu.com PYTHONPATH=/home/srjn/ros2_ws/build/diff_drive_description/prefix_override:/usr/lib/python3/dist-packages/colcon_core/task/python/colcon_distutils_commands:/home/srjn/ros2_ws/install/diff_drive_description/lib/python3.12/site-packages:${PYTHONPATH} /usr/bin/python3 -W ignore:setup.py install is deprecated -W ignore:easy_install command is deprecated setup.py develop --editable --build-directory /home/srjn/ros2_ws/build/diff_drive_description/build --no-deps symlink_data
[3.273s] DEBUG:colcon.colcon_parallel_executor.executor.parallel:closing loop
[3.273s] DEBUG:colcon.colcon_parallel_executor.executor.parallel:loop closed
[3.274s] DEBUG:colcon.colcon_parallel_executor.executor.parallel:run_until_complete finished with '1'
[3.274s] DEBUG:colcon.colcon_core.event_reactor:joining thread
[3.280s] INFO:colcon.colcon_core.plugin_system:Skipping extension 'colcon_notification.desktop_notification.terminal_notifier': Not used on non-Darwin systems
[3.280s] INFO:colcon.colcon_core.plugin_system:Skipping extension 'colcon_notification.desktop_notification.win32': Not used on non-Windows systems
[3.281s] INFO:colcon.colcon_notification.desktop_notification:Sending desktop notification using 'notify2'
[3.300s] DEBUG:colcon.colcon_core.event_reactor:joined thread
[3.301s] INFO:colcon.colcon_core.shell:Creating prefix script '/home/srjn/ros2_ws/install/local_setup.ps1'
[3.302s] INFO:colcon.colcon_core.shell:Creating prefix util module '/home/srjn/ros2_ws/install/_local_setup_util_ps1.py'
[3.303s] INFO:colcon.colcon_core.shell:Creating prefix chain script '/home/srjn/ros2_ws/install/setup.ps1'
[3.304s] INFO:colcon.colcon_core.shell:Creating prefix script '/home/srjn/ros2_ws/install/local_setup.sh'
[3.305s] INFO:colcon.colcon_core.shell:Creating prefix util module '/home/srjn/ros2_ws/install/_local_setup_util_sh.py'
[3.306s] INFO:colcon.colcon_core.shell:Creating prefix chain script '/home/srjn/ros2_ws/install/setup.sh'
[3.307s] INFO:colcon.colcon_core.shell:Creating prefix script '/home/srjn/ros2_ws/install/local_setup.bash'
[3.308s] INFO:colcon.colcon_core.shell:Creating prefix chain script '/home/srjn/ros2_ws/install/setup.bash'
[3.309s] INFO:colcon.colcon_core.shell:Creating prefix script '/home/srjn/ros2_ws/install/local_setup.zsh'
[3.309s] INFO:colcon.colcon_core.shell:Creating prefix chain script '/home/srjn/ros2_ws/install/setup.zsh'
