[0.772s] Invoking command in '/home/srjn/ros2_ws/build/diff_drive_description': DEBUGINFOD_URLS=https://debuginfod.ubuntu.com PYTHONPATH=/home/srjn/ros2_ws/build/diff_drive_description/prefix_override:/usr/lib/python3/dist-packages/colcon_core/task/python/colcon_distutils_commands:/home/srjn/ros2_ws/install/diff_drive_description/lib/python3.12/site-packages:${PYTHONPATH} /usr/bin/python3 -W ignore:setup.py install is deprecated -W ignore:easy_install command is deprecated setup.py develop --uninstall --editable --build-directory /home/srjn/ros2_ws/build/diff_drive_description/build
[1.062s] running develop
[1.266s] Removing /home/srjn/ros2_ws/install/diff_drive_description/lib/python3.12/site-packages/diff-drive-description.egg-link (link to .)
[1.297s] Invoked command in '/home/srjn/ros2_ws/build/diff_drive_description' returned '0': DEBUGINFOD_URLS=https://debuginfod.ubuntu.com PYTHONPATH=/home/srjn/ros2_ws/build/diff_drive_description/prefix_override:/usr/lib/python3/dist-packages/colcon_core/task/python/colcon_distutils_commands:/home/srjn/ros2_ws/install/diff_drive_description/lib/python3.12/site-packages:${PYTHONPATH} /usr/bin/python3 -W ignore:setup.py install is deprecated -W ignore:easy_install command is deprecated setup.py develop --uninstall --editable --build-directory /home/srjn/ros2_ws/build/diff_drive_description/build
[1.299s] Invoking command in '/home/srjn/ros2_ws/src/diff_drive_description': DEBUGINFOD_URLS=https://debuginfod.ubuntu.com PYTHONPATH=/home/srjn/ros2_ws/build/diff_drive_description/prefix_override:/usr/lib/python3/dist-packages/colcon_core/task/python/colcon_distutils_commands:/home/srjn/ros2_ws/install/diff_drive_description/lib/python3.12/site-packages:${PYTHONPATH} /usr/bin/python3 -W ignore:setup.py install is deprecated -W ignore:easy_install command is deprecated setup.py egg_info --egg-base ../../build/diff_drive_description build --build-base /home/srjn/ros2_ws/build/diff_drive_description/build install --record /home/srjn/ros2_ws/build/diff_drive_description/install.log --single-version-externally-managed install_data --force
[1.549s] running egg_info
[1.566s] writing ../../build/diff_drive_description/diff_drive_description.egg-info/PKG-INFO
[1.566s] writing dependency_links to ../../build/diff_drive_description/diff_drive_description.egg-info/dependency_links.txt
[1.566s] writing requirements to ../../build/diff_drive_description/diff_drive_description.egg-info/requires.txt
[1.566s] writing top-level names to ../../build/diff_drive_description/diff_drive_description.egg-info/top_level.txt
[1.602s] reading manifest file '../../build/diff_drive_description/diff_drive_description.egg-info/SOURCES.txt'
[1.602s] writing manifest file '../../build/diff_drive_description/diff_drive_description.egg-info/SOURCES.txt'
[1.602s] running build
[1.602s] running build_py
[1.603s] creating /home/srjn/ros2_ws/build/diff_drive_description/build
[1.603s] creating /home/srjn/ros2_ws/build/diff_drive_description/build/lib
[1.603s] creating /home/srjn/ros2_ws/build/diff_drive_description/build/lib/diff_drive_description
[1.603s] copying diff_drive_description/__init__.py -> /home/srjn/ros2_ws/build/diff_drive_description/build/lib/diff_drive_description
[1.603s] running install
[1.608s] running install_lib
[1.632s] creating /home/srjn/ros2_ws/install/diff_drive_description/lib/python3.12/site-packages/diff_drive_description
[1.633s] copying /home/srjn/ros2_ws/build/diff_drive_description/build/lib/diff_drive_description/__init__.py -> /home/srjn/ros2_ws/install/diff_drive_description/lib/python3.12/site-packages/diff_drive_description
[1.633s] byte-compiling /home/srjn/ros2_ws/install/diff_drive_description/lib/python3.12/site-packages/diff_drive_description/__init__.py to __init__.cpython-312.pyc
[1.633s] running install_data
[1.633s] copying resource/diff_drive_description -> /home/srjn/ros2_ws/install/diff_drive_description/share/ament_index/resource_index/packages
[1.633s] copying package.xml -> /home/srjn/ros2_ws/install/diff_drive_description/share/diff_drive_description
[1.634s] copying urdf/diff_drive_macro.xacro -> /home/srjn/ros2_ws/install/diff_drive_description/share/diff_drive_description
[1.634s] copying urdf/diff_drive.xacro -> /home/srjn/ros2_ws/install/diff_drive_description/share/diff_drive_description
[1.634s] error: can't copy 'urdf/diff_drive_with_lidar.xacro': doesn't exist or not a regular file
[1.657s] Invoked command in '/home/srjn/ros2_ws/src/diff_drive_description' returned '1': DEBUGINFOD_URLS=https://debuginfod.ubuntu.com PYTHONPATH=/home/srjn/ros2_ws/build/diff_drive_description/prefix_override:/usr/lib/python3/dist-packages/colcon_core/task/python/colcon_distutils_commands:/home/srjn/ros2_ws/install/diff_drive_description/lib/python3.12/site-packages:${PYTHONPATH} /usr/bin/python3 -W ignore:setup.py install is deprecated -W ignore:easy_install command is deprecated setup.py egg_info --egg-base ../../build/diff_drive_description build --build-base /home/srjn/ros2_ws/build/diff_drive_description/build install --record /home/srjn/ros2_ws/build/diff_drive_description/install.log --single-version-externally-managed install_data --force
