[1.520s] Invoking command in '/home/srjn/ros2_ws/build/turtle_ctrl_launch': DEBUGINFOD_URLS=https://debuginfod.ubuntu.com PYTHONPATH=/home/srjn/ros2_ws/build/turtle_ctrl_launch/prefix_override:/usr/lib/python3/dist-packages/colcon_core/task/python/colcon_distutils_commands:/home/srjn/ros2_ws/install/turtle_ctrl_launch/lib/python3.12/site-packages:${PYTHONPATH} /usr/bin/python3 -W ignore:setup.py install is deprecated -W ignore:easy_install command is deprecated setup.py develop --editable --build-directory /home/srjn/ros2_ws/build/turtle_ctrl_launch/build --no-deps symlink_data
[1.825s] running develop
[2.006s] running egg_info
[2.006s] creating turtle_ctrl_launch.egg-info
[2.025s] writing turtle_ctrl_launch.egg-info/PKG-INFO
[2.025s] writing dependency_links to turtle_ctrl_launch.egg-info/dependency_links.txt
[2.026s] writing requirements to turtle_ctrl_launch.egg-info/requires.txt
[2.026s] writing top-level names to turtle_ctrl_launch.egg-info/top_level.txt
[2.026s] writing manifest file 'turtle_ctrl_launch.egg-info/SOURCES.txt'
[2.068s] reading manifest file 'turtle_ctrl_launch.egg-info/SOURCES.txt'
[2.068s] writing manifest file 'turtle_ctrl_launch.egg-info/SOURCES.txt'
[2.091s] running build_ext
[2.091s] Creating /home/srjn/ros2_ws/install/turtle_ctrl_launch/lib/python3.12/site-packages/turtle-ctrl-launch.egg-link (link to .)
[2.092s] 
[2.092s] Installed /home/srjn/ros2_ws/build/turtle_ctrl_launch
[2.092s] running symlink_data
[2.092s] creating /home/srjn/ros2_ws/install/turtle_ctrl_launch/share/ament_index
[2.092s] creating /home/srjn/ros2_ws/install/turtle_ctrl_launch/share/ament_index/resource_index
[2.092s] creating /home/srjn/ros2_ws/install/turtle_ctrl_launch/share/ament_index/resource_index/packages
[2.092s] symbolically linking /home/srjn/ros2_ws/build/turtle_ctrl_launch/resource/turtle_ctrl_launch -> /home/srjn/ros2_ws/install/turtle_ctrl_launch/share/ament_index/resource_index/packages
[2.093s] symbolically linking /home/srjn/ros2_ws/build/turtle_ctrl_launch/package.xml -> /home/srjn/ros2_ws/install/turtle_ctrl_launch/share/turtle_ctrl_launch
[2.149s] Invoked command in '/home/srjn/ros2_ws/build/turtle_ctrl_launch' returned '0': DEBUGINFOD_URLS=https://debuginfod.ubuntu.com PYTHONPATH=/home/srjn/ros2_ws/build/turtle_ctrl_launch/prefix_override:/usr/lib/python3/dist-packages/colcon_core/task/python/colcon_distutils_commands:/home/srjn/ros2_ws/install/turtle_ctrl_launch/lib/python3.12/site-packages:${PYTHONPATH} /usr/bin/python3 -W ignore:setup.py install is deprecated -W ignore:easy_install command is deprecated setup.py develop --editable --build-directory /home/srjn/ros2_ws/build/turtle_ctrl_launch/build --no-deps symlink_data
