running develop
running egg_info
creating minimal_pkg.egg-info
writing minimal_pkg.egg-info/PKG-INFO
writing dependency_links to minimal_pkg.egg-info/dependency_links.txt
writing entry points to minimal_pkg.egg-info/entry_points.txt
writing requirements to minimal_pkg.egg-info/requires.txt
writing top-level names to minimal_pkg.egg-info/top_level.txt
writing manifest file 'minimal_pkg.egg-info/SOURCES.txt'
reading manifest file 'minimal_pkg.egg-info/SOURCES.txt'
writing manifest file 'minimal_pkg.egg-info/SOURCES.txt'
running build_ext
Creating /home/srjn/ros2_ws/install/minimal_pkg/lib/python3.12/site-packages/minimal-pkg.egg-link (link to .)
Installing minimal_node script to /home/srjn/ros2_ws/install/minimal_pkg/lib/minimal_pkg

Installed /home/srjn/ros2_ws/build/minimal_pkg
running symlink_data
creating /home/srjn/ros2_ws/install/minimal_pkg/share/ament_index
creating /home/srjn/ros2_ws/install/minimal_pkg/share/ament_index/resource_index
creating /home/srjn/ros2_ws/install/minimal_pkg/share/ament_index/resource_index/packages
symbolically linking /home/srjn/ros2_ws/build/minimal_pkg/resource/minimal_pkg -> /home/srjn/ros2_ws/install/minimal_pkg/share/ament_index/resource_index/packages
symbolically linking /home/srjn/ros2_ws/build/minimal_pkg/package.xml -> /home/srjn/ros2_ws/install/minimal_pkg/share/minimal_pkg
