[1.507s] Invoking command in '/home/srjn/ros2_ws/build/minimal_pkg': DEBUGINFOD_URLS=https://debuginfod.ubuntu.com PYTHONPATH=/home/srjn/ros2_ws/build/minimal_pkg/prefix_override:/usr/lib/python3/dist-packages/colcon_core/task/python/colcon_distutils_commands:/home/srjn/ros2_ws/install/minimal_pkg/lib/python3.12/site-packages:${PYTHONPATH} /usr/bin/python3 -W ignore:setup.py install is deprecated -W ignore:easy_install command is deprecated setup.py develop --editable --build-directory /home/srjn/ros2_ws/build/minimal_pkg/build --no-deps symlink_data
[1.812s] running develop
[2.000s] running egg_info
[2.000s] creating minimal_pkg.egg-info
[2.017s] writing minimal_pkg.egg-info/PKG-INFO
[2.017s] writing dependency_links to minimal_pkg.egg-info/dependency_links.txt
[2.017s] writing entry points to minimal_pkg.egg-info/entry_points.txt
[2.018s] writing requirements to minimal_pkg.egg-info/requires.txt
[2.018s] writing top-level names to minimal_pkg.egg-info/top_level.txt
[2.018s] writing manifest file 'minimal_pkg.egg-info/SOURCES.txt'
[2.059s] reading manifest file 'minimal_pkg.egg-info/SOURCES.txt'
[2.059s] writing manifest file 'minimal_pkg.egg-info/SOURCES.txt'
[2.079s] running build_ext
[2.079s] Creating /home/srjn/ros2_ws/install/minimal_pkg/lib/python3.12/site-packages/minimal-pkg.egg-link (link to .)
[2.080s] Installing minimal_node script to /home/srjn/ros2_ws/install/minimal_pkg/lib/minimal_pkg
[2.080s] 
[2.080s] Installed /home/srjn/ros2_ws/build/minimal_pkg
[2.080s] running symlink_data
[2.080s] creating /home/srjn/ros2_ws/install/minimal_pkg/share/ament_index
[2.080s] creating /home/srjn/ros2_ws/install/minimal_pkg/share/ament_index/resource_index
[2.081s] creating /home/srjn/ros2_ws/install/minimal_pkg/share/ament_index/resource_index/packages
[2.081s] symbolically linking /home/srjn/ros2_ws/build/minimal_pkg/resource/minimal_pkg -> /home/srjn/ros2_ws/install/minimal_pkg/share/ament_index/resource_index/packages
[2.081s] symbolically linking /home/srjn/ros2_ws/build/minimal_pkg/package.xml -> /home/srjn/ros2_ws/install/minimal_pkg/share/minimal_pkg
[2.121s] Invoked command in '/home/srjn/ros2_ws/build/minimal_pkg' returned '0': DEBUGINFOD_URLS=https://debuginfod.ubuntu.com PYTHONPATH=/home/srjn/ros2_ws/build/minimal_pkg/prefix_override:/usr/lib/python3/dist-packages/colcon_core/task/python/colcon_distutils_commands:/home/srjn/ros2_ws/install/minimal_pkg/lib/python3.12/site-packages:${PYTHONPATH} /usr/bin/python3 -W ignore:setup.py install is deprecated -W ignore:easy_install command is deprecated setup.py develop --editable --build-directory /home/srjn/ros2_ws/build/minimal_pkg/build --no-deps symlink_data
