running egg_info
creating build/symlink/symlink.egg-info
writing build/symlink/symlink.egg-info/PKG-INFO
writing dependency_links to build/symlink/symlink.egg-info/dependency_links.txt
writing entry points to build/symlink/symlink.egg-info/entry_points.txt
writing requirements to build/symlink/symlink.egg-info/requires.txt
writing top-level names to build/symlink/symlink.egg-info/top_level.txt
writing manifest file 'build/symlink/symlink.egg-info/SOURCES.txt'
reading manifest file 'build/symlink/symlink.egg-info/SOURCES.txt'
writing manifest file 'build/symlink/symlink.egg-info/SOURCES.txt'
running build
running build_py
creating /home/srjn/ros2_ws/src/symlink/build/symlink/build
creating /home/srjn/ros2_ws/src/symlink/build/symlink/build/lib
creating /home/srjn/ros2_ws/src/symlink/build/symlink/build/lib/symlink
copying symlink/__init__.py -> /home/srjn/ros2_ws/src/symlink/build/symlink/build/lib/symlink
copying symlink/hello_world_node.py -> /home/srjn/ros2_ws/src/symlink/build/symlink/build/lib/symlink
running install
running install_lib
creating /home/srjn/ros2_ws/src/symlink/install/symlink/lib/python3.12/site-packages/symlink
copying /home/srjn/ros2_ws/src/symlink/build/symlink/build/lib/symlink/__init__.py -> /home/srjn/ros2_ws/src/symlink/install/symlink/lib/python3.12/site-packages/symlink
copying /home/srjn/ros2_ws/src/symlink/build/symlink/build/lib/symlink/hello_world_node.py -> /home/srjn/ros2_ws/src/symlink/install/symlink/lib/python3.12/site-packages/symlink
byte-compiling /home/srjn/ros2_ws/src/symlink/install/symlink/lib/python3.12/site-packages/symlink/__init__.py to __init__.cpython-312.pyc
byte-compiling /home/srjn/ros2_ws/src/symlink/install/symlink/lib/python3.12/site-packages/symlink/hello_world_node.py to hello_world_node.cpython-312.pyc
running install_data
creating /home/srjn/ros2_ws/src/symlink/install/symlink/share/ament_index
creating /home/srjn/ros2_ws/src/symlink/install/symlink/share/ament_index/resource_index
creating /home/srjn/ros2_ws/src/symlink/install/symlink/share/ament_index/resource_index/packages
copying resource/symlink -> /home/srjn/ros2_ws/src/symlink/install/symlink/share/ament_index/resource_index/packages
copying package.xml -> /home/srjn/ros2_ws/src/symlink/install/symlink/share/symlink
running install_egg_info
Copying build/symlink/symlink.egg-info to /home/srjn/ros2_ws/src/symlink/install/symlink/lib/python3.12/site-packages/symlink-0.0.0-py3.12.egg-info
running install_scripts
Installing hello_world_node script to /home/srjn/ros2_ws/src/symlink/install/symlink/lib/symlink
writing list of installed files to '/home/srjn/ros2_ws/src/symlink/build/symlink/install.log'
