[0.661s] Invoking command in '/home/srjn/ros2_ws/src/symlink': DEBUGINFOD_URLS=https://debuginfod.ubuntu.com PYTHONPATH=/home/srjn/ros2_ws/src/symlink/build/symlink/prefix_override:/usr/lib/python3/dist-packages/colcon_core/task/python/colcon_distutils_commands:/home/srjn/ros2_ws/src/symlink/install/symlink/lib/python3.12/site-packages:${PYTHONPATH} /usr/bin/python3 -W ignore:setup.py install is deprecated -W ignore:easy_install command is deprecated setup.py egg_info --egg-base build/symlink build --build-base /home/srjn/ros2_ws/src/symlink/build/symlink/build install --record /home/srjn/ros2_ws/src/symlink/build/symlink/install.log --single-version-externally-managed install_data
[0.875s] running egg_info
[0.876s] creating build/symlink/symlink.egg-info
[0.892s] writing build/symlink/symlink.egg-info/PKG-INFO
[0.892s] writing dependency_links to build/symlink/symlink.egg-info/dependency_links.txt
[0.892s] writing entry points to build/symlink/symlink.egg-info/entry_points.txt
[0.892s] writing requirements to build/symlink/symlink.egg-info/requires.txt
[0.892s] writing top-level names to build/symlink/symlink.egg-info/top_level.txt
[0.892s] writing manifest file 'build/symlink/symlink.egg-info/SOURCES.txt'
[0.924s] reading manifest file 'build/symlink/symlink.egg-info/SOURCES.txt'
[0.925s] writing manifest file 'build/symlink/symlink.egg-info/SOURCES.txt'
[0.925s] running build
[0.925s] running build_py
[0.925s] creating /home/srjn/ros2_ws/src/symlink/build/symlink/build
[0.925s] creating /home/srjn/ros2_ws/src/symlink/build/symlink/build/lib
[0.925s] creating /home/srjn/ros2_ws/src/symlink/build/symlink/build/lib/symlink
[0.925s] copying symlink/__init__.py -> /home/srjn/ros2_ws/src/symlink/build/symlink/build/lib/symlink
[0.926s] copying symlink/hello_world_node.py -> /home/srjn/ros2_ws/src/symlink/build/symlink/build/lib/symlink
[0.926s] running install
[0.930s] running install_lib
[0.947s] creating /home/srjn/ros2_ws/src/symlink/install/symlink/lib/python3.12/site-packages/symlink
[0.947s] copying /home/srjn/ros2_ws/src/symlink/build/symlink/build/lib/symlink/__init__.py -> /home/srjn/ros2_ws/src/symlink/install/symlink/lib/python3.12/site-packages/symlink
[0.947s] copying /home/srjn/ros2_ws/src/symlink/build/symlink/build/lib/symlink/hello_world_node.py -> /home/srjn/ros2_ws/src/symlink/install/symlink/lib/python3.12/site-packages/symlink
[0.947s] byte-compiling /home/srjn/ros2_ws/src/symlink/install/symlink/lib/python3.12/site-packages/symlink/__init__.py to __init__.cpython-312.pyc
[0.947s] byte-compiling /home/srjn/ros2_ws/src/symlink/install/symlink/lib/python3.12/site-packages/symlink/hello_world_node.py to hello_world_node.cpython-312.pyc
[0.948s] running install_data
[0.948s] creating /home/srjn/ros2_ws/src/symlink/install/symlink/share/ament_index
[0.948s] creating /home/srjn/ros2_ws/src/symlink/install/symlink/share/ament_index/resource_index
[0.948s] creating /home/srjn/ros2_ws/src/symlink/install/symlink/share/ament_index/resource_index/packages
[0.948s] copying resource/symlink -> /home/srjn/ros2_ws/src/symlink/install/symlink/share/ament_index/resource_index/packages
[0.948s] copying package.xml -> /home/srjn/ros2_ws/src/symlink/install/symlink/share/symlink
[0.948s] running install_egg_info
[0.966s] Copying build/symlink/symlink.egg-info to /home/srjn/ros2_ws/src/symlink/install/symlink/lib/python3.12/site-packages/symlink-0.0.0-py3.12.egg-info
[0.966s] running install_scripts
[1.079s] Installing hello_world_node script to /home/srjn/ros2_ws/src/symlink/install/symlink/lib/symlink
[1.079s] writing list of installed files to '/home/srjn/ros2_ws/src/symlink/build/symlink/install.log'
[1.106s] Invoked command in '/home/srjn/ros2_ws/src/symlink' returned '0': DEBUGINFOD_URLS=https://debuginfod.ubuntu.com PYTHONPATH=/home/srjn/ros2_ws/src/symlink/build/symlink/prefix_override:/usr/lib/python3/dist-packages/colcon_core/task/python/colcon_distutils_commands:/home/srjn/ros2_ws/src/symlink/install/symlink/lib/python3.12/site-packages:${PYTHONPATH} /usr/bin/python3 -W ignore:setup.py install is deprecated -W ignore:easy_install command is deprecated setup.py egg_info --egg-base build/symlink build --build-base /home/srjn/ros2_ws/src/symlink/build/symlink/build install --record /home/srjn/ros2_ws/src/symlink/build/symlink/install.log --single-version-externally-managed install_data
