[0.616s] Invoking command in '/home/srjn/ros2_ws/src/pubsub_py': DEBUGINFOD_URLS=https://debuginfod.ubuntu.com PYTHONPATH=/home/srjn/ros2_ws/src/pubsub_py/build/pubsub_py/prefix_override:/usr/lib/python3/dist-packages/colcon_core/task/python/colcon_distutils_commands:/home/srjn/ros2_ws/src/pubsub_py/install/pubsub_py/lib/python3.12/site-packages:${PYTHONPATH} /usr/bin/python3 -W ignore:setup.py install is deprecated -W ignore:easy_install command is deprecated setup.py egg_info --egg-base build/pubsub_py build --build-base /home/srjn/ros2_ws/src/pubsub_py/build/pubsub_py/build install --record /home/srjn/ros2_ws/src/pubsub_py/build/pubsub_py/install.log --single-version-externally-managed install_data
[0.812s] running egg_info
[0.827s] writing build/pubsub_py/pubsub_py.egg-info/PKG-INFO
[0.827s] writing dependency_links to build/pubsub_py/pubsub_py.egg-info/dependency_links.txt
[0.827s] writing entry points to build/pubsub_py/pubsub_py.egg-info/entry_points.txt
[0.828s] writing requirements to build/pubsub_py/pubsub_py.egg-info/requires.txt
[0.828s] writing top-level names to build/pubsub_py/pubsub_py.egg-info/top_level.txt
[0.857s] reading manifest file 'build/pubsub_py/pubsub_py.egg-info/SOURCES.txt'
[0.858s] writing manifest file 'build/pubsub_py/pubsub_py.egg-info/SOURCES.txt'
[0.858s] running build
[0.858s] running build_py
[0.858s] copying pubsub_py/sine_wave_sub_and_plot.py -> /home/srjn/ros2_ws/src/pubsub_py/build/pubsub_py/build/lib/pubsub_py
[0.858s] running install
[0.863s] running install_lib
[0.878s] copying /home/srjn/ros2_ws/src/pubsub_py/build/pubsub_py/build/lib/pubsub_py/sine_wave_sub_and_plot.py -> /home/srjn/ros2_ws/src/pubsub_py/install/pubsub_py/lib/python3.12/site-packages/pubsub_py
[0.878s] byte-compiling /home/srjn/ros2_ws/src/pubsub_py/install/pubsub_py/lib/python3.12/site-packages/pubsub_py/sine_wave_sub_and_plot.py to sine_wave_sub_and_plot.cpython-312.pyc
[0.879s] running install_data
[0.879s] running install_egg_info
[0.895s] removing '/home/srjn/ros2_ws/src/pubsub_py/install/pubsub_py/lib/python3.12/site-packages/pubsub_py-0.0.0-py3.12.egg-info' (and everything under it)
[0.895s] Copying build/pubsub_py/pubsub_py.egg-info to /home/srjn/ros2_ws/src/pubsub_py/install/pubsub_py/lib/python3.12/site-packages/pubsub_py-0.0.0-py3.12.egg-info
[0.896s] running install_scripts
[0.999s] Installing sine_wave_pub script to /home/srjn/ros2_ws/src/pubsub_py/install/pubsub_py/lib/pubsub_py
[0.999s] Installing sine_wave_sub script to /home/srjn/ros2_ws/src/pubsub_py/install/pubsub_py/lib/pubsub_py
[0.999s] writing list of installed files to '/home/srjn/ros2_ws/src/pubsub_py/build/pubsub_py/install.log'
[1.020s] Invoked command in '/home/srjn/ros2_ws/src/pubsub_py' returned '0': DEBUGINFOD_URLS=https://debuginfod.ubuntu.com PYTHONPATH=/home/srjn/ros2_ws/src/pubsub_py/build/pubsub_py/prefix_override:/usr/lib/python3/dist-packages/colcon_core/task/python/colcon_distutils_commands:/home/srjn/ros2_ws/src/pubsub_py/install/pubsub_py/lib/python3.12/site-packages:${PYTHONPATH} /usr/bin/python3 -W ignore:setup.py install is deprecated -W ignore:easy_install command is deprecated setup.py egg_info --egg-base build/pubsub_py build --build-base /home/srjn/ros2_ws/src/pubsub_py/build/pubsub_py/build install --record /home/srjn/ros2_ws/src/pubsub_py/build/pubsub_py/install.log --single-version-externally-managed install_data
