[0.096s] DEBUG:colcon:Command line arguments: ['/usr/bin/colcon', 'build', '--symlink-install']
[0.096s] DEBUG:colcon:Parsed command line arguments: Namespace(log_base=None, log_level=None, verb_name='build', build_base='build', install_base='install', merge_install=False, symlink_install=True, test_result_base=None, continue_on_error=False, executor='parallel', parallel_workers=16, event_handlers=None, ignore_user_meta=False, metas=['./colcon.meta'], base_paths=['.'], packages_ignore=None, packages_ignore_regex=None, paths=None, packages_up_to=None, packages_up_to_regex=None, packages_above=None, packages_above_and_dependencies=None, packages_above_depth=None, packages_select_by_dep=None, packages_skip_by_dep=None, packages_skip_up_to=None, packages_select_build_failed=False, packages_skip_build_finished=False, packages_select_test_failures=False, packages_skip_test_passed=False, packages_select=None, packages_skip=None, packages_select_regex=None, packages_skip_regex=None, packages_start=None, packages_end=None, allow_overriding=[], cmake_args=None, cmake_target=None, cmake_target_skip_unavailable=False, cmake_clean_cache=False, cmake_clean_first=False, cmake_force_configure=False, ament_cmake_args=None, catkin_cmake_args=None, catkin_skip_building_tests=False, mixin_files=None, mixin=None, verb_parser=<colcon_mixin.mixin.mixin_argument.MixinArgumentDecorator object at 0x71fd0938e6f0>, verb_extension=<colcon_core.verb.build.BuildVerb object at 0x71fd094be570>, main=<bound method BuildVerb.main of <colcon_core.verb.build.BuildVerb object at 0x71fd094be570>>, mixin_verb=('build',))
[0.133s] Level 1:colcon.colcon_core.package_discovery:discover_packages(colcon_meta) check parameters
[0.133s] Level 1:colcon.colcon_core.package_discovery:discover_packages(recursive) check parameters
[0.133s] Level 1:colcon.colcon_core.package_discovery:discover_packages(ignore) check parameters
[0.133s] Level 1:colcon.colcon_core.package_discovery:discover_packages(path) check parameters
[0.133s] Level 1:colcon.colcon_core.package_discovery:discover_packages(colcon_meta) discover
[0.133s] Level 1:colcon.colcon_core.package_discovery:discover_packages(recursive) discover
[0.133s] INFO:colcon.colcon_core.package_discovery:Crawling recursively for packages in '/home/srjn/ros2_ws'
[0.133s] Level 1:colcon.colcon_core.package_identification:_identify(.) by extensions ['ignore', 'ignore_ament_install']
[0.133s] Level 1:colcon.colcon_core.package_identification:_identify(.) by extension 'ignore'
[0.133s] Level 1:colcon.colcon_core.package_identification:_identify(.) by extension 'ignore_ament_install'
[0.134s] Level 1:colcon.colcon_core.package_identification:_identify(.) by extensions ['colcon_pkg']
[0.134s] Level 1:colcon.colcon_core.package_identification:_identify(.) by extension 'colcon_pkg'
[0.134s] Level 1:colcon.colcon_core.package_identification:_identify(.) by extensions ['colcon_meta']
[0.134s] Level 1:colcon.colcon_core.package_identification:_identify(.) by extension 'colcon_meta'
[0.134s] Level 1:colcon.colcon_core.package_identification:_identify(.) by extensions ['ros']
[0.134s] Level 1:colcon.colcon_core.package_identification:_identify(.) by extension 'ros'
[0.155s] Level 1:colcon.colcon_core.package_identification:_identify(.) by extensions ['cmake', 'python']
[0.155s] Level 1:colcon.colcon_core.package_identification:_identify(.) by extension 'cmake'
[0.155s] Level 1:colcon.colcon_core.package_identification:_identify(.) by extension 'python'
[0.155s] Level 1:colcon.colcon_core.package_identification:_identify(.) by extensions ['python_setup_py']
[0.155s] Level 1:colcon.colcon_core.package_identification:_identify(.) by extension 'python_setup_py'
[0.156s] Level 1:colcon.colcon_core.package_identification:_identify(action_pkg) by extensions ['ignore', 'ignore_ament_install']
[0.156s] Level 1:colcon.colcon_core.package_identification:_identify(action_pkg) by extension 'ignore'
[0.156s] Level 1:colcon.colcon_core.package_identification:_identify(action_pkg) by extension 'ignore_ament_install'
[0.156s] Level 1:colcon.colcon_core.package_identification:_identify(action_pkg) by extensions ['colcon_pkg']
[0.156s] Level 1:colcon.colcon_core.package_identification:_identify(action_pkg) by extension 'colcon_pkg'
[0.156s] Level 1:colcon.colcon_core.package_identification:_identify(action_pkg) by extensions ['colcon_meta']
[0.156s] Level 1:colcon.colcon_core.package_identification:_identify(action_pkg) by extension 'colcon_meta'
[0.156s] Level 1:colcon.colcon_core.package_identification:_identify(action_pkg) by extensions ['ros']
[0.156s] Level 1:colcon.colcon_core.package_identification:_identify(action_pkg) by extension 'ros'
[0.158s] DEBUG:colcon.colcon_core.package_identification:Package 'action_pkg' with type 'ros.ament_cmake' and name 'action_pkg'
[0.158s] Level 1:colcon.colcon_core.package_identification:_identify(build) by extensions ['ignore', 'ignore_ament_install']
[0.158s] Level 1:colcon.colcon_core.package_identification:_identify(build) by extension 'ignore'
[0.158s] Level 1:colcon.colcon_core.package_identification:_identify(build) ignored
[0.158s] Level 1:colcon.colcon_core.package_identification:_identify(install) by extensions ['ignore', 'ignore_ament_install']
[0.158s] Level 1:colcon.colcon_core.package_identification:_identify(install) by extension 'ignore'
[0.158s] Level 1:colcon.colcon_core.package_identification:_identify(install) ignored
[0.159s] Level 1:colcon.colcon_core.package_identification:_identify(log) by extensions ['ignore', 'ignore_ament_install']
[0.159s] Level 1:colcon.colcon_core.package_identification:_identify(log) by extension 'ignore'
[0.159s] Level 1:colcon.colcon_core.package_identification:_identify(log) ignored
[0.159s] Level 1:colcon.colcon_core.package_identification:_identify(pendulum_robot_description) by extensions ['ignore', 'ignore_ament_install']
[0.159s] Level 1:colcon.colcon_core.package_identification:_identify(pendulum_robot_description) by extension 'ignore'
[0.159s] Level 1:colcon.colcon_core.package_identification:_identify(pendulum_robot_description) by extension 'ignore_ament_install'
[0.159s] Level 1:colcon.colcon_core.package_identification:_identify(pendulum_robot_description) by extensions ['colcon_pkg']
[0.159s] Level 1:colcon.colcon_core.package_identification:_identify(pendulum_robot_description) by extension 'colcon_pkg'
[0.159s] Level 1:colcon.colcon_core.package_identification:_identify(pendulum_robot_description) by extensions ['colcon_meta']
[0.159s] Level 1:colcon.colcon_core.package_identification:_identify(pendulum_robot_description) by extension 'colcon_meta'
[0.159s] Level 1:colcon.colcon_core.package_identification:_identify(pendulum_robot_description) by extensions ['ros']
[0.159s] Level 1:colcon.colcon_core.package_identification:_identify(pendulum_robot_description) by extension 'ros'
[0.159s] DEBUG:colcon.colcon_core.package_identification:Package 'pendulum_robot_description' with type 'ros.ament_cmake' and name 'pendulum_robot_description'
[0.159s] Level 1:colcon.colcon_core.package_identification:_identify(src) by extensions ['ignore', 'ignore_ament_install']
[0.160s] Level 1:colcon.colcon_core.package_identification:_identify(src) by extension 'ignore'
[0.160s] Level 1:colcon.colcon_core.package_identification:_identify(src) by extension 'ignore_ament_install'
[0.160s] Level 1:colcon.colcon_core.package_identification:_identify(src) by extensions ['colcon_pkg']
[0.160s] Level 1:colcon.colcon_core.package_identification:_identify(src) by extension 'colcon_pkg'
[0.160s] Level 1:colcon.colcon_core.package_identification:_identify(src) by extensions ['colcon_meta']
[0.160s] Level 1:colcon.colcon_core.package_identification:_identify(src) by extension 'colcon_meta'
[0.160s] Level 1:colcon.colcon_core.package_identification:_identify(src) by extensions ['ros']
[0.160s] Level 1:colcon.colcon_core.package_identification:_identify(src) by extension 'ros'
[0.160s] Level 1:colcon.colcon_core.package_identification:_identify(src) by extensions ['cmake', 'python']
[0.160s] Level 1:colcon.colcon_core.package_identification:_identify(src) by extension 'cmake'
[0.160s] Level 1:colcon.colcon_core.package_identification:_identify(src) by extension 'python'
[0.160s] Level 1:colcon.colcon_core.package_identification:_identify(src) by extensions ['python_setup_py']
[0.160s] Level 1:colcon.colcon_core.package_identification:_identify(src) by extension 'python_setup_py'
[0.160s] Level 1:colcon.colcon_core.package_identification:_identify(src/diff_drive_description) by extensions ['ignore', 'ignore_ament_install']
[0.160s] Level 1:colcon.colcon_core.package_identification:_identify(src/diff_drive_description) by extension 'ignore'
[0.160s] Level 1:colcon.colcon_core.package_identification:_identify(src/diff_drive_description) by extension 'ignore_ament_install'
[0.160s] Level 1:colcon.colcon_core.package_identification:_identify(src/diff_drive_description) by extensions ['colcon_pkg']
[0.160s] Level 1:colcon.colcon_core.package_identification:_identify(src/diff_drive_description) by extension 'colcon_pkg'
[0.160s] Level 1:colcon.colcon_core.package_identification:_identify(src/diff_drive_description) by extensions ['colcon_meta']
[0.160s] Level 1:colcon.colcon_core.package_identification:_identify(src/diff_drive_description) by extension 'colcon_meta'
[0.160s] Level 1:colcon.colcon_core.package_identification:_identify(src/diff_drive_description) by extensions ['ros']
[0.160s] Level 1:colcon.colcon_core.package_identification:_identify(src/diff_drive_description) by extension 'ros'
[0.161s] DEBUG:colcon.colcon_core.package_identification:Package 'src/diff_drive_description' with type 'ros.ament_python' and name 'diff_drive_description'
[0.161s] Level 1:colcon.colcon_core.package_identification:_identify(src/first_pytest) by extensions ['ignore', 'ignore_ament_install']
[0.161s] Level 1:colcon.colcon_core.package_identification:_identify(src/first_pytest) by extension 'ignore'
[0.161s] Level 1:colcon.colcon_core.package_identification:_identify(src/first_pytest) by extension 'ignore_ament_install'
[0.161s] Level 1:colcon.colcon_core.package_identification:_identify(src/first_pytest) by extensions ['colcon_pkg']
[0.161s] Level 1:colcon.colcon_core.package_identification:_identify(src/first_pytest) by extension 'colcon_pkg'
[0.161s] Level 1:colcon.colcon_core.package_identification:_identify(src/first_pytest) by extensions ['colcon_meta']
[0.161s] Level 1:colcon.colcon_core.package_identification:_identify(src/first_pytest) by extension 'colcon_meta'
[0.161s] Level 1:colcon.colcon_core.package_identification:_identify(src/first_pytest) by extensions ['ros']
[0.161s] Level 1:colcon.colcon_core.package_identification:_identify(src/first_pytest) by extension 'ros'
[0.161s] DEBUG:colcon.colcon_core.package_identification:Package 'src/first_pytest' with type 'ros.ament_python' and name 'first_pytest'
[0.162s] Level 1:colcon.colcon_core.package_identification:_identify(src/minimal_pkg) by extensions ['ignore', 'ignore_ament_install']
[0.162s] Level 1:colcon.colcon_core.package_identification:_identify(src/minimal_pkg) by extension 'ignore'
[0.162s] Level 1:colcon.colcon_core.package_identification:_identify(src/minimal_pkg) by extension 'ignore_ament_install'
[0.162s] Level 1:colcon.colcon_core.package_identification:_identify(src/minimal_pkg) by extensions ['colcon_pkg']
[0.162s] Level 1:colcon.colcon_core.package_identification:_identify(src/minimal_pkg) by extension 'colcon_pkg'
[0.162s] Level 1:colcon.colcon_core.package_identification:_identify(src/minimal_pkg) by extensions ['colcon_meta']
[0.162s] Level 1:colcon.colcon_core.package_identification:_identify(src/minimal_pkg) by extension 'colcon_meta'
[0.162s] Level 1:colcon.colcon_core.package_identification:_identify(src/minimal_pkg) by extensions ['ros']
[0.162s] Level 1:colcon.colcon_core.package_identification:_identify(src/minimal_pkg) by extension 'ros'
[0.162s] DEBUG:colcon.colcon_core.package_identification:Package 'src/minimal_pkg' with type 'ros.ament_python' and name 'minimal_pkg'
[0.163s] Level 1:colcon.colcon_core.package_identification:_identify(src/pubsub_py) by extensions ['ignore', 'ignore_ament_install']
[0.163s] Level 1:colcon.colcon_core.package_identification:_identify(src/pubsub_py) by extension 'ignore'
[0.163s] Level 1:colcon.colcon_core.package_identification:_identify(src/pubsub_py) by extension 'ignore_ament_install'
[0.163s] Level 1:colcon.colcon_core.package_identification:_identify(src/pubsub_py) by extensions ['colcon_pkg']
[0.163s] Level 1:colcon.colcon_core.package_identification:_identify(src/pubsub_py) by extension 'colcon_pkg'
[0.163s] Level 1:colcon.colcon_core.package_identification:_identify(src/pubsub_py) by extensions ['colcon_meta']
[0.163s] Level 1:colcon.colcon_core.package_identification:_identify(src/pubsub_py) by extension 'colcon_meta'
[0.163s] Level 1:colcon.colcon_core.package_identification:_identify(src/pubsub_py) by extensions ['ros']
[0.163s] Level 1:colcon.colcon_core.package_identification:_identify(src/pubsub_py) by extension 'ros'
[0.164s] DEBUG:colcon.colcon_core.package_identification:Package 'src/pubsub_py' with type 'ros.ament_python' and name 'pubsub_py'
[0.164s] Level 1:colcon.colcon_core.package_identification:_identify(src/srv_pkg) by extensions ['ignore', 'ignore_ament_install']
[0.164s] Level 1:colcon.colcon_core.package_identification:_identify(src/srv_pkg) by extension 'ignore'
[0.164s] Level 1:colcon.colcon_core.package_identification:_identify(src/srv_pkg) by extension 'ignore_ament_install'
[0.164s] Level 1:colcon.colcon_core.package_identification:_identify(src/srv_pkg) by extensions ['colcon_pkg']
[0.164s] Level 1:colcon.colcon_core.package_identification:_identify(src/srv_pkg) by extension 'colcon_pkg'
[0.164s] Level 1:colcon.colcon_core.package_identification:_identify(src/srv_pkg) by extensions ['colcon_meta']
[0.164s] Level 1:colcon.colcon_core.package_identification:_identify(src/srv_pkg) by extension 'colcon_meta'
[0.164s] Level 1:colcon.colcon_core.package_identification:_identify(src/srv_pkg) by extensions ['ros']
[0.164s] Level 1:colcon.colcon_core.package_identification:_identify(src/srv_pkg) by extension 'ros'
[0.165s] DEBUG:colcon.colcon_core.package_identification:Package 'src/srv_pkg' with type 'ros.ament_cmake' and name 'srv_pkg'
[0.165s] Level 1:colcon.colcon_core.package_identification:_identify(src/symlink) by extensions ['ignore', 'ignore_ament_install']
[0.165s] Level 1:colcon.colcon_core.package_identification:_identify(src/symlink) by extension 'ignore'
[0.165s] Level 1:colcon.colcon_core.package_identification:_identify(src/symlink) by extension 'ignore_ament_install'
[0.165s] Level 1:colcon.colcon_core.package_identification:_identify(src/symlink) by extensions ['colcon_pkg']
[0.165s] Level 1:colcon.colcon_core.package_identification:_identify(src/symlink) by extension 'colcon_pkg'
[0.165s] Level 1:colcon.colcon_core.package_identification:_identify(src/symlink) by extensions ['colcon_meta']
[0.165s] Level 1:colcon.colcon_core.package_identification:_identify(src/symlink) by extension 'colcon_meta'
[0.165s] Level 1:colcon.colcon_core.package_identification:_identify(src/symlink) by extensions ['ros']
[0.165s] Level 1:colcon.colcon_core.package_identification:_identify(src/symlink) by extension 'ros'
[0.166s] DEBUG:colcon.colcon_core.package_identification:Package 'src/symlink' with type 'ros.ament_python' and name 'symlink'
[0.166s] Level 1:colcon.colcon_core.package_identification:_identify(src/turtle_ctrl_launch) by extensions ['ignore', 'ignore_ament_install']
[0.166s] Level 1:colcon.colcon_core.package_identification:_identify(src/turtle_ctrl_launch) by extension 'ignore'
[0.166s] Level 1:colcon.colcon_core.package_identification:_identify(src/turtle_ctrl_launch) by extension 'ignore_ament_install'
[0.166s] Level 1:colcon.colcon_core.package_identification:_identify(src/turtle_ctrl_launch) by extensions ['colcon_pkg']
[0.166s] Level 1:colcon.colcon_core.package_identification:_identify(src/turtle_ctrl_launch) by extension 'colcon_pkg'
[0.166s] Level 1:colcon.colcon_core.package_identification:_identify(src/turtle_ctrl_launch) by extensions ['colcon_meta']
[0.166s] Level 1:colcon.colcon_core.package_identification:_identify(src/turtle_ctrl_launch) by extension 'colcon_meta'
[0.166s] Level 1:colcon.colcon_core.package_identification:_identify(src/turtle_ctrl_launch) by extensions ['ros']
[0.166s] Level 1:colcon.colcon_core.package_identification:_identify(src/turtle_ctrl_launch) by extension 'ros'
[0.167s] DEBUG:colcon.colcon_core.package_identification:Package 'src/turtle_ctrl_launch' with type 'ros.ament_python' and name 'turtle_ctrl_launch'
[0.167s] Level 1:colcon.colcon_core.package_identification:_identify(srvcli_py) by extensions ['ignore', 'ignore_ament_install']
[0.167s] Level 1:colcon.colcon_core.package_identification:_identify(srvcli_py) by extension 'ignore'
[0.167s] Level 1:colcon.colcon_core.package_identification:_identify(srvcli_py) by extension 'ignore_ament_install'
[0.167s] Level 1:colcon.colcon_core.package_identification:_identify(srvcli_py) by extensions ['colcon_pkg']
[0.167s] Level 1:colcon.colcon_core.package_identification:_identify(srvcli_py) by extension 'colcon_pkg'
[0.167s] Level 1:colcon.colcon_core.package_identification:_identify(srvcli_py) by extensions ['colcon_meta']
[0.167s] Level 1:colcon.colcon_core.package_identification:_identify(srvcli_py) by extension 'colcon_meta'
[0.167s] Level 1:colcon.colcon_core.package_identification:_identify(srvcli_py) by extensions ['ros']
[0.167s] Level 1:colcon.colcon_core.package_identification:_identify(srvcli_py) by extension 'ros'
[0.168s] DEBUG:colcon.colcon_core.package_identification:Package 'srvcli_py' with type 'ros.ament_python' and name 'srvcli_py'
[0.168s] Level 1:colcon.colcon_core.package_discovery:discover_packages(recursive) using defaults
[0.168s] Level 1:colcon.colcon_core.package_discovery:discover_packages(ignore) discover
[0.168s] Level 1:colcon.colcon_core.package_discovery:discover_packages(ignore) using defaults
[0.168s] Level 1:colcon.colcon_core.package_discovery:discover_packages(path) discover
[0.168s] Level 1:colcon.colcon_core.package_discovery:discover_packages(path) using defaults
[0.187s] Level 1:colcon.colcon_core.package_discovery:discover_packages(prefix_path) check parameters
[0.187s] Level 1:colcon.colcon_core.package_discovery:discover_packages(prefix_path) discover
[0.190s] DEBUG:colcon.colcon_installed_package_information.package_discovery:Found 320 installed packages in /opt/ros/jazzy
[0.192s] Level 1:colcon.colcon_core.package_discovery:discover_packages(prefix_path) using defaults
[0.230s] Level 5:colcon.colcon_core.verb:set package 'action_pkg' build argument 'cmake_args' from command line to 'None'
[0.230s] Level 5:colcon.colcon_core.verb:set package 'action_pkg' build argument 'cmake_target' from command line to 'None'
[0.230s] Level 5:colcon.colcon_core.verb:set package 'action_pkg' build argument 'cmake_target_skip_unavailable' from command line to 'False'
[0.230s] Level 5:colcon.colcon_core.verb:set package 'action_pkg' build argument 'cmake_clean_cache' from command line to 'False'
[0.230s] Level 5:colcon.colcon_core.verb:set package 'action_pkg' build argument 'cmake_clean_first' from command line to 'False'
[0.230s] Level 5:colcon.colcon_core.verb:set package 'action_pkg' build argument 'cmake_force_configure' from command line to 'False'
[0.230s] Level 5:colcon.colcon_core.verb:set package 'action_pkg' build argument 'ament_cmake_args' from command line to 'None'
[0.230s] Level 5:colcon.colcon_core.verb:set package 'action_pkg' build argument 'catkin_cmake_args' from command line to 'None'
[0.231s] Level 5:colcon.colcon_core.verb:set package 'action_pkg' build argument 'catkin_skip_building_tests' from command line to 'False'
[0.231s] DEBUG:colcon.colcon_core.verb:Building package 'action_pkg' with the following arguments: {'ament_cmake_args': None, 'build_base': '/home/srjn/ros2_ws/build/action_pkg', 'catkin_cmake_args': None, 'catkin_skip_building_tests': False, 'cmake_args': None, 'cmake_clean_cache': False, 'cmake_clean_first': False, 'cmake_force_configure': False, 'cmake_target': None, 'cmake_target_skip_unavailable': False, 'install_base': '/home/srjn/ros2_ws/install/action_pkg', 'merge_install': False, 'path': '/home/srjn/ros2_ws/action_pkg', 'symlink_install': True, 'test_result_base': None}
[0.231s] Level 5:colcon.colcon_core.verb:set package 'diff_drive_description' build argument 'cmake_args' from command line to 'None'
[0.231s] Level 5:colcon.colcon_core.verb:set package 'diff_drive_description' build argument 'cmake_target' from command line to 'None'
[0.231s] Level 5:colcon.colcon_core.verb:set package 'diff_drive_description' build argument 'cmake_target_skip_unavailable' from command line to 'False'
[0.231s] Level 5:colcon.colcon_core.verb:set package 'diff_drive_description' build argument 'cmake_clean_cache' from command line to 'False'
[0.231s] Level 5:colcon.colcon_core.verb:set package 'diff_drive_description' build argument 'cmake_clean_first' from command line to 'False'
[0.231s] Level 5:colcon.colcon_core.verb:set package 'diff_drive_description' build argument 'cmake_force_configure' from command line to 'False'
[0.231s] Level 5:colcon.colcon_core.verb:set package 'diff_drive_description' build argument 'ament_cmake_args' from command line to 'None'
[0.231s] Level 5:colcon.colcon_core.verb:set package 'diff_drive_description' build argument 'catkin_cmake_args' from command line to 'None'
[0.231s] Level 5:colcon.colcon_core.verb:set package 'diff_drive_description' build argument 'catkin_skip_building_tests' from command line to 'False'
[0.231s] DEBUG:colcon.colcon_core.verb:Building package 'diff_drive_description' with the following arguments: {'ament_cmake_args': None, 'build_base': '/home/srjn/ros2_ws/build/diff_drive_description', 'catkin_cmake_args': None, 'catkin_skip_building_tests': False, 'cmake_args': None, 'cmake_clean_cache': False, 'cmake_clean_first': False, 'cmake_force_configure': False, 'cmake_target': None, 'cmake_target_skip_unavailable': False, 'install_base': '/home/srjn/ros2_ws/install/diff_drive_description', 'merge_install': False, 'path': '/home/srjn/ros2_ws/src/diff_drive_description', 'symlink_install': True, 'test_result_base': None}
[0.231s] Level 5:colcon.colcon_core.verb:set package 'first_pytest' build argument 'cmake_args' from command line to 'None'
[0.231s] Level 5:colcon.colcon_core.verb:set package 'first_pytest' build argument 'cmake_target' from command line to 'None'
[0.231s] Level 5:colcon.colcon_core.verb:set package 'first_pytest' build argument 'cmake_target_skip_unavailable' from command line to 'False'
[0.231s] Level 5:colcon.colcon_core.verb:set package 'first_pytest' build argument 'cmake_clean_cache' from command line to 'False'
[0.231s] Level 5:colcon.colcon_core.verb:set package 'first_pytest' build argument 'cmake_clean_first' from command line to 'False'
[0.231s] Level 5:colcon.colcon_core.verb:set package 'first_pytest' build argument 'cmake_force_configure' from command line to 'False'
[0.231s] Level 5:colcon.colcon_core.verb:set package 'first_pytest' build argument 'ament_cmake_args' from command line to 'None'
[0.231s] Level 5:colcon.colcon_core.verb:set package 'first_pytest' build argument 'catkin_cmake_args' from command line to 'None'
[0.231s] Level 5:colcon.colcon_core.verb:set package 'first_pytest' build argument 'catkin_skip_building_tests' from command line to 'False'
[0.231s] DEBUG:colcon.colcon_core.verb:Building package 'first_pytest' with the following arguments: {'ament_cmake_args': None, 'build_base': '/home/srjn/ros2_ws/build/first_pytest', 'catkin_cmake_args': None, 'catkin_skip_building_tests': False, 'cmake_args': None, 'cmake_clean_cache': False, 'cmake_clean_first': False, 'cmake_force_configure': False, 'cmake_target': None, 'cmake_target_skip_unavailable': False, 'install_base': '/home/srjn/ros2_ws/install/first_pytest', 'merge_install': False, 'path': '/home/srjn/ros2_ws/src/first_pytest', 'symlink_install': True, 'test_result_base': None}
[0.232s] Level 5:colcon.colcon_core.verb:set package 'minimal_pkg' build argument 'cmake_args' from command line to 'None'
[0.232s] Level 5:colcon.colcon_core.verb:set package 'minimal_pkg' build argument 'cmake_target' from command line to 'None'
[0.232s] Level 5:colcon.colcon_core.verb:set package 'minimal_pkg' build argument 'cmake_target_skip_unavailable' from command line to 'False'
[0.232s] Level 5:colcon.colcon_core.verb:set package 'minimal_pkg' build argument 'cmake_clean_cache' from command line to 'False'
[0.232s] Level 5:colcon.colcon_core.verb:set package 'minimal_pkg' build argument 'cmake_clean_first' from command line to 'False'
[0.232s] Level 5:colcon.colcon_core.verb:set package 'minimal_pkg' build argument 'cmake_force_configure' from command line to 'False'
[0.232s] Level 5:colcon.colcon_core.verb:set package 'minimal_pkg' build argument 'ament_cmake_args' from command line to 'None'
[0.232s] Level 5:colcon.colcon_core.verb:set package 'minimal_pkg' build argument 'catkin_cmake_args' from command line to 'None'
[0.232s] Level 5:colcon.colcon_core.verb:set package 'minimal_pkg' build argument 'catkin_skip_building_tests' from command line to 'False'
[0.232s] DEBUG:colcon.colcon_core.verb:Building package 'minimal_pkg' with the following arguments: {'ament_cmake_args': None, 'build_base': '/home/srjn/ros2_ws/build/minimal_pkg', 'catkin_cmake_args': None, 'catkin_skip_building_tests': False, 'cmake_args': None, 'cmake_clean_cache': False, 'cmake_clean_first': False, 'cmake_force_configure': False, 'cmake_target': None, 'cmake_target_skip_unavailable': False, 'install_base': '/home/srjn/ros2_ws/install/minimal_pkg', 'merge_install': False, 'path': '/home/srjn/ros2_ws/src/minimal_pkg', 'symlink_install': True, 'test_result_base': None}
[0.232s] Level 5:colcon.colcon_core.verb:set package 'pendulum_robot_description' build argument 'cmake_args' from command line to 'None'
[0.232s] Level 5:colcon.colcon_core.verb:set package 'pendulum_robot_description' build argument 'cmake_target' from command line to 'None'
[0.232s] Level 5:colcon.colcon_core.verb:set package 'pendulum_robot_description' build argument 'cmake_target_skip_unavailable' from command line to 'False'
[0.232s] Level 5:colcon.colcon_core.verb:set package 'pendulum_robot_description' build argument 'cmake_clean_cache' from command line to 'False'
[0.232s] Level 5:colcon.colcon_core.verb:set package 'pendulum_robot_description' build argument 'cmake_clean_first' from command line to 'False'
[0.232s] Level 5:colcon.colcon_core.verb:set package 'pendulum_robot_description' build argument 'cmake_force_configure' from command line to 'False'
[0.232s] Level 5:colcon.colcon_core.verb:set package 'pendulum_robot_description' build argument 'ament_cmake_args' from command line to 'None'
[0.232s] Level 5:colcon.colcon_core.verb:set package 'pendulum_robot_description' build argument 'catkin_cmake_args' from command line to 'None'
[0.232s] Level 5:colcon.colcon_core.verb:set package 'pendulum_robot_description' build argument 'catkin_skip_building_tests' from command line to 'False'
[0.232s] DEBUG:colcon.colcon_core.verb:Building package 'pendulum_robot_description' with the following arguments: {'ament_cmake_args': None, 'build_base': '/home/srjn/ros2_ws/build/pendulum_robot_description', 'catkin_cmake_args': None, 'catkin_skip_building_tests': False, 'cmake_args': None, 'cmake_clean_cache': False, 'cmake_clean_first': False, 'cmake_force_configure': False, 'cmake_target': None, 'cmake_target_skip_unavailable': False, 'install_base': '/home/srjn/ros2_ws/install/pendulum_robot_description', 'merge_install': False, 'path': '/home/srjn/ros2_ws/pendulum_robot_description', 'symlink_install': True, 'test_result_base': None}
[0.232s] Level 5:colcon.colcon_core.verb:set package 'pubsub_py' build argument 'cmake_args' from command line to 'None'
[0.232s] Level 5:colcon.colcon_core.verb:set package 'pubsub_py' build argument 'cmake_target' from command line to 'None'
[0.232s] Level 5:colcon.colcon_core.verb:set package 'pubsub_py' build argument 'cmake_target_skip_unavailable' from command line to 'False'
[0.232s] Level 5:colcon.colcon_core.verb:set package 'pubsub_py' build argument 'cmake_clean_cache' from command line to 'False'
[0.232s] Level 5:colcon.colcon_core.verb:set package 'pubsub_py' build argument 'cmake_clean_first' from command line to 'False'
[0.232s] Level 5:colcon.colcon_core.verb:set package 'pubsub_py' build argument 'cmake_force_configure' from command line to 'False'
[0.232s] Level 5:colcon.colcon_core.verb:set package 'pubsub_py' build argument 'ament_cmake_args' from command line to 'None'
[0.232s] Level 5:colcon.colcon_core.verb:set package 'pubsub_py' build argument 'catkin_cmake_args' from command line to 'None'
[0.232s] Level 5:colcon.colcon_core.verb:set package 'pubsub_py' build argument 'catkin_skip_building_tests' from command line to 'False'
[0.232s] DEBUG:colcon.colcon_core.verb:Building package 'pubsub_py' with the following arguments: {'ament_cmake_args': None, 'build_base': '/home/srjn/ros2_ws/build/pubsub_py', 'catkin_cmake_args': None, 'catkin_skip_building_tests': False, 'cmake_args': None, 'cmake_clean_cache': False, 'cmake_clean_first': False, 'cmake_force_configure': False, 'cmake_target': None, 'cmake_target_skip_unavailable': False, 'install_base': '/home/srjn/ros2_ws/install/pubsub_py', 'merge_install': False, 'path': '/home/srjn/ros2_ws/src/pubsub_py', 'symlink_install': True, 'test_result_base': None}
[0.233s] Level 5:colcon.colcon_core.verb:set package 'srv_pkg' build argument 'cmake_args' from command line to 'None'
[0.233s] Level 5:colcon.colcon_core.verb:set package 'srv_pkg' build argument 'cmake_target' from command line to 'None'
[0.233s] Level 5:colcon.colcon_core.verb:set package 'srv_pkg' build argument 'cmake_target_skip_unavailable' from command line to 'False'
[0.233s] Level 5:colcon.colcon_core.verb:set package 'srv_pkg' build argument 'cmake_clean_cache' from command line to 'False'
[0.233s] Level 5:colcon.colcon_core.verb:set package 'srv_pkg' build argument 'cmake_clean_first' from command line to 'False'
[0.233s] Level 5:colcon.colcon_core.verb:set package 'srv_pkg' build argument 'cmake_force_configure' from command line to 'False'
[0.233s] Level 5:colcon.colcon_core.verb:set package 'srv_pkg' build argument 'ament_cmake_args' from command line to 'None'
[0.233s] Level 5:colcon.colcon_core.verb:set package 'srv_pkg' build argument 'catkin_cmake_args' from command line to 'None'
[0.233s] Level 5:colcon.colcon_core.verb:set package 'srv_pkg' build argument 'catkin_skip_building_tests' from command line to 'False'
[0.233s] DEBUG:colcon.colcon_core.verb:Building package 'srv_pkg' with the following arguments: {'ament_cmake_args': None, 'build_base': '/home/srjn/ros2_ws/build/srv_pkg', 'catkin_cmake_args': None, 'catkin_skip_building_tests': False, 'cmake_args': None, 'cmake_clean_cache': False, 'cmake_clean_first': False, 'cmake_force_configure': False, 'cmake_target': None, 'cmake_target_skip_unavailable': False, 'install_base': '/home/srjn/ros2_ws/install/srv_pkg', 'merge_install': False, 'path': '/home/srjn/ros2_ws/src/srv_pkg', 'symlink_install': True, 'test_result_base': None}
[0.233s] Level 5:colcon.colcon_core.verb:set package 'symlink' build argument 'cmake_args' from command line to 'None'
[0.233s] Level 5:colcon.colcon_core.verb:set package 'symlink' build argument 'cmake_target' from command line to 'None'
[0.233s] Level 5:colcon.colcon_core.verb:set package 'symlink' build argument 'cmake_target_skip_unavailable' from command line to 'False'
[0.233s] Level 5:colcon.colcon_core.verb:set package 'symlink' build argument 'cmake_clean_cache' from command line to 'False'
[0.233s] Level 5:colcon.colcon_core.verb:set package 'symlink' build argument 'cmake_clean_first' from command line to 'False'
[0.233s] Level 5:colcon.colcon_core.verb:set package 'symlink' build argument 'cmake_force_configure' from command line to 'False'
[0.233s] Level 5:colcon.colcon_core.verb:set package 'symlink' build argument 'ament_cmake_args' from command line to 'None'
[0.233s] Level 5:colcon.colcon_core.verb:set package 'symlink' build argument 'catkin_cmake_args' from command line to 'None'
[0.233s] Level 5:colcon.colcon_core.verb:set package 'symlink' build argument 'catkin_skip_building_tests' from command line to 'False'
[0.233s] DEBUG:colcon.colcon_core.verb:Building package 'symlink' with the following arguments: {'ament_cmake_args': None, 'build_base': '/home/srjn/ros2_ws/build/symlink', 'catkin_cmake_args': None, 'catkin_skip_building_tests': False, 'cmake_args': None, 'cmake_clean_cache': False, 'cmake_clean_first': False, 'cmake_force_configure': False, 'cmake_target': None, 'cmake_target_skip_unavailable': False, 'install_base': '/home/srjn/ros2_ws/install/symlink', 'merge_install': False, 'path': '/home/srjn/ros2_ws/src/symlink', 'symlink_install': True, 'test_result_base': None}
[0.233s] Level 5:colcon.colcon_core.verb:set package 'turtle_ctrl_launch' build argument 'cmake_args' from command line to 'None'
[0.233s] Level 5:colcon.colcon_core.verb:set package 'turtle_ctrl_launch' build argument 'cmake_target' from command line to 'None'
[0.233s] Level 5:colcon.colcon_core.verb:set package 'turtle_ctrl_launch' build argument 'cmake_target_skip_unavailable' from command line to 'False'
[0.233s] Level 5:colcon.colcon_core.verb:set package 'turtle_ctrl_launch' build argument 'cmake_clean_cache' from command line to 'False'
[0.233s] Level 5:colcon.colcon_core.verb:set package 'turtle_ctrl_launch' build argument 'cmake_clean_first' from command line to 'False'
[0.233s] Level 5:colcon.colcon_core.verb:set package 'turtle_ctrl_launch' build argument 'cmake_force_configure' from command line to 'False'
[0.233s] Level 5:colcon.colcon_core.verb:set package 'turtle_ctrl_launch' build argument 'ament_cmake_args' from command line to 'None'
[0.233s] Level 5:colcon.colcon_core.verb:set package 'turtle_ctrl_launch' build argument 'catkin_cmake_args' from command line to 'None'
[0.233s] Level 5:colcon.colcon_core.verb:set package 'turtle_ctrl_launch' build argument 'catkin_skip_building_tests' from command line to 'False'
[0.233s] DEBUG:colcon.colcon_core.verb:Building package 'turtle_ctrl_launch' with the following arguments: {'ament_cmake_args': None, 'build_base': '/home/srjn/ros2_ws/build/turtle_ctrl_launch', 'catkin_cmake_args': None, 'catkin_skip_building_tests': False, 'cmake_args': None, 'cmake_clean_cache': False, 'cmake_clean_first': False, 'cmake_force_configure': False, 'cmake_target': None, 'cmake_target_skip_unavailable': False, 'install_base': '/home/srjn/ros2_ws/install/turtle_ctrl_launch', 'merge_install': False, 'path': '/home/srjn/ros2_ws/src/turtle_ctrl_launch', 'symlink_install': True, 'test_result_base': None}
[0.234s] Level 5:colcon.colcon_core.verb:set package 'srvcli_py' build argument 'cmake_args' from command line to 'None'
[0.234s] Level 5:colcon.colcon_core.verb:set package 'srvcli_py' build argument 'cmake_target' from command line to 'None'
[0.234s] Level 5:colcon.colcon_core.verb:set package 'srvcli_py' build argument 'cmake_target_skip_unavailable' from command line to 'False'
[0.234s] Level 5:colcon.colcon_core.verb:set package 'srvcli_py' build argument 'cmake_clean_cache' from command line to 'False'
[0.234s] Level 5:colcon.colcon_core.verb:set package 'srvcli_py' build argument 'cmake_clean_first' from command line to 'False'
[0.234s] Level 5:colcon.colcon_core.verb:set package 'srvcli_py' build argument 'cmake_force_configure' from command line to 'False'
[0.234s] Level 5:colcon.colcon_core.verb:set package 'srvcli_py' build argument 'ament_cmake_args' from command line to 'None'
[0.234s] Level 5:colcon.colcon_core.verb:set package 'srvcli_py' build argument 'catkin_cmake_args' from command line to 'None'
[0.234s] Level 5:colcon.colcon_core.verb:set package 'srvcli_py' build argument 'catkin_skip_building_tests' from command line to 'False'
[0.234s] DEBUG:colcon.colcon_core.verb:Building package 'srvcli_py' with the following arguments: {'ament_cmake_args': None, 'build_base': '/home/srjn/ros2_ws/build/srvcli_py', 'catkin_cmake_args': None, 'catkin_skip_building_tests': False, 'cmake_args': None, 'cmake_clean_cache': False, 'cmake_clean_first': False, 'cmake_force_configure': False, 'cmake_target': None, 'cmake_target_skip_unavailable': False, 'install_base': '/home/srjn/ros2_ws/install/srvcli_py', 'merge_install': False, 'path': '/home/srjn/ros2_ws/srvcli_py', 'symlink_install': True, 'test_result_base': None}
[0.234s] INFO:colcon.colcon_core.executor:Executing jobs using 'parallel' executor
[0.235s] DEBUG:colcon.colcon_parallel_executor.executor.parallel:run_until_complete
[0.235s] INFO:colcon.colcon_ros.task.ament_cmake.build:Building ROS package in '/home/srjn/ros2_ws/src/srv_pkg' with build type 'ament_cmake'
[0.235s] INFO:colcon.colcon_cmake.task.cmake.build:Building CMake package in '/home/srjn/ros2_ws/src/srv_pkg'
[0.237s] INFO:colcon.colcon_core.plugin_system:Skipping extension 'colcon_core.shell.bat': Not used on non-Windows systems
[0.237s] INFO:colcon.colcon_core.shell:Skip shell extension 'powershell' for command environment: Not usable outside of PowerShell
[0.237s] DEBUG:colcon.colcon_core.shell:Skip shell extension 'dsv' for command environment
[0.240s] INFO:colcon.colcon_ros.task.ament_cmake.build:Building ROS package in '/home/srjn/ros2_ws/action_pkg' with build type 'ament_cmake'
[0.240s] INFO:colcon.colcon_cmake.task.cmake.build:Building CMake package in '/home/srjn/ros2_ws/action_pkg'
[0.240s] INFO:colcon.colcon_core.shell:Skip shell extension 'powershell' for command environment: Not usable outside of PowerShell
[0.240s] DEBUG:colcon.colcon_core.shell:Skip shell extension 'dsv' for command environment
[0.243s] INFO:colcon.colcon_ros.task.ament_python.build:Building ROS package in '/home/srjn/ros2_ws/src/diff_drive_description' with build type 'ament_python'
[0.243s] Level 1:colcon.colcon_core.shell:create_environment_hook('diff_drive_description', 'ament_prefix_path')
[0.243s] INFO:colcon.colcon_core.shell:Creating environment hook '/home/srjn/ros2_ws/install/diff_drive_description/share/diff_drive_description/hook/ament_prefix_path.ps1'
[0.243s] INFO:colcon.colcon_core.shell:Creating environment descriptor '/home/srjn/ros2_ws/install/diff_drive_description/share/diff_drive_description/hook/ament_prefix_path.dsv'
[0.244s] INFO:colcon.colcon_core.shell:Creating environment hook '/home/srjn/ros2_ws/install/diff_drive_description/share/diff_drive_description/hook/ament_prefix_path.sh'
[0.244s] INFO:colcon.colcon_core.shell:Skip shell extension 'powershell' for command environment: Not usable outside of PowerShell
[0.244s] DEBUG:colcon.colcon_core.shell:Skip shell extension 'dsv' for command environment
[0.247s] INFO:colcon.colcon_ros.task.ament_python.build:Building ROS package in '/home/srjn/ros2_ws/src/first_pytest' with build type 'ament_python'
[0.247s] Level 1:colcon.colcon_core.shell:create_environment_hook('first_pytest', 'ament_prefix_path')
[0.247s] INFO:colcon.colcon_core.shell:Creating environment hook '/home/srjn/ros2_ws/install/first_pytest/share/first_pytest/hook/ament_prefix_path.ps1'
[0.248s] INFO:colcon.colcon_core.shell:Creating environment descriptor '/home/srjn/ros2_ws/install/first_pytest/share/first_pytest/hook/ament_prefix_path.dsv'
[0.248s] INFO:colcon.colcon_core.shell:Creating environment hook '/home/srjn/ros2_ws/install/first_pytest/share/first_pytest/hook/ament_prefix_path.sh'
[0.248s] INFO:colcon.colcon_core.shell:Skip shell extension 'powershell' for command environment: Not usable outside of PowerShell
[0.248s] DEBUG:colcon.colcon_core.shell:Skip shell extension 'dsv' for command environment
[0.252s] INFO:colcon.colcon_ros.task.ament_python.build:Building ROS package in '/home/srjn/ros2_ws/src/minimal_pkg' with build type 'ament_python'
[0.252s] Level 1:colcon.colcon_core.shell:create_environment_hook('minimal_pkg', 'ament_prefix_path')
[0.252s] INFO:colcon.colcon_core.shell:Creating environment hook '/home/srjn/ros2_ws/install/minimal_pkg/share/minimal_pkg/hook/ament_prefix_path.ps1'
[0.253s] INFO:colcon.colcon_core.shell:Creating environment descriptor '/home/srjn/ros2_ws/install/minimal_pkg/share/minimal_pkg/hook/ament_prefix_path.dsv'
[0.253s] INFO:colcon.colcon_core.shell:Creating environment hook '/home/srjn/ros2_ws/install/minimal_pkg/share/minimal_pkg/hook/ament_prefix_path.sh'
[0.253s] INFO:colcon.colcon_core.shell:Skip shell extension 'powershell' for command environment: Not usable outside of PowerShell
[0.253s] DEBUG:colcon.colcon_core.shell:Skip shell extension 'dsv' for command environment
[0.258s] INFO:colcon.colcon_ros.task.ament_cmake.build:Building ROS package in '/home/srjn/ros2_ws/pendulum_robot_description' with build type 'ament_cmake'
[0.258s] INFO:colcon.colcon_cmake.task.cmake.build:Building CMake package in '/home/srjn/ros2_ws/pendulum_robot_description'
[0.258s] INFO:colcon.colcon_core.shell:Skip shell extension 'powershell' for command environment: Not usable outside of PowerShell
[0.258s] DEBUG:colcon.colcon_core.shell:Skip shell extension 'dsv' for command environment
[0.262s] INFO:colcon.colcon_ros.task.ament_python.build:Building ROS package in '/home/srjn/ros2_ws/src/pubsub_py' with build type 'ament_python'
[0.262s] Level 1:colcon.colcon_core.shell:create_environment_hook('pubsub_py', 'ament_prefix_path')
[0.262s] INFO:colcon.colcon_core.shell:Creating environment hook '/home/srjn/ros2_ws/install/pubsub_py/share/pubsub_py/hook/ament_prefix_path.ps1'
[0.262s] INFO:colcon.colcon_core.shell:Creating environment descriptor '/home/srjn/ros2_ws/install/pubsub_py/share/pubsub_py/hook/ament_prefix_path.dsv'
[0.263s] INFO:colcon.colcon_core.shell:Creating environment hook '/home/srjn/ros2_ws/install/pubsub_py/share/pubsub_py/hook/ament_prefix_path.sh'
[0.263s] INFO:colcon.colcon_core.shell:Skip shell extension 'powershell' for command environment: Not usable outside of PowerShell
[0.263s] DEBUG:colcon.colcon_core.shell:Skip shell extension 'dsv' for command environment
[0.266s] INFO:colcon.colcon_ros.task.ament_python.build:Building ROS package in '/home/srjn/ros2_ws/src/symlink' with build type 'ament_python'
[0.266s] Level 1:colcon.colcon_core.shell:create_environment_hook('symlink', 'ament_prefix_path')
[0.266s] INFO:colcon.colcon_core.shell:Creating environment hook '/home/srjn/ros2_ws/install/symlink/share/symlink/hook/ament_prefix_path.ps1'
[0.266s] INFO:colcon.colcon_core.shell:Creating environment descriptor '/home/srjn/ros2_ws/install/symlink/share/symlink/hook/ament_prefix_path.dsv'
[0.266s] INFO:colcon.colcon_core.shell:Creating environment hook '/home/srjn/ros2_ws/install/symlink/share/symlink/hook/ament_prefix_path.sh'
[0.267s] INFO:colcon.colcon_core.shell:Skip shell extension 'powershell' for command environment: Not usable outside of PowerShell
[0.267s] DEBUG:colcon.colcon_core.shell:Skip shell extension 'dsv' for command environment
[0.270s] INFO:colcon.colcon_ros.task.ament_python.build:Building ROS package in '/home/srjn/ros2_ws/src/turtle_ctrl_launch' with build type 'ament_python'
[0.270s] Level 1:colcon.colcon_core.shell:create_environment_hook('turtle_ctrl_launch', 'ament_prefix_path')
[0.270s] INFO:colcon.colcon_core.shell:Creating environment hook '/home/srjn/ros2_ws/install/turtle_ctrl_launch/share/turtle_ctrl_launch/hook/ament_prefix_path.ps1'
[0.271s] INFO:colcon.colcon_core.shell:Creating environment descriptor '/home/srjn/ros2_ws/install/turtle_ctrl_launch/share/turtle_ctrl_launch/hook/ament_prefix_path.dsv'
[0.271s] INFO:colcon.colcon_core.shell:Creating environment hook '/home/srjn/ros2_ws/install/turtle_ctrl_launch/share/turtle_ctrl_launch/hook/ament_prefix_path.sh'
[0.271s] INFO:colcon.colcon_core.shell:Skip shell extension 'powershell' for command environment: Not usable outside of PowerShell
[0.271s] DEBUG:colcon.colcon_core.shell:Skip shell extension 'dsv' for command environment
[0.280s] DEBUG:colcon.colcon_core.event_handler.log_command:Invoking command in '/home/srjn/ros2_ws/build/srv_pkg': CMAKE_PREFIX_PATH=${CMAKE_PREFIX_PATH}:/opt/ros/jazzy DEBUGINFOD_URLS=https://debuginfod.ubuntu.com /usr/bin/cmake --build /home/srjn/ros2_ws/build/srv_pkg -- -j16 -l16
[0.282s] DEBUG:colcon.colcon_core.event_handler.log_command:Invoking command in '/home/srjn/ros2_ws/build/action_pkg': CMAKE_PREFIX_PATH=${CMAKE_PREFIX_PATH}:/opt/ros/jazzy DEBUGINFOD_URLS=https://debuginfod.ubuntu.com /usr/bin/cmake --build /home/srjn/ros2_ws/build/action_pkg -- -j16 -l16
[0.511s] INFO:colcon.colcon_core.task.python.build:Building Python package in '/home/srjn/ros2_ws/src/diff_drive_description'
[0.512s] INFO:colcon.colcon_core.shell:Skip shell extension 'powershell' for command environment: Not usable outside of PowerShell
[0.512s] DEBUG:colcon.colcon_core.shell:Skip shell extension 'dsv' for command environment
[0.706s] INFO:colcon.colcon_core.task.python.build:Building Python package in '/home/srjn/ros2_ws/src/first_pytest'
[0.706s] INFO:colcon.colcon_core.shell:Skip shell extension 'powershell' for command environment: Not usable outside of PowerShell
[0.706s] DEBUG:colcon.colcon_core.shell:Skip shell extension 'dsv' for command environment
[0.899s] INFO:colcon.colcon_core.task.python.build:Building Python package in '/home/srjn/ros2_ws/src/minimal_pkg'
[0.900s] INFO:colcon.colcon_core.shell:Skip shell extension 'powershell' for command environment: Not usable outside of PowerShell
[0.900s] DEBUG:colcon.colcon_core.shell:Skip shell extension 'dsv' for command environment
[0.905s] DEBUG:colcon.colcon_core.event_handler.log_command:Invoking command in '/home/srjn/ros2_ws/build/pendulum_robot_description': CMAKE_PREFIX_PATH=${CMAKE_PREFIX_PATH}:/opt/ros/jazzy DEBUGINFOD_URLS=https://debuginfod.ubuntu.com /usr/bin/cmake --build /home/srjn/ros2_ws/build/pendulum_robot_description -- -j16 -l16
[1.094s] INFO:colcon.colcon_core.task.python.build:Building Python package in '/home/srjn/ros2_ws/src/pubsub_py'
[1.094s] INFO:colcon.colcon_core.shell:Skip shell extension 'powershell' for command environment: Not usable outside of PowerShell
[1.094s] DEBUG:colcon.colcon_core.shell:Skip shell extension 'dsv' for command environment
[1.294s] INFO:colcon.colcon_core.task.python.build:Building Python package in '/home/srjn/ros2_ws/src/symlink'
[1.295s] INFO:colcon.colcon_core.shell:Skip shell extension 'powershell' for command environment: Not usable outside of PowerShell
[1.295s] DEBUG:colcon.colcon_core.shell:Skip shell extension 'dsv' for command environment
[1.302s] DEBUG:colcon.colcon_core.event_handler.log_command:Invoked command in '/home/srjn/ros2_ws/build/srv_pkg' returned '0': CMAKE_PREFIX_PATH=${CMAKE_PREFIX_PATH}:/opt/ros/jazzy DEBUGINFOD_URLS=https://debuginfod.ubuntu.com /usr/bin/cmake --build /home/srjn/ros2_ws/build/srv_pkg -- -j16 -l16
[1.311s] DEBUG:colcon.colcon_core.event_handler.log_command:Invoking command in '/home/srjn/ros2_ws/build/srv_pkg': CMAKE_PREFIX_PATH=${CMAKE_PREFIX_PATH}:/opt/ros/jazzy DEBUGINFOD_URLS=https://debuginfod.ubuntu.com /usr/bin/cmake --install /home/srjn/ros2_ws/build/srv_pkg
[1.312s] DEBUG:colcon.colcon_core.event_handler.log_command:Invoked command in '/home/srjn/ros2_ws/build/action_pkg' returned '0': CMAKE_PREFIX_PATH=${CMAKE_PREFIX_PATH}:/opt/ros/jazzy DEBUGINFOD_URLS=https://debuginfod.ubuntu.com /usr/bin/cmake --build /home/srjn/ros2_ws/build/action_pkg -- -j16 -l16
[1.313s] DEBUG:colcon.colcon_core.event_handler.log_command:Invoking command in '/home/srjn/ros2_ws/build/action_pkg': CMAKE_PREFIX_PATH=${CMAKE_PREFIX_PATH}:/opt/ros/jazzy DEBUGINFOD_URLS=https://debuginfod.ubuntu.com /usr/bin/cmake --install /home/srjn/ros2_ws/build/action_pkg
[1.313s] DEBUG:colcon.colcon_core.event_handler.log_command:Invoked command in '/home/srjn/ros2_ws/build/pendulum_robot_description' returned '0': CMAKE_PREFIX_PATH=${CMAKE_PREFIX_PATH}:/opt/ros/jazzy DEBUGINFOD_URLS=https://debuginfod.ubuntu.com /usr/bin/cmake --build /home/srjn/ros2_ws/build/pendulum_robot_description -- -j16 -l16
[1.314s] DEBUG:colcon.colcon_core.event_handler.log_command:Invoking command in '/home/srjn/ros2_ws/build/pendulum_robot_description': CMAKE_PREFIX_PATH=${CMAKE_PREFIX_PATH}:/opt/ros/jazzy DEBUGINFOD_URLS=https://debuginfod.ubuntu.com /usr/bin/cmake --install /home/srjn/ros2_ws/build/pendulum_robot_description
[1.522s] INFO:colcon.colcon_core.task.python.build:Building Python package in '/home/srjn/ros2_ws/src/turtle_ctrl_launch'
[1.523s] INFO:colcon.colcon_core.shell:Skip shell extension 'powershell' for command environment: Not usable outside of PowerShell
[1.523s] DEBUG:colcon.colcon_core.shell:Skip shell extension 'dsv' for command environment
[1.538s] Level 1:colcon.colcon_core.environment:create_environment_scripts_only(pendulum_robot_description)
[1.546s] DEBUG:colcon.colcon_core.event_handler.log_command:Invoked command in '/home/srjn/ros2_ws/build/pendulum_robot_description' returned '0': CMAKE_PREFIX_PATH=${CMAKE_PREFIX_PATH}:/opt/ros/jazzy DEBUGINFOD_URLS=https://debuginfod.ubuntu.com /usr/bin/cmake --install /home/srjn/ros2_ws/build/pendulum_robot_description
[1.546s] Level 1:colcon.colcon_core.environment:checking '/home/srjn/ros2_ws/install/pendulum_robot_description' for CMake module files
[1.546s] Level 1:colcon.colcon_core.environment:checking '/home/srjn/ros2_ws/install/pendulum_robot_description' for CMake config files
[1.547s] Level 1:colcon.colcon_core.shell:create_environment_hook('pendulum_robot_description', 'cmake_prefix_path')
[1.547s] INFO:colcon.colcon_core.shell:Creating environment hook '/home/srjn/ros2_ws/install/pendulum_robot_description/share/pendulum_robot_description/hook/cmake_prefix_path.ps1'
[1.547s] INFO:colcon.colcon_core.shell:Creating environment descriptor '/home/srjn/ros2_ws/install/pendulum_robot_description/share/pendulum_robot_description/hook/cmake_prefix_path.dsv'
[1.548s] INFO:colcon.colcon_core.shell:Creating environment hook '/home/srjn/ros2_ws/install/pendulum_robot_description/share/pendulum_robot_description/hook/cmake_prefix_path.sh'
[1.549s] Level 1:colcon.colcon_core.environment:checking '/home/srjn/ros2_ws/install/pendulum_robot_description/bin'
[1.549s] Level 1:colcon.colcon_core.environment:checking '/home/srjn/ros2_ws/install/pendulum_robot_description/lib/pkgconfig/pendulum_robot_description.pc'
[1.549s] Level 1:colcon.colcon_core.environment:checking '/home/srjn/ros2_ws/install/pendulum_robot_description/lib/python3.12/site-packages'
[1.550s] Level 1:colcon.colcon_core.environment:checking '/home/srjn/ros2_ws/install/pendulum_robot_description/bin'
[1.550s] INFO:colcon.colcon_core.shell:Creating package script '/home/srjn/ros2_ws/install/pendulum_robot_description/share/pendulum_robot_description/package.ps1'
[1.551s] INFO:colcon.colcon_core.shell:Creating package descriptor '/home/srjn/ros2_ws/install/pendulum_robot_description/share/pendulum_robot_description/package.dsv'
[1.551s] INFO:colcon.colcon_core.shell:Creating package script '/home/srjn/ros2_ws/install/pendulum_robot_description/share/pendulum_robot_description/package.sh'
[1.552s] INFO:colcon.colcon_core.shell:Creating package script '/home/srjn/ros2_ws/install/pendulum_robot_description/share/pendulum_robot_description/package.bash'
[1.553s] INFO:colcon.colcon_core.shell:Creating package script '/home/srjn/ros2_ws/install/pendulum_robot_description/share/pendulum_robot_description/package.zsh'
[1.553s] Level 1:colcon.colcon_core.environment:create_file_with_runtime_dependencies(/home/srjn/ros2_ws/install/pendulum_robot_description/share/colcon-core/packages/pendulum_robot_description)
[1.554s] Level 1:colcon.colcon_core.environment:create_environment_scripts_only(pendulum_robot_description)
[1.554s] Level 1:colcon.colcon_core.environment:checking '/home/srjn/ros2_ws/install/pendulum_robot_description' for CMake module files
[1.555s] Level 1:colcon.colcon_core.environment:checking '/home/srjn/ros2_ws/install/pendulum_robot_description' for CMake config files
[1.555s] Level 1:colcon.colcon_core.shell:create_environment_hook('pendulum_robot_description', 'cmake_prefix_path')
[1.556s] INFO:colcon.colcon_core.shell:Creating environment hook '/home/srjn/ros2_ws/install/pendulum_robot_description/share/pendulum_robot_description/hook/cmake_prefix_path.ps1'
[1.556s] INFO:colcon.colcon_core.shell:Creating environment descriptor '/home/srjn/ros2_ws/install/pendulum_robot_description/share/pendulum_robot_description/hook/cmake_prefix_path.dsv'
[1.556s] INFO:colcon.colcon_core.shell:Creating environment hook '/home/srjn/ros2_ws/install/pendulum_robot_description/share/pendulum_robot_description/hook/cmake_prefix_path.sh'
[1.557s] Level 1:colcon.colcon_core.environment:checking '/home/srjn/ros2_ws/install/pendulum_robot_description/bin'
[1.557s] Level 1:colcon.colcon_core.environment:checking '/home/srjn/ros2_ws/install/pendulum_robot_description/lib/pkgconfig/pendulum_robot_description.pc'
[1.557s] Level 1:colcon.colcon_core.environment:checking '/home/srjn/ros2_ws/install/pendulum_robot_description/lib/python3.12/site-packages'
[1.558s] Level 1:colcon.colcon_core.environment:checking '/home/srjn/ros2_ws/install/pendulum_robot_description/bin'
[1.558s] INFO:colcon.colcon_core.shell:Creating package script '/home/srjn/ros2_ws/install/pendulum_robot_description/share/pendulum_robot_description/package.ps1'
[1.559s] INFO:colcon.colcon_core.shell:Creating package descriptor '/home/srjn/ros2_ws/install/pendulum_robot_description/share/pendulum_robot_description/package.dsv'
[1.559s] INFO:colcon.colcon_core.shell:Creating package script '/home/srjn/ros2_ws/install/pendulum_robot_description/share/pendulum_robot_description/package.sh'
[1.560s] INFO:colcon.colcon_core.shell:Creating package script '/home/srjn/ros2_ws/install/pendulum_robot_description/share/pendulum_robot_description/package.bash'
[1.560s] INFO:colcon.colcon_core.shell:Creating package script '/home/srjn/ros2_ws/install/pendulum_robot_description/share/pendulum_robot_description/package.zsh'
[1.561s] Level 1:colcon.colcon_core.environment:create_file_with_runtime_dependencies(/home/srjn/ros2_ws/install/pendulum_robot_description/share/colcon-core/packages/pendulum_robot_description)
[1.561s] Level 1:colcon.colcon_core.environment:create_environment_scripts_only(action_pkg)
[1.561s] Level 1:colcon.colcon_core.environment:checking '/home/srjn/ros2_ws/install/action_pkg' for CMake module files
[1.563s] DEBUG:colcon.colcon_core.event_handler.log_command:Invoked command in '/home/srjn/ros2_ws/build/action_pkg' returned '0': CMAKE_PREFIX_PATH=${CMAKE_PREFIX_PATH}:/opt/ros/jazzy DEBUGINFOD_URLS=https://debuginfod.ubuntu.com /usr/bin/cmake --install /home/srjn/ros2_ws/build/action_pkg
[1.563s] Level 1:colcon.colcon_core.environment:checking '/home/srjn/ros2_ws/install/action_pkg' for CMake config files
[1.563s] Level 1:colcon.colcon_core.shell:create_environment_hook('action_pkg', 'cmake_prefix_path')
[1.564s] INFO:colcon.colcon_core.shell:Creating environment hook '/home/srjn/ros2_ws/install/action_pkg/share/action_pkg/hook/cmake_prefix_path.ps1'
[1.564s] INFO:colcon.colcon_core.shell:Creating environment descriptor '/home/srjn/ros2_ws/install/action_pkg/share/action_pkg/hook/cmake_prefix_path.dsv'
[1.565s] INFO:colcon.colcon_core.shell:Creating environment hook '/home/srjn/ros2_ws/install/action_pkg/share/action_pkg/hook/cmake_prefix_path.sh'
[1.565s] Level 1:colcon.colcon_core.environment:checking '/home/srjn/ros2_ws/install/action_pkg/bin'
[1.565s] Level 1:colcon.colcon_core.environment:checking '/home/srjn/ros2_ws/install/action_pkg/lib/pkgconfig/action_pkg.pc'
[1.566s] Level 1:colcon.colcon_core.environment:checking '/home/srjn/ros2_ws/install/action_pkg/lib/python3.12/site-packages'
[1.566s] Level 1:colcon.colcon_core.environment:checking '/home/srjn/ros2_ws/install/action_pkg/bin'
[1.566s] INFO:colcon.colcon_core.shell:Creating package script '/home/srjn/ros2_ws/install/action_pkg/share/action_pkg/package.ps1'
[1.567s] INFO:colcon.colcon_core.shell:Creating package descriptor '/home/srjn/ros2_ws/install/action_pkg/share/action_pkg/package.dsv'
[1.567s] INFO:colcon.colcon_core.shell:Creating package script '/home/srjn/ros2_ws/install/action_pkg/share/action_pkg/package.sh'
[1.568s] INFO:colcon.colcon_core.shell:Creating package script '/home/srjn/ros2_ws/install/action_pkg/share/action_pkg/package.bash'
[1.568s] INFO:colcon.colcon_core.shell:Creating package script '/home/srjn/ros2_ws/install/action_pkg/share/action_pkg/package.zsh'
[1.569s] Level 1:colcon.colcon_core.environment:create_file_with_runtime_dependencies(/home/srjn/ros2_ws/install/action_pkg/share/colcon-core/packages/action_pkg)
[1.569s] Level 1:colcon.colcon_core.environment:create_environment_scripts_only(action_pkg)
[1.570s] Level 1:colcon.colcon_core.environment:checking '/home/srjn/ros2_ws/install/action_pkg' for CMake module files
[1.570s] Level 1:colcon.colcon_core.environment:checking '/home/srjn/ros2_ws/install/action_pkg' for CMake config files
[1.571s] Level 1:colcon.colcon_core.shell:create_environment_hook('action_pkg', 'cmake_prefix_path')
[1.571s] INFO:colcon.colcon_core.shell:Creating environment hook '/home/srjn/ros2_ws/install/action_pkg/share/action_pkg/hook/cmake_prefix_path.ps1'
[1.572s] INFO:colcon.colcon_core.shell:Creating environment descriptor '/home/srjn/ros2_ws/install/action_pkg/share/action_pkg/hook/cmake_prefix_path.dsv'
[1.572s] INFO:colcon.colcon_core.shell:Creating environment hook '/home/srjn/ros2_ws/install/action_pkg/share/action_pkg/hook/cmake_prefix_path.sh'
[1.573s] Level 1:colcon.colcon_core.environment:checking '/home/srjn/ros2_ws/install/action_pkg/bin'
[1.573s] Level 1:colcon.colcon_core.environment:checking '/home/srjn/ros2_ws/install/action_pkg/lib/pkgconfig/action_pkg.pc'
[1.573s] Level 1:colcon.colcon_core.environment:checking '/home/srjn/ros2_ws/install/action_pkg/lib/python3.12/site-packages'
[1.574s] Level 1:colcon.colcon_core.environment:checking '/home/srjn/ros2_ws/install/action_pkg/bin'
[1.574s] INFO:colcon.colcon_core.shell:Creating package script '/home/srjn/ros2_ws/install/action_pkg/share/action_pkg/package.ps1'
[1.574s] INFO:colcon.colcon_core.shell:Creating package descriptor '/home/srjn/ros2_ws/install/action_pkg/share/action_pkg/package.dsv'
[1.575s] INFO:colcon.colcon_core.shell:Creating package script '/home/srjn/ros2_ws/install/action_pkg/share/action_pkg/package.sh'
[1.575s] INFO:colcon.colcon_core.shell:Creating package script '/home/srjn/ros2_ws/install/action_pkg/share/action_pkg/package.bash'
[1.576s] INFO:colcon.colcon_core.shell:Creating package script '/home/srjn/ros2_ws/install/action_pkg/share/action_pkg/package.zsh'
[1.576s] Level 1:colcon.colcon_core.environment:create_file_with_runtime_dependencies(/home/srjn/ros2_ws/install/action_pkg/share/colcon-core/packages/action_pkg)
[1.577s] Level 1:colcon.colcon_core.environment:create_environment_scripts_only(srv_pkg)
[1.577s] Level 1:colcon.colcon_core.environment:checking '/home/srjn/ros2_ws/install/srv_pkg' for CMake module files
[1.578s] DEBUG:colcon.colcon_core.event_handler.log_command:Invoked command in '/home/srjn/ros2_ws/build/srv_pkg' returned '0': CMAKE_PREFIX_PATH=${CMAKE_PREFIX_PATH}:/opt/ros/jazzy DEBUGINFOD_URLS=https://debuginfod.ubuntu.com /usr/bin/cmake --install /home/srjn/ros2_ws/build/srv_pkg
[1.579s] Level 1:colcon.colcon_core.environment:checking '/home/srjn/ros2_ws/install/srv_pkg' for CMake config files
[1.580s] Level 1:colcon.colcon_core.shell:create_environment_hook('srv_pkg', 'cmake_prefix_path')
[1.581s] INFO:colcon.colcon_core.shell:Creating environment hook '/home/srjn/ros2_ws/install/srv_pkg/share/srv_pkg/hook/cmake_prefix_path.ps1'
[1.581s] INFO:colcon.colcon_core.shell:Creating environment descriptor '/home/srjn/ros2_ws/install/srv_pkg/share/srv_pkg/hook/cmake_prefix_path.dsv'
[1.581s] INFO:colcon.colcon_core.shell:Creating environment hook '/home/srjn/ros2_ws/install/srv_pkg/share/srv_pkg/hook/cmake_prefix_path.sh'
[1.582s] Level 1:colcon.colcon_core.environment:checking '/home/srjn/ros2_ws/install/srv_pkg/lib'
[1.582s] Level 1:colcon.colcon_core.shell:create_environment_hook('srv_pkg', 'ld_library_path_lib')
[1.583s] INFO:colcon.colcon_core.shell:Creating environment hook '/home/srjn/ros2_ws/install/srv_pkg/share/srv_pkg/hook/ld_library_path_lib.ps1'
[1.583s] INFO:colcon.colcon_core.shell:Creating environment descriptor '/home/srjn/ros2_ws/install/srv_pkg/share/srv_pkg/hook/ld_library_path_lib.dsv'
[1.583s] INFO:colcon.colcon_core.shell:Creating environment hook '/home/srjn/ros2_ws/install/srv_pkg/share/srv_pkg/hook/ld_library_path_lib.sh'
[1.584s] Level 1:colcon.colcon_core.environment:checking '/home/srjn/ros2_ws/install/srv_pkg/bin'
[1.584s] Level 1:colcon.colcon_core.environment:checking '/home/srjn/ros2_ws/install/srv_pkg/lib/pkgconfig/srv_pkg.pc'
[1.584s] Level 1:colcon.colcon_core.environment:checking '/home/srjn/ros2_ws/install/srv_pkg/lib/python3.12/site-packages'
[1.584s] Level 1:colcon.colcon_core.shell:create_environment_hook('srv_pkg', 'pythonpath')
[1.584s] INFO:colcon.colcon_core.shell:Creating environment hook '/home/srjn/ros2_ws/install/srv_pkg/share/srv_pkg/hook/pythonpath.ps1'
[1.585s] INFO:colcon.colcon_core.shell:Creating environment descriptor '/home/srjn/ros2_ws/install/srv_pkg/share/srv_pkg/hook/pythonpath.dsv'
[1.585s] INFO:colcon.colcon_core.shell:Creating environment hook '/home/srjn/ros2_ws/install/srv_pkg/share/srv_pkg/hook/pythonpath.sh'
[1.586s] Level 1:colcon.colcon_core.environment:checking '/home/srjn/ros2_ws/install/srv_pkg/bin'
[1.586s] INFO:colcon.colcon_core.shell:Creating package script '/home/srjn/ros2_ws/install/srv_pkg/share/srv_pkg/package.ps1'
[1.586s] INFO:colcon.colcon_core.shell:Creating package descriptor '/home/srjn/ros2_ws/install/srv_pkg/share/srv_pkg/package.dsv'
[1.587s] INFO:colcon.colcon_core.shell:Creating package script '/home/srjn/ros2_ws/install/srv_pkg/share/srv_pkg/package.sh'
[1.587s] INFO:colcon.colcon_core.shell:Creating package script '/home/srjn/ros2_ws/install/srv_pkg/share/srv_pkg/package.bash'
[1.588s] INFO:colcon.colcon_core.shell:Creating package script '/home/srjn/ros2_ws/install/srv_pkg/share/srv_pkg/package.zsh'
[1.588s] Level 1:colcon.colcon_core.environment:create_file_with_runtime_dependencies(/home/srjn/ros2_ws/install/srv_pkg/share/colcon-core/packages/srv_pkg)
[1.589s] Level 1:colcon.colcon_core.environment:create_environment_scripts_only(srv_pkg)
[1.589s] Level 1:colcon.colcon_core.environment:checking '/home/srjn/ros2_ws/install/srv_pkg' for CMake module files
[1.590s] Level 1:colcon.colcon_core.environment:checking '/home/srjn/ros2_ws/install/srv_pkg' for CMake config files
[1.591s] Level 1:colcon.colcon_core.shell:create_environment_hook('srv_pkg', 'cmake_prefix_path')
[1.592s] INFO:colcon.colcon_core.shell:Creating environment hook '/home/srjn/ros2_ws/install/srv_pkg/share/srv_pkg/hook/cmake_prefix_path.ps1'
[1.592s] INFO:colcon.colcon_core.shell:Creating environment descriptor '/home/srjn/ros2_ws/install/srv_pkg/share/srv_pkg/hook/cmake_prefix_path.dsv'
[1.592s] INFO:colcon.colcon_core.shell:Creating environment hook '/home/srjn/ros2_ws/install/srv_pkg/share/srv_pkg/hook/cmake_prefix_path.sh'
[1.593s] Level 1:colcon.colcon_core.environment:checking '/home/srjn/ros2_ws/install/srv_pkg/lib'
[1.593s] Level 1:colcon.colcon_core.shell:create_environment_hook('srv_pkg', 'ld_library_path_lib')
[1.593s] INFO:colcon.colcon_core.shell:Creating environment hook '/home/srjn/ros2_ws/install/srv_pkg/share/srv_pkg/hook/ld_library_path_lib.ps1'
[1.594s] INFO:colcon.colcon_core.shell:Creating environment descriptor '/home/srjn/ros2_ws/install/srv_pkg/share/srv_pkg/hook/ld_library_path_lib.dsv'
[1.594s] INFO:colcon.colcon_core.shell:Creating environment hook '/home/srjn/ros2_ws/install/srv_pkg/share/srv_pkg/hook/ld_library_path_lib.sh'
[1.594s] Level 1:colcon.colcon_core.environment:checking '/home/srjn/ros2_ws/install/srv_pkg/bin'
[1.595s] Level 1:colcon.colcon_core.environment:checking '/home/srjn/ros2_ws/install/srv_pkg/lib/pkgconfig/srv_pkg.pc'
[1.595s] Level 1:colcon.colcon_core.environment:checking '/home/srjn/ros2_ws/install/srv_pkg/lib/python3.12/site-packages'
[1.595s] Level 1:colcon.colcon_core.shell:create_environment_hook('srv_pkg', 'pythonpath')
[1.595s] INFO:colcon.colcon_core.shell:Creating environment hook '/home/srjn/ros2_ws/install/srv_pkg/share/srv_pkg/hook/pythonpath.ps1'
[1.596s] INFO:colcon.colcon_core.shell:Creating environment descriptor '/home/srjn/ros2_ws/install/srv_pkg/share/srv_pkg/hook/pythonpath.dsv'
[1.596s] INFO:colcon.colcon_core.shell:Creating environment hook '/home/srjn/ros2_ws/install/srv_pkg/share/srv_pkg/hook/pythonpath.sh'
[1.597s] Level 1:colcon.colcon_core.environment:checking '/home/srjn/ros2_ws/install/srv_pkg/bin'
[1.597s] INFO:colcon.colcon_core.shell:Creating package script '/home/srjn/ros2_ws/install/srv_pkg/share/srv_pkg/package.ps1'
[1.598s] INFO:colcon.colcon_core.shell:Creating package descriptor '/home/srjn/ros2_ws/install/srv_pkg/share/srv_pkg/package.dsv'
[1.598s] INFO:colcon.colcon_core.shell:Creating package script '/home/srjn/ros2_ws/install/srv_pkg/share/srv_pkg/package.sh'
[1.599s] INFO:colcon.colcon_core.shell:Creating package script '/home/srjn/ros2_ws/install/srv_pkg/share/srv_pkg/package.bash'
[1.599s] INFO:colcon.colcon_core.shell:Creating package script '/home/srjn/ros2_ws/install/srv_pkg/share/srv_pkg/package.zsh'
[1.600s] Level 1:colcon.colcon_core.environment:create_file_with_runtime_dependencies(/home/srjn/ros2_ws/install/srv_pkg/share/colcon-core/packages/srv_pkg)
[1.600s] INFO:colcon.colcon_ros.task.ament_python.build:Building ROS package in '/home/srjn/ros2_ws/srvcli_py' with build type 'ament_python'
[1.600s] Level 1:colcon.colcon_core.shell:create_environment_hook('srvcli_py', 'ament_prefix_path')
[1.601s] INFO:colcon.colcon_core.shell:Creating environment hook '/home/srjn/ros2_ws/install/srvcli_py/share/srvcli_py/hook/ament_prefix_path.ps1'
[1.601s] INFO:colcon.colcon_core.shell:Creating environment descriptor '/home/srjn/ros2_ws/install/srvcli_py/share/srvcli_py/hook/ament_prefix_path.dsv'
[1.602s] INFO:colcon.colcon_core.shell:Creating environment hook '/home/srjn/ros2_ws/install/srvcli_py/share/srvcli_py/hook/ament_prefix_path.sh'
[1.602s] INFO:colcon.colcon_core.shell:Skip shell extension 'powershell' for command environment: Not usable outside of PowerShell
[1.603s] DEBUG:colcon.colcon_core.shell:Skip shell extension 'dsv' for command environment
[1.912s] INFO:colcon.colcon_core.task.python.build:Building Python package in '/home/srjn/ros2_ws/srvcli_py'
[1.913s] INFO:colcon.colcon_core.shell:Skip shell extension 'powershell' for command environment: Not usable outside of PowerShell
[1.913s] DEBUG:colcon.colcon_core.shell:Skip shell extension 'dsv' for command environment
[2.303s] DEBUG:colcon.colcon_core.event_handler.log_command:Invoking command in '/home/srjn/ros2_ws/build/minimal_pkg': DEBUGINFOD_URLS=https://debuginfod.ubuntu.com PYTHONPATH=/home/srjn/ros2_ws/build/minimal_pkg/prefix_override:/usr/lib/python3/dist-packages/colcon_core/task/python/colcon_distutils_commands:/home/srjn/ros2_ws/install/minimal_pkg/lib/python3.12/site-packages:${PYTHONPATH} /usr/bin/python3 -W ignore:setup.py install is deprecated -W ignore:easy_install command is deprecated setup.py develop --editable --build-directory /home/srjn/ros2_ws/build/minimal_pkg/build --no-deps symlink_data
[2.327s] DEBUG:colcon.colcon_core.event_handler.log_command:Invoking command in '/home/srjn/ros2_ws/build/first_pytest': DEBUGINFOD_URLS=https://debuginfod.ubuntu.com PYTHONPATH=/home/srjn/ros2_ws/build/first_pytest/prefix_override:/usr/lib/python3/dist-packages/colcon_core/task/python/colcon_distutils_commands:/home/srjn/ros2_ws/install/first_pytest/lib/python3.12/site-packages:${PYTHONPATH} /usr/bin/python3 -W ignore:setup.py install is deprecated -W ignore:easy_install command is deprecated setup.py develop --editable --build-directory /home/srjn/ros2_ws/build/first_pytest/build --no-deps symlink_data
[2.339s] DEBUG:colcon.colcon_core.event_handler.log_command:Invoking command in '/home/srjn/ros2_ws/build/pubsub_py': DEBUGINFOD_URLS=https://debuginfod.ubuntu.com PYTHONPATH=/home/srjn/ros2_ws/build/pubsub_py/prefix_override:/usr/lib/python3/dist-packages/colcon_core/task/python/colcon_distutils_commands:/home/srjn/ros2_ws/install/pubsub_py/lib/python3.12/site-packages:${PYTHONPATH} /usr/bin/python3 -W ignore:setup.py install is deprecated -W ignore:easy_install command is deprecated setup.py develop --editable --build-directory /home/srjn/ros2_ws/build/pubsub_py/build --no-deps symlink_data
[2.345s] DEBUG:colcon.colcon_core.event_handler.log_command:Invoking command in '/home/srjn/ros2_ws/build/symlink': DEBUGINFOD_URLS=https://debuginfod.ubuntu.com PYTHONPATH=/home/srjn/ros2_ws/build/symlink/prefix_override:/usr/lib/python3/dist-packages/colcon_core/task/python/colcon_distutils_commands:/home/srjn/ros2_ws/install/symlink/lib/python3.12/site-packages:${PYTHONPATH} /usr/bin/python3 -W ignore:setup.py install is deprecated -W ignore:easy_install command is deprecated setup.py develop --editable --build-directory /home/srjn/ros2_ws/build/symlink/build --no-deps symlink_data
[2.357s] DEBUG:colcon.colcon_core.event_handler.log_command:Invoking command in '/home/srjn/ros2_ws/build/diff_drive_description': DEBUGINFOD_URLS=https://debuginfod.ubuntu.com PYTHONPATH=/home/srjn/ros2_ws/build/diff_drive_description/prefix_override:/usr/lib/python3/dist-packages/colcon_core/task/python/colcon_distutils_commands:/home/srjn/ros2_ws/install/diff_drive_description/lib/python3.12/site-packages:${PYTHONPATH} /usr/bin/python3 -W ignore:setup.py install is deprecated -W ignore:easy_install command is deprecated setup.py develop --editable --build-directory /home/srjn/ros2_ws/build/diff_drive_description/build --no-deps symlink_data
[2.406s] DEBUG:colcon.colcon_core.event_handler.log_command:Invoking command in '/home/srjn/ros2_ws/build/turtle_ctrl_launch': DEBUGINFOD_URLS=https://debuginfod.ubuntu.com PYTHONPATH=/home/srjn/ros2_ws/build/turtle_ctrl_launch/prefix_override:/usr/lib/python3/dist-packages/colcon_core/task/python/colcon_distutils_commands:/home/srjn/ros2_ws/install/turtle_ctrl_launch/lib/python3.12/site-packages:${PYTHONPATH} /usr/bin/python3 -W ignore:setup.py install is deprecated -W ignore:easy_install command is deprecated setup.py develop --editable --build-directory /home/srjn/ros2_ws/build/turtle_ctrl_launch/build --no-deps symlink_data
[2.651s] DEBUG:colcon.colcon_core.event_handler.log_command:Invoking command in '/home/srjn/ros2_ws/build/srvcli_py': AMENT_PREFIX_PATH=/home/srjn/ros2_ws/install/srv_pkg:${AMENT_PREFIX_PATH} CMAKE_PREFIX_PATH=/home/srjn/ros2_ws/install/srv_pkg:${CMAKE_PREFIX_PATH} DEBUGINFOD_URLS=https://debuginfod.ubuntu.com LD_LIBRARY_PATH=/home/srjn/ros2_ws/install/srv_pkg/lib:${LD_LIBRARY_PATH} PYTHONPATH=/home/srjn/ros2_ws/build/srvcli_py/prefix_override:/usr/lib/python3/dist-packages/colcon_core/task/python/colcon_distutils_commands:/home/srjn/ros2_ws/install/srvcli_py/lib/python3.12/site-packages:/home/srjn/ros2_ws/install/srv_pkg/lib/python3.12/site-packages:${PYTHONPATH} /usr/bin/python3 -W ignore:setup.py install is deprecated -W ignore:easy_install command is deprecated setup.py develop --editable --build-directory /home/srjn/ros2_ws/build/srvcli_py/build --no-deps symlink_data
[3.158s] Level 1:colcon.colcon_core.shell:create_environment_hook('minimal_pkg', 'pythonpath_develop')
[3.159s] INFO:colcon.colcon_core.shell:Creating environment hook '/home/srjn/ros2_ws/build/minimal_pkg/share/minimal_pkg/hook/pythonpath_develop.ps1'
[3.159s] DEBUG:colcon.colcon_core.event_handler.log_command:Invoked command in '/home/srjn/ros2_ws/build/minimal_pkg' returned '0': DEBUGINFOD_URLS=https://debuginfod.ubuntu.com PYTHONPATH=/home/srjn/ros2_ws/build/minimal_pkg/prefix_override:/usr/lib/python3/dist-packages/colcon_core/task/python/colcon_distutils_commands:/home/srjn/ros2_ws/install/minimal_pkg/lib/python3.12/site-packages:${PYTHONPATH} /usr/bin/python3 -W ignore:setup.py install is deprecated -W ignore:easy_install command is deprecated setup.py develop --editable --build-directory /home/srjn/ros2_ws/build/minimal_pkg/build --no-deps symlink_data
[3.160s] INFO:colcon.colcon_core.shell:Creating environment descriptor '/home/srjn/ros2_ws/build/minimal_pkg/share/minimal_pkg/hook/pythonpath_develop.dsv'
[3.160s] INFO:colcon.colcon_core.shell:Creating environment hook '/home/srjn/ros2_ws/build/minimal_pkg/share/minimal_pkg/hook/pythonpath_develop.sh'
[3.161s] Level 1:colcon.colcon_core.environment:checking '/home/srjn/ros2_ws/install/minimal_pkg' for CMake module files
[3.162s] Level 1:colcon.colcon_core.environment:checking '/home/srjn/ros2_ws/install/minimal_pkg' for CMake config files
[3.162s] Level 1:colcon.colcon_core.environment:checking '/home/srjn/ros2_ws/install/minimal_pkg/lib'
[3.163s] Level 1:colcon.colcon_core.environment:checking '/home/srjn/ros2_ws/install/minimal_pkg/bin'
[3.163s] Level 1:colcon.colcon_core.environment:checking '/home/srjn/ros2_ws/install/minimal_pkg/lib/pkgconfig/minimal_pkg.pc'
[3.163s] Level 1:colcon.colcon_core.environment:checking '/home/srjn/ros2_ws/install/minimal_pkg/lib/python3.12/site-packages'
[3.163s] Level 1:colcon.colcon_core.shell:create_environment_hook('minimal_pkg', 'pythonpath')
[3.164s] INFO:colcon.colcon_core.shell:Creating environment hook '/home/srjn/ros2_ws/install/minimal_pkg/share/minimal_pkg/hook/pythonpath.ps1'
[3.164s] INFO:colcon.colcon_core.shell:Creating environment descriptor '/home/srjn/ros2_ws/install/minimal_pkg/share/minimal_pkg/hook/pythonpath.dsv'
[3.164s] INFO:colcon.colcon_core.shell:Creating environment hook '/home/srjn/ros2_ws/install/minimal_pkg/share/minimal_pkg/hook/pythonpath.sh'
[3.165s] Level 1:colcon.colcon_core.environment:checking '/home/srjn/ros2_ws/install/minimal_pkg/bin'
[3.165s] Level 1:colcon.colcon_core.environment:create_environment_scripts_only(minimal_pkg)
[3.166s] INFO:colcon.colcon_core.shell:Creating package script '/home/srjn/ros2_ws/install/minimal_pkg/share/minimal_pkg/package.ps1'
[3.166s] INFO:colcon.colcon_core.shell:Creating package descriptor '/home/srjn/ros2_ws/install/minimal_pkg/share/minimal_pkg/package.dsv'
[3.167s] INFO:colcon.colcon_core.shell:Creating package script '/home/srjn/ros2_ws/install/minimal_pkg/share/minimal_pkg/package.sh'
[3.167s] INFO:colcon.colcon_core.shell:Creating package script '/home/srjn/ros2_ws/install/minimal_pkg/share/minimal_pkg/package.bash'
[3.168s] INFO:colcon.colcon_core.shell:Creating package script '/home/srjn/ros2_ws/install/minimal_pkg/share/minimal_pkg/package.zsh'
[3.168s] Level 1:colcon.colcon_core.environment:create_file_with_runtime_dependencies(/home/srjn/ros2_ws/install/minimal_pkg/share/colcon-core/packages/minimal_pkg)
[3.201s] Level 1:colcon.colcon_core.shell:create_environment_hook('first_pytest', 'pythonpath_develop')
[3.201s] INFO:colcon.colcon_core.shell:Creating environment hook '/home/srjn/ros2_ws/build/first_pytest/share/first_pytest/hook/pythonpath_develop.ps1'
[3.201s] DEBUG:colcon.colcon_core.event_handler.log_command:Invoked command in '/home/srjn/ros2_ws/build/first_pytest' returned '0': DEBUGINFOD_URLS=https://debuginfod.ubuntu.com PYTHONPATH=/home/srjn/ros2_ws/build/first_pytest/prefix_override:/usr/lib/python3/dist-packages/colcon_core/task/python/colcon_distutils_commands:/home/srjn/ros2_ws/install/first_pytest/lib/python3.12/site-packages:${PYTHONPATH} /usr/bin/python3 -W ignore:setup.py install is deprecated -W ignore:easy_install command is deprecated setup.py develop --editable --build-directory /home/srjn/ros2_ws/build/first_pytest/build --no-deps symlink_data
[3.202s] INFO:colcon.colcon_core.shell:Creating environment descriptor '/home/srjn/ros2_ws/build/first_pytest/share/first_pytest/hook/pythonpath_develop.dsv'
[3.202s] INFO:colcon.colcon_core.shell:Creating environment hook '/home/srjn/ros2_ws/build/first_pytest/share/first_pytest/hook/pythonpath_develop.sh'
[3.203s] Level 1:colcon.colcon_core.environment:checking '/home/srjn/ros2_ws/install/first_pytest' for CMake module files
[3.204s] Level 1:colcon.colcon_core.environment:checking '/home/srjn/ros2_ws/install/first_pytest' for CMake config files
[3.204s] Level 1:colcon.colcon_core.environment:checking '/home/srjn/ros2_ws/install/first_pytest/lib'
[3.204s] Level 1:colcon.colcon_core.environment:checking '/home/srjn/ros2_ws/install/first_pytest/bin'
[3.204s] Level 1:colcon.colcon_core.environment:checking '/home/srjn/ros2_ws/install/first_pytest/lib/pkgconfig/first_pytest.pc'
[3.205s] Level 1:colcon.colcon_core.environment:checking '/home/srjn/ros2_ws/install/first_pytest/lib/python3.12/site-packages'
[3.205s] Level 1:colcon.colcon_core.shell:create_environment_hook('first_pytest', 'pythonpath')
[3.205s] INFO:colcon.colcon_core.shell:Creating environment hook '/home/srjn/ros2_ws/install/first_pytest/share/first_pytest/hook/pythonpath.ps1'
[3.205s] INFO:colcon.colcon_core.shell:Creating environment descriptor '/home/srjn/ros2_ws/install/first_pytest/share/first_pytest/hook/pythonpath.dsv'
[3.206s] INFO:colcon.colcon_core.shell:Creating environment hook '/home/srjn/ros2_ws/install/first_pytest/share/first_pytest/hook/pythonpath.sh'
[3.206s] Level 1:colcon.colcon_core.environment:checking '/home/srjn/ros2_ws/install/first_pytest/bin'
[3.206s] Level 1:colcon.colcon_core.environment:create_environment_scripts_only(first_pytest)
[3.207s] INFO:colcon.colcon_core.shell:Creating package script '/home/srjn/ros2_ws/install/first_pytest/share/first_pytest/package.ps1'
[3.207s] INFO:colcon.colcon_core.shell:Creating package descriptor '/home/srjn/ros2_ws/install/first_pytest/share/first_pytest/package.dsv'
[3.207s] INFO:colcon.colcon_core.shell:Creating package script '/home/srjn/ros2_ws/install/first_pytest/share/first_pytest/package.sh'
[3.208s] INFO:colcon.colcon_core.shell:Creating package script '/home/srjn/ros2_ws/install/first_pytest/share/first_pytest/package.bash'
[3.208s] INFO:colcon.colcon_core.shell:Creating package script '/home/srjn/ros2_ws/install/first_pytest/share/first_pytest/package.zsh'
[3.208s] Level 1:colcon.colcon_core.environment:create_file_with_runtime_dependencies(/home/srjn/ros2_ws/install/first_pytest/share/colcon-core/packages/first_pytest)
[3.210s] DEBUG:colcon.colcon_core.event_handler.log_command:Invoked command in '/home/srjn/ros2_ws/build/diff_drive_description' returned '1': DEBUGINFOD_URLS=https://debuginfod.ubuntu.com PYTHONPATH=/home/srjn/ros2_ws/build/diff_drive_description/prefix_override:/usr/lib/python3/dist-packages/colcon_core/task/python/colcon_distutils_commands:/home/srjn/ros2_ws/install/diff_drive_description/lib/python3.12/site-packages:${PYTHONPATH} /usr/bin/python3 -W ignore:setup.py install is deprecated -W ignore:easy_install command is deprecated setup.py develop --editable --build-directory /home/srjn/ros2_ws/build/diff_drive_description/build --no-deps symlink_data
[3.443s] DEBUG:colcon.colcon_parallel_executor.executor.parallel:closing loop
[3.443s] DEBUG:colcon.colcon_parallel_executor.executor.parallel:loop closed
[3.443s] DEBUG:colcon.colcon_parallel_executor.executor.parallel:run_until_complete finished with '1'
[3.443s] DEBUG:colcon.colcon_core.event_reactor:joining thread
[3.448s] INFO:colcon.colcon_core.plugin_system:Skipping extension 'colcon_notification.desktop_notification.terminal_notifier': Not used on non-Darwin systems
[3.448s] INFO:colcon.colcon_core.plugin_system:Skipping extension 'colcon_notification.desktop_notification.win32': Not used on non-Windows systems
[3.448s] INFO:colcon.colcon_notification.desktop_notification:Sending desktop notification using 'notify2'
[3.464s] DEBUG:colcon.colcon_core.event_reactor:joined thread
[3.464s] INFO:colcon.colcon_core.shell:Creating prefix script '/home/srjn/ros2_ws/install/local_setup.ps1'
[3.465s] INFO:colcon.colcon_core.shell:Creating prefix util module '/home/srjn/ros2_ws/install/_local_setup_util_ps1.py'
[3.470s] INFO:colcon.colcon_core.shell:Creating prefix chain script '/home/srjn/ros2_ws/install/setup.ps1'
[3.471s] INFO:colcon.colcon_core.shell:Creating prefix script '/home/srjn/ros2_ws/install/local_setup.sh'
[3.472s] INFO:colcon.colcon_core.shell:Creating prefix util module '/home/srjn/ros2_ws/install/_local_setup_util_sh.py'
[3.472s] INFO:colcon.colcon_core.shell:Creating prefix chain script '/home/srjn/ros2_ws/install/setup.sh'
[3.473s] INFO:colcon.colcon_core.shell:Creating prefix script '/home/srjn/ros2_ws/install/local_setup.bash'
[3.474s] INFO:colcon.colcon_core.shell:Creating prefix chain script '/home/srjn/ros2_ws/install/setup.bash'
[3.475s] INFO:colcon.colcon_core.shell:Creating prefix script '/home/srjn/ros2_ws/install/local_setup.zsh'
[3.476s] INFO:colcon.colcon_core.shell:Creating prefix chain script '/home/srjn/ros2_ws/install/setup.zsh'
