[1.028s] Invoking command in '/home/srjn/ros2_ws/build/pendulum_robot_description': CMAKE_PREFIX_PATH=${CMAKE_PREFIX_PATH}:/home/srjn/ros2_ws/install/turtle_ctrl_launch:/home/srjn/ros2_ws/install/symlink:/home/srjn/ros2_ws/install/srvcli_py:/home/srjn/ros2_ws/install/pubsub_py:/home/srjn/ros2_ws/install/minimal_pkg:/home/srjn/ros2_ws/install/first_pytest:/home/srjn/ros2_ws/install/diff_drive_description:/home/srjn/ros2_ws/install/diff_drive_control:/opt/ros/jazzy DEBUGINFOD_URLS=https://debuginfod.ubuntu.com /usr/bin/cmake --build /home/srjn/ros2_ws/build/pendulum_robot_description -- -j16 -l16
[1.804s] Invoked command in '/home/srjn/ros2_ws/build/pendulum_robot_description' returned '0': CMAKE_PREFIX_PATH=${CMAKE_PREFIX_PATH}:/home/srjn/ros2_ws/install/turtle_ctrl_launch:/home/srjn/ros2_ws/install/symlink:/home/srjn/ros2_ws/install/srvcli_py:/home/srjn/ros2_ws/install/pubsub_py:/home/srjn/ros2_ws/install/minimal_pkg:/home/srjn/ros2_ws/install/first_pytest:/home/srjn/ros2_ws/install/diff_drive_description:/home/srjn/ros2_ws/install/diff_drive_control:/opt/ros/jazzy DEBUGINFOD_URLS=https://debuginfod.ubuntu.com /usr/bin/cmake --build /home/srjn/ros2_ws/build/pendulum_robot_description -- -j16 -l16
[1.805s] Invoking command in '/home/srjn/ros2_ws/build/pendulum_robot_description': CMAKE_PREFIX_PATH=${CMAKE_PREFIX_PATH}:/home/srjn/ros2_ws/install/turtle_ctrl_launch:/home/srjn/ros2_ws/install/symlink:/home/srjn/ros2_ws/install/srvcli_py:/home/srjn/ros2_ws/install/pubsub_py:/home/srjn/ros2_ws/install/minimal_pkg:/home/srjn/ros2_ws/install/first_pytest:/home/srjn/ros2_ws/install/diff_drive_description:/home/srjn/ros2_ws/install/diff_drive_control:/opt/ros/jazzy DEBUGINFOD_URLS=https://debuginfod.ubuntu.com /usr/bin/cmake --install /home/srjn/ros2_ws/build/pendulum_robot_description
[1.822s] -- Install configuration: ""
[1.825s] -- Execute custom install script
[1.826s] -- Up-to-date symlink: /home/srjn/ros2_ws/install/pendulum_robot_description/share/pendulum_robot_description/urdf/pendulum.urdf
[1.826s] -- Up-to-date symlink: /home/srjn/ros2_ws/install/pendulum_robot_description/share/pendulum_robot_description/urdf/pendulum_robot.gv
[1.827s] -- Up-to-date symlink: /home/srjn/ros2_ws/install/pendulum_robot_description/share/pendulum_robot_description/urdf/pendulum_robot.pdf
[1.827s] -- Up-to-date symlink: /home/srjn/ros2_ws/install/pendulum_robot_description/share/pendulum_robot_description/urdf/pendulum_robot.xacro
[1.828s] -- Up-to-date symlink: /home/srjn/ros2_ws/install/pendulum_robot_description/share/pendulum_robot_description/launch/display.launch.py
[1.828s] -- Up-to-date symlink: /home/srjn/ros2_ws/install/pendulum_robot_description/share/pendulum_robot_description/launch/robot_description.launch.py
[1.829s] -- Up-to-date symlink: /home/srjn/ros2_ws/install/pendulum_robot_description/share/ament_index/resource_index/package_run_dependencies/pendulum_robot_description
[1.829s] -- Up-to-date symlink: /home/srjn/ros2_ws/install/pendulum_robot_description/share/ament_index/resource_index/parent_prefix_path/pendulum_robot_description
[1.830s] -- Up-to-date symlink: /home/srjn/ros2_ws/install/pendulum_robot_description/share/pendulum_robot_description/environment/ament_prefix_path.sh
[1.830s] -- Up-to-date symlink: /home/srjn/ros2_ws/install/pendulum_robot_description/share/pendulum_robot_description/environment/ament_prefix_path.dsv
[1.830s] -- Up-to-date symlink: /home/srjn/ros2_ws/install/pendulum_robot_description/share/pendulum_robot_description/environment/path.sh
[1.830s] -- Up-to-date symlink: /home/srjn/ros2_ws/install/pendulum_robot_description/share/pendulum_robot_description/environment/path.dsv
[1.831s] -- Up-to-date symlink: /home/srjn/ros2_ws/install/pendulum_robot_description/share/pendulum_robot_description/local_setup.bash
[1.832s] -- Up-to-date symlink: /home/srjn/ros2_ws/install/pendulum_robot_description/share/pendulum_robot_description/local_setup.sh
[1.832s] -- Up-to-date symlink: /home/srjn/ros2_ws/install/pendulum_robot_description/share/pendulum_robot_description/local_setup.zsh
[1.833s] -- Up-to-date symlink: /home/srjn/ros2_ws/install/pendulum_robot_description/share/pendulum_robot_description/local_setup.dsv
[1.834s] -- Symlinking: /home/srjn/ros2_ws/install/pendulum_robot_description/share/pendulum_robot_description/package.dsv
[1.843s] -- Up-to-date symlink: /home/srjn/ros2_ws/install/pendulum_robot_description/share/ament_index/resource_index/packages/pendulum_robot_description
[1.845s] -- Up-to-date symlink: /home/srjn/ros2_ws/install/pendulum_robot_description/share/pendulum_robot_description/cmake/pendulum_robot_descriptionConfig.cmake
[1.845s] -- Up-to-date symlink: /home/srjn/ros2_ws/install/pendulum_robot_description/share/pendulum_robot_description/cmake/pendulum_robot_descriptionConfig-version.cmake
[1.845s] -- Up-to-date symlink: /home/srjn/ros2_ws/install/pendulum_robot_description/share/pendulum_robot_description/package.xml
[1.876s] Invoked command in '/home/srjn/ros2_ws/build/pendulum_robot_description' returned '0': CMAKE_PREFIX_PATH=${CMAKE_PREFIX_PATH}:/home/srjn/ros2_ws/install/turtle_ctrl_launch:/home/srjn/ros2_ws/install/symlink:/home/srjn/ros2_ws/install/srvcli_py:/home/srjn/ros2_ws/install/pubsub_py:/home/srjn/ros2_ws/install/minimal_pkg:/home/srjn/ros2_ws/install/first_pytest:/home/srjn/ros2_ws/install/diff_drive_description:/home/srjn/ros2_ws/install/diff_drive_control:/opt/ros/jazzy DEBUGINFOD_URLS=https://debuginfod.ubuntu.com /usr/bin/cmake --install /home/srjn/ros2_ws/build/pendulum_robot_description
