running develop
running egg_info
writing ../../build/pubsub_py/pubsub_py.egg-info/PKG-INFO
writing dependency_links to ../../build/pubsub_py/pubsub_py.egg-info/dependency_links.txt
writing entry points to ../../build/pubsub_py/pubsub_py.egg-info/entry_points.txt
writing requirements to ../../build/pubsub_py/pubsub_py.egg-info/requires.txt
writing top-level names to ../../build/pubsub_py/pubsub_py.egg-info/top_level.txt
reading manifest file '../../build/pubsub_py/pubsub_py.egg-info/SOURCES.txt'
writing manifest file '../../build/pubsub_py/pubsub_py.egg-info/SOURCES.txt'
running build
running build_py
creating /home/srjn/ros2_ws/build/pubsub_py/build
creating /home/srjn/ros2_ws/build/pubsub_py/build/lib
creating /home/srjn/ros2_ws/build/pubsub_py/build/lib/pubsub_py
copying pubsub_py/sine_wave_pub.py -> /home/srjn/ros2_ws/build/pubsub_py/build/lib/pubsub_py
copying pubsub_py/__init__.py -> /home/srjn/ros2_ws/build/pubsub_py/build/lib/pubsub_py
copying pubsub_py/sine_wave_sub_and_plot.py -> /home/srjn/ros2_ws/build/pubsub_py/build/lib/pubsub_py
running install
running install_lib
creating /home/srjn/ros2_ws/install/pubsub_py/lib/python3.12/site-packages/pubsub_py
copying /home/srjn/ros2_ws/build/pubsub_py/build/lib/pubsub_py/sine_wave_pub.py -> /home/srjn/ros2_ws/install/pubsub_py/lib/python3.12/site-packages/pubsub_py
copying /home/srjn/ros2_ws/build/pubsub_py/build/lib/pubsub_py/__init__.py -> /home/srjn/ros2_ws/install/pubsub_py/lib/python3.12/site-packages/pubsub_py
copying /home/srjn/ros2_ws/build/pubsub_py/build/lib/pubsub_py/sine_wave_sub_and_plot.py -> /home/srjn/ros2_ws/install/pubsub_py/lib/python3.12/site-packages/pubsub_py
byte-compiling /home/srjn/ros2_ws/install/pubsub_py/lib/python3.12/site-packages/pubsub_py/sine_wave_pub.py to sine_wave_pub.cpython-312.pyc
byte-compiling /home/srjn/ros2_ws/install/pubsub_py/lib/python3.12/site-packages/pubsub_py/__init__.py to __init__.cpython-312.pyc
byte-compiling /home/srjn/ros2_ws/install/pubsub_py/lib/python3.12/site-packages/pubsub_py/sine_wave_sub_and_plot.py to sine_wave_sub_and_plot.cpython-312.pyc
running install_data
copying resource/pubsub_py -> /home/srjn/ros2_ws/install/pubsub_py/share/ament_index/resource_index/packages
copying package.xml -> /home/srjn/ros2_ws/install/pubsub_py/share/pubsub_py
running install_egg_info
Copying ../../build/pubsub_py/pubsub_py.egg-info to /home/srjn/ros2_ws/install/pubsub_py/lib/python3.12/site-packages/pubsub_py-0.0.0-py3.12.egg-info
running install_scripts
Installing sine_wave_pub script to /home/srjn/ros2_ws/install/pubsub_py/lib/pubsub_py
Installing sine_wave_sub script to /home/srjn/ros2_ws/install/pubsub_py/lib/pubsub_py
writing list of installed files to '/home/srjn/ros2_ws/build/pubsub_py/install.log'
