[0.013s] Invoking command in '/home/srjn/ros2_ws/build/turtlebot_simulation': CMAKE_PREFIX_PATH=${CMAKE_PREFIX_PATH}:/home/srjn/ros2_ws/install/turtle_ctrl_launch:/home/srjn/ros2_ws/install/symlink:/home/srjn/ros2_ws/install/srvcli_py:/home/srjn/ros2_ws/install/pubsub_py:/home/srjn/ros2_ws/install/minimal_pkg:/home/srjn/ros2_ws/install/first_pytest:/home/srjn/ros2_ws/install/diff_drive_description:/opt/ros/jazzy DEBUGINFOD_URLS=https://debuginfod.ubuntu.com /usr/bin/cmake /home/srjn/ros2_ws/src/turtlebot_simulation -DCMAKE_INSTALL_PREFIX=/home/srjn/ros2_ws/install/turtlebot_simulation
[0.032s] -- Found ament_cmake: 2.5.5 (/opt/ros/jazzy/share/ament_cmake/cmake)
[0.238s] -- Found ros_gz_bridge: 1.0.22 (/opt/ros/jazzy/share/ros_gz_bridge/cmake)
[0.312s] -- Found rosidl_generator_c: 4.6.7 (/opt/ros/jazzy/share/rosidl_generator_c/cmake)
[0.333s] -- Found rosidl_generator_cpp: 4.6.7 (/opt/ros/jazzy/share/rosidl_generator_cpp/cmake)
[0.357s] -- Using all available rosidl_typesupport_c: rosidl_typesupport_fastrtps_c;rosidl_typesupport_introspection_c
[0.381s] -- Using all available rosidl_typesupport_cpp: rosidl_typesupport_fastrtps_cpp;rosidl_typesupport_introspection_cpp
[0.492s] -- Found rmw_implementation_cmake: 7.3.3 (/opt/ros/jazzy/share/rmw_implementation_cmake/cmake)
[0.498s] -- Found rmw_fastrtps_cpp: 8.4.3 (/opt/ros/jazzy/share/rmw_fastrtps_cpp/cmake)
[0.609s] -- Found OpenSSL: /usr/lib/x86_64-linux-gnu/libcrypto.so (found version "3.0.13")  
[0.633s] -- Found FastRTPS: /opt/ros/jazzy/include (Required is at least version "2.13") 
[0.654s] -- Using RMW implementation 'rmw_fastrtps_cpp' as default
[0.841s] -- Looking for gz-msgs10 -- found version 10.3.2
[0.852s] -- Searching for dependencies of gz-msgs10
[0.975s] -- Found Protobuf: /usr/lib/x86_64-linux-gnu/libprotobuf.so (found version "3.21.12") 
[0.978s] -- Looking for gz-utils2 -- found version 2.2.1
[0.979s] -- Searching for dependencies of gz-utils2
[0.982s] -- Looking for gz-math7 -- found version 7.5.2
[0.982s] -- Searching for dependencies of gz-math7
[0.983s] -- Looking for gz-utils2 -- found version 2.2.1
[0.988s] -- Checking for module 'tinyxml2'
[1.002s] --   Found tinyxml2, version 10.0.0
[1.048s] -- Looking for gz-transport13 -- found version 13.5.0
[1.048s] -- Searching for dependencies of gz-transport13
[1.086s] -- Config-file not installed for ZeroMQ -- checking for pkg-config
[1.090s] -- Checking for module 'libzmq >= 4'
[1.105s] --   Found libzmq, version 4.3.5
[1.150s] -- Found ZeroMQ: TRUE (Required is at least version "4") 
[1.155s] -- Checking for module 'uuid'
[1.169s] --   Found uuid, version 2.39.3
[1.200s] -- Found UUID: TRUE  
[1.201s] -- Looking for gz-utils2 -- found version 2.2.1
[1.201s] -- Searching for dependencies of gz-utils2
[1.201s] -- Searching for <gz-utils2> component [cli]
[1.204s] -- Looking for gz-utils2-cli -- found version 2.2.1
[1.205s] -- Searching for dependencies of gz-utils2-cli
[1.205s] -- Looking for gz-msgs10 -- found version 10.3.2
[1.554s] [31mCMake Error at CMakeLists.txt:11 (find_package):
[1.554s]   By not providing "Findros_gz_sim.cmake" in CMAKE_MODULE_PATH this
[1.554s]   project has asked CMake to find a package configuration file provided by
[1.554s]   "ros_gz_sim", but CMake did not find one.
[1.554s] 
[1.554s]   Could not find a package configuration file provided by "ros_gz_sim"
[1.554s]   with any of the following names:
[1.554s] 
[1.555s]     ros_gz_simConfig.cmake
[1.555s]     ros_gz_sim-config.cmake
[1.555s] 
[1.555s]   Add the installation prefix of "ros_gz_sim" to CMAKE_PREFIX_PATH or set
[1.555s]   "ros_gz_sim_DIR" to a directory containing one of the above files.  If
[1.555s]   "ros_gz_sim" provides a separate development package or SDK, be sure it
[1.555s]   has been installed.
[1.555s] 
[1.555s] [0m
[1.555s] -- Configuring incomplete, errors occurred!
[1.563s] Invoked command in '/home/srjn/ros2_ws/build/turtlebot_simulation' returned '1': CMAKE_PREFIX_PATH=${CMAKE_PREFIX_PATH}:/home/srjn/ros2_ws/install/turtle_ctrl_launch:/home/srjn/ros2_ws/install/symlink:/home/srjn/ros2_ws/install/srvcli_py:/home/srjn/ros2_ws/install/pubsub_py:/home/srjn/ros2_ws/install/minimal_pkg:/home/srjn/ros2_ws/install/first_pytest:/home/srjn/ros2_ws/install/diff_drive_description:/opt/ros/jazzy DEBUGINFOD_URLS=https://debuginfod.ubuntu.com /usr/bin/cmake /home/srjn/ros2_ws/src/turtlebot_simulation -DCMAKE_INSTALL_PREFIX=/home/srjn/ros2_ws/install/turtlebot_simulation
