-- Found ament_cmake: 2.5.5 (/opt/ros/jazzy/share/ament_cmake/cmake)
-- Found Python3: /usr/bin/python3 (found version "3.12.3") found components: Interpreter 
-- Override CMake install command with custom implementation using symlinks instead of copying resources
-- Found rosidl_default_generators: 1.6.0 (/opt/ros/jazzy/share/rosidl_default_generators/cmake)
-- Using all available rosidl_typesupport_c: rosidl_typesupport_fastrtps_c;rosidl_typesupport_introspection_c
-- Using all available rosidl_typesupport_cpp: rosidl_typesupport_fastrtps_cpp;rosidl_typesupport_introspection_cpp
-- Found rosidl_adapter: 4.6.7 (/opt/ros/jazzy/share/rosidl_adapter/cmake)
-- Found std_msgs: 5.3.6 (/opt/ros/jazzy/share/std_msgs/cmake)
-- Found ament_cmake_ros: 0.12.0 (/opt/ros/jazzy/share/ament_cmake_ros/cmake)
-- Using all available rosidl_typesupport_c: rosidl_typesupport_fastrtps_c;rosidl_typesupport_introspection_c
-- Using all available rosidl_typesupport_cpp: rosidl_typesupport_fastrtps_cpp;rosidl_typesupport_introspection_cpp
-- Found python_cmake_module: 0.11.1 (/opt/ros/jazzy/share/python_cmake_module/cmake)
-- Found Python3: /usr/bin/python3 (found version "3.12.3") found components: Interpreter Development NumPy Development.Module Development.Embed 
-- Found ament_lint_auto: 0.17.4 (/opt/ros/jazzy/share/ament_lint_auto/cmake)
-- Added test 'lint_cmake' to check CMake code style
-- Added test 'xmllint' to check XML markup files
-- Configuring done (1.3s)
-- Generating done (0.0s)
-- Build files have been written to: /home/srjn/ros2_ws/build/srv_pkg
[  2%] Built target srv_pkg__rosidl_generator_type_description
[  2%] Built target ament_cmake_python_symlink_srv_pkg
[  5%] Built target srv_pkg__cpp
[ 20%] Built target srv_pkg__rosidl_generator_c
[ 29%] Built target srv_pkg__rosidl_typesupport_c
[ 32%] [32mBuilding CXX object CMakeFiles/srv_pkg__rosidl_typesupport_introspection_cpp.dir/rosidl_typesupport_introspection_cpp/srv_pkg/srv/detail/joint_conversion__type_support.cpp.o[0m
[ 35%] [32mBuilding CXX object CMakeFiles/srv_pkg__rosidl_typesupport_cpp.dir/rosidl_typesupport_cpp/srv_pkg/srv/joint_conversion__type_support.cpp.o[0m
[ 38%] [32mBuilding CXX object CMakeFiles/srv_pkg__rosidl_typesupport_fastrtps_c.dir/rosidl_typesupport_fastrtps_c/srv_pkg/srv/detail/joint_conversion__type_support_c.cpp.o[0m
[ 47%] Built target srv_pkg__rosidl_typesupport_introspection_c
[ 50%] [32mBuilding CXX object CMakeFiles/srv_pkg__rosidl_typesupport_fastrtps_cpp.dir/rosidl_typesupport_fastrtps_cpp/srv_pkg/srv/detail/dds_fastrtps/joint_conversion__type_support.cpp.o[0m
running egg_info
writing srv_pkg.egg-info/PKG-INFO
writing dependency_links to srv_pkg.egg-info/dependency_links.txt
writing top-level names to srv_pkg.egg-info/top_level.txt
reading manifest file 'srv_pkg.egg-info/SOURCES.txt'
writing manifest file 'srv_pkg.egg-info/SOURCES.txt'
[ 50%] Built target ament_cmake_python_build_srv_pkg_egg
[ 52%] [32m[1mLinking CXX shared library libsrv_pkg__rosidl_typesupport_cpp.so[0m
[ 55%] [32m[1mLinking CXX shared library libsrv_pkg__rosidl_typesupport_introspection_cpp.so[0m
[ 61%] [32m[1mLinking CXX shared library libsrv_pkg__rosidl_typesupport_fastrtps_c.so[0m
[ 61%] Built target srv_pkg__rosidl_typesupport_cpp
[ 64%] Built target srv_pkg__rosidl_typesupport_fastrtps_c
[ 67%] [32m[1mLinking CXX shared library libsrv_pkg__rosidl_typesupport_fastrtps_cpp.so[0m
[ 70%] Built target srv_pkg__rosidl_typesupport_introspection_cpp
[ 73%] Built target srv_pkg__rosidl_typesupport_fastrtps_cpp
[ 73%] Built target srv_pkg
[ 76%] Built target srv_pkg__py
[ 79%] [32mBuilding C object CMakeFiles/srv_pkg__rosidl_generator_py.dir/rosidl_generator_py/srv_pkg/srv/_joint_conversion_s.c.o[0m
[ 82%] [32m[1mLinking C shared library libsrv_pkg__rosidl_generator_py.so[0m
[ 82%] Built target srv_pkg__rosidl_generator_py
[ 85%] [32mBuilding C object CMakeFiles/srv_pkg_s__rosidl_typesupport_fastrtps_c.dir/rosidl_generator_py/srv_pkg/_srv_pkg_s.ep.rosidl_typesupport_fastrtps_c.c.o[0m
[ 88%] [32mBuilding C object CMakeFiles/srv_pkg_s__rosidl_typesupport_introspection_c.dir/rosidl_generator_py/srv_pkg/_srv_pkg_s.ep.rosidl_typesupport_introspection_c.c.o[0m
[ 91%] [32mBuilding C object CMakeFiles/srv_pkg_s__rosidl_typesupport_c.dir/rosidl_generator_py/srv_pkg/_srv_pkg_s.ep.rosidl_typesupport_c.c.o[0m
[ 94%] [32m[1mLinking C shared module rosidl_generator_py/srv_pkg/srv_pkg_s__rosidl_typesupport_fastrtps_c.so[0m
[ 97%] [32m[1mLinking C shared module rosidl_generator_py/srv_pkg/srv_pkg_s__rosidl_typesupport_introspection_c.so[0m
[100%] Built target srv_pkg_s__rosidl_typesupport_fastrtps_c
[100%] [32m[1mLinking C shared module rosidl_generator_py/srv_pkg/srv_pkg_s__rosidl_typesupport_c.so[0m
[100%] Built target srv_pkg_s__rosidl_typesupport_introspection_c
[100%] Built target srv_pkg_s__rosidl_typesupport_c
