[0.086s] Invoking command in '/home/srjn/ros2_ws/build/srv_pkg': CMAKE_PREFIX_PATH=${CMAKE_PREFIX_PATH}:/home/srjn/ros2_ws/install/turtle_ctrl_launch:/home/srjn/ros2_ws/install/symlink:/home/srjn/ros2_ws/install/srvcli_py:/home/srjn/ros2_ws/install/pubsub_py:/home/srjn/ros2_ws/install/minimal_pkg:/home/srjn/ros2_ws/install/first_pytest:/home/srjn/ros2_ws/install/diff_drive_description:/opt/ros/jazzy DEBUGINFOD_URLS=https://debuginfod.ubuntu.com /usr/bin/cmake /home/srjn/ros2_ws/src/srv_pkg -DCMAKE_INSTALL_PREFIX=/home/srjn/ros2_ws/install/srv_pkg
[1.705s] -- Found ament_cmake: 2.5.5 (/opt/ros/jazzy/share/ament_cmake/cmake)
[1.705s] -- Found Python3: /usr/bin/python3 (found version "3.12.3") found components: Interpreter 
[1.706s] -- Override CMake install command with custom implementation using symlinks instead of copying resources
[1.706s] -- Found rosidl_default_generators: 1.6.0 (/opt/ros/jazzy/share/rosidl_default_generators/cmake)
[1.707s] -- Using all available rosidl_typesupport_c: rosidl_typesupport_fastrtps_c;rosidl_typesupport_introspection_c
[1.707s] -- Using all available rosidl_typesupport_cpp: rosidl_typesupport_fastrtps_cpp;rosidl_typesupport_introspection_cpp
[1.707s] -- Found rosidl_adapter: 4.6.7 (/opt/ros/jazzy/share/rosidl_adapter/cmake)
[1.707s] -- Found std_msgs: 5.3.6 (/opt/ros/jazzy/share/std_msgs/cmake)
[1.707s] -- Found ament_cmake_ros: 0.12.0 (/opt/ros/jazzy/share/ament_cmake_ros/cmake)
[1.708s] -- Using all available rosidl_typesupport_c: rosidl_typesupport_fastrtps_c;rosidl_typesupport_introspection_c
[1.708s] -- Using all available rosidl_typesupport_cpp: rosidl_typesupport_fastrtps_cpp;rosidl_typesupport_introspection_cpp
[1.708s] -- Found python_cmake_module: 0.11.1 (/opt/ros/jazzy/share/python_cmake_module/cmake)
[1.708s] -- Found Python3: /usr/bin/python3 (found version "3.12.3") found components: Interpreter Development NumPy Development.Module Development.Embed 
[1.708s] -- Found ament_lint_auto: 0.17.4 (/opt/ros/jazzy/share/ament_lint_auto/cmake)
[1.709s] -- Added test 'lint_cmake' to check CMake code style
[1.709s] -- Added test 'xmllint' to check XML markup files
[1.709s] -- Configuring done (1.3s)
[1.709s] -- Generating done (0.0s)
[1.709s] -- Build files have been written to: /home/srjn/ros2_ws/build/srv_pkg
[1.715s] Invoked command in '/home/srjn/ros2_ws/build/srv_pkg' returned '0': CMAKE_PREFIX_PATH=${CMAKE_PREFIX_PATH}:/home/srjn/ros2_ws/install/turtle_ctrl_launch:/home/srjn/ros2_ws/install/symlink:/home/srjn/ros2_ws/install/srvcli_py:/home/srjn/ros2_ws/install/pubsub_py:/home/srjn/ros2_ws/install/minimal_pkg:/home/srjn/ros2_ws/install/first_pytest:/home/srjn/ros2_ws/install/diff_drive_description:/opt/ros/jazzy DEBUGINFOD_URLS=https://debuginfod.ubuntu.com /usr/bin/cmake /home/srjn/ros2_ws/src/srv_pkg -DCMAKE_INSTALL_PREFIX=/home/srjn/ros2_ws/install/srv_pkg
[1.715s] Invoking command in '/home/srjn/ros2_ws/build/srv_pkg': CMAKE_PREFIX_PATH=${CMAKE_PREFIX_PATH}:/home/srjn/ros2_ws/install/turtle_ctrl_launch:/home/srjn/ros2_ws/install/symlink:/home/srjn/ros2_ws/install/srvcli_py:/home/srjn/ros2_ws/install/pubsub_py:/home/srjn/ros2_ws/install/minimal_pkg:/home/srjn/ros2_ws/install/first_pytest:/home/srjn/ros2_ws/install/diff_drive_description:/opt/ros/jazzy DEBUGINFOD_URLS=https://debuginfod.ubuntu.com /usr/bin/cmake --build /home/srjn/ros2_ws/build/srv_pkg -- -j16 -l16
[1.776s] [  2%] Built target srv_pkg__rosidl_generator_type_description
[1.801s] [  2%] Built target ament_cmake_python_symlink_srv_pkg
[1.819s] [  5%] Built target srv_pkg__cpp
[1.827s] [ 20%] Built target srv_pkg__rosidl_generator_c
[1.881s] [ 29%] Built target srv_pkg__rosidl_typesupport_c
[1.890s] [ 32%] [32mBuilding CXX object CMakeFiles/srv_pkg__rosidl_typesupport_introspection_cpp.dir/rosidl_typesupport_introspection_cpp/srv_pkg/srv/detail/joint_conversion__type_support.cpp.o[0m
[1.891s] [ 35%] [32mBuilding CXX object CMakeFiles/srv_pkg__rosidl_typesupport_cpp.dir/rosidl_typesupport_cpp/srv_pkg/srv/joint_conversion__type_support.cpp.o[0m
[1.896s] [ 38%] [32mBuilding CXX object CMakeFiles/srv_pkg__rosidl_typesupport_fastrtps_c.dir/rosidl_typesupport_fastrtps_c/srv_pkg/srv/detail/joint_conversion__type_support_c.cpp.o[0m
[1.903s] [ 47%] Built target srv_pkg__rosidl_typesupport_introspection_c
[1.917s] [ 50%] [32mBuilding CXX object CMakeFiles/srv_pkg__rosidl_typesupport_fastrtps_cpp.dir/rosidl_typesupport_fastrtps_cpp/srv_pkg/srv/detail/dds_fastrtps/joint_conversion__type_support.cpp.o[0m
[2.248s] running egg_info
[2.290s] writing srv_pkg.egg-info/PKG-INFO
[2.290s] writing dependency_links to srv_pkg.egg-info/dependency_links.txt
[2.291s] writing top-level names to srv_pkg.egg-info/top_level.txt
[2.419s] reading manifest file 'srv_pkg.egg-info/SOURCES.txt'
[2.423s] writing manifest file 'srv_pkg.egg-info/SOURCES.txt'
[2.486s] [ 50%] Built target ament_cmake_python_build_srv_pkg_egg
[2.619s] [ 52%] [32m[1mLinking CXX shared library libsrv_pkg__rosidl_typesupport_cpp.so[0m
[2.737s] [ 55%] [32m[1mLinking CXX shared library libsrv_pkg__rosidl_typesupport_introspection_cpp.so[0m
[2.806s] [ 61%] [32m[1mLinking CXX shared library libsrv_pkg__rosidl_typesupport_fastrtps_c.so[0m
[2.806s] [ 61%] Built target srv_pkg__rosidl_typesupport_cpp
[2.922s] [ 64%] Built target srv_pkg__rosidl_typesupport_fastrtps_c
[2.953s] [ 67%] [32m[1mLinking CXX shared library libsrv_pkg__rosidl_typesupport_fastrtps_cpp.so[0m
[2.956s] [ 70%] Built target srv_pkg__rosidl_typesupport_introspection_cpp
[3.112s] [ 73%] Built target srv_pkg__rosidl_typesupport_fastrtps_cpp
[3.152s] [ 73%] Built target srv_pkg
[3.182s] [ 76%] Built target srv_pkg__py
[3.215s] [ 79%] [32mBuilding C object CMakeFiles/srv_pkg__rosidl_generator_py.dir/rosidl_generator_py/srv_pkg/srv/_joint_conversion_s.c.o[0m
[3.479s] [ 82%] [32m[1mLinking C shared library libsrv_pkg__rosidl_generator_py.so[0m
[3.535s] [ 82%] Built target srv_pkg__rosidl_generator_py
[3.577s] [ 85%] [32mBuilding C object CMakeFiles/srv_pkg_s__rosidl_typesupport_fastrtps_c.dir/rosidl_generator_py/srv_pkg/_srv_pkg_s.ep.rosidl_typesupport_fastrtps_c.c.o[0m
[3.579s] [ 88%] [32mBuilding C object CMakeFiles/srv_pkg_s__rosidl_typesupport_introspection_c.dir/rosidl_generator_py/srv_pkg/_srv_pkg_s.ep.rosidl_typesupport_introspection_c.c.o[0m
[3.583s] [ 91%] [32mBuilding C object CMakeFiles/srv_pkg_s__rosidl_typesupport_c.dir/rosidl_generator_py/srv_pkg/_srv_pkg_s.ep.rosidl_typesupport_c.c.o[0m
[3.722s] [ 94%] [32m[1mLinking C shared module rosidl_generator_py/srv_pkg/srv_pkg_s__rosidl_typesupport_fastrtps_c.so[0m
[3.729s] [ 97%] [32m[1mLinking C shared module rosidl_generator_py/srv_pkg/srv_pkg_s__rosidl_typesupport_introspection_c.so[0m
[3.773s] [100%] Built target srv_pkg_s__rosidl_typesupport_fastrtps_c
[3.773s] [100%] [32m[1mLinking C shared module rosidl_generator_py/srv_pkg/srv_pkg_s__rosidl_typesupport_c.so[0m
[3.784s] [100%] Built target srv_pkg_s__rosidl_typesupport_introspection_c
[3.816s] [100%] Built target srv_pkg_s__rosidl_typesupport_c
