[1.993s] Invoking command in '/home/srjn/ros2_ws/build/diff_drive_description': DEBUGINFOD_URLS=https://debuginfod.ubuntu.com PYTHONPATH=/home/srjn/ros2_ws/build/diff_drive_description/prefix_override:/usr/lib/python3/dist-packages/colcon_core/task/python/colcon_distutils_commands:/home/srjn/ros2_ws/install/diff_drive_description/lib/python3.12/site-packages:${PYTHONPATH} /usr/bin/python3 -W ignore:setup.py install is deprecated -W ignore:easy_install command is deprecated setup.py develop --editable --build-directory /home/srjn/ros2_ws/build/diff_drive_description/build --no-deps symlink_data
[2.359s] running develop
[2.590s] running egg_info
[2.590s] creating diff_drive_description.egg-info
[2.619s] writing diff_drive_description.egg-info/PKG-INFO
[2.619s] writing dependency_links to diff_drive_description.egg-info/dependency_links.txt
[2.619s] writing requirements to diff_drive_description.egg-info/requires.txt
[2.619s] writing top-level names to diff_drive_description.egg-info/top_level.txt
[2.619s] writing manifest file 'diff_drive_description.egg-info/SOURCES.txt'
[2.663s] reading manifest file 'diff_drive_description.egg-info/SOURCES.txt'
[2.664s] writing manifest file 'diff_drive_description.egg-info/SOURCES.txt'
[2.690s] running build_ext
[2.690s] Creating /home/srjn/ros2_ws/install/diff_drive_description/lib/python3.12/site-packages/diff-drive-description.egg-link (link to .)
[2.691s] 
[2.691s] Installed /home/srjn/ros2_ws/build/diff_drive_description
[2.691s] running symlink_data
[2.691s] creating /home/srjn/ros2_ws/install/diff_drive_description/share/ament_index
[2.691s] creating /home/srjn/ros2_ws/install/diff_drive_description/share/ament_index/resource_index
[2.692s] creating /home/srjn/ros2_ws/install/diff_drive_description/share/ament_index/resource_index/packages
[2.692s] symbolically linking /home/srjn/ros2_ws/build/diff_drive_description/resource/diff_drive_description -> /home/srjn/ros2_ws/install/diff_drive_description/share/ament_index/resource_index/packages
[2.692s] symbolically linking /home/srjn/ros2_ws/build/diff_drive_description/package.xml -> /home/srjn/ros2_ws/install/diff_drive_description/share/diff_drive_description
[2.692s] symbolically linking /home/srjn/ros2_ws/build/diff_drive_description/urdf/diff_drive_macro.xacro -> /home/srjn/ros2_ws/install/diff_drive_description/share/diff_drive_description
[2.692s] symbolically linking /home/srjn/ros2_ws/build/diff_drive_description/urdf/diff_drive.xacro -> /home/srjn/ros2_ws/install/diff_drive_description/share/diff_drive_description
[2.692s] symbolically linking /home/srjn/ros2_ws/build/diff_drive_description/urdf/diff_drive_with_lidar.xacro -> /home/srjn/ros2_ws/install/diff_drive_description/share/diff_drive_description
[2.692s] symbolically linking /home/srjn/ros2_ws/build/diff_drive_description/urdf/diff_drive_with_lidar_control.xacro -> /home/srjn/ros2_ws/install/diff_drive_description/share/diff_drive_description
[2.692s] symbolically linking /home/srjn/ros2_ws/build/diff_drive_description/launch/display.launch.py -> /home/srjn/ros2_ws/install/diff_drive_description/share/diff_drive_description
[2.692s] symbolically linking /home/srjn/ros2_ws/build/diff_drive_description/launch/diff_drive_gazebo.launch.py -> /home/srjn/ros2_ws/install/diff_drive_description/share/diff_drive_description
[2.755s] Invoked command in '/home/srjn/ros2_ws/build/diff_drive_description' returned '0': DEBUGINFOD_URLS=https://debuginfod.ubuntu.com PYTHONPATH=/home/srjn/ros2_ws/build/diff_drive_description/prefix_override:/usr/lib/python3/dist-packages/colcon_core/task/python/colcon_distutils_commands:/home/srjn/ros2_ws/install/diff_drive_description/lib/python3.12/site-packages:${PYTHONPATH} /usr/bin/python3 -W ignore:setup.py install is deprecated -W ignore:easy_install command is deprecated setup.py develop --editable --build-directory /home/srjn/ros2_ws/build/diff_drive_description/build --no-deps symlink_data
