-- Found ament_cmake: 2.5.5 (/opt/ros/jazzy/share/ament_cmake/cmake)
-- Override CMake install command with custom implementation using symlinks instead of copying resources
-- Found rosidl_default_generators: 1.6.0 (/opt/ros/jazzy/share/rosidl_default_generators/cmake)
-- Using all available rosidl_typesupport_c: rosidl_typesupport_fastrtps_c;rosidl_typesupport_introspection_c
-- Using all available rosidl_typesupport_cpp: rosidl_typesupport_fastrtps_cpp;rosidl_typesupport_introspection_cpp
-- Found rosidl_adapter: 4.6.7 (/opt/ros/jazzy/share/rosidl_adapter/cmake)
-- Found ament_lint_auto: 0.17.4 (/opt/ros/jazzy/share/ament_lint_auto/cmake)
-- Added test 'lint_cmake' to check CMake code style
-- Added test 'xmllint' to check XML markup files
-- Configuring done (0.4s)
-- Generating done (0.0s)
-- Build files have been written to: /home/srjn/ros2_ws/build/action_pkg
-- Install configuration: ""
-- Execute custom install script
-- Up-to-date symlink: /home/srjn/ros2_ws/install/action_pkg/share/ament_index/resource_index/package_run_dependencies/action_pkg
-- Up-to-date symlink: /home/srjn/ros2_ws/install/action_pkg/share/ament_index/resource_index/parent_prefix_path/action_pkg
-- Up-to-date symlink: /home/srjn/ros2_ws/install/action_pkg/share/action_pkg/environment/ament_prefix_path.sh
-- Up-to-date symlink: /home/srjn/ros2_ws/install/action_pkg/share/action_pkg/environment/ament_prefix_path.dsv
-- Up-to-date symlink: /home/srjn/ros2_ws/install/action_pkg/share/action_pkg/environment/path.sh
-- Up-to-date symlink: /home/srjn/ros2_ws/install/action_pkg/share/action_pkg/environment/path.dsv
-- Up-to-date symlink: /home/srjn/ros2_ws/install/action_pkg/share/action_pkg/local_setup.bash
-- Up-to-date symlink: /home/srjn/ros2_ws/install/action_pkg/share/action_pkg/local_setup.sh
-- Up-to-date symlink: /home/srjn/ros2_ws/install/action_pkg/share/action_pkg/local_setup.zsh
-- Up-to-date symlink: /home/srjn/ros2_ws/install/action_pkg/share/action_pkg/local_setup.dsv
-- Symlinking: /home/srjn/ros2_ws/install/action_pkg/share/action_pkg/package.dsv
-- Up-to-date symlink: /home/srjn/ros2_ws/install/action_pkg/share/ament_index/resource_index/packages/action_pkg
-- Up-to-date symlink: /home/srjn/ros2_ws/install/action_pkg/share/action_pkg/cmake/action_pkgConfig.cmake
-- Up-to-date symlink: /home/srjn/ros2_ws/install/action_pkg/share/action_pkg/cmake/action_pkgConfig-version.cmake
-- Up-to-date symlink: /home/srjn/ros2_ws/install/action_pkg/share/action_pkg/package.xml
