[0.201s] Invoking command in '/home/srjn/ros2_ws/build/pendulum_robot_description': CMAKE_PREFIX_PATH=${CMAKE_PREFIX_PATH}:/home/srjn/ros2_ws/install/turtle_ctrl_launch:/home/srjn/ros2_ws/install/symlink:/home/srjn/ros2_ws/install/srvcli_py:/home/srjn/ros2_ws/install/pubsub_py:/home/srjn/ros2_ws/install/minimal_pkg:/opt/ros/jazzy DEBUGINFOD_URLS=https://debuginfod.ubuntu.com /usr/bin/cmake /home/srjn/ros2_ws/pendulum_robot_description -DAMENT_CMAKE_SYMLINK_INSTALL=1 -DCMAKE_INSTALL_PREFIX=/home/srjn/ros2_ws/install/pendulum_robot_description
[0.572s] -- The C compiler identification is GNU 13.3.0
[0.572s] -- The CXX compiler identification is GNU 13.3.0
[0.572s] -- Detecting C compiler ABI info
[0.572s] -- Detecting C compiler ABI info - done
[0.572s] -- Check for working C compiler: /usr/bin/cc - skipped
[0.572s] -- Detecting C compile features
[0.573s] -- Detecting C compile features - done
[0.573s] -- Detecting CXX compiler ABI info
[0.573s] -- Detecting CXX compiler ABI info - done
[0.573s] -- Check for working CXX compiler: /usr/bin/c++ - skipped
[0.573s] -- Detecting CXX compile features
[0.573s] -- Detecting CXX compile features - done
[0.573s] -- Found ament_cmake: 2.5.5 (/opt/ros/jazzy/share/ament_cmake/cmake)
[0.692s] -- Found Python3: /usr/bin/python3 (found version "3.12.3") found components: Interpreter 
[0.759s] -- Override CMake install command with custom implementation using symlinks instead of copying resources
[0.812s] -- Found ament_lint_auto: 0.17.4 (/opt/ros/jazzy/share/ament_lint_auto/cmake)
[0.920s] -- Added test 'flake8' to check Python code syntax and style conventions
[0.920s] -- Configured 'flake8' exclude dirs and/or files: 
[0.921s] -- Added test 'lint_cmake' to check CMake code style
[0.921s] -- Added test 'pep257' to check Python code against some of the docstring style conventions in PEP 257
[0.923s] -- Added test 'xmllint' to check XML markup files
[0.925s] -- Configuring done (0.7s)
[0.928s] -- Generating done (0.0s)
[0.929s] -- Build files have been written to: /home/srjn/ros2_ws/build/pendulum_robot_description
