[0.082s] DEBUG:colcon:Command line arguments: ['/usr/bin/colcon', 'build', '--packages-select', 'symlink']
[0.082s] DEBUG:colcon:Parsed command line arguments: Namespace(log_base=None, log_level=None, verb_name='build', build_base='build', install_base='install', merge_install=False, symlink_install=False, test_result_base=None, continue_on_error=False, executor='parallel', parallel_workers=16, event_handlers=None, ignore_user_meta=False, metas=['./colcon.meta'], base_paths=['.'], packages_ignore=None, packages_ignore_regex=None, paths=None, packages_up_to=None, packages_up_to_regex=None, packages_above=None, packages_above_and_dependencies=None, packages_above_depth=None, packages_select_by_dep=None, packages_skip_by_dep=None, packages_skip_up_to=None, packages_select_build_failed=False, packages_skip_build_finished=False, packages_select_test_failures=False, packages_skip_test_passed=False, packages_select=['symlink'], packages_skip=None, packages_select_regex=None, packages_skip_regex=None, packages_start=None, packages_end=None, allow_overriding=[], cmake_args=None, cmake_target=None, cmake_target_skip_unavailable=False, cmake_clean_cache=False, cmake_clean_first=False, cmake_force_configure=False, ament_cmake_args=None, catkin_cmake_args=None, catkin_skip_building_tests=False, mixin_files=None, mixin=None, verb_parser=<colcon_mixin.mixin.mixin_argument.MixinArgumentDecorator object at 0x7a4c5039b680>, verb_extension=<colcon_core.verb.build.BuildVerb object at 0x7a4c50a7f980>, main=<bound method BuildVerb.main of <colcon_core.verb.build.BuildVerb object at 0x7a4c50a7f980>>, mixin_verb=('build',))
[0.111s] Level 1:colcon.colcon_core.package_discovery:discover_packages(colcon_meta) check parameters
[0.111s] Level 1:colcon.colcon_core.package_discovery:discover_packages(recursive) check parameters
[0.111s] Level 1:colcon.colcon_core.package_discovery:discover_packages(ignore) check parameters
[0.111s] Level 1:colcon.colcon_core.package_discovery:discover_packages(path) check parameters
[0.111s] Level 1:colcon.colcon_core.package_discovery:discover_packages(colcon_meta) discover
[0.111s] Level 1:colcon.colcon_core.package_discovery:discover_packages(recursive) discover
[0.111s] INFO:colcon.colcon_core.package_discovery:Crawling recursively for packages in '/home/srjn/ros2_ws/src/symlink'
[0.111s] Level 1:colcon.colcon_core.package_identification:_identify(.) by extensions ['ignore', 'ignore_ament_install']
[0.111s] Level 1:colcon.colcon_core.package_identification:_identify(.) by extension 'ignore'
[0.111s] Level 1:colcon.colcon_core.package_identification:_identify(.) by extension 'ignore_ament_install'
[0.112s] Level 1:colcon.colcon_core.package_identification:_identify(.) by extensions ['colcon_pkg']
[0.112s] Level 1:colcon.colcon_core.package_identification:_identify(.) by extension 'colcon_pkg'
[0.112s] Level 1:colcon.colcon_core.package_identification:_identify(.) by extensions ['colcon_meta']
[0.112s] Level 1:colcon.colcon_core.package_identification:_identify(.) by extension 'colcon_meta'
[0.112s] Level 1:colcon.colcon_core.package_identification:_identify(.) by extensions ['ros']
[0.112s] Level 1:colcon.colcon_core.package_identification:_identify(.) by extension 'ros'
[0.131s] DEBUG:colcon.colcon_core.package_identification:Package '.' with type 'ros.ament_python' and name 'symlink'
[0.131s] Level 1:colcon.colcon_core.package_discovery:discover_packages(recursive) using defaults
[0.132s] Level 1:colcon.colcon_core.package_discovery:discover_packages(ignore) discover
[0.132s] Level 1:colcon.colcon_core.package_discovery:discover_packages(ignore) using defaults
[0.132s] Level 1:colcon.colcon_core.package_discovery:discover_packages(path) discover
[0.132s] Level 1:colcon.colcon_core.package_discovery:discover_packages(path) using defaults
[0.144s] Level 1:colcon.colcon_core.package_discovery:discover_packages(prefix_path) check parameters
[0.144s] Level 1:colcon.colcon_core.package_discovery:discover_packages(prefix_path) discover
[0.146s] DEBUG:colcon.colcon_installed_package_information.package_discovery:Found 8 installed packages in /home/srjn/ros2_ws/install
[0.147s] DEBUG:colcon.colcon_installed_package_information.package_discovery:Found 320 installed packages in /opt/ros/jazzy
[0.148s] Level 1:colcon.colcon_core.package_discovery:discover_packages(prefix_path) using defaults
[0.183s] Level 5:colcon.colcon_core.verb:set package 'symlink' build argument 'cmake_args' from command line to 'None'
[0.183s] Level 5:colcon.colcon_core.verb:set package 'symlink' build argument 'cmake_target' from command line to 'None'
[0.183s] Level 5:colcon.colcon_core.verb:set package 'symlink' build argument 'cmake_target_skip_unavailable' from command line to 'False'
[0.183s] Level 5:colcon.colcon_core.verb:set package 'symlink' build argument 'cmake_clean_cache' from command line to 'False'
[0.183s] Level 5:colcon.colcon_core.verb:set package 'symlink' build argument 'cmake_clean_first' from command line to 'False'
[0.183s] Level 5:colcon.colcon_core.verb:set package 'symlink' build argument 'cmake_force_configure' from command line to 'False'
[0.183s] Level 5:colcon.colcon_core.verb:set package 'symlink' build argument 'ament_cmake_args' from command line to 'None'
[0.183s] Level 5:colcon.colcon_core.verb:set package 'symlink' build argument 'catkin_cmake_args' from command line to 'None'
[0.183s] Level 5:colcon.colcon_core.verb:set package 'symlink' build argument 'catkin_skip_building_tests' from command line to 'False'
[0.183s] DEBUG:colcon.colcon_core.verb:Building package 'symlink' with the following arguments: {'ament_cmake_args': None, 'build_base': '/home/srjn/ros2_ws/src/symlink/build/symlink', 'catkin_cmake_args': None, 'catkin_skip_building_tests': False, 'cmake_args': None, 'cmake_clean_cache': False, 'cmake_clean_first': False, 'cmake_force_configure': False, 'cmake_target': None, 'cmake_target_skip_unavailable': False, 'install_base': '/home/srjn/ros2_ws/src/symlink/install/symlink', 'merge_install': False, 'path': '/home/srjn/ros2_ws/src/symlink', 'symlink_install': False, 'test_result_base': None}
[0.183s] INFO:colcon.colcon_core.executor:Executing jobs using 'parallel' executor
[0.184s] DEBUG:colcon.colcon_parallel_executor.executor.parallel:run_until_complete
[0.184s] INFO:colcon.colcon_ros.task.ament_python.build:Building ROS package in '/home/srjn/ros2_ws/src/symlink' with build type 'ament_python'
[0.184s] Level 1:colcon.colcon_core.shell:create_environment_hook('symlink', 'ament_prefix_path')
[0.186s] INFO:colcon.colcon_core.plugin_system:Skipping extension 'colcon_core.shell.bat': Not used on non-Windows systems
[0.186s] INFO:colcon.colcon_core.shell:Creating environment hook '/home/srjn/ros2_ws/src/symlink/install/symlink/share/symlink/hook/ament_prefix_path.ps1'
[0.187s] INFO:colcon.colcon_core.shell:Creating environment descriptor '/home/srjn/ros2_ws/src/symlink/install/symlink/share/symlink/hook/ament_prefix_path.dsv'
[0.187s] INFO:colcon.colcon_core.shell:Creating environment hook '/home/srjn/ros2_ws/src/symlink/install/symlink/share/symlink/hook/ament_prefix_path.sh'
[0.188s] INFO:colcon.colcon_core.shell:Skip shell extension 'powershell' for command environment: Not usable outside of PowerShell
[0.188s] DEBUG:colcon.colcon_core.shell:Skip shell extension 'dsv' for command environment
[0.364s] INFO:colcon.colcon_core.task.python.build:Building Python package in '/home/srjn/ros2_ws/src/symlink'
[0.364s] INFO:colcon.colcon_core.shell:Skip shell extension 'powershell' for command environment: Not usable outside of PowerShell
[0.364s] DEBUG:colcon.colcon_core.shell:Skip shell extension 'dsv' for command environment
[0.846s] DEBUG:colcon.colcon_core.event_handler.log_command:Invoking command in '/home/srjn/ros2_ws/src/symlink': DEBUGINFOD_URLS=https://debuginfod.ubuntu.com PYTHONPATH=/home/srjn/ros2_ws/src/symlink/build/symlink/prefix_override:/usr/lib/python3/dist-packages/colcon_core/task/python/colcon_distutils_commands:/home/srjn/ros2_ws/src/symlink/install/symlink/lib/python3.12/site-packages:${PYTHONPATH} /usr/bin/python3 -W ignore:setup.py install is deprecated -W ignore:easy_install command is deprecated setup.py egg_info --egg-base build/symlink build --build-base /home/srjn/ros2_ws/src/symlink/build/symlink/build install --record /home/srjn/ros2_ws/src/symlink/build/symlink/install.log --single-version-externally-managed install_data
[1.291s] DEBUG:colcon.colcon_core.event_handler.log_command:Invoked command in '/home/srjn/ros2_ws/src/symlink' returned '0': DEBUGINFOD_URLS=https://debuginfod.ubuntu.com PYTHONPATH=/home/srjn/ros2_ws/src/symlink/build/symlink/prefix_override:/usr/lib/python3/dist-packages/colcon_core/task/python/colcon_distutils_commands:/home/srjn/ros2_ws/src/symlink/install/symlink/lib/python3.12/site-packages:${PYTHONPATH} /usr/bin/python3 -W ignore:setup.py install is deprecated -W ignore:easy_install command is deprecated setup.py egg_info --egg-base build/symlink build --build-base /home/srjn/ros2_ws/src/symlink/build/symlink/build install --record /home/srjn/ros2_ws/src/symlink/build/symlink/install.log --single-version-externally-managed install_data
[1.292s] Level 1:colcon.colcon_core.environment:checking '/home/srjn/ros2_ws/src/symlink/install/symlink' for CMake module files
[1.293s] Level 1:colcon.colcon_core.environment:checking '/home/srjn/ros2_ws/src/symlink/install/symlink' for CMake config files
[1.293s] Level 1:colcon.colcon_core.environment:checking '/home/srjn/ros2_ws/src/symlink/install/symlink/lib'
[1.293s] Level 1:colcon.colcon_core.environment:checking '/home/srjn/ros2_ws/src/symlink/install/symlink/bin'
[1.293s] Level 1:colcon.colcon_core.environment:checking '/home/srjn/ros2_ws/src/symlink/install/symlink/lib/pkgconfig/symlink.pc'
[1.293s] Level 1:colcon.colcon_core.environment:checking '/home/srjn/ros2_ws/src/symlink/install/symlink/lib/python3.12/site-packages'
[1.294s] Level 1:colcon.colcon_core.shell:create_environment_hook('symlink', 'pythonpath')
[1.294s] INFO:colcon.colcon_core.shell:Creating environment hook '/home/srjn/ros2_ws/src/symlink/install/symlink/share/symlink/hook/pythonpath.ps1'
[1.294s] INFO:colcon.colcon_core.shell:Creating environment descriptor '/home/srjn/ros2_ws/src/symlink/install/symlink/share/symlink/hook/pythonpath.dsv'
[1.294s] INFO:colcon.colcon_core.shell:Creating environment hook '/home/srjn/ros2_ws/src/symlink/install/symlink/share/symlink/hook/pythonpath.sh'
[1.295s] Level 1:colcon.colcon_core.environment:checking '/home/srjn/ros2_ws/src/symlink/install/symlink/bin'
[1.295s] Level 1:colcon.colcon_core.environment:create_environment_scripts_only(symlink)
[1.295s] INFO:colcon.colcon_core.shell:Creating package script '/home/srjn/ros2_ws/src/symlink/install/symlink/share/symlink/package.ps1'
[1.295s] INFO:colcon.colcon_core.shell:Creating package descriptor '/home/srjn/ros2_ws/src/symlink/install/symlink/share/symlink/package.dsv'
[1.296s] INFO:colcon.colcon_core.shell:Creating package script '/home/srjn/ros2_ws/src/symlink/install/symlink/share/symlink/package.sh'
[1.296s] INFO:colcon.colcon_core.shell:Creating package script '/home/srjn/ros2_ws/src/symlink/install/symlink/share/symlink/package.bash'
[1.297s] INFO:colcon.colcon_core.shell:Creating package script '/home/srjn/ros2_ws/src/symlink/install/symlink/share/symlink/package.zsh'
[1.297s] Level 1:colcon.colcon_core.environment:create_file_with_runtime_dependencies(/home/srjn/ros2_ws/src/symlink/install/symlink/share/colcon-core/packages/symlink)
[1.297s] DEBUG:colcon.colcon_parallel_executor.executor.parallel:closing loop
[1.298s] DEBUG:colcon.colcon_parallel_executor.executor.parallel:loop closed
[1.298s] DEBUG:colcon.colcon_parallel_executor.executor.parallel:run_until_complete finished with '0'
[1.298s] DEBUG:colcon.colcon_core.event_reactor:joining thread
[1.302s] INFO:colcon.colcon_core.plugin_system:Skipping extension 'colcon_notification.desktop_notification.terminal_notifier': Not used on non-Darwin systems
[1.302s] INFO:colcon.colcon_core.plugin_system:Skipping extension 'colcon_notification.desktop_notification.win32': Not used on non-Windows systems
[1.302s] INFO:colcon.colcon_notification.desktop_notification:Sending desktop notification using 'notify2'
[1.313s] DEBUG:colcon.colcon_core.event_reactor:joined thread
[1.313s] INFO:colcon.colcon_core.shell:Creating prefix script '/home/srjn/ros2_ws/src/symlink/install/local_setup.ps1'
[1.314s] INFO:colcon.colcon_core.shell:Creating prefix util module '/home/srjn/ros2_ws/src/symlink/install/_local_setup_util_ps1.py'
[1.314s] INFO:colcon.colcon_core.shell:Creating prefix chain script '/home/srjn/ros2_ws/src/symlink/install/setup.ps1'
[1.315s] INFO:colcon.colcon_core.shell:Creating prefix script '/home/srjn/ros2_ws/src/symlink/install/local_setup.sh'
[1.316s] INFO:colcon.colcon_core.shell:Creating prefix util module '/home/srjn/ros2_ws/src/symlink/install/_local_setup_util_sh.py'
[1.316s] INFO:colcon.colcon_core.shell:Creating prefix chain script '/home/srjn/ros2_ws/src/symlink/install/setup.sh'
[1.317s] INFO:colcon.colcon_core.shell:Creating prefix script '/home/srjn/ros2_ws/src/symlink/install/local_setup.bash'
[1.318s] INFO:colcon.colcon_core.shell:Creating prefix chain script '/home/srjn/ros2_ws/src/symlink/install/setup.bash'
[1.318s] INFO:colcon.colcon_core.shell:Creating prefix script '/home/srjn/ros2_ws/src/symlink/install/local_setup.zsh'
[1.319s] INFO:colcon.colcon_core.shell:Creating prefix chain script '/home/srjn/ros2_ws/src/symlink/install/setup.zsh'
