running egg_info
writing build/pubsub_py/pubsub_py.egg-info/PKG-INFO
writing dependency_links to build/pubsub_py/pubsub_py.egg-info/dependency_links.txt
writing entry points to build/pubsub_py/pubsub_py.egg-info/entry_points.txt
writing requirements to build/pubsub_py/pubsub_py.egg-info/requires.txt
writing top-level names to build/pubsub_py/pubsub_py.egg-info/top_level.txt
reading manifest file 'build/pubsub_py/pubsub_py.egg-info/SOURCES.txt'
writing manifest file 'build/pubsub_py/pubsub_py.egg-info/SOURCES.txt'
running build
running build_py
running install
running install_lib
running install_data
running install_egg_info
removing '/home/srjn/ros2_ws/src/pubsub_py/install/pubsub_py/lib/python3.12/site-packages/pubsub_py-0.0.0-py3.12.egg-info' (and everything under it)
Copying build/pubsub_py/pubsub_py.egg-info to /home/srjn/ros2_ws/src/pubsub_py/install/pubsub_py/lib/python3.12/site-packages/pubsub_py-0.0.0-py3.12.egg-info
running install_scripts
Installing sine_wave_pub script to /home/srjn/ros2_ws/src/pubsub_py/install/pubsub_py/lib/pubsub_py
Installing sine_wave_sub script to /home/srjn/ros2_ws/src/pubsub_py/install/pubsub_py/lib/pubsub_py
writing list of installed files to '/home/srjn/ros2_ws/src/pubsub_py/build/pubsub_py/install.log'
