[0.054s] Invoking command in '/home/srjn/ros2_ws/build/srv_pkg': CMAKE_PREFIX_PATH=${CMAKE_PREFIX_PATH}:/home/srjn/ros2_ws/install/diff_drive_description:/home/srjn/ros2_ws/install/turtle_ctrl_launch:/home/srjn/ros2_ws/install/symlink:/home/srjn/ros2_ws/install/srvcli_py:/home/srjn/ros2_ws/install/pubsub_py:/home/srjn/ros2_ws/install/minimal_pkg:/home/srjn/ros2_ws/install/first_pytest:/opt/ros/jazzy DEBUGINFOD_URLS=https://debuginfod.ubuntu.com /usr/bin/cmake --build /home/srjn/ros2_ws/build/srv_pkg -- -j16 -l16
[1.100s] [  2%] Built target srv_pkg__rosidl_generator_type_description
[1.100s] [  2%] Built target ament_cmake_python_symlink_srv_pkg
[1.101s] [  5%] Built target srv_pkg__cpp
[1.101s] [ 20%] Built target srv_pkg__rosidl_generator_c
[1.101s] [ 44%] Built target srv_pkg__rosidl_typesupport_fastrtps_c
[1.102s] [ 47%] Built target srv_pkg__rosidl_typesupport_introspection_c
[1.102s] [ 47%] Built target srv_pkg__rosidl_typesupport_c
[1.102s] [ 55%] Built target srv_pkg__rosidl_typesupport_introspection_cpp
[1.102s] [ 64%] Built target srv_pkg__rosidl_typesupport_cpp
[1.103s] [ 73%] Built target srv_pkg__rosidl_typesupport_fastrtps_cpp
[1.103s] [ 73%] Built target srv_pkg
[1.103s] [ 76%] Built target srv_pkg__py
[1.103s] [ 82%] Built target srv_pkg__rosidl_generator_py
[1.103s] [100%] Built target srv_pkg_s__rosidl_typesupport_fastrtps_c
[1.103s] [100%] Built target srv_pkg_s__rosidl_typesupport_c
[1.103s] [100%] Built target srv_pkg_s__rosidl_typesupport_introspection_c
[1.103s] running egg_info
[1.103s] writing srv_pkg.egg-info/PKG-INFO
[1.103s] writing dependency_links to srv_pkg.egg-info/dependency_links.txt
[1.104s] writing top-level names to srv_pkg.egg-info/top_level.txt
[1.104s] reading manifest file 'srv_pkg.egg-info/SOURCES.txt'
[1.104s] writing manifest file 'srv_pkg.egg-info/SOURCES.txt'
[1.104s] [100%] Built target ament_cmake_python_build_srv_pkg_egg
[1.104s] Invoked command in '/home/srjn/ros2_ws/build/srv_pkg' returned '0': CMAKE_PREFIX_PATH=${CMAKE_PREFIX_PATH}:/home/srjn/ros2_ws/install/diff_drive_description:/home/srjn/ros2_ws/install/turtle_ctrl_launch:/home/srjn/ros2_ws/install/symlink:/home/srjn/ros2_ws/install/srvcli_py:/home/srjn/ros2_ws/install/pubsub_py:/home/srjn/ros2_ws/install/minimal_pkg:/home/srjn/ros2_ws/install/first_pytest:/opt/ros/jazzy DEBUGINFOD_URLS=https://debuginfod.ubuntu.com /usr/bin/cmake --build /home/srjn/ros2_ws/build/srv_pkg -- -j16 -l16
[1.119s] Invoking command in '/home/srjn/ros2_ws/build/srv_pkg': CMAKE_PREFIX_PATH=${CMAKE_PREFIX_PATH}:/home/srjn/ros2_ws/install/diff_drive_description:/home/srjn/ros2_ws/install/turtle_ctrl_launch:/home/srjn/ros2_ws/install/symlink:/home/srjn/ros2_ws/install/srvcli_py:/home/srjn/ros2_ws/install/pubsub_py:/home/srjn/ros2_ws/install/minimal_pkg:/home/srjn/ros2_ws/install/first_pytest:/opt/ros/jazzy DEBUGINFOD_URLS=https://debuginfod.ubuntu.com /usr/bin/cmake --install /home/srjn/ros2_ws/build/srv_pkg
[1.309s] -- Install configuration: ""
[1.310s] -- Execute custom install script
[1.310s] -- Up-to-date symlink: /home/srjn/ros2_ws/install/srv_pkg/share/ament_index/resource_index/rosidl_interfaces/srv_pkg
[1.311s] -- Up-to-date symlink: /home/srjn/ros2_ws/install/srv_pkg/share/srv_pkg/srv/JointConversion.json
[1.311s] -- Up-to-date symlink: /home/srjn/ros2_ws/install/srv_pkg/include/srv_pkg/srv_pkg/msg/rosidl_generator_c__visibility_control.h
[1.312s] -- Up-to-date symlink: /home/srjn/ros2_ws/install/srv_pkg/include/srv_pkg/srv_pkg/srv/detail/joint_conversion__functions.h
[1.312s] -- Up-to-date symlink: /home/srjn/ros2_ws/install/srv_pkg/include/srv_pkg/srv_pkg/srv/detail/joint_conversion__struct.h
[1.312s] -- Up-to-date symlink: /home/srjn/ros2_ws/install/srv_pkg/include/srv_pkg/srv_pkg/srv/detail/joint_conversion__type_support.h
[1.312s] -- Up-to-date symlink: /home/srjn/ros2_ws/install/srv_pkg/include/srv_pkg/srv_pkg/srv/joint_conversion.h
[1.312s] -- Up-to-date symlink: /home/srjn/ros2_ws/install/srv_pkg/share/srv_pkg/environment/library_path.sh
[1.312s] -- Up-to-date symlink: /home/srjn/ros2_ws/install/srv_pkg/share/srv_pkg/environment/library_path.dsv
[1.312s] -- Up-to-date symlink: /home/srjn/ros2_ws/install/srv_pkg/include/srv_pkg/srv_pkg/msg/rosidl_typesupport_fastrtps_c__visibility_control.h
[1.312s] -- Up-to-date symlink: /home/srjn/ros2_ws/install/srv_pkg/include/srv_pkg/srv_pkg/srv/detail/joint_conversion__rosidl_typesupport_fastrtps_c.h
[1.312s] -- Up-to-date symlink: /home/srjn/ros2_ws/install/srv_pkg/include/srv_pkg/srv_pkg/msg/rosidl_typesupport_introspection_c__visibility_control.h
[1.312s] -- Up-to-date symlink: /home/srjn/ros2_ws/install/srv_pkg/include/srv_pkg/srv_pkg/srv/detail/joint_conversion__rosidl_typesupport_introspection_c.h
[1.313s] -- Up-to-date symlink: /home/srjn/ros2_ws/install/srv_pkg/include/srv_pkg/srv_pkg/msg/rosidl_generator_cpp__visibility_control.hpp
[1.313s] -- Up-to-date symlink: /home/srjn/ros2_ws/install/srv_pkg/include/srv_pkg/srv_pkg/srv/detail/joint_conversion__builder.hpp
[1.313s] -- Up-to-date symlink: /home/srjn/ros2_ws/install/srv_pkg/include/srv_pkg/srv_pkg/srv/detail/joint_conversion__struct.hpp
[1.313s] -- Up-to-date symlink: /home/srjn/ros2_ws/install/srv_pkg/include/srv_pkg/srv_pkg/srv/detail/joint_conversion__traits.hpp
[1.313s] -- Up-to-date symlink: /home/srjn/ros2_ws/install/srv_pkg/include/srv_pkg/srv_pkg/srv/detail/joint_conversion__type_support.hpp
[1.313s] -- Up-to-date symlink: /home/srjn/ros2_ws/install/srv_pkg/include/srv_pkg/srv_pkg/srv/joint_conversion.hpp
[1.313s] -- Up-to-date symlink: /home/srjn/ros2_ws/install/srv_pkg/include/srv_pkg/srv_pkg/msg/rosidl_typesupport_fastrtps_cpp__visibility_control.h
[1.313s] -- Up-to-date symlink: /home/srjn/ros2_ws/install/srv_pkg/include/srv_pkg/srv_pkg/srv/detail/joint_conversion__rosidl_typesupport_fastrtps_cpp.hpp
[1.313s] -- Up-to-date symlink: /home/srjn/ros2_ws/install/srv_pkg/include/srv_pkg/srv_pkg/srv/detail/joint_conversion__rosidl_typesupport_introspection_cpp.hpp
[1.313s] -- Up-to-date symlink: /home/srjn/ros2_ws/install/srv_pkg/share/srv_pkg/environment/pythonpath.sh
[1.313s] -- Up-to-date symlink: /home/srjn/ros2_ws/install/srv_pkg/share/srv_pkg/environment/pythonpath.dsv
[1.314s] -- Up-to-date symlink: /home/srjn/ros2_ws/install/srv_pkg/lib/python3.12/site-packages/srv_pkg-0.0.0-py3.12.egg-info/PKG-INFO
[1.314s] -- Up-to-date symlink: /home/srjn/ros2_ws/install/srv_pkg/lib/python3.12/site-packages/srv_pkg-0.0.0-py3.12.egg-info/SOURCES.txt
[1.314s] -- Up-to-date symlink: /home/srjn/ros2_ws/install/srv_pkg/lib/python3.12/site-packages/srv_pkg-0.0.0-py3.12.egg-info/dependency_links.txt
[1.314s] -- Up-to-date symlink: /home/srjn/ros2_ws/install/srv_pkg/lib/python3.12/site-packages/srv_pkg-0.0.0-py3.12.egg-info/top_level.txt
[1.314s] -- Up-to-date symlink: /home/srjn/ros2_ws/install/srv_pkg/lib/python3.12/site-packages/srv_pkg/__init__.py
[1.314s] -- Up-to-date symlink: /home/srjn/ros2_ws/install/srv_pkg/lib/python3.12/site-packages/srv_pkg/_srv_pkg_s.ep.rosidl_typesupport_c.c
[1.314s] -- Up-to-date symlink: /home/srjn/ros2_ws/install/srv_pkg/lib/python3.12/site-packages/srv_pkg/_srv_pkg_s.ep.rosidl_typesupport_fastrtps_c.c
[1.314s] -- Up-to-date symlink: /home/srjn/ros2_ws/install/srv_pkg/lib/python3.12/site-packages/srv_pkg/_srv_pkg_s.ep.rosidl_typesupport_introspection_c.c
[1.314s] -- Up-to-date symlink: /home/srjn/ros2_ws/install/srv_pkg/lib/python3.12/site-packages/srv_pkg/srv/__init__.py
[1.314s] -- Up-to-date symlink: /home/srjn/ros2_ws/install/srv_pkg/lib/python3.12/site-packages/srv_pkg/srv/_joint_conversion.py
[1.314s] -- Up-to-date symlink: /home/srjn/ros2_ws/install/srv_pkg/lib/python3.12/site-packages/srv_pkg/srv/_joint_conversion_s.c
[1.315s] -- Up-to-date symlink: /home/srjn/ros2_ws/install/srv_pkg/lib/python3.12/site-packages/srv_pkg/srv_pkg_s__rosidl_typesupport_c.so
[1.315s] -- Up-to-date symlink: /home/srjn/ros2_ws/install/srv_pkg/lib/python3.12/site-packages/srv_pkg/srv_pkg_s__rosidl_typesupport_fastrtps_c.so
[1.315s] -- Up-to-date symlink: /home/srjn/ros2_ws/install/srv_pkg/lib/python3.12/site-packages/srv_pkg/srv_pkg_s__rosidl_typesupport_introspection_c.so
[1.315s] -- Up-to-date symlink: /home/srjn/ros2_ws/install/srv_pkg/lib/python3.12/site-packages/srv_pkg/srv_pkg_s__rosidl_typesupport_fastrtps_c.so
[1.315s] -- Up-to-date symlink: /home/srjn/ros2_ws/install/srv_pkg/lib/python3.12/site-packages/srv_pkg/srv_pkg_s__rosidl_typesupport_introspection_c.so
[1.315s] -- Up-to-date symlink: /home/srjn/ros2_ws/install/srv_pkg/lib/python3.12/site-packages/srv_pkg/srv_pkg_s__rosidl_typesupport_c.so
[1.315s] -- Up-to-date symlink: /home/srjn/ros2_ws/install/srv_pkg/share/srv_pkg/srv/JointConversion.idl
[1.315s] -- Up-to-date symlink: /home/srjn/ros2_ws/install/srv_pkg/share/srv_pkg/srv/JointConversion.srv
[1.315s] -- Up-to-date symlink: /home/srjn/ros2_ws/install/srv_pkg/share/ament_index/resource_index/package_run_dependencies/srv_pkg
[1.315s] -- Up-to-date symlink: /home/srjn/ros2_ws/install/srv_pkg/share/ament_index/resource_index/parent_prefix_path/srv_pkg
[1.315s] -- Up-to-date symlink: /home/srjn/ros2_ws/install/srv_pkg/share/srv_pkg/environment/ament_prefix_path.sh
[1.316s] -- Up-to-date symlink: /home/srjn/ros2_ws/install/srv_pkg/share/srv_pkg/environment/ament_prefix_path.dsv
[1.316s] -- Up-to-date symlink: /home/srjn/ros2_ws/install/srv_pkg/share/srv_pkg/environment/path.sh
[1.316s] -- Up-to-date symlink: /home/srjn/ros2_ws/install/srv_pkg/share/srv_pkg/environment/path.dsv
[1.316s] -- Up-to-date symlink: /home/srjn/ros2_ws/install/srv_pkg/share/srv_pkg/local_setup.bash
[1.316s] -- Up-to-date symlink: /home/srjn/ros2_ws/install/srv_pkg/share/srv_pkg/local_setup.sh
[1.316s] -- Up-to-date symlink: /home/srjn/ros2_ws/install/srv_pkg/share/srv_pkg/local_setup.zsh
[1.316s] -- Up-to-date symlink: /home/srjn/ros2_ws/install/srv_pkg/share/srv_pkg/local_setup.dsv
[1.317s] -- Symlinking: /home/srjn/ros2_ws/install/srv_pkg/share/srv_pkg/package.dsv
[1.317s] -- Up-to-date symlink: /home/srjn/ros2_ws/install/srv_pkg/share/ament_index/resource_index/packages/srv_pkg
[1.317s] -- Up-to-date symlink: /home/srjn/ros2_ws/install/srv_pkg/share/srv_pkg/cmake/rosidl_cmake-extras.cmake
[1.317s] -- Up-to-date symlink: /home/srjn/ros2_ws/install/srv_pkg/share/srv_pkg/cmake/ament_cmake_export_dependencies-extras.cmake
[1.318s] -- Up-to-date symlink: /home/srjn/ros2_ws/install/srv_pkg/share/srv_pkg/cmake/ament_cmake_export_include_directories-extras.cmake
[1.318s] -- Up-to-date symlink: /home/srjn/ros2_ws/install/srv_pkg/share/srv_pkg/cmake/ament_cmake_export_libraries-extras.cmake
[1.318s] -- Up-to-date symlink: /home/srjn/ros2_ws/install/srv_pkg/share/srv_pkg/cmake/ament_cmake_export_targets-extras.cmake
[1.318s] -- Up-to-date symlink: /home/srjn/ros2_ws/install/srv_pkg/share/srv_pkg/cmake/rosidl_cmake_export_typesupport_targets-extras.cmake
[1.318s] -- Up-to-date symlink: /home/srjn/ros2_ws/install/srv_pkg/share/srv_pkg/cmake/rosidl_cmake_export_typesupport_libraries-extras.cmake
[1.319s] -- Up-to-date symlink: /home/srjn/ros2_ws/install/srv_pkg/share/srv_pkg/cmake/srv_pkgConfig.cmake
[1.319s] -- Up-to-date symlink: /home/srjn/ros2_ws/install/srv_pkg/share/srv_pkg/cmake/srv_pkgConfig-version.cmake
[1.319s] -- Up-to-date symlink: /home/srjn/ros2_ws/install/srv_pkg/share/srv_pkg/package.xml
[1.319s] -- Up-to-date: /home/srjn/ros2_ws/install/srv_pkg/lib/libsrv_pkg__rosidl_generator_c.so
[1.319s] -- Up-to-date: /home/srjn/ros2_ws/install/srv_pkg/lib/libsrv_pkg__rosidl_typesupport_fastrtps_c.so
[1.319s] -- Up-to-date: /home/srjn/ros2_ws/install/srv_pkg/lib/libsrv_pkg__rosidl_typesupport_introspection_c.so
[1.320s] -- Up-to-date: /home/srjn/ros2_ws/install/srv_pkg/lib/libsrv_pkg__rosidl_typesupport_c.so
[1.321s] -- Up-to-date: /home/srjn/ros2_ws/install/srv_pkg/lib/libsrv_pkg__rosidl_typesupport_fastrtps_cpp.so
[1.321s] -- Up-to-date: /home/srjn/ros2_ws/install/srv_pkg/lib/libsrv_pkg__rosidl_typesupport_introspection_cpp.so
[1.321s] -- Up-to-date: /home/srjn/ros2_ws/install/srv_pkg/lib/libsrv_pkg__rosidl_typesupport_cpp.so
[1.321s] Listing '/home/srjn/ros2_ws/install/srv_pkg/lib/python3.12/site-packages/srv_pkg'...
[1.321s] Listing '/home/srjn/ros2_ws/install/srv_pkg/lib/python3.12/site-packages/srv_pkg/srv'...
[1.321s] -- Up-to-date: /home/srjn/ros2_ws/install/srv_pkg/lib/libsrv_pkg__rosidl_generator_py.so
[1.321s] -- Up-to-date: /home/srjn/ros2_ws/install/srv_pkg/share/srv_pkg/cmake/export_srv_pkg__rosidl_generator_cExport.cmake
[1.322s] -- Up-to-date: /home/srjn/ros2_ws/install/srv_pkg/share/srv_pkg/cmake/export_srv_pkg__rosidl_generator_cExport-noconfig.cmake
[1.322s] -- Up-to-date: /home/srjn/ros2_ws/install/srv_pkg/share/srv_pkg/cmake/export_srv_pkg__rosidl_typesupport_fastrtps_cExport.cmake
[1.322s] -- Up-to-date: /home/srjn/ros2_ws/install/srv_pkg/share/srv_pkg/cmake/export_srv_pkg__rosidl_typesupport_fastrtps_cExport-noconfig.cmake
[1.322s] -- Up-to-date: /home/srjn/ros2_ws/install/srv_pkg/share/srv_pkg/cmake/srv_pkg__rosidl_typesupport_introspection_cExport.cmake
[1.322s] -- Up-to-date: /home/srjn/ros2_ws/install/srv_pkg/share/srv_pkg/cmake/srv_pkg__rosidl_typesupport_introspection_cExport-noconfig.cmake
[1.322s] -- Up-to-date: /home/srjn/ros2_ws/install/srv_pkg/share/srv_pkg/cmake/srv_pkg__rosidl_typesupport_cExport.cmake
[1.322s] -- Up-to-date: /home/srjn/ros2_ws/install/srv_pkg/share/srv_pkg/cmake/srv_pkg__rosidl_typesupport_cExport-noconfig.cmake
[1.322s] -- Up-to-date: /home/srjn/ros2_ws/install/srv_pkg/share/srv_pkg/cmake/export_srv_pkg__rosidl_generator_cppExport.cmake
[1.322s] -- Up-to-date: /home/srjn/ros2_ws/install/srv_pkg/share/srv_pkg/cmake/export_srv_pkg__rosidl_typesupport_fastrtps_cppExport.cmake
[1.323s] -- Up-to-date: /home/srjn/ros2_ws/install/srv_pkg/share/srv_pkg/cmake/export_srv_pkg__rosidl_typesupport_fastrtps_cppExport-noconfig.cmake
[1.323s] -- Up-to-date: /home/srjn/ros2_ws/install/srv_pkg/share/srv_pkg/cmake/srv_pkg__rosidl_typesupport_introspection_cppExport.cmake
[1.323s] -- Up-to-date: /home/srjn/ros2_ws/install/srv_pkg/share/srv_pkg/cmake/srv_pkg__rosidl_typesupport_introspection_cppExport-noconfig.cmake
[1.323s] -- Up-to-date: /home/srjn/ros2_ws/install/srv_pkg/share/srv_pkg/cmake/srv_pkg__rosidl_typesupport_cppExport.cmake
[1.323s] -- Up-to-date: /home/srjn/ros2_ws/install/srv_pkg/share/srv_pkg/cmake/srv_pkg__rosidl_typesupport_cppExport-noconfig.cmake
[1.323s] -- Up-to-date: /home/srjn/ros2_ws/install/srv_pkg/share/srv_pkg/cmake/export_srv_pkg__rosidl_generator_pyExport.cmake
[1.323s] -- Up-to-date: /home/srjn/ros2_ws/install/srv_pkg/share/srv_pkg/cmake/export_srv_pkg__rosidl_generator_pyExport-noconfig.cmake
[1.364s] Invoked command in '/home/srjn/ros2_ws/build/srv_pkg' returned '0': CMAKE_PREFIX_PATH=${CMAKE_PREFIX_PATH}:/home/srjn/ros2_ws/install/diff_drive_description:/home/srjn/ros2_ws/install/turtle_ctrl_launch:/home/srjn/ros2_ws/install/symlink:/home/srjn/ros2_ws/install/srvcli_py:/home/srjn/ros2_ws/install/pubsub_py:/home/srjn/ros2_ws/install/minimal_pkg:/home/srjn/ros2_ws/install/first_pytest:/opt/ros/jazzy DEBUGINFOD_URLS=https://debuginfod.ubuntu.com /usr/bin/cmake --install /home/srjn/ros2_ws/build/srv_pkg
