[0.647s] Invoking command in '/home/srjn/ros2_ws/build/pendulum_robot_description': CMAKE_PREFIX_PATH=${CMAKE_PREFIX_PATH}:/opt/ros/jazzy DEBUGINFOD_URLS=https://debuginfod.ubuntu.com /usr/bin/cmake --build /home/srjn/ros2_ws/build/pendulum_robot_description -- -j16 -l16
[1.055s] Invoked command in '/home/srjn/ros2_ws/build/pendulum_robot_description' returned '0': CMAKE_PREFIX_PATH=${CMAKE_PREFIX_PATH}:/opt/ros/jazzy DEBUGINFOD_URLS=https://debuginfod.ubuntu.com /usr/bin/cmake --build /home/srjn/ros2_ws/build/pendulum_robot_description -- -j16 -l16
[1.056s] Invoking command in '/home/srjn/ros2_ws/build/pendulum_robot_description': CMAKE_PREFIX_PATH=${CMAKE_PREFIX_PATH}:/opt/ros/jazzy DEBUGINFOD_URLS=https://debuginfod.ubuntu.com /usr/bin/cmake --install /home/srjn/ros2_ws/build/pendulum_robot_description
[1.282s] -- Install configuration: ""
[1.282s] -- Execute custom install script
[1.282s] -- Up-to-date symlink: /home/srjn/ros2_ws/install/pendulum_robot_description/share/pendulum_robot_description/urdf/pendulum.urdf
[1.282s] -- Up-to-date symlink: /home/srjn/ros2_ws/install/pendulum_robot_description/share/pendulum_robot_description/urdf/pendulum_robot.gv
[1.282s] -- Up-to-date symlink: /home/srjn/ros2_ws/install/pendulum_robot_description/share/pendulum_robot_description/urdf/pendulum_robot.pdf
[1.282s] -- Up-to-date symlink: /home/srjn/ros2_ws/install/pendulum_robot_description/share/pendulum_robot_description/urdf/pendulum_robot.xacro
[1.283s] -- Up-to-date symlink: /home/srjn/ros2_ws/install/pendulum_robot_description/share/pendulum_robot_description/launch/display.launch.py
[1.283s] -- Up-to-date symlink: /home/srjn/ros2_ws/install/pendulum_robot_description/share/pendulum_robot_description/launch/robot_description.launch.py
[1.283s] -- Up-to-date symlink: /home/srjn/ros2_ws/install/pendulum_robot_description/share/ament_index/resource_index/package_run_dependencies/pendulum_robot_description
[1.283s] -- Up-to-date symlink: /home/srjn/ros2_ws/install/pendulum_robot_description/share/ament_index/resource_index/parent_prefix_path/pendulum_robot_description
[1.283s] -- Up-to-date symlink: /home/srjn/ros2_ws/install/pendulum_robot_description/share/pendulum_robot_description/environment/ament_prefix_path.sh
[1.283s] -- Up-to-date symlink: /home/srjn/ros2_ws/install/pendulum_robot_description/share/pendulum_robot_description/environment/ament_prefix_path.dsv
[1.283s] -- Up-to-date symlink: /home/srjn/ros2_ws/install/pendulum_robot_description/share/pendulum_robot_description/environment/path.sh
[1.283s] -- Up-to-date symlink: /home/srjn/ros2_ws/install/pendulum_robot_description/share/pendulum_robot_description/environment/path.dsv
[1.284s] -- Up-to-date symlink: /home/srjn/ros2_ws/install/pendulum_robot_description/share/pendulum_robot_description/local_setup.bash
[1.284s] -- Up-to-date symlink: /home/srjn/ros2_ws/install/pendulum_robot_description/share/pendulum_robot_description/local_setup.sh
[1.284s] -- Up-to-date symlink: /home/srjn/ros2_ws/install/pendulum_robot_description/share/pendulum_robot_description/local_setup.zsh
[1.284s] -- Up-to-date symlink: /home/srjn/ros2_ws/install/pendulum_robot_description/share/pendulum_robot_description/local_setup.dsv
[1.284s] -- Symlinking: /home/srjn/ros2_ws/install/pendulum_robot_description/share/pendulum_robot_description/package.dsv
[1.284s] -- Up-to-date symlink: /home/srjn/ros2_ws/install/pendulum_robot_description/share/ament_index/resource_index/packages/pendulum_robot_description
[1.284s] -- Up-to-date symlink: /home/srjn/ros2_ws/install/pendulum_robot_description/share/pendulum_robot_description/cmake/pendulum_robot_descriptionConfig.cmake
[1.284s] -- Up-to-date symlink: /home/srjn/ros2_ws/install/pendulum_robot_description/share/pendulum_robot_description/cmake/pendulum_robot_descriptionConfig-version.cmake
[1.285s] -- Up-to-date symlink: /home/srjn/ros2_ws/install/pendulum_robot_description/share/pendulum_robot_description/package.xml
[1.288s] Invoked command in '/home/srjn/ros2_ws/build/pendulum_robot_description' returned '0': CMAKE_PREFIX_PATH=${CMAKE_PREFIX_PATH}:/opt/ros/jazzy DEBUGINFOD_URLS=https://debuginfod.ubuntu.com /usr/bin/cmake --install /home/srjn/ros2_ws/build/pendulum_robot_description
