running develop
running egg_info
creating diff_drive_description.egg-info
writing diff_drive_description.egg-info/PKG-INFO
writing dependency_links to diff_drive_description.egg-info/dependency_links.txt
writing requirements to diff_drive_description.egg-info/requires.txt
writing top-level names to diff_drive_description.egg-info/top_level.txt
writing manifest file 'diff_drive_description.egg-info/SOURCES.txt'
reading manifest file 'diff_drive_description.egg-info/SOURCES.txt'
writing manifest file 'diff_drive_description.egg-info/SOURCES.txt'
running build_ext
Creating /home/srjn/ros2_ws/install/diff_drive_description/lib/python3.12/site-packages/diff-drive-description.egg-link (link to .)

Installed /home/srjn/ros2_ws/build/diff_drive_description
running symlink_data
creating /home/srjn/ros2_ws/install/diff_drive_description/share/ament_index
creating /home/srjn/ros2_ws/install/diff_drive_description/share/ament_index/resource_index
creating /home/srjn/ros2_ws/install/diff_drive_description/share/ament_index/resource_index/packages
symbolically linking /home/srjn/ros2_ws/build/diff_drive_description/resource/diff_drive_description -> /home/srjn/ros2_ws/install/diff_drive_description/share/ament_index/resource_index/packages
symbolically linking /home/srjn/ros2_ws/build/diff_drive_description/package.xml -> /home/srjn/ros2_ws/install/diff_drive_description/share/diff_drive_description
symbolically linking /home/srjn/ros2_ws/build/diff_drive_description/urdf/diff_drive_macro.xacro -> /home/srjn/ros2_ws/install/diff_drive_description/share/diff_drive_description
symbolically linking /home/srjn/ros2_ws/build/diff_drive_description/urdf/diff_drive.xacro -> /home/srjn/ros2_ws/install/diff_drive_description/share/diff_drive_description
error: can't copy '/home/srjn/ros2_ws/build/diff_drive_description/urdf/diff_drive_with_lidar.xacro': doesn't exist or not a regular file
