[0.073s] Invoking command in '/home/srjn/ros2_ws/build/srv_pkg': CMAKE_PREFIX_PATH=${CMAKE_PREFIX_PATH}:/home/srjn/ros2_ws/install/diff_drive_control:/home/srjn/ros2_ws/install/turtle_ctrl_launch:/home/srjn/ros2_ws/install/symlink:/home/srjn/ros2_ws/install/srvcli_py:/home/srjn/ros2_ws/install/pubsub_py:/home/srjn/ros2_ws/install/minimal_pkg:/home/srjn/ros2_ws/install/first_pytest:/home/srjn/ros2_ws/install/diff_drive_description:/opt/ros/jazzy DEBUGINFOD_URLS=https://debuginfod.ubuntu.com /usr/bin/cmake --build /home/srjn/ros2_ws/build/srv_pkg -- -j16 -l16
[1.557s] [  2%] Built target srv_pkg__rosidl_generator_type_description
[1.557s] [  2%] Built target ament_cmake_python_symlink_srv_pkg
[1.558s] [ 11%] Built target srv_pkg__cpp
[1.558s] [ 20%] Built target srv_pkg__rosidl_generator_c
[1.558s] [ 55%] Built target srv_pkg__rosidl_typesupport_c
[1.558s] [ 55%] Built target srv_pkg__rosidl_typesupport_introspection_cpp
[1.558s] [ 55%] Built target srv_pkg__rosidl_typesupport_cpp
[1.559s] [ 55%] Built target srv_pkg__rosidl_typesupport_introspection_c
[1.559s] [ 64%] Built target srv_pkg__rosidl_typesupport_fastrtps_cpp
[1.559s] [ 73%] Built target srv_pkg__rosidl_typesupport_fastrtps_c
[1.559s] [ 73%] Built target srv_pkg
[1.559s] [ 76%] Built target srv_pkg__py
[1.560s] [ 82%] Built target srv_pkg__rosidl_generator_py
[1.560s] [100%] Built target srv_pkg_s__rosidl_typesupport_introspection_c
[1.560s] [100%] Built target srv_pkg_s__rosidl_typesupport_c
[1.560s] [100%] Built target srv_pkg_s__rosidl_typesupport_fastrtps_c
[1.560s] running egg_info
[1.561s] writing srv_pkg.egg-info/PKG-INFO
[1.561s] writing dependency_links to srv_pkg.egg-info/dependency_links.txt
[1.561s] writing top-level names to srv_pkg.egg-info/top_level.txt
[1.561s] reading manifest file 'srv_pkg.egg-info/SOURCES.txt'
[1.561s] writing manifest file 'srv_pkg.egg-info/SOURCES.txt'
[1.562s] [100%] Built target ament_cmake_python_build_srv_pkg_egg
[1.562s] Invoked command in '/home/srjn/ros2_ws/build/srv_pkg' returned '0': CMAKE_PREFIX_PATH=${CMAKE_PREFIX_PATH}:/home/srjn/ros2_ws/install/diff_drive_control:/home/srjn/ros2_ws/install/turtle_ctrl_launch:/home/srjn/ros2_ws/install/symlink:/home/srjn/ros2_ws/install/srvcli_py:/home/srjn/ros2_ws/install/pubsub_py:/home/srjn/ros2_ws/install/minimal_pkg:/home/srjn/ros2_ws/install/first_pytest:/home/srjn/ros2_ws/install/diff_drive_description:/opt/ros/jazzy DEBUGINFOD_URLS=https://debuginfod.ubuntu.com /usr/bin/cmake --build /home/srjn/ros2_ws/build/srv_pkg -- -j16 -l16
[1.570s] Invoking command in '/home/srjn/ros2_ws/build/srv_pkg': CMAKE_PREFIX_PATH=${CMAKE_PREFIX_PATH}:/home/srjn/ros2_ws/install/diff_drive_control:/home/srjn/ros2_ws/install/turtle_ctrl_launch:/home/srjn/ros2_ws/install/symlink:/home/srjn/ros2_ws/install/srvcli_py:/home/srjn/ros2_ws/install/pubsub_py:/home/srjn/ros2_ws/install/minimal_pkg:/home/srjn/ros2_ws/install/first_pytest:/home/srjn/ros2_ws/install/diff_drive_description:/opt/ros/jazzy DEBUGINFOD_URLS=https://debuginfod.ubuntu.com /usr/bin/cmake --install /home/srjn/ros2_ws/build/srv_pkg
[1.589s] -- Install configuration: ""
[1.595s] -- Execute custom install script
[1.596s] -- Up-to-date symlink: /home/srjn/ros2_ws/install/srv_pkg/share/ament_index/resource_index/rosidl_interfaces/srv_pkg
[1.596s] -- Up-to-date symlink: /home/srjn/ros2_ws/install/srv_pkg/share/srv_pkg/srv/JointConversion.json
[1.597s] -- Up-to-date symlink: /home/srjn/ros2_ws/install/srv_pkg/include/srv_pkg/srv_pkg/msg/rosidl_generator_c__visibility_control.h
[1.597s] -- Up-to-date symlink: /home/srjn/ros2_ws/install/srv_pkg/include/srv_pkg/srv_pkg/srv/detail/joint_conversion__functions.h
[1.598s] -- Up-to-date symlink: /home/srjn/ros2_ws/install/srv_pkg/include/srv_pkg/srv_pkg/srv/detail/joint_conversion__struct.h
[1.598s] -- Up-to-date symlink: /home/srjn/ros2_ws/install/srv_pkg/include/srv_pkg/srv_pkg/srv/detail/joint_conversion__type_support.h
[1.599s] -- Up-to-date symlink: /home/srjn/ros2_ws/install/srv_pkg/include/srv_pkg/srv_pkg/srv/joint_conversion.h
[1.599s] -- Up-to-date symlink: /home/srjn/ros2_ws/install/srv_pkg/share/srv_pkg/environment/library_path.sh
[1.599s] -- Up-to-date symlink: /home/srjn/ros2_ws/install/srv_pkg/share/srv_pkg/environment/library_path.dsv
[1.599s] -- Up-to-date symlink: /home/srjn/ros2_ws/install/srv_pkg/include/srv_pkg/srv_pkg/msg/rosidl_typesupport_fastrtps_c__visibility_control.h
[1.599s] -- Up-to-date symlink: /home/srjn/ros2_ws/install/srv_pkg/include/srv_pkg/srv_pkg/srv/detail/joint_conversion__rosidl_typesupport_fastrtps_c.h
[1.599s] -- Up-to-date symlink: /home/srjn/ros2_ws/install/srv_pkg/include/srv_pkg/srv_pkg/msg/rosidl_typesupport_introspection_c__visibility_control.h
[1.600s] -- Up-to-date symlink: /home/srjn/ros2_ws/install/srv_pkg/include/srv_pkg/srv_pkg/srv/detail/joint_conversion__rosidl_typesupport_introspection_c.h
[1.600s] -- Up-to-date symlink: /home/srjn/ros2_ws/install/srv_pkg/include/srv_pkg/srv_pkg/msg/rosidl_generator_cpp__visibility_control.hpp
[1.600s] -- Up-to-date symlink: /home/srjn/ros2_ws/install/srv_pkg/include/srv_pkg/srv_pkg/srv/detail/joint_conversion__builder.hpp
[1.600s] -- Up-to-date symlink: /home/srjn/ros2_ws/install/srv_pkg/include/srv_pkg/srv_pkg/srv/detail/joint_conversion__struct.hpp
[1.601s] -- Up-to-date symlink: /home/srjn/ros2_ws/install/srv_pkg/include/srv_pkg/srv_pkg/srv/detail/joint_conversion__traits.hpp
[1.601s] -- Up-to-date symlink: /home/srjn/ros2_ws/install/srv_pkg/include/srv_pkg/srv_pkg/srv/detail/joint_conversion__type_support.hpp
[1.601s] -- Up-to-date symlink: /home/srjn/ros2_ws/install/srv_pkg/include/srv_pkg/srv_pkg/srv/joint_conversion.hpp
[1.602s] -- Up-to-date symlink: /home/srjn/ros2_ws/install/srv_pkg/include/srv_pkg/srv_pkg/msg/rosidl_typesupport_fastrtps_cpp__visibility_control.h
[1.602s] -- Up-to-date symlink: /home/srjn/ros2_ws/install/srv_pkg/include/srv_pkg/srv_pkg/srv/detail/joint_conversion__rosidl_typesupport_fastrtps_cpp.hpp
[1.602s] -- Up-to-date symlink: /home/srjn/ros2_ws/install/srv_pkg/include/srv_pkg/srv_pkg/srv/detail/joint_conversion__rosidl_typesupport_introspection_cpp.hpp
[1.602s] -- Up-to-date symlink: /home/srjn/ros2_ws/install/srv_pkg/share/srv_pkg/environment/pythonpath.sh
[1.602s] -- Up-to-date symlink: /home/srjn/ros2_ws/install/srv_pkg/share/srv_pkg/environment/pythonpath.dsv
[1.603s] -- Up-to-date symlink: /home/srjn/ros2_ws/install/srv_pkg/lib/python3.12/site-packages/srv_pkg-0.0.0-py3.12.egg-info/PKG-INFO
[1.603s] -- Up-to-date symlink: /home/srjn/ros2_ws/install/srv_pkg/lib/python3.12/site-packages/srv_pkg-0.0.0-py3.12.egg-info/SOURCES.txt
[1.603s] -- Up-to-date symlink: /home/srjn/ros2_ws/install/srv_pkg/lib/python3.12/site-packages/srv_pkg-0.0.0-py3.12.egg-info/dependency_links.txt
[1.603s] -- Up-to-date symlink: /home/srjn/ros2_ws/install/srv_pkg/lib/python3.12/site-packages/srv_pkg-0.0.0-py3.12.egg-info/top_level.txt
[1.604s] -- Up-to-date symlink: /home/srjn/ros2_ws/install/srv_pkg/lib/python3.12/site-packages/srv_pkg/__init__.py
[1.604s] -- Up-to-date symlink: /home/srjn/ros2_ws/install/srv_pkg/lib/python3.12/site-packages/srv_pkg/_srv_pkg_s.ep.rosidl_typesupport_c.c
[1.604s] -- Up-to-date symlink: /home/srjn/ros2_ws/install/srv_pkg/lib/python3.12/site-packages/srv_pkg/_srv_pkg_s.ep.rosidl_typesupport_fastrtps_c.c
[1.604s] -- Up-to-date symlink: /home/srjn/ros2_ws/install/srv_pkg/lib/python3.12/site-packages/srv_pkg/_srv_pkg_s.ep.rosidl_typesupport_introspection_c.c
[1.604s] -- Up-to-date symlink: /home/srjn/ros2_ws/install/srv_pkg/lib/python3.12/site-packages/srv_pkg/srv/__init__.py
[1.605s] -- Up-to-date symlink: /home/srjn/ros2_ws/install/srv_pkg/lib/python3.12/site-packages/srv_pkg/srv/_joint_conversion.py
[1.605s] -- Up-to-date symlink: /home/srjn/ros2_ws/install/srv_pkg/lib/python3.12/site-packages/srv_pkg/srv/_joint_conversion_s.c
[1.605s] -- Up-to-date symlink: /home/srjn/ros2_ws/install/srv_pkg/lib/python3.12/site-packages/srv_pkg/srv_pkg_s__rosidl_typesupport_c.so
[1.605s] -- Up-to-date symlink: /home/srjn/ros2_ws/install/srv_pkg/lib/python3.12/site-packages/srv_pkg/srv_pkg_s__rosidl_typesupport_fastrtps_c.so
[1.606s] -- Up-to-date symlink: /home/srjn/ros2_ws/install/srv_pkg/lib/python3.12/site-packages/srv_pkg/srv_pkg_s__rosidl_typesupport_introspection_c.so
[1.606s] -- Up-to-date symlink: /home/srjn/ros2_ws/install/srv_pkg/lib/python3.12/site-packages/srv_pkg/srv_pkg_s__rosidl_typesupport_fastrtps_c.so
[1.606s] -- Up-to-date symlink: /home/srjn/ros2_ws/install/srv_pkg/lib/python3.12/site-packages/srv_pkg/srv_pkg_s__rosidl_typesupport_introspection_c.so
[1.607s] -- Up-to-date symlink: /home/srjn/ros2_ws/install/srv_pkg/lib/python3.12/site-packages/srv_pkg/srv_pkg_s__rosidl_typesupport_c.so
[1.607s] -- Up-to-date symlink: /home/srjn/ros2_ws/install/srv_pkg/share/srv_pkg/srv/JointConversion.idl
[1.607s] -- Up-to-date symlink: /home/srjn/ros2_ws/install/srv_pkg/share/srv_pkg/srv/JointConversion.srv
[1.607s] -- Up-to-date symlink: /home/srjn/ros2_ws/install/srv_pkg/share/ament_index/resource_index/package_run_dependencies/srv_pkg
[1.607s] -- Up-to-date symlink: /home/srjn/ros2_ws/install/srv_pkg/share/ament_index/resource_index/parent_prefix_path/srv_pkg
[1.607s] -- Up-to-date symlink: /home/srjn/ros2_ws/install/srv_pkg/share/srv_pkg/environment/ament_prefix_path.sh
[1.608s] -- Up-to-date symlink: /home/srjn/ros2_ws/install/srv_pkg/share/srv_pkg/environment/ament_prefix_path.dsv
[1.610s] -- Up-to-date symlink: /home/srjn/ros2_ws/install/srv_pkg/share/srv_pkg/environment/path.sh
[1.610s] -- Up-to-date symlink: /home/srjn/ros2_ws/install/srv_pkg/share/srv_pkg/environment/path.dsv
[1.610s] -- Up-to-date symlink: /home/srjn/ros2_ws/install/srv_pkg/share/srv_pkg/local_setup.bash
[1.611s] -- Up-to-date symlink: /home/srjn/ros2_ws/install/srv_pkg/share/srv_pkg/local_setup.sh
[1.611s] -- Up-to-date symlink: /home/srjn/ros2_ws/install/srv_pkg/share/srv_pkg/local_setup.zsh
[1.611s] -- Up-to-date symlink: /home/srjn/ros2_ws/install/srv_pkg/share/srv_pkg/local_setup.dsv
[1.611s] -- Symlinking: /home/srjn/ros2_ws/install/srv_pkg/share/srv_pkg/package.dsv
[1.614s] -- Up-to-date symlink: /home/srjn/ros2_ws/install/srv_pkg/share/ament_index/resource_index/packages/srv_pkg
[1.614s] -- Up-to-date symlink: /home/srjn/ros2_ws/install/srv_pkg/share/srv_pkg/cmake/rosidl_cmake-extras.cmake
[1.614s] -- Up-to-date symlink: /home/srjn/ros2_ws/install/srv_pkg/share/srv_pkg/cmake/ament_cmake_export_dependencies-extras.cmake
[1.615s] -- Up-to-date symlink: /home/srjn/ros2_ws/install/srv_pkg/share/srv_pkg/cmake/ament_cmake_export_include_directories-extras.cmake
[1.615s] -- Up-to-date symlink: /home/srjn/ros2_ws/install/srv_pkg/share/srv_pkg/cmake/ament_cmake_export_libraries-extras.cmake
[1.615s] -- Up-to-date symlink: /home/srjn/ros2_ws/install/srv_pkg/share/srv_pkg/cmake/ament_cmake_export_targets-extras.cmake
[1.615s] -- Up-to-date symlink: /home/srjn/ros2_ws/install/srv_pkg/share/srv_pkg/cmake/rosidl_cmake_export_typesupport_targets-extras.cmake
[1.615s] -- Up-to-date symlink: /home/srjn/ros2_ws/install/srv_pkg/share/srv_pkg/cmake/rosidl_cmake_export_typesupport_libraries-extras.cmake
[1.615s] -- Up-to-date symlink: /home/srjn/ros2_ws/install/srv_pkg/share/srv_pkg/cmake/srv_pkgConfig.cmake
[1.615s] -- Up-to-date symlink: /home/srjn/ros2_ws/install/srv_pkg/share/srv_pkg/cmake/srv_pkgConfig-version.cmake
[1.615s] -- Up-to-date symlink: /home/srjn/ros2_ws/install/srv_pkg/share/srv_pkg/package.xml
[1.616s] -- Up-to-date: /home/srjn/ros2_ws/install/srv_pkg/lib/libsrv_pkg__rosidl_generator_c.so
[1.616s] -- Up-to-date: /home/srjn/ros2_ws/install/srv_pkg/lib/libsrv_pkg__rosidl_typesupport_fastrtps_c.so
[1.616s] -- Up-to-date: /home/srjn/ros2_ws/install/srv_pkg/lib/libsrv_pkg__rosidl_typesupport_introspection_c.so
[1.616s] -- Up-to-date: /home/srjn/ros2_ws/install/srv_pkg/lib/libsrv_pkg__rosidl_typesupport_c.so
[1.616s] -- Up-to-date: /home/srjn/ros2_ws/install/srv_pkg/lib/libsrv_pkg__rosidl_typesupport_fastrtps_cpp.so
[1.616s] -- Up-to-date: /home/srjn/ros2_ws/install/srv_pkg/lib/libsrv_pkg__rosidl_typesupport_introspection_cpp.so
[1.616s] -- Up-to-date: /home/srjn/ros2_ws/install/srv_pkg/lib/libsrv_pkg__rosidl_typesupport_cpp.so
[1.652s] Listing '/home/srjn/ros2_ws/install/srv_pkg/lib/python3.12/site-packages/srv_pkg'...
[1.654s] Listing '/home/srjn/ros2_ws/install/srv_pkg/lib/python3.12/site-packages/srv_pkg/srv'...
[1.664s] -- Up-to-date: /home/srjn/ros2_ws/install/srv_pkg/lib/libsrv_pkg__rosidl_generator_py.so
[1.664s] -- Up-to-date: /home/srjn/ros2_ws/install/srv_pkg/share/srv_pkg/cmake/export_srv_pkg__rosidl_generator_cExport.cmake
[1.664s] -- Up-to-date: /home/srjn/ros2_ws/install/srv_pkg/share/srv_pkg/cmake/export_srv_pkg__rosidl_generator_cExport-noconfig.cmake
[1.665s] -- Up-to-date: /home/srjn/ros2_ws/install/srv_pkg/share/srv_pkg/cmake/export_srv_pkg__rosidl_typesupport_fastrtps_cExport.cmake
[1.665s] -- Up-to-date: /home/srjn/ros2_ws/install/srv_pkg/share/srv_pkg/cmake/export_srv_pkg__rosidl_typesupport_fastrtps_cExport-noconfig.cmake
[1.665s] -- Up-to-date: /home/srjn/ros2_ws/install/srv_pkg/share/srv_pkg/cmake/srv_pkg__rosidl_typesupport_introspection_cExport.cmake
[1.665s] -- Up-to-date: /home/srjn/ros2_ws/install/srv_pkg/share/srv_pkg/cmake/srv_pkg__rosidl_typesupport_introspection_cExport-noconfig.cmake
[1.665s] -- Up-to-date: /home/srjn/ros2_ws/install/srv_pkg/share/srv_pkg/cmake/srv_pkg__rosidl_typesupport_cExport.cmake
[1.666s] -- Up-to-date: /home/srjn/ros2_ws/install/srv_pkg/share/srv_pkg/cmake/srv_pkg__rosidl_typesupport_cExport-noconfig.cmake
[1.666s] -- Up-to-date: /home/srjn/ros2_ws/install/srv_pkg/share/srv_pkg/cmake/export_srv_pkg__rosidl_generator_cppExport.cmake
[1.666s] -- Up-to-date: /home/srjn/ros2_ws/install/srv_pkg/share/srv_pkg/cmake/export_srv_pkg__rosidl_typesupport_fastrtps_cppExport.cmake
[1.666s] -- Up-to-date: /home/srjn/ros2_ws/install/srv_pkg/share/srv_pkg/cmake/export_srv_pkg__rosidl_typesupport_fastrtps_cppExport-noconfig.cmake
[1.666s] -- Up-to-date: /home/srjn/ros2_ws/install/srv_pkg/share/srv_pkg/cmake/srv_pkg__rosidl_typesupport_introspection_cppExport.cmake
[1.667s] -- Up-to-date: /home/srjn/ros2_ws/install/srv_pkg/share/srv_pkg/cmake/srv_pkg__rosidl_typesupport_introspection_cppExport-noconfig.cmake
[1.667s] -- Up-to-date: /home/srjn/ros2_ws/install/srv_pkg/share/srv_pkg/cmake/srv_pkg__rosidl_typesupport_cppExport.cmake
[1.667s] -- Up-to-date: /home/srjn/ros2_ws/install/srv_pkg/share/srv_pkg/cmake/srv_pkg__rosidl_typesupport_cppExport-noconfig.cmake
[1.667s] -- Up-to-date: /home/srjn/ros2_ws/install/srv_pkg/share/srv_pkg/cmake/export_srv_pkg__rosidl_generator_pyExport.cmake
[1.667s] -- Up-to-date: /home/srjn/ros2_ws/install/srv_pkg/share/srv_pkg/cmake/export_srv_pkg__rosidl_generator_pyExport-noconfig.cmake
[1.671s] Invoked command in '/home/srjn/ros2_ws/build/srv_pkg' returned '0': CMAKE_PREFIX_PATH=${CMAKE_PREFIX_PATH}:/home/srjn/ros2_ws/install/diff_drive_control:/home/srjn/ros2_ws/install/turtle_ctrl_launch:/home/srjn/ros2_ws/install/symlink:/home/srjn/ros2_ws/install/srvcli_py:/home/srjn/ros2_ws/install/pubsub_py:/home/srjn/ros2_ws/install/minimal_pkg:/home/srjn/ros2_ws/install/first_pytest:/home/srjn/ros2_ws/install/diff_drive_description:/opt/ros/jazzy DEBUGINFOD_URLS=https://debuginfod.ubuntu.com /usr/bin/cmake --install /home/srjn/ros2_ws/build/srv_pkg
