[0.042s] Invoking command in '/home/srjn/ros2_ws/build/action_pkg': CMAKE_PREFIX_PATH=${CMAKE_PREFIX_PATH}:/opt/ros/jazzy DEBUGINFOD_URLS=https://debuginfod.ubuntu.com /usr/bin/cmake --build /home/srjn/ros2_ws/build/action_pkg -- -j16 -l16
[1.072s] Invoked command in '/home/srjn/ros2_ws/build/action_pkg' returned '0': CMAKE_PREFIX_PATH=${CMAKE_PREFIX_PATH}:/opt/ros/jazzy DEBUGINFOD_URLS=https://debuginfod.ubuntu.com /usr/bin/cmake --build /home/srjn/ros2_ws/build/action_pkg -- -j16 -l16
[1.073s] Invoking command in '/home/srjn/ros2_ws/build/action_pkg': CMAKE_PREFIX_PATH=${CMAKE_PREFIX_PATH}:/opt/ros/jazzy DEBUGINFOD_URLS=https://debuginfod.ubuntu.com /usr/bin/cmake --install /home/srjn/ros2_ws/build/action_pkg
[1.297s] -- Install configuration: ""
[1.297s] -- Execute custom install script
[1.297s] -- Up-to-date symlink: /home/srjn/ros2_ws/install/action_pkg/share/ament_index/resource_index/package_run_dependencies/action_pkg
[1.297s] -- Up-to-date symlink: /home/srjn/ros2_ws/install/action_pkg/share/ament_index/resource_index/parent_prefix_path/action_pkg
[1.297s] -- Up-to-date symlink: /home/srjn/ros2_ws/install/action_pkg/share/action_pkg/environment/ament_prefix_path.sh
[1.298s] -- Up-to-date symlink: /home/srjn/ros2_ws/install/action_pkg/share/action_pkg/environment/ament_prefix_path.dsv
[1.298s] -- Up-to-date symlink: /home/srjn/ros2_ws/install/action_pkg/share/action_pkg/environment/path.sh
[1.299s] -- Up-to-date symlink: /home/srjn/ros2_ws/install/action_pkg/share/action_pkg/environment/path.dsv
[1.299s] -- Up-to-date symlink: /home/srjn/ros2_ws/install/action_pkg/share/action_pkg/local_setup.bash
[1.299s] -- Up-to-date symlink: /home/srjn/ros2_ws/install/action_pkg/share/action_pkg/local_setup.sh
[1.299s] -- Up-to-date symlink: /home/srjn/ros2_ws/install/action_pkg/share/action_pkg/local_setup.zsh
[1.299s] -- Up-to-date symlink: /home/srjn/ros2_ws/install/action_pkg/share/action_pkg/local_setup.dsv
[1.299s] -- Symlinking: /home/srjn/ros2_ws/install/action_pkg/share/action_pkg/package.dsv
[1.300s] -- Up-to-date symlink: /home/srjn/ros2_ws/install/action_pkg/share/ament_index/resource_index/packages/action_pkg
[1.300s] -- Up-to-date symlink: /home/srjn/ros2_ws/install/action_pkg/share/action_pkg/cmake/action_pkgConfig.cmake
[1.300s] -- Up-to-date symlink: /home/srjn/ros2_ws/install/action_pkg/share/action_pkg/cmake/action_pkgConfig-version.cmake
[1.300s] -- Up-to-date symlink: /home/srjn/ros2_ws/install/action_pkg/share/action_pkg/package.xml
[1.323s] Invoked command in '/home/srjn/ros2_ws/build/action_pkg' returned '0': CMAKE_PREFIX_PATH=${CMAKE_PREFIX_PATH}:/opt/ros/jazzy DEBUGINFOD_URLS=https://debuginfod.ubuntu.com /usr/bin/cmake --install /home/srjn/ros2_ws/build/action_pkg
