[  2%] [34m[1mGenerating type hashes for ROS interfaces[0m
[  2%] Built target ament_cmake_python_symlink_srv_pkg
[  2%] Built target srv_pkg__rosidl_generator_type_description
[  5%] [34m[1mGenerating C code for ROS interfaces[0m
[  8%] [34m[1mGenerating C++ code for ROS interfaces[0m
running egg_info
creating srv_pkg.egg-info
writing srv_pkg.egg-info/PKG-INFO
writing dependency_links to srv_pkg.egg-info/dependency_links.txt
writing top-level names to srv_pkg.egg-info/top_level.txt
writing manifest file 'srv_pkg.egg-info/SOURCES.txt'
reading manifest file 'srv_pkg.egg-info/SOURCES.txt'
writing manifest file 'srv_pkg.egg-info/SOURCES.txt'
[  8%] Built target ament_cmake_python_build_srv_pkg_egg
[  8%] Built target srv_pkg__cpp
[ 17%] [32mBuilding C object CMakeFiles/srv_pkg__rosidl_generator_c.dir/rosidl_generator_c/srv_pkg/srv/detail/joint_conversion__description.c.o[0m
[ 17%] [32mBuilding C object CMakeFiles/srv_pkg__rosidl_generator_c.dir/rosidl_generator_c/srv_pkg/srv/detail/joint_conversion__functions.c.o[0m
[ 17%] [32mBuilding C object CMakeFiles/srv_pkg__rosidl_generator_c.dir/rosidl_generator_c/srv_pkg/srv/detail/joint_conversion__type_support.c.o[0m
[ 20%] [32m[1mLinking C shared library libsrv_pkg__rosidl_generator_c.so[0m
[ 20%] Built target srv_pkg__rosidl_generator_c
[ 38%] [34m[1mGenerating C introspection for ROS interfaces[0m
[ 38%] [34m[1mGenerating C++ introspection for ROS interfaces[0m
[ 38%] [34m[1mGenerating C type support for eProsima Fast-RTPS[0m
[ 38%] [34m[1mGenerating C++ type support for eProsima Fast-RTPS[0m
[ 38%] [34m[1mGenerating C++ type support dispatch for ROS interfaces[0m
[ 38%] [34m[1mGenerating C type support dispatch for ROS interfaces[0m
[ 41%] [32mBuilding CXX object CMakeFiles/srv_pkg__rosidl_typesupport_c.dir/rosidl_typesupport_c/srv_pkg/srv/joint_conversion__type_support.cpp.o[0m
[ 44%] [32mBuilding CXX object CMakeFiles/srv_pkg__rosidl_typesupport_cpp.dir/rosidl_typesupport_cpp/srv_pkg/srv/joint_conversion__type_support.cpp.o[0m
[ 47%] [32mBuilding C object CMakeFiles/srv_pkg__rosidl_typesupport_introspection_c.dir/rosidl_typesupport_introspection_c/srv_pkg/srv/detail/joint_conversion__type_support.c.o[0m
[ 50%] [32m[1mLinking CXX shared library libsrv_pkg__rosidl_typesupport_c.so[0m
[ 52%] [32mBuilding CXX object CMakeFiles/srv_pkg__rosidl_typesupport_introspection_cpp.dir/rosidl_typesupport_introspection_cpp/srv_pkg/srv/detail/joint_conversion__type_support.cpp.o[0m
[ 55%] [32mBuilding CXX object CMakeFiles/srv_pkg__rosidl_typesupport_fastrtps_cpp.dir/rosidl_typesupport_fastrtps_cpp/srv_pkg/srv/detail/dds_fastrtps/joint_conversion__type_support.cpp.o[0m
[ 58%] [32m[1mLinking C shared library libsrv_pkg__rosidl_typesupport_introspection_c.so[0m
[ 61%] [32mBuilding CXX object CMakeFiles/srv_pkg__rosidl_typesupport_fastrtps_c.dir/rosidl_typesupport_fastrtps_c/srv_pkg/srv/detail/joint_conversion__type_support_c.cpp.o[0m
[ 61%] Built target srv_pkg__rosidl_typesupport_c
[ 61%] Built target srv_pkg__rosidl_typesupport_introspection_c
[ 64%] [32m[1mLinking CXX shared library libsrv_pkg__rosidl_typesupport_cpp.so[0m
[ 64%] Built target srv_pkg__rosidl_typesupport_cpp
[ 67%] [32m[1mLinking CXX shared library libsrv_pkg__rosidl_typesupport_introspection_cpp.so[0m
[ 70%] [32m[1mLinking CXX shared library libsrv_pkg__rosidl_typesupport_fastrtps_c.so[0m
[ 70%] Built target srv_pkg__rosidl_typesupport_introspection_cpp
[ 70%] Built target srv_pkg__rosidl_typesupport_fastrtps_c
[ 73%] [32m[1mLinking CXX shared library libsrv_pkg__rosidl_typesupport_fastrtps_cpp.so[0m
[ 73%] Built target srv_pkg__rosidl_typesupport_fastrtps_cpp
[ 73%] Built target srv_pkg
[ 76%] [34m[1mGenerating Python code for ROS interfaces[0m
[ 76%] Built target srv_pkg__py
[ 79%] [32mBuilding C object CMakeFiles/srv_pkg__rosidl_generator_py.dir/rosidl_generator_py/srv_pkg/srv/_joint_conversion_s.c.o[0m
[ 82%] [32m[1mLinking C shared library libsrv_pkg__rosidl_generator_py.so[0m
[ 82%] Built target srv_pkg__rosidl_generator_py
[ 91%] [32mBuilding C object CMakeFiles/srv_pkg_s__rosidl_typesupport_fastrtps_c.dir/rosidl_generator_py/srv_pkg/_srv_pkg_s.ep.rosidl_typesupport_fastrtps_c.c.o[0m
[ 91%] [32mBuilding C object CMakeFiles/srv_pkg_s__rosidl_typesupport_c.dir/rosidl_generator_py/srv_pkg/_srv_pkg_s.ep.rosidl_typesupport_c.c.o[0m
[ 91%] [32mBuilding C object CMakeFiles/srv_pkg_s__rosidl_typesupport_introspection_c.dir/rosidl_generator_py/srv_pkg/_srv_pkg_s.ep.rosidl_typesupport_introspection_c.c.o[0m
[ 97%] [32m[1mLinking C shared module rosidl_generator_py/srv_pkg/srv_pkg_s__rosidl_typesupport_fastrtps_c.so[0m
[ 97%] [32m[1mLinking C shared module rosidl_generator_py/srv_pkg/srv_pkg_s__rosidl_typesupport_c.so[0m
[100%] [32m[1mLinking C shared module rosidl_generator_py/srv_pkg/srv_pkg_s__rosidl_typesupport_introspection_c.so[0m
[100%] Built target srv_pkg_s__rosidl_typesupport_c
[100%] Built target srv_pkg_s__rosidl_typesupport_introspection_c
[100%] Built target srv_pkg_s__rosidl_typesupport_fastrtps_c
-- Install configuration: ""
-- Execute custom install script
-- Symlinking: /home/srjn/ros2_ws/install/srv_pkg/share/ament_index/resource_index/rosidl_interfaces/srv_pkg
-- Symlinking: /home/srjn/ros2_ws/install/srv_pkg/share/srv_pkg/srv/JointConversion.json
-- Symlinking: /home/srjn/ros2_ws/install/srv_pkg/include/srv_pkg/srv_pkg/msg/rosidl_generator_c__visibility_control.h
-- Symlinking: /home/srjn/ros2_ws/install/srv_pkg/include/srv_pkg/srv_pkg/srv/detail/joint_conversion__functions.h
-- Symlinking: /home/srjn/ros2_ws/install/srv_pkg/include/srv_pkg/srv_pkg/srv/detail/joint_conversion__struct.h
-- Symlinking: /home/srjn/ros2_ws/install/srv_pkg/include/srv_pkg/srv_pkg/srv/detail/joint_conversion__type_support.h
-- Symlinking: /home/srjn/ros2_ws/install/srv_pkg/include/srv_pkg/srv_pkg/srv/joint_conversion.h
-- Symlinking: /home/srjn/ros2_ws/install/srv_pkg/share/srv_pkg/environment/library_path.sh
-- Symlinking: /home/srjn/ros2_ws/install/srv_pkg/share/srv_pkg/environment/library_path.dsv
-- Symlinking: /home/srjn/ros2_ws/install/srv_pkg/include/srv_pkg/srv_pkg/msg/rosidl_typesupport_fastrtps_c__visibility_control.h
-- Symlinking: /home/srjn/ros2_ws/install/srv_pkg/include/srv_pkg/srv_pkg/srv/detail/joint_conversion__rosidl_typesupport_fastrtps_c.h
-- Symlinking: /home/srjn/ros2_ws/install/srv_pkg/include/srv_pkg/srv_pkg/msg/rosidl_typesupport_introspection_c__visibility_control.h
-- Symlinking: /home/srjn/ros2_ws/install/srv_pkg/include/srv_pkg/srv_pkg/srv/detail/joint_conversion__rosidl_typesupport_introspection_c.h
-- Symlinking: /home/srjn/ros2_ws/install/srv_pkg/include/srv_pkg/srv_pkg/msg/rosidl_generator_cpp__visibility_control.hpp
-- Symlinking: /home/srjn/ros2_ws/install/srv_pkg/include/srv_pkg/srv_pkg/srv/detail/joint_conversion__builder.hpp
-- Symlinking: /home/srjn/ros2_ws/install/srv_pkg/include/srv_pkg/srv_pkg/srv/detail/joint_conversion__struct.hpp
-- Symlinking: /home/srjn/ros2_ws/install/srv_pkg/include/srv_pkg/srv_pkg/srv/detail/joint_conversion__traits.hpp
-- Symlinking: /home/srjn/ros2_ws/install/srv_pkg/include/srv_pkg/srv_pkg/srv/detail/joint_conversion__type_support.hpp
-- Symlinking: /home/srjn/ros2_ws/install/srv_pkg/include/srv_pkg/srv_pkg/srv/joint_conversion.hpp
-- Symlinking: /home/srjn/ros2_ws/install/srv_pkg/include/srv_pkg/srv_pkg/msg/rosidl_typesupport_fastrtps_cpp__visibility_control.h
-- Symlinking: /home/srjn/ros2_ws/install/srv_pkg/include/srv_pkg/srv_pkg/srv/detail/joint_conversion__rosidl_typesupport_fastrtps_cpp.hpp
-- Symlinking: /home/srjn/ros2_ws/install/srv_pkg/include/srv_pkg/srv_pkg/srv/detail/joint_conversion__rosidl_typesupport_introspection_cpp.hpp
-- Symlinking: /home/srjn/ros2_ws/install/srv_pkg/share/srv_pkg/environment/pythonpath.sh
-- Symlinking: /home/srjn/ros2_ws/install/srv_pkg/share/srv_pkg/environment/pythonpath.dsv
-- Symlinking: /home/srjn/ros2_ws/install/srv_pkg/lib/python3.12/site-packages/srv_pkg-0.0.0-py3.12.egg-info/PKG-INFO
-- Symlinking: /home/srjn/ros2_ws/install/srv_pkg/lib/python3.12/site-packages/srv_pkg-0.0.0-py3.12.egg-info/SOURCES.txt
-- Symlinking: /home/srjn/ros2_ws/install/srv_pkg/lib/python3.12/site-packages/srv_pkg-0.0.0-py3.12.egg-info/dependency_links.txt
-- Symlinking: /home/srjn/ros2_ws/install/srv_pkg/lib/python3.12/site-packages/srv_pkg-0.0.0-py3.12.egg-info/top_level.txt
-- Symlinking: /home/srjn/ros2_ws/install/srv_pkg/lib/python3.12/site-packages/srv_pkg/__init__.py
-- Symlinking: /home/srjn/ros2_ws/install/srv_pkg/lib/python3.12/site-packages/srv_pkg/_srv_pkg_s.ep.rosidl_typesupport_c.c
-- Symlinking: /home/srjn/ros2_ws/install/srv_pkg/lib/python3.12/site-packages/srv_pkg/_srv_pkg_s.ep.rosidl_typesupport_fastrtps_c.c
-- Symlinking: /home/srjn/ros2_ws/install/srv_pkg/lib/python3.12/site-packages/srv_pkg/_srv_pkg_s.ep.rosidl_typesupport_introspection_c.c
-- Symlinking: /home/srjn/ros2_ws/install/srv_pkg/lib/python3.12/site-packages/srv_pkg/srv/__init__.py
-- Symlinking: /home/srjn/ros2_ws/install/srv_pkg/lib/python3.12/site-packages/srv_pkg/srv/_joint_conversion.py
-- Symlinking: /home/srjn/ros2_ws/install/srv_pkg/lib/python3.12/site-packages/srv_pkg/srv/_joint_conversion_s.c
-- Symlinking: /home/srjn/ros2_ws/install/srv_pkg/lib/python3.12/site-packages/srv_pkg/srv_pkg_s__rosidl_typesupport_c.so
-- Symlinking: /home/srjn/ros2_ws/install/srv_pkg/lib/python3.12/site-packages/srv_pkg/srv_pkg_s__rosidl_typesupport_fastrtps_c.so
-- Symlinking: /home/srjn/ros2_ws/install/srv_pkg/lib/python3.12/site-packages/srv_pkg/srv_pkg_s__rosidl_typesupport_introspection_c.so
-- Up-to-date symlink: /home/srjn/ros2_ws/install/srv_pkg/lib/python3.12/site-packages/srv_pkg/srv_pkg_s__rosidl_typesupport_fastrtps_c.so
-- Up-to-date symlink: /home/srjn/ros2_ws/install/srv_pkg/lib/python3.12/site-packages/srv_pkg/srv_pkg_s__rosidl_typesupport_introspection_c.so
-- Up-to-date symlink: /home/srjn/ros2_ws/install/srv_pkg/lib/python3.12/site-packages/srv_pkg/srv_pkg_s__rosidl_typesupport_c.so
-- Symlinking: /home/srjn/ros2_ws/install/srv_pkg/share/srv_pkg/srv/JointConversion.idl
-- Symlinking: /home/srjn/ros2_ws/install/srv_pkg/share/srv_pkg/srv/JointConversion.srv
-- Symlinking: /home/srjn/ros2_ws/install/srv_pkg/share/ament_index/resource_index/package_run_dependencies/srv_pkg
-- Symlinking: /home/srjn/ros2_ws/install/srv_pkg/share/ament_index/resource_index/parent_prefix_path/srv_pkg
-- Symlinking: /home/srjn/ros2_ws/install/srv_pkg/share/srv_pkg/environment/ament_prefix_path.sh
-- Symlinking: /home/srjn/ros2_ws/install/srv_pkg/share/srv_pkg/environment/ament_prefix_path.dsv
-- Symlinking: /home/srjn/ros2_ws/install/srv_pkg/share/srv_pkg/environment/path.sh
-- Symlinking: /home/srjn/ros2_ws/install/srv_pkg/share/srv_pkg/environment/path.dsv
-- Symlinking: /home/srjn/ros2_ws/install/srv_pkg/share/srv_pkg/local_setup.bash
-- Symlinking: /home/srjn/ros2_ws/install/srv_pkg/share/srv_pkg/local_setup.sh
-- Symlinking: /home/srjn/ros2_ws/install/srv_pkg/share/srv_pkg/local_setup.zsh
-- Symlinking: /home/srjn/ros2_ws/install/srv_pkg/share/srv_pkg/local_setup.dsv
-- Symlinking: /home/srjn/ros2_ws/install/srv_pkg/share/srv_pkg/package.dsv
-- Symlinking: /home/srjn/ros2_ws/install/srv_pkg/share/ament_index/resource_index/packages/srv_pkg
-- Symlinking: /home/srjn/ros2_ws/install/srv_pkg/share/srv_pkg/cmake/rosidl_cmake-extras.cmake
-- Symlinking: /home/srjn/ros2_ws/install/srv_pkg/share/srv_pkg/cmake/ament_cmake_export_dependencies-extras.cmake
-- Symlinking: /home/srjn/ros2_ws/install/srv_pkg/share/srv_pkg/cmake/ament_cmake_export_include_directories-extras.cmake
-- Symlinking: /home/srjn/ros2_ws/install/srv_pkg/share/srv_pkg/cmake/ament_cmake_export_libraries-extras.cmake
-- Symlinking: /home/srjn/ros2_ws/install/srv_pkg/share/srv_pkg/cmake/ament_cmake_export_targets-extras.cmake
-- Symlinking: /home/srjn/ros2_ws/install/srv_pkg/share/srv_pkg/cmake/rosidl_cmake_export_typesupport_targets-extras.cmake
-- Symlinking: /home/srjn/ros2_ws/install/srv_pkg/share/srv_pkg/cmake/rosidl_cmake_export_typesupport_libraries-extras.cmake
-- Symlinking: /home/srjn/ros2_ws/install/srv_pkg/share/srv_pkg/cmake/srv_pkgConfig.cmake
-- Symlinking: /home/srjn/ros2_ws/install/srv_pkg/share/srv_pkg/cmake/srv_pkgConfig-version.cmake
-- Symlinking: /home/srjn/ros2_ws/install/srv_pkg/share/srv_pkg/package.xml
-- Installing: /home/srjn/ros2_ws/install/srv_pkg/lib/libsrv_pkg__rosidl_generator_c.so
-- Set non-toolchain portion of runtime path of "/home/srjn/ros2_ws/install/srv_pkg/lib/libsrv_pkg__rosidl_generator_c.so" to ""
-- Installing: /home/srjn/ros2_ws/install/srv_pkg/lib/libsrv_pkg__rosidl_typesupport_fastrtps_c.so
-- Set non-toolchain portion of runtime path of "/home/srjn/ros2_ws/install/srv_pkg/lib/libsrv_pkg__rosidl_typesupport_fastrtps_c.so" to ""
-- Installing: /home/srjn/ros2_ws/install/srv_pkg/lib/libsrv_pkg__rosidl_typesupport_introspection_c.so
-- Set non-toolchain portion of runtime path of "/home/srjn/ros2_ws/install/srv_pkg/lib/libsrv_pkg__rosidl_typesupport_introspection_c.so" to ""
-- Installing: /home/srjn/ros2_ws/install/srv_pkg/lib/libsrv_pkg__rosidl_typesupport_c.so
-- Set non-toolchain portion of runtime path of "/home/srjn/ros2_ws/install/srv_pkg/lib/libsrv_pkg__rosidl_typesupport_c.so" to ""
-- Installing: /home/srjn/ros2_ws/install/srv_pkg/lib/libsrv_pkg__rosidl_typesupport_fastrtps_cpp.so
-- Set non-toolchain portion of runtime path of "/home/srjn/ros2_ws/install/srv_pkg/lib/libsrv_pkg__rosidl_typesupport_fastrtps_cpp.so" to ""
-- Installing: /home/srjn/ros2_ws/install/srv_pkg/lib/libsrv_pkg__rosidl_typesupport_introspection_cpp.so
-- Set non-toolchain portion of runtime path of "/home/srjn/ros2_ws/install/srv_pkg/lib/libsrv_pkg__rosidl_typesupport_introspection_cpp.so" to ""
-- Installing: /home/srjn/ros2_ws/install/srv_pkg/lib/libsrv_pkg__rosidl_typesupport_cpp.so
-- Set non-toolchain portion of runtime path of "/home/srjn/ros2_ws/install/srv_pkg/lib/libsrv_pkg__rosidl_typesupport_cpp.so" to ""
Listing '/home/srjn/ros2_ws/install/srv_pkg/lib/python3.12/site-packages/srv_pkg'...
Compiling '/home/srjn/ros2_ws/install/srv_pkg/lib/python3.12/site-packages/srv_pkg/__init__.py'...
Listing '/home/srjn/ros2_ws/install/srv_pkg/lib/python3.12/site-packages/srv_pkg/srv'...
Compiling '/home/srjn/ros2_ws/install/srv_pkg/lib/python3.12/site-packages/srv_pkg/srv/__init__.py'...
Compiling '/home/srjn/ros2_ws/install/srv_pkg/lib/python3.12/site-packages/srv_pkg/srv/_joint_conversion.py'...
-- Installing: /home/srjn/ros2_ws/install/srv_pkg/lib/libsrv_pkg__rosidl_generator_py.so
-- Set non-toolchain portion of runtime path of "/home/srjn/ros2_ws/install/srv_pkg/lib/libsrv_pkg__rosidl_generator_py.so" to ""
-- Installing: /home/srjn/ros2_ws/install/srv_pkg/share/srv_pkg/cmake/export_srv_pkg__rosidl_generator_cExport.cmake
-- Installing: /home/srjn/ros2_ws/install/srv_pkg/share/srv_pkg/cmake/export_srv_pkg__rosidl_generator_cExport-noconfig.cmake
-- Installing: /home/srjn/ros2_ws/install/srv_pkg/share/srv_pkg/cmake/export_srv_pkg__rosidl_typesupport_fastrtps_cExport.cmake
-- Installing: /home/srjn/ros2_ws/install/srv_pkg/share/srv_pkg/cmake/export_srv_pkg__rosidl_typesupport_fastrtps_cExport-noconfig.cmake
-- Installing: /home/srjn/ros2_ws/install/srv_pkg/share/srv_pkg/cmake/srv_pkg__rosidl_typesupport_introspection_cExport.cmake
-- Installing: /home/srjn/ros2_ws/install/srv_pkg/share/srv_pkg/cmake/srv_pkg__rosidl_typesupport_introspection_cExport-noconfig.cmake
-- Installing: /home/srjn/ros2_ws/install/srv_pkg/share/srv_pkg/cmake/srv_pkg__rosidl_typesupport_cExport.cmake
-- Installing: /home/srjn/ros2_ws/install/srv_pkg/share/srv_pkg/cmake/srv_pkg__rosidl_typesupport_cExport-noconfig.cmake
-- Installing: /home/srjn/ros2_ws/install/srv_pkg/share/srv_pkg/cmake/export_srv_pkg__rosidl_generator_cppExport.cmake
-- Installing: /home/srjn/ros2_ws/install/srv_pkg/share/srv_pkg/cmake/export_srv_pkg__rosidl_typesupport_fastrtps_cppExport.cmake
-- Installing: /home/srjn/ros2_ws/install/srv_pkg/share/srv_pkg/cmake/export_srv_pkg__rosidl_typesupport_fastrtps_cppExport-noconfig.cmake
-- Installing: /home/srjn/ros2_ws/install/srv_pkg/share/srv_pkg/cmake/srv_pkg__rosidl_typesupport_introspection_cppExport.cmake
-- Installing: /home/srjn/ros2_ws/install/srv_pkg/share/srv_pkg/cmake/srv_pkg__rosidl_typesupport_introspection_cppExport-noconfig.cmake
-- Installing: /home/srjn/ros2_ws/install/srv_pkg/share/srv_pkg/cmake/srv_pkg__rosidl_typesupport_cppExport.cmake
-- Installing: /home/srjn/ros2_ws/install/srv_pkg/share/srv_pkg/cmake/srv_pkg__rosidl_typesupport_cppExport-noconfig.cmake
-- Installing: /home/srjn/ros2_ws/install/srv_pkg/share/srv_pkg/cmake/export_srv_pkg__rosidl_generator_pyExport.cmake
-- Installing: /home/srjn/ros2_ws/install/srv_pkg/share/srv_pkg/cmake/export_srv_pkg__rosidl_generator_pyExport-noconfig.cmake
