[0.029s] Invoking command in '/home/srjn/ros2_ws/build/srv_pkg': CMAKE_PREFIX_PATH=${CMAKE_PREFIX_PATH}:/home/srjn/ros2_ws/install/turtle_ctrl_launch:/home/srjn/ros2_ws/install/symlink:/home/srjn/ros2_ws/install/srvcli_py:/home/srjn/ros2_ws/install/pubsub_py:/home/srjn/ros2_ws/install/minimal_pkg:/opt/ros/jazzy DEBUGINFOD_URLS=https://debuginfod.ubuntu.com /usr/bin/cmake --build /home/srjn/ros2_ws/build/srv_pkg -- -j16 -l16
[0.605s] [  2%] [34m[1mGenerating type hashes for ROS interfaces[0m
[0.606s] [  2%] Built target ament_cmake_python_symlink_srv_pkg
[0.606s] [  2%] Built target srv_pkg__rosidl_generator_type_description
[0.606s] [  5%] [34m[1mGenerating C code for ROS interfaces[0m
[0.606s] [  8%] [34m[1mGenerating C++ code for ROS interfaces[0m
[0.607s] running egg_info
[0.607s] creating srv_pkg.egg-info
[0.607s] writing srv_pkg.egg-info/PKG-INFO
[0.607s] writing dependency_links to srv_pkg.egg-info/dependency_links.txt
[0.607s] writing top-level names to srv_pkg.egg-info/top_level.txt
[0.607s] writing manifest file 'srv_pkg.egg-info/SOURCES.txt'
[0.607s] reading manifest file 'srv_pkg.egg-info/SOURCES.txt'
[0.607s] writing manifest file 'srv_pkg.egg-info/SOURCES.txt'
[0.608s] [  8%] Built target ament_cmake_python_build_srv_pkg_egg
[0.608s] [  8%] Built target srv_pkg__cpp
[0.608s] [ 17%] [32mBuilding C object CMakeFiles/srv_pkg__rosidl_generator_c.dir/rosidl_generator_c/srv_pkg/srv/detail/joint_conversion__description.c.o[0m
[0.608s] [ 17%] [32mBuilding C object CMakeFiles/srv_pkg__rosidl_generator_c.dir/rosidl_generator_c/srv_pkg/srv/detail/joint_conversion__functions.c.o[0m
[0.608s] [ 17%] [32mBuilding C object CMakeFiles/srv_pkg__rosidl_generator_c.dir/rosidl_generator_c/srv_pkg/srv/detail/joint_conversion__type_support.c.o[0m
[0.608s] [ 20%] [32m[1mLinking C shared library libsrv_pkg__rosidl_generator_c.so[0m
[0.612s] [ 20%] Built target srv_pkg__rosidl_generator_c
[0.624s] [ 38%] [34m[1mGenerating C introspection for ROS interfaces[0m
[0.624s] [ 38%] [34m[1mGenerating C++ introspection for ROS interfaces[0m
[0.624s] [ 38%] [34m[1mGenerating C type support for eProsima Fast-RTPS[0m
[0.624s] [ 38%] [34m[1mGenerating C++ type support for eProsima Fast-RTPS[0m
[0.624s] [ 38%] [34m[1mGenerating C++ type support dispatch for ROS interfaces[0m
[0.624s] [ 38%] [34m[1mGenerating C type support dispatch for ROS interfaces[0m
[0.868s] [ 41%] [32mBuilding CXX object CMakeFiles/srv_pkg__rosidl_typesupport_c.dir/rosidl_typesupport_c/srv_pkg/srv/joint_conversion__type_support.cpp.o[0m
[0.869s] [ 44%] [32mBuilding CXX object CMakeFiles/srv_pkg__rosidl_typesupport_cpp.dir/rosidl_typesupport_cpp/srv_pkg/srv/joint_conversion__type_support.cpp.o[0m
[0.911s] [ 47%] [32mBuilding C object CMakeFiles/srv_pkg__rosidl_typesupport_introspection_c.dir/rosidl_typesupport_introspection_c/srv_pkg/srv/detail/joint_conversion__type_support.c.o[0m
[0.917s] [ 50%] [32m[1mLinking CXX shared library libsrv_pkg__rosidl_typesupport_c.so[0m
[0.944s] [ 52%] [32mBuilding CXX object CMakeFiles/srv_pkg__rosidl_typesupport_introspection_cpp.dir/rosidl_typesupport_introspection_cpp/srv_pkg/srv/detail/joint_conversion__type_support.cpp.o[0m
[0.950s] [ 55%] [32mBuilding CXX object CMakeFiles/srv_pkg__rosidl_typesupport_fastrtps_cpp.dir/rosidl_typesupport_fastrtps_cpp/srv_pkg/srv/detail/dds_fastrtps/joint_conversion__type_support.cpp.o[0m
[0.969s] [ 58%] [32m[1mLinking C shared library libsrv_pkg__rosidl_typesupport_introspection_c.so[0m
[0.974s] [ 61%] [32mBuilding CXX object CMakeFiles/srv_pkg__rosidl_typesupport_fastrtps_c.dir/rosidl_typesupport_fastrtps_c/srv_pkg/srv/detail/joint_conversion__type_support_c.cpp.o[0m
[0.974s] [ 61%] Built target srv_pkg__rosidl_typesupport_c
[1.009s] [ 61%] Built target srv_pkg__rosidl_typesupport_introspection_c
[1.251s] [ 64%] [32m[1mLinking CXX shared library libsrv_pkg__rosidl_typesupport_cpp.so[0m
[1.345s] [ 64%] Built target srv_pkg__rosidl_typesupport_cpp
[1.361s] [ 67%] [32m[1mLinking CXX shared library libsrv_pkg__rosidl_typesupport_introspection_cpp.so[0m
[1.430s] [ 70%] [32m[1mLinking CXX shared library libsrv_pkg__rosidl_typesupport_fastrtps_c.so[0m
[1.455s] [ 70%] Built target srv_pkg__rosidl_typesupport_introspection_cpp
[1.486s] [ 70%] Built target srv_pkg__rosidl_typesupport_fastrtps_c
[1.519s] [ 73%] [32m[1mLinking CXX shared library libsrv_pkg__rosidl_typesupport_fastrtps_cpp.so[0m
[1.609s] [ 73%] Built target srv_pkg__rosidl_typesupport_fastrtps_cpp
[1.632s] [ 73%] Built target srv_pkg
[1.658s] [ 76%] [34m[1mGenerating Python code for ROS interfaces[0m
[1.971s] [ 76%] Built target srv_pkg__py
[1.993s] [ 79%] [32mBuilding C object CMakeFiles/srv_pkg__rosidl_generator_py.dir/rosidl_generator_py/srv_pkg/srv/_joint_conversion_s.c.o[0m
[2.134s] [ 82%] [32m[1mLinking C shared library libsrv_pkg__rosidl_generator_py.so[0m
[2.181s] [ 82%] Built target srv_pkg__rosidl_generator_py
[2.202s] [ 91%] [32mBuilding C object CMakeFiles/srv_pkg_s__rosidl_typesupport_fastrtps_c.dir/rosidl_generator_py/srv_pkg/_srv_pkg_s.ep.rosidl_typesupport_fastrtps_c.c.o[0m
[2.202s] [ 91%] [32mBuilding C object CMakeFiles/srv_pkg_s__rosidl_typesupport_c.dir/rosidl_generator_py/srv_pkg/_srv_pkg_s.ep.rosidl_typesupport_c.c.o[0m
[2.202s] [ 91%] [32mBuilding C object CMakeFiles/srv_pkg_s__rosidl_typesupport_introspection_c.dir/rosidl_generator_py/srv_pkg/_srv_pkg_s.ep.rosidl_typesupport_introspection_c.c.o[0m
[2.292s] [ 97%] [32m[1mLinking C shared module rosidl_generator_py/srv_pkg/srv_pkg_s__rosidl_typesupport_fastrtps_c.so[0m
[2.292s] [ 97%] [32m[1mLinking C shared module rosidl_generator_py/srv_pkg/srv_pkg_s__rosidl_typesupport_c.so[0m
[2.293s] [100%] [32m[1mLinking C shared module rosidl_generator_py/srv_pkg/srv_pkg_s__rosidl_typesupport_introspection_c.so[0m
[2.325s] [100%] Built target srv_pkg_s__rosidl_typesupport_c
[2.325s] [100%] Built target srv_pkg_s__rosidl_typesupport_introspection_c
[2.325s] [100%] Built target srv_pkg_s__rosidl_typesupport_fastrtps_c
[2.337s] Invoked command in '/home/srjn/ros2_ws/build/srv_pkg' returned '0': CMAKE_PREFIX_PATH=${CMAKE_PREFIX_PATH}:/home/srjn/ros2_ws/install/turtle_ctrl_launch:/home/srjn/ros2_ws/install/symlink:/home/srjn/ros2_ws/install/srvcli_py:/home/srjn/ros2_ws/install/pubsub_py:/home/srjn/ros2_ws/install/minimal_pkg:/opt/ros/jazzy DEBUGINFOD_URLS=https://debuginfod.ubuntu.com /usr/bin/cmake --build /home/srjn/ros2_ws/build/srv_pkg -- -j16 -l16
[2.338s] Invoking command in '/home/srjn/ros2_ws/build/srv_pkg': CMAKE_PREFIX_PATH=${CMAKE_PREFIX_PATH}:/home/srjn/ros2_ws/install/turtle_ctrl_launch:/home/srjn/ros2_ws/install/symlink:/home/srjn/ros2_ws/install/srvcli_py:/home/srjn/ros2_ws/install/pubsub_py:/home/srjn/ros2_ws/install/minimal_pkg:/opt/ros/jazzy DEBUGINFOD_URLS=https://debuginfod.ubuntu.com /usr/bin/cmake --install /home/srjn/ros2_ws/build/srv_pkg
[2.346s] -- Install configuration: ""
[2.347s] -- Execute custom install script
[2.347s] -- Symlinking: /home/srjn/ros2_ws/install/srv_pkg/share/ament_index/resource_index/rosidl_interfaces/srv_pkg
[2.356s] -- Symlinking: /home/srjn/ros2_ws/install/srv_pkg/share/srv_pkg/srv/JointConversion.json
[2.365s] -- Symlinking: /home/srjn/ros2_ws/install/srv_pkg/include/srv_pkg/srv_pkg/msg/rosidl_generator_c__visibility_control.h
[2.374s] -- Symlinking: /home/srjn/ros2_ws/install/srv_pkg/include/srv_pkg/srv_pkg/srv/detail/joint_conversion__functions.h
[2.383s] -- Symlinking: /home/srjn/ros2_ws/install/srv_pkg/include/srv_pkg/srv_pkg/srv/detail/joint_conversion__struct.h
[2.393s] -- Symlinking: /home/srjn/ros2_ws/install/srv_pkg/include/srv_pkg/srv_pkg/srv/detail/joint_conversion__type_support.h
[2.402s] -- Symlinking: /home/srjn/ros2_ws/install/srv_pkg/include/srv_pkg/srv_pkg/srv/joint_conversion.h
[2.412s] -- Symlinking: /home/srjn/ros2_ws/install/srv_pkg/share/srv_pkg/environment/library_path.sh
[2.420s] -- Symlinking: /home/srjn/ros2_ws/install/srv_pkg/share/srv_pkg/environment/library_path.dsv
[2.430s] -- Symlinking: /home/srjn/ros2_ws/install/srv_pkg/include/srv_pkg/srv_pkg/msg/rosidl_typesupport_fastrtps_c__visibility_control.h
[2.438s] -- Symlinking: /home/srjn/ros2_ws/install/srv_pkg/include/srv_pkg/srv_pkg/srv/detail/joint_conversion__rosidl_typesupport_fastrtps_c.h
[2.447s] -- Symlinking: /home/srjn/ros2_ws/install/srv_pkg/include/srv_pkg/srv_pkg/msg/rosidl_typesupport_introspection_c__visibility_control.h
[2.456s] -- Symlinking: /home/srjn/ros2_ws/install/srv_pkg/include/srv_pkg/srv_pkg/srv/detail/joint_conversion__rosidl_typesupport_introspection_c.h
[2.465s] -- Symlinking: /home/srjn/ros2_ws/install/srv_pkg/include/srv_pkg/srv_pkg/msg/rosidl_generator_cpp__visibility_control.hpp
[2.474s] -- Symlinking: /home/srjn/ros2_ws/install/srv_pkg/include/srv_pkg/srv_pkg/srv/detail/joint_conversion__builder.hpp
[2.483s] -- Symlinking: /home/srjn/ros2_ws/install/srv_pkg/include/srv_pkg/srv_pkg/srv/detail/joint_conversion__struct.hpp
[2.492s] -- Symlinking: /home/srjn/ros2_ws/install/srv_pkg/include/srv_pkg/srv_pkg/srv/detail/joint_conversion__traits.hpp
[2.500s] -- Symlinking: /home/srjn/ros2_ws/install/srv_pkg/include/srv_pkg/srv_pkg/srv/detail/joint_conversion__type_support.hpp
[2.510s] -- Symlinking: /home/srjn/ros2_ws/install/srv_pkg/include/srv_pkg/srv_pkg/srv/joint_conversion.hpp
[2.519s] -- Symlinking: /home/srjn/ros2_ws/install/srv_pkg/include/srv_pkg/srv_pkg/msg/rosidl_typesupport_fastrtps_cpp__visibility_control.h
[2.528s] -- Symlinking: /home/srjn/ros2_ws/install/srv_pkg/include/srv_pkg/srv_pkg/srv/detail/joint_conversion__rosidl_typesupport_fastrtps_cpp.hpp
[2.537s] -- Symlinking: /home/srjn/ros2_ws/install/srv_pkg/include/srv_pkg/srv_pkg/srv/detail/joint_conversion__rosidl_typesupport_introspection_cpp.hpp
[2.546s] -- Symlinking: /home/srjn/ros2_ws/install/srv_pkg/share/srv_pkg/environment/pythonpath.sh
[2.555s] -- Symlinking: /home/srjn/ros2_ws/install/srv_pkg/share/srv_pkg/environment/pythonpath.dsv
[2.566s] -- Symlinking: /home/srjn/ros2_ws/install/srv_pkg/lib/python3.12/site-packages/srv_pkg-0.0.0-py3.12.egg-info/PKG-INFO
[2.575s] -- Symlinking: /home/srjn/ros2_ws/install/srv_pkg/lib/python3.12/site-packages/srv_pkg-0.0.0-py3.12.egg-info/SOURCES.txt
[2.584s] -- Symlinking: /home/srjn/ros2_ws/install/srv_pkg/lib/python3.12/site-packages/srv_pkg-0.0.0-py3.12.egg-info/dependency_links.txt
[2.594s] -- Symlinking: /home/srjn/ros2_ws/install/srv_pkg/lib/python3.12/site-packages/srv_pkg-0.0.0-py3.12.egg-info/top_level.txt
[2.603s] -- Symlinking: /home/srjn/ros2_ws/install/srv_pkg/lib/python3.12/site-packages/srv_pkg/__init__.py
[2.612s] -- Symlinking: /home/srjn/ros2_ws/install/srv_pkg/lib/python3.12/site-packages/srv_pkg/_srv_pkg_s.ep.rosidl_typesupport_c.c
[2.621s] -- Symlinking: /home/srjn/ros2_ws/install/srv_pkg/lib/python3.12/site-packages/srv_pkg/_srv_pkg_s.ep.rosidl_typesupport_fastrtps_c.c
[2.630s] -- Symlinking: /home/srjn/ros2_ws/install/srv_pkg/lib/python3.12/site-packages/srv_pkg/_srv_pkg_s.ep.rosidl_typesupport_introspection_c.c
[2.639s] -- Symlinking: /home/srjn/ros2_ws/install/srv_pkg/lib/python3.12/site-packages/srv_pkg/srv/__init__.py
[2.647s] -- Symlinking: /home/srjn/ros2_ws/install/srv_pkg/lib/python3.12/site-packages/srv_pkg/srv/_joint_conversion.py
[2.656s] -- Symlinking: /home/srjn/ros2_ws/install/srv_pkg/lib/python3.12/site-packages/srv_pkg/srv/_joint_conversion_s.c
[2.665s] -- Symlinking: /home/srjn/ros2_ws/install/srv_pkg/lib/python3.12/site-packages/srv_pkg/srv_pkg_s__rosidl_typesupport_c.so
[2.673s] -- Symlinking: /home/srjn/ros2_ws/install/srv_pkg/lib/python3.12/site-packages/srv_pkg/srv_pkg_s__rosidl_typesupport_fastrtps_c.so
[2.682s] -- Symlinking: /home/srjn/ros2_ws/install/srv_pkg/lib/python3.12/site-packages/srv_pkg/srv_pkg_s__rosidl_typesupport_introspection_c.so
[2.691s] -- Up-to-date symlink: /home/srjn/ros2_ws/install/srv_pkg/lib/python3.12/site-packages/srv_pkg/srv_pkg_s__rosidl_typesupport_fastrtps_c.so
[2.691s] -- Up-to-date symlink: /home/srjn/ros2_ws/install/srv_pkg/lib/python3.12/site-packages/srv_pkg/srv_pkg_s__rosidl_typesupport_introspection_c.so
[2.692s] -- Up-to-date symlink: /home/srjn/ros2_ws/install/srv_pkg/lib/python3.12/site-packages/srv_pkg/srv_pkg_s__rosidl_typesupport_c.so
[2.692s] -- Symlinking: /home/srjn/ros2_ws/install/srv_pkg/share/srv_pkg/srv/JointConversion.idl
[2.701s] -- Symlinking: /home/srjn/ros2_ws/install/srv_pkg/share/srv_pkg/srv/JointConversion.srv
[2.710s] -- Symlinking: /home/srjn/ros2_ws/install/srv_pkg/share/ament_index/resource_index/package_run_dependencies/srv_pkg
[2.719s] -- Symlinking: /home/srjn/ros2_ws/install/srv_pkg/share/ament_index/resource_index/parent_prefix_path/srv_pkg
[2.728s] -- Symlinking: /home/srjn/ros2_ws/install/srv_pkg/share/srv_pkg/environment/ament_prefix_path.sh
[2.736s] -- Symlinking: /home/srjn/ros2_ws/install/srv_pkg/share/srv_pkg/environment/ament_prefix_path.dsv
[2.745s] -- Symlinking: /home/srjn/ros2_ws/install/srv_pkg/share/srv_pkg/environment/path.sh
[2.754s] -- Symlinking: /home/srjn/ros2_ws/install/srv_pkg/share/srv_pkg/environment/path.dsv
[2.763s] -- Symlinking: /home/srjn/ros2_ws/install/srv_pkg/share/srv_pkg/local_setup.bash
[2.772s] -- Symlinking: /home/srjn/ros2_ws/install/srv_pkg/share/srv_pkg/local_setup.sh
[2.781s] -- Symlinking: /home/srjn/ros2_ws/install/srv_pkg/share/srv_pkg/local_setup.zsh
[2.790s] -- Symlinking: /home/srjn/ros2_ws/install/srv_pkg/share/srv_pkg/local_setup.dsv
[2.798s] -- Symlinking: /home/srjn/ros2_ws/install/srv_pkg/share/srv_pkg/package.dsv
[2.809s] -- Symlinking: /home/srjn/ros2_ws/install/srv_pkg/share/ament_index/resource_index/packages/srv_pkg
[2.819s] -- Symlinking: /home/srjn/ros2_ws/install/srv_pkg/share/srv_pkg/cmake/rosidl_cmake-extras.cmake
[2.828s] -- Symlinking: /home/srjn/ros2_ws/install/srv_pkg/share/srv_pkg/cmake/ament_cmake_export_dependencies-extras.cmake
[2.837s] -- Symlinking: /home/srjn/ros2_ws/install/srv_pkg/share/srv_pkg/cmake/ament_cmake_export_include_directories-extras.cmake
[2.847s] -- Symlinking: /home/srjn/ros2_ws/install/srv_pkg/share/srv_pkg/cmake/ament_cmake_export_libraries-extras.cmake
[2.857s] -- Symlinking: /home/srjn/ros2_ws/install/srv_pkg/share/srv_pkg/cmake/ament_cmake_export_targets-extras.cmake
[2.866s] -- Symlinking: /home/srjn/ros2_ws/install/srv_pkg/share/srv_pkg/cmake/rosidl_cmake_export_typesupport_targets-extras.cmake
[2.875s] -- Symlinking: /home/srjn/ros2_ws/install/srv_pkg/share/srv_pkg/cmake/rosidl_cmake_export_typesupport_libraries-extras.cmake
[2.885s] -- Symlinking: /home/srjn/ros2_ws/install/srv_pkg/share/srv_pkg/cmake/srv_pkgConfig.cmake
[2.894s] -- Symlinking: /home/srjn/ros2_ws/install/srv_pkg/share/srv_pkg/cmake/srv_pkgConfig-version.cmake
[2.903s] -- Symlinking: /home/srjn/ros2_ws/install/srv_pkg/share/srv_pkg/package.xml
[2.913s] -- Installing: /home/srjn/ros2_ws/install/srv_pkg/lib/libsrv_pkg__rosidl_generator_c.so
[2.913s] -- Set non-toolchain portion of runtime path of "/home/srjn/ros2_ws/install/srv_pkg/lib/libsrv_pkg__rosidl_generator_c.so" to ""
[2.913s] -- Installing: /home/srjn/ros2_ws/install/srv_pkg/lib/libsrv_pkg__rosidl_typesupport_fastrtps_c.so
[2.914s] -- Set non-toolchain portion of runtime path of "/home/srjn/ros2_ws/install/srv_pkg/lib/libsrv_pkg__rosidl_typesupport_fastrtps_c.so" to ""
[2.914s] -- Installing: /home/srjn/ros2_ws/install/srv_pkg/lib/libsrv_pkg__rosidl_typesupport_introspection_c.so
[2.914s] -- Set non-toolchain portion of runtime path of "/home/srjn/ros2_ws/install/srv_pkg/lib/libsrv_pkg__rosidl_typesupport_introspection_c.so" to ""
[2.914s] -- Installing: /home/srjn/ros2_ws/install/srv_pkg/lib/libsrv_pkg__rosidl_typesupport_c.so
[2.914s] -- Set non-toolchain portion of runtime path of "/home/srjn/ros2_ws/install/srv_pkg/lib/libsrv_pkg__rosidl_typesupport_c.so" to ""
[2.914s] -- Installing: /home/srjn/ros2_ws/install/srv_pkg/lib/libsrv_pkg__rosidl_typesupport_fastrtps_cpp.so
[2.915s] -- Set non-toolchain portion of runtime path of "/home/srjn/ros2_ws/install/srv_pkg/lib/libsrv_pkg__rosidl_typesupport_fastrtps_cpp.so" to ""
[2.915s] -- Installing: /home/srjn/ros2_ws/install/srv_pkg/lib/libsrv_pkg__rosidl_typesupport_introspection_cpp.so
[2.915s] -- Set non-toolchain portion of runtime path of "/home/srjn/ros2_ws/install/srv_pkg/lib/libsrv_pkg__rosidl_typesupport_introspection_cpp.so" to ""
[2.915s] -- Installing: /home/srjn/ros2_ws/install/srv_pkg/lib/libsrv_pkg__rosidl_typesupport_cpp.so
[2.916s] -- Set non-toolchain portion of runtime path of "/home/srjn/ros2_ws/install/srv_pkg/lib/libsrv_pkg__rosidl_typesupport_cpp.so" to ""
[2.949s] Listing '/home/srjn/ros2_ws/install/srv_pkg/lib/python3.12/site-packages/srv_pkg'...
[2.949s] Compiling '/home/srjn/ros2_ws/install/srv_pkg/lib/python3.12/site-packages/srv_pkg/__init__.py'...
[2.949s] Listing '/home/srjn/ros2_ws/install/srv_pkg/lib/python3.12/site-packages/srv_pkg/srv'...
[2.949s] Compiling '/home/srjn/ros2_ws/install/srv_pkg/lib/python3.12/site-packages/srv_pkg/srv/__init__.py'...
[2.949s] Compiling '/home/srjn/ros2_ws/install/srv_pkg/lib/python3.12/site-packages/srv_pkg/srv/_joint_conversion.py'...
[2.954s] -- Installing: /home/srjn/ros2_ws/install/srv_pkg/lib/libsrv_pkg__rosidl_generator_py.so
[2.955s] -- Set non-toolchain portion of runtime path of "/home/srjn/ros2_ws/install/srv_pkg/lib/libsrv_pkg__rosidl_generator_py.so" to ""
[2.955s] -- Installing: /home/srjn/ros2_ws/install/srv_pkg/share/srv_pkg/cmake/export_srv_pkg__rosidl_generator_cExport.cmake
[2.955s] -- Installing: /home/srjn/ros2_ws/install/srv_pkg/share/srv_pkg/cmake/export_srv_pkg__rosidl_generator_cExport-noconfig.cmake
[2.955s] -- Installing: /home/srjn/ros2_ws/install/srv_pkg/share/srv_pkg/cmake/export_srv_pkg__rosidl_typesupport_fastrtps_cExport.cmake
[2.955s] -- Installing: /home/srjn/ros2_ws/install/srv_pkg/share/srv_pkg/cmake/export_srv_pkg__rosidl_typesupport_fastrtps_cExport-noconfig.cmake
[2.955s] -- Installing: /home/srjn/ros2_ws/install/srv_pkg/share/srv_pkg/cmake/srv_pkg__rosidl_typesupport_introspection_cExport.cmake
[2.955s] -- Installing: /home/srjn/ros2_ws/install/srv_pkg/share/srv_pkg/cmake/srv_pkg__rosidl_typesupport_introspection_cExport-noconfig.cmake
[2.955s] -- Installing: /home/srjn/ros2_ws/install/srv_pkg/share/srv_pkg/cmake/srv_pkg__rosidl_typesupport_cExport.cmake
[2.956s] -- Installing: /home/srjn/ros2_ws/install/srv_pkg/share/srv_pkg/cmake/srv_pkg__rosidl_typesupport_cExport-noconfig.cmake
[2.956s] -- Installing: /home/srjn/ros2_ws/install/srv_pkg/share/srv_pkg/cmake/export_srv_pkg__rosidl_generator_cppExport.cmake
[2.956s] -- Installing: /home/srjn/ros2_ws/install/srv_pkg/share/srv_pkg/cmake/export_srv_pkg__rosidl_typesupport_fastrtps_cppExport.cmake
[2.956s] -- Installing: /home/srjn/ros2_ws/install/srv_pkg/share/srv_pkg/cmake/export_srv_pkg__rosidl_typesupport_fastrtps_cppExport-noconfig.cmake
[2.956s] -- Installing: /home/srjn/ros2_ws/install/srv_pkg/share/srv_pkg/cmake/srv_pkg__rosidl_typesupport_introspection_cppExport.cmake
[2.956s] -- Installing: /home/srjn/ros2_ws/install/srv_pkg/share/srv_pkg/cmake/srv_pkg__rosidl_typesupport_introspection_cppExport-noconfig.cmake
[2.956s] -- Installing: /home/srjn/ros2_ws/install/srv_pkg/share/srv_pkg/cmake/srv_pkg__rosidl_typesupport_cppExport.cmake
[2.956s] -- Installing: /home/srjn/ros2_ws/install/srv_pkg/share/srv_pkg/cmake/srv_pkg__rosidl_typesupport_cppExport-noconfig.cmake
[2.957s] -- Installing: /home/srjn/ros2_ws/install/srv_pkg/share/srv_pkg/cmake/export_srv_pkg__rosidl_generator_pyExport.cmake
[2.957s] -- Installing: /home/srjn/ros2_ws/install/srv_pkg/share/srv_pkg/cmake/export_srv_pkg__rosidl_generator_pyExport-noconfig.cmake
[2.959s] Invoked command in '/home/srjn/ros2_ws/build/srv_pkg' returned '0': CMAKE_PREFIX_PATH=${CMAKE_PREFIX_PATH}:/home/srjn/ros2_ws/install/turtle_ctrl_launch:/home/srjn/ros2_ws/install/symlink:/home/srjn/ros2_ws/install/srvcli_py:/home/srjn/ros2_ws/install/pubsub_py:/home/srjn/ros2_ws/install/minimal_pkg:/opt/ros/jazzy DEBUGINFOD_URLS=https://debuginfod.ubuntu.com /usr/bin/cmake --install /home/srjn/ros2_ws/build/srv_pkg
