[0.914s] Invoking command in '/home/srjn/ros2_ws/src/diff_drive_description': DEBUGINFOD_URLS=https://debuginfod.ubuntu.com PYTHONPATH=/home/srjn/ros2_ws/build/diff_drive_description/prefix_override:/usr/lib/python3/dist-packages/colcon_core/task/python/colcon_distutils_commands:/home/srjn/ros2_ws/install/diff_drive_description/lib/python3.12/site-packages:${PYTHONPATH} /usr/bin/python3 -W ignore:setup.py install is deprecated -W ignore:easy_install command is deprecated setup.py egg_info --egg-base ../../build/diff_drive_description build --build-base /home/srjn/ros2_ws/build/diff_drive_description/build install --record /home/srjn/ros2_ws/build/diff_drive_description/install.log --single-version-externally-managed install_data
[1.193s] running egg_info
[1.216s] writing ../../build/diff_drive_description/diff_drive_description.egg-info/PKG-INFO
[1.217s] writing dependency_links to ../../build/diff_drive_description/diff_drive_description.egg-info/dependency_links.txt
[1.217s] writing requirements to ../../build/diff_drive_description/diff_drive_description.egg-info/requires.txt
[1.217s] writing top-level names to ../../build/diff_drive_description/diff_drive_description.egg-info/top_level.txt
[1.263s] reading manifest file '../../build/diff_drive_description/diff_drive_description.egg-info/SOURCES.txt'
[1.264s] writing manifest file '../../build/diff_drive_description/diff_drive_description.egg-info/SOURCES.txt'
[1.264s] running build
[1.264s] running build_py
[1.264s] running install
[1.271s] running install_lib
[1.292s] running install_data
[1.292s] copying urdf/diff_drive_macro.xacro -> /home/srjn/ros2_ws/install/diff_drive_description/share/diff_drive_description
[1.292s] running install_egg_info
[1.316s] removing '/home/srjn/ros2_ws/install/diff_drive_description/lib/python3.12/site-packages/diff_drive_description-0.0.0-py3.12.egg-info' (and everything under it)
[1.316s] Copying ../../build/diff_drive_description/diff_drive_description.egg-info to /home/srjn/ros2_ws/install/diff_drive_description/lib/python3.12/site-packages/diff_drive_description-0.0.0-py3.12.egg-info
[1.318s] running install_scripts
[1.470s] writing list of installed files to '/home/srjn/ros2_ws/build/diff_drive_description/install.log'
[1.494s] Invoked command in '/home/srjn/ros2_ws/src/diff_drive_description' returned '0': DEBUGINFOD_URLS=https://debuginfod.ubuntu.com PYTHONPATH=/home/srjn/ros2_ws/build/diff_drive_description/prefix_override:/usr/lib/python3/dist-packages/colcon_core/task/python/colcon_distutils_commands:/home/srjn/ros2_ws/install/diff_drive_description/lib/python3.12/site-packages:${PYTHONPATH} /usr/bin/python3 -W ignore:setup.py install is deprecated -W ignore:easy_install command is deprecated setup.py egg_info --egg-base ../../build/diff_drive_description build --build-base /home/srjn/ros2_ws/build/diff_drive_description/build install --record /home/srjn/ros2_ws/build/diff_drive_description/install.log --single-version-externally-managed install_data
