[0.011s] Invoking command in '/home/srjn/ros2_ws/build/turtlebot_simulation': CMAKE_PREFIX_PATH=${CMAKE_PREFIX_PATH}:/home/srjn/ros2_ws/install/turtle_ctrl_launch:/home/srjn/ros2_ws/install/symlink:/home/srjn/ros2_ws/install/srvcli_py:/home/srjn/ros2_ws/install/pubsub_py:/home/srjn/ros2_ws/install/minimal_pkg:/home/srjn/ros2_ws/install/first_pytest:/home/srjn/ros2_ws/install/diff_drive_description:/opt/ros/jazzy DEBUGINFOD_URLS=https://debuginfod.ubuntu.com /usr/bin/cmake /home/srjn/ros2_ws/src/turtlebot_simulation -DCMAKE_INSTALL_PREFIX=/home/srjn/ros2_ws/install/turtlebot_simulation
[0.032s] -- Found ament_cmake: 2.5.5 (/opt/ros/jazzy/share/ament_cmake/cmake)
[0.253s] [31mCMake Error at CMakeLists.txt:10 (find_package):
[0.253s]   By not providing "Findros_gz_bridge.cmake" in CMAKE_MODULE_PATH this
[0.253s]   project has asked CMake to find a package configuration file provided by
[0.253s]   "ros_gz_bridge", but CMake did not find one.
[0.253s] 
[0.253s]   Could not find a package configuration file provided by "ros_gz_bridge"
[0.253s]   with any of the following names:
[0.253s] 
[0.253s]     ros_gz_bridgeConfig.cmake
[0.253s]     ros_gz_bridge-config.cmake
[0.253s] 
[0.253s]   Add the installation prefix of "ros_gz_bridge" to CMAKE_PREFIX_PATH or set
[0.254s]   "ros_gz_bridge_DIR" to a directory containing one of the above files.  If
[0.254s]   "ros_gz_bridge" provides a separate development package or SDK, be sure it
[0.254s]   has been installed.
[0.254s] 
[0.254s] [0m
[0.254s] -- Configuring incomplete, errors occurred!
[0.256s] Invoked command in '/home/srjn/ros2_ws/build/turtlebot_simulation' returned '1': CMAKE_PREFIX_PATH=${CMAKE_PREFIX_PATH}:/home/srjn/ros2_ws/install/turtle_ctrl_launch:/home/srjn/ros2_ws/install/symlink:/home/srjn/ros2_ws/install/srvcli_py:/home/srjn/ros2_ws/install/pubsub_py:/home/srjn/ros2_ws/install/minimal_pkg:/home/srjn/ros2_ws/install/first_pytest:/home/srjn/ros2_ws/install/diff_drive_description:/opt/ros/jazzy DEBUGINFOD_URLS=https://debuginfod.ubuntu.com /usr/bin/cmake /home/srjn/ros2_ws/src/turtlebot_simulation -DCMAKE_INSTALL_PREFIX=/home/srjn/ros2_ws/install/turtlebot_simulation
