[3.723s] Invoking command in '/home/srjn/ros2_ws/src/pubsub_py': DEBUGINFOD_URLS=https://debuginfod.ubuntu.com PYTHONPATH=/home/srjn/ros2_ws/build/pubsub_py/prefix_override:/usr/lib/python3/dist-packages/colcon_core/task/python/colcon_distutils_commands:/home/srjn/ros2_ws/install/pubsub_py/lib/python3.12/site-packages:${PYTHONPATH} /usr/bin/python3 -W ignore:setup.py install is deprecated -W ignore:easy_install command is deprecated setup.py egg_info --egg-base ../../build/pubsub_py build --build-base /home/srjn/ros2_ws/build/pubsub_py/build install --record /home/srjn/ros2_ws/build/pubsub_py/install.log --single-version-externally-managed install_data
[4.854s] running egg_info
[4.942s] writing ../../build/pubsub_py/pubsub_py.egg-info/PKG-INFO
[4.942s] writing dependency_links to ../../build/pubsub_py/pubsub_py.egg-info/dependency_links.txt
[4.943s] writing entry points to ../../build/pubsub_py/pubsub_py.egg-info/entry_points.txt
[4.943s] writing requirements to ../../build/pubsub_py/pubsub_py.egg-info/requires.txt
[4.946s] writing top-level names to ../../build/pubsub_py/pubsub_py.egg-info/top_level.txt
[5.141s] reading manifest file '../../build/pubsub_py/pubsub_py.egg-info/SOURCES.txt'
[5.144s] writing manifest file '../../build/pubsub_py/pubsub_py.egg-info/SOURCES.txt'
[5.146s] running build
[5.146s] running build_py
[5.152s] running install
[5.187s] running install_lib
[5.315s] running install_data
[5.316s] running install_egg_info
[5.453s] removing '/home/srjn/ros2_ws/install/pubsub_py/lib/python3.12/site-packages/pubsub_py-0.0.0-py3.12.egg-info' (and everything under it)
[5.453s] Copying ../../build/pubsub_py/pubsub_py.egg-info to /home/srjn/ros2_ws/install/pubsub_py/lib/python3.12/site-packages/pubsub_py-0.0.0-py3.12.egg-info
[5.455s] running install_scripts
[6.102s] Installing sine_wave_pub script to /home/srjn/ros2_ws/install/pubsub_py/lib/pubsub_py
[6.108s] Installing sine_wave_sub script to /home/srjn/ros2_ws/install/pubsub_py/lib/pubsub_py
[6.109s] writing list of installed files to '/home/srjn/ros2_ws/build/pubsub_py/install.log'
[6.226s] Invoked command in '/home/srjn/ros2_ws/src/pubsub_py' returned '0': DEBUGINFOD_URLS=https://debuginfod.ubuntu.com PYTHONPATH=/home/srjn/ros2_ws/build/pubsub_py/prefix_override:/usr/lib/python3/dist-packages/colcon_core/task/python/colcon_distutils_commands:/home/srjn/ros2_ws/install/pubsub_py/lib/python3.12/site-packages:${PYTHONPATH} /usr/bin/python3 -W ignore:setup.py install is deprecated -W ignore:easy_install command is deprecated setup.py egg_info --egg-base ../../build/pubsub_py build --build-base /home/srjn/ros2_ws/build/pubsub_py/build install --record /home/srjn/ros2_ws/build/pubsub_py/install.log --single-version-externally-managed install_data
