-- Install configuration: ""
-- Up-to-date: /home/srjn/ros2_ws/install/turtlebot_simulation/share/turtlebot_simulation/launch
-- Up-to-date: /home/srjn/ros2_ws/install/turtlebot_simulation/share/turtlebot_simulation/launch/start_simu.launch.py
-- Up-to-date: /home/srjn/ros2_ws/install/turtlebot_simulation/share/turtlebot_simulation/launch/ign_bridge.launch.py
-- Up-to-date: /home/srjn/ros2_ws/install/turtlebot_simulation/share/turtlebot_simulation/launch/nav.launch.py
-- Up-to-date: /home/srjn/ros2_ws/install/turtlebot_simulation/share/turtlebot_simulation/models
-- Up-to-date: /home/srjn/ros2_ws/install/turtlebot_simulation/share/turtlebot_simulation/models/turtlebot3
-- Up-to-date: /home/srjn/ros2_ws/install/turtlebot_simulation/share/turtlebot_simulation/models/turtlebot3/waffle
-- Up-to-date: /home/srjn/ros2_ws/install/turtlebot_simulation/share/turtlebot_simulation/models/turtlebot3/waffle/model.sdf
-- Up-to-date: /home/srjn/ros2_ws/install/turtlebot_simulation/share/turtlebot_simulation/models/turtlebot3/waffle/model.config
-- Up-to-date: /home/srjn/ros2_ws/install/turtlebot_simulation/share/turtlebot_simulation/models/turtlebot3/waffle/meshes
-- Up-to-date: /home/srjn/ros2_ws/install/turtlebot_simulation/share/turtlebot_simulation/models/turtlebot3/waffle/meshes/waffle_pi_base.dae
-- Up-to-date: /home/srjn/ros2_ws/install/turtlebot_simulation/share/turtlebot_simulation/models/turtlebot3/waffle/meshes/tire.dae
-- Up-to-date: /home/srjn/ros2_ws/install/turtlebot_simulation/share/turtlebot_simulation/models/turtlebot3/waffle/meshes/waffle_base.dae
-- Up-to-date: /home/srjn/ros2_ws/install/turtlebot_simulation/share/turtlebot_simulation/models/turtlebot3/waffle/meshes/r200.dae
-- Up-to-date: /home/srjn/ros2_ws/install/turtlebot_simulation/share/turtlebot_simulation/models/turtlebot3/waffle/meshes/lds.dae
-- Up-to-date: /home/srjn/ros2_ws/install/turtlebot_simulation/share/turtlebot_simulation/models/turtlebot3/burger
-- Up-to-date: /home/srjn/ros2_ws/install/turtlebot_simulation/share/turtlebot_simulation/models/turtlebot3/burger/model.sdf
-- Up-to-date: /home/srjn/ros2_ws/install/turtlebot_simulation/share/turtlebot_simulation/models/turtlebot3/burger/model.config
-- Up-to-date: /home/srjn/ros2_ws/install/turtlebot_simulation/share/turtlebot_simulation/models/turtlebot3/burger/meshes
-- Up-to-date: /home/srjn/ros2_ws/install/turtlebot_simulation/share/turtlebot_simulation/models/turtlebot3/burger/meshes/waffle_pi_base.dae
-- Up-to-date: /home/srjn/ros2_ws/install/turtlebot_simulation/share/turtlebot_simulation/models/turtlebot3/burger/meshes/tire.dae
-- Up-to-date: /home/srjn/ros2_ws/install/turtlebot_simulation/share/turtlebot_simulation/models/turtlebot3/burger/meshes/waffle_base.dae
-- Up-to-date: /home/srjn/ros2_ws/install/turtlebot_simulation/share/turtlebot_simulation/models/turtlebot3/burger/meshes/r200.dae
-- Up-to-date: /home/srjn/ros2_ws/install/turtlebot_simulation/share/turtlebot_simulation/models/turtlebot3/burger/meshes/lds.dae
-- Up-to-date: /home/srjn/ros2_ws/install/turtlebot_simulation/share/turtlebot_simulation/models/turtlebot3/burger/meshes/burger_base.dae
-- Up-to-date: /home/srjn/ros2_ws/install/turtlebot_simulation/share/turtlebot_simulation/worlds
-- Up-to-date: /home/srjn/ros2_ws/install/turtlebot_simulation/share/turtlebot_simulation/worlds/model.sdf
-- Up-to-date: /home/srjn/ros2_ws/install/turtlebot_simulation/share/turtlebot_simulation/worlds/meshes
-- Up-to-date: /home/srjn/ros2_ws/install/turtlebot_simulation/share/turtlebot_simulation/worlds/meshes/wall.dae
-- Up-to-date: /home/srjn/ros2_ws/install/turtlebot_simulation/share/turtlebot_simulation/worlds/meshes/hexagon.dae
-- Up-to-date: /home/srjn/ros2_ws/install/turtlebot_simulation/share/turtlebot_simulation/params
-- Installing: /home/srjn/ros2_ws/install/turtlebot_simulation/share/turtlebot_simulation/params/nav.yaml
-- Up-to-date: /home/srjn/ros2_ws/install/turtlebot_simulation/share/turtlebot_simulation/maps
-- Up-to-date: /home/srjn/ros2_ws/install/turtlebot_simulation/share/turtlebot_simulation/maps/turtlebot_world.yaml
-- Up-to-date: /home/srjn/ros2_ws/install/turtlebot_simulation/share/turtlebot_simulation/maps/turtlebot_world.pgm
-- Up-to-date: /home/srjn/ros2_ws/install/turtlebot_simulation/share/ament_index/resource_index/package_run_dependencies/turtlebot_simulation
-- Up-to-date: /home/srjn/ros2_ws/install/turtlebot_simulation/share/ament_index/resource_index/parent_prefix_path/turtlebot_simulation
-- Up-to-date: /home/srjn/ros2_ws/install/turtlebot_simulation/share/turtlebot_simulation/environment/ament_prefix_path.sh
-- Up-to-date: /home/srjn/ros2_ws/install/turtlebot_simulation/share/turtlebot_simulation/environment/ament_prefix_path.dsv
-- Up-to-date: /home/srjn/ros2_ws/install/turtlebot_simulation/share/turtlebot_simulation/environment/path.sh
-- Up-to-date: /home/srjn/ros2_ws/install/turtlebot_simulation/share/turtlebot_simulation/environment/path.dsv
-- Up-to-date: /home/srjn/ros2_ws/install/turtlebot_simulation/share/turtlebot_simulation/local_setup.bash
-- Up-to-date: /home/srjn/ros2_ws/install/turtlebot_simulation/share/turtlebot_simulation/local_setup.sh
-- Up-to-date: /home/srjn/ros2_ws/install/turtlebot_simulation/share/turtlebot_simulation/local_setup.zsh
-- Up-to-date: /home/srjn/ros2_ws/install/turtlebot_simulation/share/turtlebot_simulation/local_setup.dsv
-- Installing: /home/srjn/ros2_ws/install/turtlebot_simulation/share/turtlebot_simulation/package.dsv
-- Up-to-date: /home/srjn/ros2_ws/install/turtlebot_simulation/share/ament_index/resource_index/packages/turtlebot_simulation
-- Up-to-date: /home/srjn/ros2_ws/install/turtlebot_simulation/share/turtlebot_simulation/cmake/turtlebot_simulationConfig.cmake
-- Up-to-date: /home/srjn/ros2_ws/install/turtlebot_simulation/share/turtlebot_simulation/cmake/turtlebot_simulationConfig-version.cmake
-- Up-to-date: /home/srjn/ros2_ws/install/turtlebot_simulation/share/turtlebot_simulation/package.xml
