-- Found ament_cmake: 2.5.5 (/opt/ros/jazzy/share/ament_cmake/cmake)
-- Found ros_gz_bridge: 1.0.22 (/opt/ros/jazzy/share/ros_gz_bridge/cmake)
-- Found rosidl_generator_c: 4.6.7 (/opt/ros/jazzy/share/rosidl_generator_c/cmake)
-- Found rosidl_generator_cpp: 4.6.7 (/opt/ros/jazzy/share/rosidl_generator_cpp/cmake)
-- Using all available rosidl_typesupport_c: rosidl_typesupport_fastrtps_c;rosidl_typesupport_introspection_c
-- Using all available rosidl_typesupport_cpp: rosidl_typesupport_fastrtps_cpp;rosidl_typesupport_introspection_cpp
-- Found rmw_implementation_cmake: 7.3.3 (/opt/ros/jazzy/share/rmw_implementation_cmake/cmake)
-- Found rmw_fastrtps_cpp: 8.4.3 (/opt/ros/jazzy/share/rmw_fastrtps_cpp/cmake)
-- Using RMW implementation 'rmw_fastrtps_cpp' as default
-- Looking for gz-msgs10 -- found version 10.3.2
-- Searching for dependencies of gz-msgs10
-- Looking for gz-utils2 -- found version 2.2.1
-- Searching for dependencies of gz-utils2
-- Looking for gz-math7 -- found version 7.5.2
-- Searching for dependencies of gz-math7
-- Looking for gz-utils2 -- found version 2.2.1
-- Checking for module 'tinyxml2'
--   Found tinyxml2, version 10.0.0
-- Looking for gz-transport13 -- found version 13.5.0
-- Searching for dependencies of gz-transport13
-- Config-file not installed for ZeroMQ -- checking for pkg-config
-- Checking for module 'libzmq >= 4'
--   Found libzmq, version 4.3.5
-- Checking for module 'uuid'
--   Found uuid, version 2.39.3
-- Looking for gz-utils2 -- found version 2.2.1
-- Searching for dependencies of gz-utils2
-- Searching for <gz-utils2> component [cli]
-- Looking for gz-utils2-cli -- found version 2.2.1
-- Searching for dependencies of gz-utils2-cli
-- Looking for gz-msgs10 -- found version 10.3.2
-- Found ros_gz_sim: 1.0.22 (/opt/ros/jazzy/share/ros_gz_sim/cmake)
-- Found robot_state_publisher: 3.3.3 (/opt/ros/jazzy/share/robot_state_publisher/cmake)
-- Found ament_lint_auto: 0.17.4 (/opt/ros/jazzy/share/ament_lint_auto/cmake)
-- Added test 'flake8' to check Python code syntax and style conventions
-- Configured 'flake8' exclude dirs and/or files: 
-- Added test 'lint_cmake' to check CMake code style
-- Added test 'pep257' to check Python code against some of the docstring style conventions in PEP 257
-- Added test 'xmllint' to check XML markup files
-- Configuring done (1.2s)
-- Generating done (0.0s)
-- Build files have been written to: /home/srjn/ros2_ws/build/turtlebot_simulation
-- Install configuration: ""
-- Installing: /home/srjn/ros2_ws/install/turtlebot_simulation/share/turtlebot_simulation/launch
-- Installing: /home/srjn/ros2_ws/install/turtlebot_simulation/share/turtlebot_simulation/launch/start_simu.launch.py
-- Installing: /home/srjn/ros2_ws/install/turtlebot_simulation/share/turtlebot_simulation/launch/ign_bridge.launch.py
-- Installing: /home/srjn/ros2_ws/install/turtlebot_simulation/share/turtlebot_simulation/launch/nav.launch.py
-- Installing: /home/srjn/ros2_ws/install/turtlebot_simulation/share/turtlebot_simulation/models
-- Installing: /home/srjn/ros2_ws/install/turtlebot_simulation/share/turtlebot_simulation/models/turtlebot3
-- Installing: /home/srjn/ros2_ws/install/turtlebot_simulation/share/turtlebot_simulation/models/turtlebot3/waffle
-- Installing: /home/srjn/ros2_ws/install/turtlebot_simulation/share/turtlebot_simulation/models/turtlebot3/waffle/model.sdf
-- Installing: /home/srjn/ros2_ws/install/turtlebot_simulation/share/turtlebot_simulation/models/turtlebot3/waffle/model.config
-- Installing: /home/srjn/ros2_ws/install/turtlebot_simulation/share/turtlebot_simulation/models/turtlebot3/waffle/meshes
-- Installing: /home/srjn/ros2_ws/install/turtlebot_simulation/share/turtlebot_simulation/models/turtlebot3/waffle/meshes/waffle_pi_base.dae
-- Installing: /home/srjn/ros2_ws/install/turtlebot_simulation/share/turtlebot_simulation/models/turtlebot3/waffle/meshes/tire.dae
-- Installing: /home/srjn/ros2_ws/install/turtlebot_simulation/share/turtlebot_simulation/models/turtlebot3/waffle/meshes/waffle_base.dae
-- Installing: /home/srjn/ros2_ws/install/turtlebot_simulation/share/turtlebot_simulation/models/turtlebot3/waffle/meshes/r200.dae
-- Installing: /home/srjn/ros2_ws/install/turtlebot_simulation/share/turtlebot_simulation/models/turtlebot3/waffle/meshes/lds.dae
-- Installing: /home/srjn/ros2_ws/install/turtlebot_simulation/share/turtlebot_simulation/models/turtlebot3/burger
-- Installing: /home/srjn/ros2_ws/install/turtlebot_simulation/share/turtlebot_simulation/models/turtlebot3/burger/model.sdf
-- Installing: /home/srjn/ros2_ws/install/turtlebot_simulation/share/turtlebot_simulation/models/turtlebot3/burger/model.config
-- Installing: /home/srjn/ros2_ws/install/turtlebot_simulation/share/turtlebot_simulation/models/turtlebot3/burger/meshes
-- Installing: /home/srjn/ros2_ws/install/turtlebot_simulation/share/turtlebot_simulation/models/turtlebot3/burger/meshes/waffle_pi_base.dae
-- Installing: /home/srjn/ros2_ws/install/turtlebot_simulation/share/turtlebot_simulation/models/turtlebot3/burger/meshes/tire.dae
-- Installing: /home/srjn/ros2_ws/install/turtlebot_simulation/share/turtlebot_simulation/models/turtlebot3/burger/meshes/waffle_base.dae
-- Installing: /home/srjn/ros2_ws/install/turtlebot_simulation/share/turtlebot_simulation/models/turtlebot3/burger/meshes/r200.dae
-- Installing: /home/srjn/ros2_ws/install/turtlebot_simulation/share/turtlebot_simulation/models/turtlebot3/burger/meshes/lds.dae
-- Installing: /home/srjn/ros2_ws/install/turtlebot_simulation/share/turtlebot_simulation/models/turtlebot3/burger/meshes/burger_base.dae
-- Installing: /home/srjn/ros2_ws/install/turtlebot_simulation/share/turtlebot_simulation/worlds
-- Installing: /home/srjn/ros2_ws/install/turtlebot_simulation/share/turtlebot_simulation/worlds/model.sdf
-- Installing: /home/srjn/ros2_ws/install/turtlebot_simulation/share/turtlebot_simulation/worlds/meshes
-- Installing: /home/srjn/ros2_ws/install/turtlebot_simulation/share/turtlebot_simulation/worlds/meshes/wall.dae
-- Installing: /home/srjn/ros2_ws/install/turtlebot_simulation/share/turtlebot_simulation/worlds/meshes/hexagon.dae
-- Installing: /home/srjn/ros2_ws/install/turtlebot_simulation/share/turtlebot_simulation/params
-- Installing: /home/srjn/ros2_ws/install/turtlebot_simulation/share/turtlebot_simulation/params/nav.yaml
-- Installing: /home/srjn/ros2_ws/install/turtlebot_simulation/share/turtlebot_simulation/maps
-- Installing: /home/srjn/ros2_ws/install/turtlebot_simulation/share/turtlebot_simulation/maps/turtlebot_world.yaml
-- Installing: /home/srjn/ros2_ws/install/turtlebot_simulation/share/turtlebot_simulation/maps/turtlebot_world.pgm
-- Installing: /home/srjn/ros2_ws/install/turtlebot_simulation/share/ament_index/resource_index/package_run_dependencies/turtlebot_simulation
-- Installing: /home/srjn/ros2_ws/install/turtlebot_simulation/share/ament_index/resource_index/parent_prefix_path/turtlebot_simulation
-- Installing: /home/srjn/ros2_ws/install/turtlebot_simulation/share/turtlebot_simulation/environment/ament_prefix_path.sh
-- Installing: /home/srjn/ros2_ws/install/turtlebot_simulation/share/turtlebot_simulation/environment/ament_prefix_path.dsv
-- Installing: /home/srjn/ros2_ws/install/turtlebot_simulation/share/turtlebot_simulation/environment/path.sh
-- Installing: /home/srjn/ros2_ws/install/turtlebot_simulation/share/turtlebot_simulation/environment/path.dsv
-- Installing: /home/srjn/ros2_ws/install/turtlebot_simulation/share/turtlebot_simulation/local_setup.bash
-- Installing: /home/srjn/ros2_ws/install/turtlebot_simulation/share/turtlebot_simulation/local_setup.sh
-- Installing: /home/srjn/ros2_ws/install/turtlebot_simulation/share/turtlebot_simulation/local_setup.zsh
-- Installing: /home/srjn/ros2_ws/install/turtlebot_simulation/share/turtlebot_simulation/local_setup.dsv
-- Installing: /home/srjn/ros2_ws/install/turtlebot_simulation/share/turtlebot_simulation/package.dsv
-- Installing: /home/srjn/ros2_ws/install/turtlebot_simulation/share/ament_index/resource_index/packages/turtlebot_simulation
-- Installing: /home/srjn/ros2_ws/install/turtlebot_simulation/share/turtlebot_simulation/cmake/turtlebot_simulationConfig.cmake
-- Installing: /home/srjn/ros2_ws/install/turtlebot_simulation/share/turtlebot_simulation/cmake/turtlebot_simulationConfig-version.cmake
-- Installing: /home/srjn/ros2_ws/install/turtlebot_simulation/share/turtlebot_simulation/package.xml
