running develop
running egg_info
writing ../../build/turtle_ctrl_launch/turtle_ctrl_launch.egg-info/PKG-INFO
writing dependency_links to ../../build/turtle_ctrl_launch/turtle_ctrl_launch.egg-info/dependency_links.txt
writing requirements to ../../build/turtle_ctrl_launch/turtle_ctrl_launch.egg-info/requires.txt
writing top-level names to ../../build/turtle_ctrl_launch/turtle_ctrl_launch.egg-info/top_level.txt
reading manifest file '../../build/turtle_ctrl_launch/turtle_ctrl_launch.egg-info/SOURCES.txt'
writing manifest file '../../build/turtle_ctrl_launch/turtle_ctrl_launch.egg-info/SOURCES.txt'
running build
running build_py
creating /home/srjn/ros2_ws/build/turtle_ctrl_launch/build
creating /home/srjn/ros2_ws/build/turtle_ctrl_launch/build/lib
creating /home/srjn/ros2_ws/build/turtle_ctrl_launch/build/lib/turtle_ctrl_launch
copying turtle_ctrl_launch/__init__.py -> /home/srjn/ros2_ws/build/turtle_ctrl_launch/build/lib/turtle_ctrl_launch
running install
running install_lib
creating /home/srjn/ros2_ws/install/turtle_ctrl_launch/lib/python3.12/site-packages/turtle_ctrl_launch
copying /home/srjn/ros2_ws/build/turtle_ctrl_launch/build/lib/turtle_ctrl_launch/__init__.py -> /home/srjn/ros2_ws/install/turtle_ctrl_launch/lib/python3.12/site-packages/turtle_ctrl_launch
byte-compiling /home/srjn/ros2_ws/install/turtle_ctrl_launch/lib/python3.12/site-packages/turtle_ctrl_launch/__init__.py to __init__.cpython-312.pyc
running install_data
copying resource/turtle_ctrl_launch -> /home/srjn/ros2_ws/install/turtle_ctrl_launch/share/ament_index/resource_index/packages
copying package.xml -> /home/srjn/ros2_ws/install/turtle_ctrl_launch/share/turtle_ctrl_launch
running install_egg_info
Copying ../../build/turtle_ctrl_launch/turtle_ctrl_launch.egg-info to /home/srjn/ros2_ws/install/turtle_ctrl_launch/lib/python3.12/site-packages/turtle_ctrl_launch-0.0.0-py3.12.egg-info
running install_scripts
writing list of installed files to '/home/srjn/ros2_ws/build/turtle_ctrl_launch/install.log'
