[2.433s] Invoking command in '/home/srjn/ros2_ws/build/turtle_ctrl_launch': DEBUGINFOD_URLS=https://debuginfod.ubuntu.com PYTHONPATH=/home/srjn/ros2_ws/build/turtle_ctrl_launch/prefix_override:/usr/lib/python3/dist-packages/colcon_core/task/python/colcon_distutils_commands:/home/srjn/ros2_ws/install/turtle_ctrl_launch/lib/python3.12/site-packages:${PYTHONPATH} /usr/bin/python3 -W ignore:setup.py install is deprecated -W ignore:easy_install command is deprecated setup.py develop --uninstall --editable --build-directory /home/srjn/ros2_ws/build/turtle_ctrl_launch/build
[2.841s] running develop
[3.233s] Invoked command in '/home/srjn/ros2_ws/build/turtle_ctrl_launch' returned '0': DEBUGINFOD_URLS=https://debuginfod.ubuntu.com PYTHONPATH=/home/srjn/ros2_ws/build/turtle_ctrl_launch/prefix_override:/usr/lib/python3/dist-packages/colcon_core/task/python/colcon_distutils_commands:/home/srjn/ros2_ws/install/turtle_ctrl_launch/lib/python3.12/site-packages:${PYTHONPATH} /usr/bin/python3 -W ignore:setup.py install is deprecated -W ignore:easy_install command is deprecated setup.py develop --uninstall --editable --build-directory /home/srjn/ros2_ws/build/turtle_ctrl_launch/build
[3.234s] Invoking command in '/home/srjn/ros2_ws/src/turtle_ctrl_launch': DEBUGINFOD_URLS=https://debuginfod.ubuntu.com PYTHONPATH=/home/srjn/ros2_ws/build/turtle_ctrl_launch/prefix_override:/usr/lib/python3/dist-packages/colcon_core/task/python/colcon_distutils_commands:/home/srjn/ros2_ws/install/turtle_ctrl_launch/lib/python3.12/site-packages:${PYTHONPATH} /usr/bin/python3 -W ignore:setup.py install is deprecated -W ignore:easy_install command is deprecated setup.py egg_info --egg-base ../../build/turtle_ctrl_launch build --build-base /home/srjn/ros2_ws/build/turtle_ctrl_launch/build install --record /home/srjn/ros2_ws/build/turtle_ctrl_launch/install.log --single-version-externally-managed install_data --force
[3.547s] running egg_info
[3.574s] writing ../../build/turtle_ctrl_launch/turtle_ctrl_launch.egg-info/PKG-INFO
[3.574s] writing dependency_links to ../../build/turtle_ctrl_launch/turtle_ctrl_launch.egg-info/dependency_links.txt
[3.575s] writing requirements to ../../build/turtle_ctrl_launch/turtle_ctrl_launch.egg-info/requires.txt
[3.575s] writing top-level names to ../../build/turtle_ctrl_launch/turtle_ctrl_launch.egg-info/top_level.txt
[3.621s] reading manifest file '../../build/turtle_ctrl_launch/turtle_ctrl_launch.egg-info/SOURCES.txt'
[3.622s] writing manifest file '../../build/turtle_ctrl_launch/turtle_ctrl_launch.egg-info/SOURCES.txt'
[3.622s] running build
[3.622s] running build_py
[3.622s] creating /home/srjn/ros2_ws/build/turtle_ctrl_launch/build
[3.622s] creating /home/srjn/ros2_ws/build/turtle_ctrl_launch/build/lib
[3.622s] creating /home/srjn/ros2_ws/build/turtle_ctrl_launch/build/lib/turtle_ctrl_launch
[3.622s] copying turtle_ctrl_launch/__init__.py -> /home/srjn/ros2_ws/build/turtle_ctrl_launch/build/lib/turtle_ctrl_launch
[3.623s] running install
[3.628s] running install_lib
[3.651s] creating /home/srjn/ros2_ws/install/turtle_ctrl_launch/lib/python3.12/site-packages/turtle_ctrl_launch
[3.651s] copying /home/srjn/ros2_ws/build/turtle_ctrl_launch/build/lib/turtle_ctrl_launch/__init__.py -> /home/srjn/ros2_ws/install/turtle_ctrl_launch/lib/python3.12/site-packages/turtle_ctrl_launch
[3.652s] byte-compiling /home/srjn/ros2_ws/install/turtle_ctrl_launch/lib/python3.12/site-packages/turtle_ctrl_launch/__init__.py to __init__.cpython-312.pyc
[3.652s] running install_data
[3.652s] copying resource/turtle_ctrl_launch -> /home/srjn/ros2_ws/install/turtle_ctrl_launch/share/ament_index/resource_index/packages
[3.652s] copying package.xml -> /home/srjn/ros2_ws/install/turtle_ctrl_launch/share/turtle_ctrl_launch
[3.653s] running install_egg_info
[3.684s] Copying ../../build/turtle_ctrl_launch/turtle_ctrl_launch.egg-info to /home/srjn/ros2_ws/install/turtle_ctrl_launch/lib/python3.12/site-packages/turtle_ctrl_launch-0.0.0-py3.12.egg-info
[3.686s] running install_scripts
[3.869s] writing list of installed files to '/home/srjn/ros2_ws/build/turtle_ctrl_launch/install.log'
[3.945s] Invoked command in '/home/srjn/ros2_ws/src/turtle_ctrl_launch' returned '0': DEBUGINFOD_URLS=https://debuginfod.ubuntu.com PYTHONPATH=/home/srjn/ros2_ws/build/turtle_ctrl_launch/prefix_override:/usr/lib/python3/dist-packages/colcon_core/task/python/colcon_distutils_commands:/home/srjn/ros2_ws/install/turtle_ctrl_launch/lib/python3.12/site-packages:${PYTHONPATH} /usr/bin/python3 -W ignore:setup.py install is deprecated -W ignore:easy_install command is deprecated setup.py egg_info --egg-base ../../build/turtle_ctrl_launch build --build-base /home/srjn/ros2_ws/build/turtle_ctrl_launch/build install --record /home/srjn/ros2_ws/build/turtle_ctrl_launch/install.log --single-version-externally-managed install_data --force
