[0.090s] Invoking command in '/home/srjn/ros2_ws/build/action_pkg': CMAKE_PREFIX_PATH=${CMAKE_PREFIX_PATH}:/home/srjn/ros2_ws/install/diff_drive_control:/home/srjn/ros2_ws/install/turtle_ctrl_launch:/home/srjn/ros2_ws/install/symlink:/home/srjn/ros2_ws/install/srvcli_py:/home/srjn/ros2_ws/install/pubsub_py:/home/srjn/ros2_ws/install/minimal_pkg:/home/srjn/ros2_ws/install/first_pytest:/home/srjn/ros2_ws/install/diff_drive_description:/opt/ros/jazzy DEBUGINFOD_URLS=https://debuginfod.ubuntu.com /usr/bin/cmake --build /home/srjn/ros2_ws/build/action_pkg -- -j16 -l16
[1.642s] Invoked command in '/home/srjn/ros2_ws/build/action_pkg' returned '0': CMAKE_PREFIX_PATH=${CMAKE_PREFIX_PATH}:/home/srjn/ros2_ws/install/diff_drive_control:/home/srjn/ros2_ws/install/turtle_ctrl_launch:/home/srjn/ros2_ws/install/symlink:/home/srjn/ros2_ws/install/srvcli_py:/home/srjn/ros2_ws/install/pubsub_py:/home/srjn/ros2_ws/install/minimal_pkg:/home/srjn/ros2_ws/install/first_pytest:/home/srjn/ros2_ws/install/diff_drive_description:/opt/ros/jazzy DEBUGINFOD_URLS=https://debuginfod.ubuntu.com /usr/bin/cmake --build /home/srjn/ros2_ws/build/action_pkg -- -j16 -l16
[1.643s] Invoking command in '/home/srjn/ros2_ws/build/action_pkg': CMAKE_PREFIX_PATH=${CMAKE_PREFIX_PATH}:/home/srjn/ros2_ws/install/diff_drive_control:/home/srjn/ros2_ws/install/turtle_ctrl_launch:/home/srjn/ros2_ws/install/symlink:/home/srjn/ros2_ws/install/srvcli_py:/home/srjn/ros2_ws/install/pubsub_py:/home/srjn/ros2_ws/install/minimal_pkg:/home/srjn/ros2_ws/install/first_pytest:/home/srjn/ros2_ws/install/diff_drive_description:/opt/ros/jazzy DEBUGINFOD_URLS=https://debuginfod.ubuntu.com /usr/bin/cmake --install /home/srjn/ros2_ws/build/action_pkg
[1.661s] -- Install configuration: ""
[1.682s] -- Execute custom install script
[1.682s] -- Up-to-date symlink: /home/srjn/ros2_ws/install/action_pkg/share/ament_index/resource_index/package_run_dependencies/action_pkg
[1.683s] -- Up-to-date symlink: /home/srjn/ros2_ws/install/action_pkg/share/ament_index/resource_index/parent_prefix_path/action_pkg
[1.683s] -- Up-to-date symlink: /home/srjn/ros2_ws/install/action_pkg/share/action_pkg/environment/ament_prefix_path.sh
[1.683s] -- Up-to-date symlink: /home/srjn/ros2_ws/install/action_pkg/share/action_pkg/environment/ament_prefix_path.dsv
[1.683s] -- Up-to-date symlink: /home/srjn/ros2_ws/install/action_pkg/share/action_pkg/environment/path.sh
[1.683s] -- Up-to-date symlink: /home/srjn/ros2_ws/install/action_pkg/share/action_pkg/environment/path.dsv
[1.684s] -- Up-to-date symlink: /home/srjn/ros2_ws/install/action_pkg/share/action_pkg/local_setup.bash
[1.684s] -- Up-to-date symlink: /home/srjn/ros2_ws/install/action_pkg/share/action_pkg/local_setup.sh
[1.684s] -- Up-to-date symlink: /home/srjn/ros2_ws/install/action_pkg/share/action_pkg/local_setup.zsh
[1.684s] -- Up-to-date symlink: /home/srjn/ros2_ws/install/action_pkg/share/action_pkg/local_setup.dsv
[1.685s] -- Symlinking: /home/srjn/ros2_ws/install/action_pkg/share/action_pkg/package.dsv
[1.685s] -- Up-to-date symlink: /home/srjn/ros2_ws/install/action_pkg/share/ament_index/resource_index/packages/action_pkg
[1.685s] -- Up-to-date symlink: /home/srjn/ros2_ws/install/action_pkg/share/action_pkg/cmake/action_pkgConfig.cmake
[1.685s] -- Up-to-date symlink: /home/srjn/ros2_ws/install/action_pkg/share/action_pkg/cmake/action_pkgConfig-version.cmake
[1.686s] -- Up-to-date symlink: /home/srjn/ros2_ws/install/action_pkg/share/action_pkg/package.xml
[1.691s] Invoked command in '/home/srjn/ros2_ws/build/action_pkg' returned '0': CMAKE_PREFIX_PATH=${CMAKE_PREFIX_PATH}:/home/srjn/ros2_ws/install/diff_drive_control:/home/srjn/ros2_ws/install/turtle_ctrl_launch:/home/srjn/ros2_ws/install/symlink:/home/srjn/ros2_ws/install/srvcli_py:/home/srjn/ros2_ws/install/pubsub_py:/home/srjn/ros2_ws/install/minimal_pkg:/home/srjn/ros2_ws/install/first_pytest:/home/srjn/ros2_ws/install/diff_drive_description:/opt/ros/jazzy DEBUGINFOD_URLS=https://debuginfod.ubuntu.com /usr/bin/cmake --install /home/srjn/ros2_ws/build/action_pkg
