[2.435s] Invoking command in '/home/srjn/ros2_ws/build/symlink': DEBUGINFOD_URLS=https://debuginfod.ubuntu.com PYTHONPATH=/home/srjn/ros2_ws/build/symlink/prefix_override:/usr/lib/python3/dist-packages/colcon_core/task/python/colcon_distutils_commands:/home/srjn/ros2_ws/install/symlink/lib/python3.12/site-packages:${PYTHONPATH} /usr/bin/python3 -W ignore:setup.py install is deprecated -W ignore:easy_install command is deprecated setup.py develop --uninstall --editable --build-directory /home/srjn/ros2_ws/build/symlink/build
[2.831s] running develop
[3.230s] Invoked command in '/home/srjn/ros2_ws/build/symlink' returned '0': DEBUGINFOD_URLS=https://debuginfod.ubuntu.com PYTHONPATH=/home/srjn/ros2_ws/build/symlink/prefix_override:/usr/lib/python3/dist-packages/colcon_core/task/python/colcon_distutils_commands:/home/srjn/ros2_ws/install/symlink/lib/python3.12/site-packages:${PYTHONPATH} /usr/bin/python3 -W ignore:setup.py install is deprecated -W ignore:easy_install command is deprecated setup.py develop --uninstall --editable --build-directory /home/srjn/ros2_ws/build/symlink/build
[3.231s] Invoking command in '/home/srjn/ros2_ws/src/symlink': DEBUGINFOD_URLS=https://debuginfod.ubuntu.com PYTHONPATH=/home/srjn/ros2_ws/build/symlink/prefix_override:/usr/lib/python3/dist-packages/colcon_core/task/python/colcon_distutils_commands:/home/srjn/ros2_ws/install/symlink/lib/python3.12/site-packages:${PYTHONPATH} /usr/bin/python3 -W ignore:setup.py install is deprecated -W ignore:easy_install command is deprecated setup.py egg_info --egg-base ../../build/symlink build --build-base /home/srjn/ros2_ws/build/symlink/build install --record /home/srjn/ros2_ws/build/symlink/install.log --single-version-externally-managed install_data --force
[3.551s] running egg_info
[3.578s] writing ../../build/symlink/symlink.egg-info/PKG-INFO
[3.578s] writing dependency_links to ../../build/symlink/symlink.egg-info/dependency_links.txt
[3.578s] writing entry points to ../../build/symlink/symlink.egg-info/entry_points.txt
[3.579s] writing requirements to ../../build/symlink/symlink.egg-info/requires.txt
[3.579s] writing top-level names to ../../build/symlink/symlink.egg-info/top_level.txt
[3.625s] reading manifest file '../../build/symlink/symlink.egg-info/SOURCES.txt'
[3.626s] writing manifest file '../../build/symlink/symlink.egg-info/SOURCES.txt'
[3.627s] running build
[3.627s] running build_py
[3.627s] creating /home/srjn/ros2_ws/build/symlink/build
[3.627s] creating /home/srjn/ros2_ws/build/symlink/build/lib
[3.627s] creating /home/srjn/ros2_ws/build/symlink/build/lib/symlink
[3.627s] copying symlink/__init__.py -> /home/srjn/ros2_ws/build/symlink/build/lib/symlink
[3.627s] copying symlink/hello_world_node.py -> /home/srjn/ros2_ws/build/symlink/build/lib/symlink
[3.627s] running install
[3.633s] running install_lib
[3.656s] creating /home/srjn/ros2_ws/install/symlink/lib/python3.12/site-packages/symlink
[3.656s] copying /home/srjn/ros2_ws/build/symlink/build/lib/symlink/__init__.py -> /home/srjn/ros2_ws/install/symlink/lib/python3.12/site-packages/symlink
[3.656s] copying /home/srjn/ros2_ws/build/symlink/build/lib/symlink/hello_world_node.py -> /home/srjn/ros2_ws/install/symlink/lib/python3.12/site-packages/symlink
[3.657s] byte-compiling /home/srjn/ros2_ws/install/symlink/lib/python3.12/site-packages/symlink/__init__.py to __init__.cpython-312.pyc
[3.657s] byte-compiling /home/srjn/ros2_ws/install/symlink/lib/python3.12/site-packages/symlink/hello_world_node.py to hello_world_node.cpython-312.pyc
[3.658s] running install_data
[3.658s] copying resource/symlink -> /home/srjn/ros2_ws/install/symlink/share/ament_index/resource_index/packages
[3.658s] copying package.xml -> /home/srjn/ros2_ws/install/symlink/share/symlink
[3.658s] running install_egg_info
[3.688s] Copying ../../build/symlink/symlink.egg-info to /home/srjn/ros2_ws/install/symlink/lib/python3.12/site-packages/symlink-0.0.0-py3.12.egg-info
[3.689s] running install_scripts
[3.867s] Installing hello_world_node script to /home/srjn/ros2_ws/install/symlink/lib/symlink
[3.868s] writing list of installed files to '/home/srjn/ros2_ws/build/symlink/install.log'
[3.935s] Invoked command in '/home/srjn/ros2_ws/src/symlink' returned '0': DEBUGINFOD_URLS=https://debuginfod.ubuntu.com PYTHONPATH=/home/srjn/ros2_ws/build/symlink/prefix_override:/usr/lib/python3/dist-packages/colcon_core/task/python/colcon_distutils_commands:/home/srjn/ros2_ws/install/symlink/lib/python3.12/site-packages:${PYTHONPATH} /usr/bin/python3 -W ignore:setup.py install is deprecated -W ignore:easy_install command is deprecated setup.py egg_info --egg-base ../../build/symlink build --build-base /home/srjn/ros2_ws/build/symlink/build install --record /home/srjn/ros2_ws/build/symlink/install.log --single-version-externally-managed install_data --force
