[1.266s] Invoking command in '/home/srjn/ros2_ws/build/px4': CMAKE_PREFIX_PATH=${CMAKE_PREFIX_PATH}:/home/srjn/ros2_ws/install/turtle_ctrl_launch:/home/srjn/ros2_ws/install/symlink:/home/srjn/ros2_ws/install/srvcli_py:/home/srjn/ros2_ws/install/pubsub_py:/home/srjn/ros2_ws/install/minimal_pkg:/home/srjn/ros2_ws/install/first_pytest:/home/srjn/ros2_ws/install/diff_drive_description:/home/srjn/ros2_ws/install/diff_drive_control:/opt/ros/jazzy DEBUGINFOD_URLS=https://debuginfod.ubuntu.com /usr/bin/cmake /home/srjn/ros2_ws/PX4-Autopilot -DCMAKE_INSTALL_PREFIX=/home/srjn/ros2_ws/install/px4
[1.772s] -- PX4_GIT_TAG: v1.18.0-alpha1-78-g59cb543825
[1.772s] -- Found Python3: /usr/bin/python3 (found version "3.12.3") found components: Interpreter 
[1.772s] -- PX4 config file: /home/srjn/ros2_ws/PX4-Autopilot/boards/px4/ros2/default.px4board
[1.776s] -- PLATFORM ros2
[1.776s] -- ROMFSROOT px4fmu_common
[1.778s] -- ROOT_PATH /fs/microsd
[1.778s] -- PARAM_FILE /fs/mtd_params
[1.794s] -- PX4 config: px4_ros2_default
[1.795s] -- PX4 platform: ros2
[1.894s] -- The CXX compiler identification is GNU 13.3.0
[1.952s] -- Detecting CXX compiler ABI info
[2.173s] -- Detecting CXX compiler ABI info - done
[2.190s] -- Check for working CXX compiler: /usr/bin/c++ - skipped
[2.191s] -- Detecting CXX compile features
[2.191s] -- Detecting CXX compile features - done
[2.210s] -- Found ament_cmake: 2.5.5 (/opt/ros/jazzy/share/ament_cmake/cmake)
[2.638s] -- Found rclcpp: 28.1.16 (/opt/ros/jazzy/share/rclcpp/cmake)
[2.947s] -- Found rosidl_generator_c: 4.6.7 (/opt/ros/jazzy/share/rosidl_generator_c/cmake)
[3.041s] -- Found rosidl_generator_cpp: 4.6.7 (/opt/ros/jazzy/share/rosidl_generator_cpp/cmake)
[3.181s] -- Using all available rosidl_typesupport_c: rosidl_typesupport_fastrtps_c;rosidl_typesupport_introspection_c
[3.289s] -- Using all available rosidl_typesupport_cpp: rosidl_typesupport_fastrtps_cpp;rosidl_typesupport_introspection_cpp
[3.773s] -- Found rmw_implementation_cmake: 7.3.3 (/opt/ros/jazzy/share/rmw_implementation_cmake/cmake)
[3.817s] -- Found rmw_fastrtps_cpp: 8.4.3 (/opt/ros/jazzy/share/rmw_fastrtps_cpp/cmake)
[4.309s] -- Found OpenSSL: /usr/lib/x86_64-linux-gnu/libcrypto.so (found version "3.0.13")  
[4.435s] -- Found FastRTPS: /opt/ros/jazzy/include (Required is at least version "2.13") 
[4.546s] -- Using RMW implementation 'rmw_fastrtps_cpp' as default
[5.215s] -- Found rosidl_default_generators: 1.6.0 (/opt/ros/jazzy/share/rosidl_default_generators/cmake)
[5.363s] -- Found rosidl_adapter: 4.6.7 (/opt/ros/jazzy/share/rosidl_adapter/cmake)
[5.391s] -- Found std_msgs: 5.3.6 (/opt/ros/jazzy/share/std_msgs/cmake)
[5.688s] -- The C compiler identification is GNU 13.3.0
[5.773s] -- The ASM compiler identification is GNU
[5.779s] -- Found assembler: /usr/bin/cc
[5.833s] -- Detecting C compiler ABI info
[6.300s] -- Detecting C compiler ABI info - done
[6.343s] -- Check for working C compiler: /usr/bin/cc - skipped
[6.360s] -- Detecting C compile features
[6.360s] -- Detecting C compile features - done
[6.405s] -- cmake build type: RelWithDebInfo
[6.409s] -- ccache enabled (export CCACHE_DISABLE=1 to disable)
[6.625s] -- Adding fuzztest
[14.432s] -- Performing Test ABSL_INTERNAL_AT_LEAST_CXX17
[14.867s] -- Performing Test ABSL_INTERNAL_AT_LEAST_CXX17 - Success
[14.867s] -- Performing Test ABSL_INTERNAL_AT_LEAST_CXX20
[15.061s] -- Performing Test ABSL_INTERNAL_AT_LEAST_CXX20 - Failed
[15.087s] -- Performing Test CMAKE_HAVE_LIBC_PTHREAD
[15.480s] -- Performing Test CMAKE_HAVE_LIBC_PTHREAD - Success
[15.485s] -- Found Threads: TRUE  
[29.107s] -- Building without demo. To enable demo build use: -DWITH_DEMO=True
[29.443s] -- ROS_VERSION: 2
[29.443s] -- AMENT_PREFIX_PATH: /home/srjn/ros2_ws/install/turtlebot_simulation:/home/srjn/ros2_ws/install/turtle_ctrl_launch:/home/srjn/ros2_ws/install/symlink:/home/srjn/ros2_ws/install/srvcli_py:/home/srjn/ros2_ws/install/srv_pkg:/home/srjn/ros2_ws/install/pubsub_py:/home/srjn/ros2_ws/install/pendulum_robot_description:/home/srjn/ros2_ws/install/minimal_pkg:/home/srjn/ros2_ws/install/first_pytest:/home/srjn/ros2_ws/install/diff_drive_description:/home/srjn/ros2_ws/install/diff_drive_control:/home/srjn/ros2_ws/install/action_pkg:/opt/ros/jazzy
[31.256s] -- Found ament_cmake_ros: 0.12.0 (/opt/ros/jazzy/share/ament_cmake_ros/cmake)
[31.602s] -- Using all available rosidl_typesupport_c: rosidl_typesupport_fastrtps_c;rosidl_typesupport_introspection_c
[31.738s] -- Using all available rosidl_typesupport_cpp: rosidl_typesupport_fastrtps_cpp;rosidl_typesupport_introspection_cpp
[31.753s] -- Found python_cmake_module: 0.11.1 (/opt/ros/jazzy/share/python_cmake_module/cmake)
[31.788s] -- Found PythonExtra: /usr/bin/python3  
[32.254s] -- Found Python3: /usr/bin/python3 (found version "3.12.3") found components: Interpreter Development NumPy Development.Module Development.Embed 
[32.596s] [31mCMake Error at cmake/package.cmake:104 (target_compile_definitions):
[32.596s]   target_compile_definitions called with non-compilable target type
[32.596s] Call Stack (most recent call first):
[32.596s]   CMakeLists.txt:527 (include)
[32.596s] 
[32.596s] [0m
[32.596s] -- PX4 SITL .deb version: 1.18.0~alpha1-noble (amd64)
[32.772s] -- Configuring incomplete, errors occurred!
[32.874s] Invoked command in '/home/srjn/ros2_ws/build/px4' returned '1': CMAKE_PREFIX_PATH=${CMAKE_PREFIX_PATH}:/home/srjn/ros2_ws/install/turtle_ctrl_launch:/home/srjn/ros2_ws/install/symlink:/home/srjn/ros2_ws/install/srvcli_py:/home/srjn/ros2_ws/install/pubsub_py:/home/srjn/ros2_ws/install/minimal_pkg:/home/srjn/ros2_ws/install/first_pytest:/home/srjn/ros2_ws/install/diff_drive_description:/home/srjn/ros2_ws/install/diff_drive_control:/opt/ros/jazzy DEBUGINFOD_URLS=https://debuginfod.ubuntu.com /usr/bin/cmake /home/srjn/ros2_ws/PX4-Autopilot -DCMAKE_INSTALL_PREFIX=/home/srjn/ros2_ws/install/px4
