[1.730s] Invoking command in '/home/srjn/ros2_ws/build/turtlebot_simulation': CMAKE_PREFIX_PATH=${CMAKE_PREFIX_PATH}:/home/srjn/ros2_ws/install/turtle_ctrl_launch:/home/srjn/ros2_ws/install/symlink:/home/srjn/ros2_ws/install/srvcli_py:/home/srjn/ros2_ws/install/pubsub_py:/home/srjn/ros2_ws/install/minimal_pkg:/home/srjn/ros2_ws/install/first_pytest:/home/srjn/ros2_ws/install/diff_drive_description:/home/srjn/ros2_ws/install/diff_drive_control:/opt/ros/jazzy DEBUGINFOD_URLS=https://debuginfod.ubuntu.com /usr/bin/cmake --build /home/srjn/ros2_ws/build/turtlebot_simulation -- -j16 -l16
[1.853s] Invoked command in '/home/srjn/ros2_ws/build/turtlebot_simulation' returned '0': CMAKE_PREFIX_PATH=${CMAKE_PREFIX_PATH}:/home/srjn/ros2_ws/install/turtle_ctrl_launch:/home/srjn/ros2_ws/install/symlink:/home/srjn/ros2_ws/install/srvcli_py:/home/srjn/ros2_ws/install/pubsub_py:/home/srjn/ros2_ws/install/minimal_pkg:/home/srjn/ros2_ws/install/first_pytest:/home/srjn/ros2_ws/install/diff_drive_description:/home/srjn/ros2_ws/install/diff_drive_control:/opt/ros/jazzy DEBUGINFOD_URLS=https://debuginfod.ubuntu.com /usr/bin/cmake --build /home/srjn/ros2_ws/build/turtlebot_simulation -- -j16 -l16
[1.854s] Invoking command in '/home/srjn/ros2_ws/build/turtlebot_simulation': CMAKE_PREFIX_PATH=${CMAKE_PREFIX_PATH}:/home/srjn/ros2_ws/install/turtle_ctrl_launch:/home/srjn/ros2_ws/install/symlink:/home/srjn/ros2_ws/install/srvcli_py:/home/srjn/ros2_ws/install/pubsub_py:/home/srjn/ros2_ws/install/minimal_pkg:/home/srjn/ros2_ws/install/first_pytest:/home/srjn/ros2_ws/install/diff_drive_description:/home/srjn/ros2_ws/install/diff_drive_control:/opt/ros/jazzy DEBUGINFOD_URLS=https://debuginfod.ubuntu.com /usr/bin/cmake --install /home/srjn/ros2_ws/build/turtlebot_simulation
[1.867s] -- Install configuration: ""
[1.867s] -- Up-to-date: /home/srjn/ros2_ws/install/turtlebot_simulation/share/turtlebot_simulation/launch
[1.867s] -- Up-to-date: /home/srjn/ros2_ws/install/turtlebot_simulation/share/turtlebot_simulation/launch/start_simu.launch.py
[1.867s] -- Up-to-date: /home/srjn/ros2_ws/install/turtlebot_simulation/share/turtlebot_simulation/launch/ign_bridge.launch.py
[1.867s] -- Up-to-date: /home/srjn/ros2_ws/install/turtlebot_simulation/share/turtlebot_simulation/launch/nav.launch.py
[1.867s] -- Up-to-date: /home/srjn/ros2_ws/install/turtlebot_simulation/share/turtlebot_simulation/models
[1.867s] -- Up-to-date: /home/srjn/ros2_ws/install/turtlebot_simulation/share/turtlebot_simulation/models/turtlebot3
[1.868s] -- Up-to-date: /home/srjn/ros2_ws/install/turtlebot_simulation/share/turtlebot_simulation/models/turtlebot3/waffle
[1.870s] -- Up-to-date: /home/srjn/ros2_ws/install/turtlebot_simulation/share/turtlebot_simulation/models/turtlebot3/waffle/model.sdf
[1.870s] -- Up-to-date: /home/srjn/ros2_ws/install/turtlebot_simulation/share/turtlebot_simulation/models/turtlebot3/waffle/model.config
[1.870s] -- Up-to-date: /home/srjn/ros2_ws/install/turtlebot_simulation/share/turtlebot_simulation/models/turtlebot3/waffle/meshes
[1.870s] -- Up-to-date: /home/srjn/ros2_ws/install/turtlebot_simulation/share/turtlebot_simulation/models/turtlebot3/waffle/meshes/waffle_pi_base.dae
[1.870s] -- Up-to-date: /home/srjn/ros2_ws/install/turtlebot_simulation/share/turtlebot_simulation/models/turtlebot3/waffle/meshes/tire.dae
[1.870s] -- Up-to-date: /home/srjn/ros2_ws/install/turtlebot_simulation/share/turtlebot_simulation/models/turtlebot3/waffle/meshes/waffle_base.dae
[1.870s] -- Up-to-date: /home/srjn/ros2_ws/install/turtlebot_simulation/share/turtlebot_simulation/models/turtlebot3/waffle/meshes/r200.dae
[1.870s] -- Up-to-date: /home/srjn/ros2_ws/install/turtlebot_simulation/share/turtlebot_simulation/models/turtlebot3/waffle/meshes/lds.dae
[1.870s] -- Up-to-date: /home/srjn/ros2_ws/install/turtlebot_simulation/share/turtlebot_simulation/models/turtlebot3/burger
[1.871s] -- Up-to-date: /home/srjn/ros2_ws/install/turtlebot_simulation/share/turtlebot_simulation/models/turtlebot3/burger/model.sdf
[1.871s] -- Up-to-date: /home/srjn/ros2_ws/install/turtlebot_simulation/share/turtlebot_simulation/models/turtlebot3/burger/model.config
[1.871s] -- Up-to-date: /home/srjn/ros2_ws/install/turtlebot_simulation/share/turtlebot_simulation/models/turtlebot3/burger/meshes
[1.871s] -- Up-to-date: /home/srjn/ros2_ws/install/turtlebot_simulation/share/turtlebot_simulation/models/turtlebot3/burger/meshes/waffle_pi_base.dae
[1.871s] -- Up-to-date: /home/srjn/ros2_ws/install/turtlebot_simulation/share/turtlebot_simulation/models/turtlebot3/burger/meshes/tire.dae
[1.871s] -- Up-to-date: /home/srjn/ros2_ws/install/turtlebot_simulation/share/turtlebot_simulation/models/turtlebot3/burger/meshes/waffle_base.dae
[1.878s] -- Up-to-date: /home/srjn/ros2_ws/install/turtlebot_simulation/share/turtlebot_simulation/models/turtlebot3/burger/meshes/r200.dae
[1.879s] -- Up-to-date: /home/srjn/ros2_ws/install/turtlebot_simulation/share/turtlebot_simulation/models/turtlebot3/burger/meshes/lds.dae
[1.883s] -- Up-to-date: /home/srjn/ros2_ws/install/turtlebot_simulation/share/turtlebot_simulation/models/turtlebot3/burger/meshes/burger_base.dae
[1.884s] -- Up-to-date: /home/srjn/ros2_ws/install/turtlebot_simulation/share/turtlebot_simulation/worlds
[1.884s] -- Up-to-date: /home/srjn/ros2_ws/install/turtlebot_simulation/share/turtlebot_simulation/worlds/model.sdf
[1.884s] -- Up-to-date: /home/srjn/ros2_ws/install/turtlebot_simulation/share/turtlebot_simulation/worlds/meshes
[1.884s] -- Up-to-date: /home/srjn/ros2_ws/install/turtlebot_simulation/share/turtlebot_simulation/worlds/meshes/wall.dae
[1.884s] -- Up-to-date: /home/srjn/ros2_ws/install/turtlebot_simulation/share/turtlebot_simulation/worlds/meshes/hexagon.dae
[1.885s] -- Up-to-date: /home/srjn/ros2_ws/install/turtlebot_simulation/share/turtlebot_simulation/params
[1.886s] -- Up-to-date: /home/srjn/ros2_ws/install/turtlebot_simulation/share/turtlebot_simulation/params/nav.yaml
[1.886s] -- Up-to-date: /home/srjn/ros2_ws/install/turtlebot_simulation/share/turtlebot_simulation/maps
[1.886s] -- Up-to-date: /home/srjn/ros2_ws/install/turtlebot_simulation/share/turtlebot_simulation/maps/turtlebot_world.yaml
[1.886s] -- Up-to-date: /home/srjn/ros2_ws/install/turtlebot_simulation/share/turtlebot_simulation/maps/turtlebot_world.pgm
[1.887s] -- Up-to-date: /home/srjn/ros2_ws/install/turtlebot_simulation/share/ament_index/resource_index/package_run_dependencies/turtlebot_simulation
[1.887s] -- Up-to-date: /home/srjn/ros2_ws/install/turtlebot_simulation/share/ament_index/resource_index/parent_prefix_path/turtlebot_simulation
[1.888s] -- Up-to-date: /home/srjn/ros2_ws/install/turtlebot_simulation/share/turtlebot_simulation/environment/ament_prefix_path.sh
[1.889s] -- Up-to-date: /home/srjn/ros2_ws/install/turtlebot_simulation/share/turtlebot_simulation/environment/ament_prefix_path.dsv
[1.889s] -- Up-to-date: /home/srjn/ros2_ws/install/turtlebot_simulation/share/turtlebot_simulation/environment/path.sh
[1.890s] -- Up-to-date: /home/srjn/ros2_ws/install/turtlebot_simulation/share/turtlebot_simulation/environment/path.dsv
[1.891s] -- Up-to-date: /home/srjn/ros2_ws/install/turtlebot_simulation/share/turtlebot_simulation/local_setup.bash
[1.894s] -- Up-to-date: /home/srjn/ros2_ws/install/turtlebot_simulation/share/turtlebot_simulation/local_setup.sh
[1.895s] -- Up-to-date: /home/srjn/ros2_ws/install/turtlebot_simulation/share/turtlebot_simulation/local_setup.zsh
[1.896s] -- Up-to-date: /home/srjn/ros2_ws/install/turtlebot_simulation/share/turtlebot_simulation/local_setup.dsv
[1.896s] -- Installing: /home/srjn/ros2_ws/install/turtlebot_simulation/share/turtlebot_simulation/package.dsv
[1.897s] -- Up-to-date: /home/srjn/ros2_ws/install/turtlebot_simulation/share/ament_index/resource_index/packages/turtlebot_simulation
[1.897s] -- Up-to-date: /home/srjn/ros2_ws/install/turtlebot_simulation/share/turtlebot_simulation/cmake/turtlebot_simulationConfig.cmake
[1.897s] -- Up-to-date: /home/srjn/ros2_ws/install/turtlebot_simulation/share/turtlebot_simulation/cmake/turtlebot_simulationConfig-version.cmake
[1.897s] -- Up-to-date: /home/srjn/ros2_ws/install/turtlebot_simulation/share/turtlebot_simulation/package.xml
[1.900s] Invoked command in '/home/srjn/ros2_ws/build/turtlebot_simulation' returned '0': CMAKE_PREFIX_PATH=${CMAKE_PREFIX_PATH}:/home/srjn/ros2_ws/install/turtle_ctrl_launch:/home/srjn/ros2_ws/install/symlink:/home/srjn/ros2_ws/install/srvcli_py:/home/srjn/ros2_ws/install/pubsub_py:/home/srjn/ros2_ws/install/minimal_pkg:/home/srjn/ros2_ws/install/first_pytest:/home/srjn/ros2_ws/install/diff_drive_description:/home/srjn/ros2_ws/install/diff_drive_control:/opt/ros/jazzy DEBUGINFOD_URLS=https://debuginfod.ubuntu.com /usr/bin/cmake --install /home/srjn/ros2_ws/build/turtlebot_simulation
