[0.861s] Invoking command in '/home/srjn/ros2_ws/src/diff_drive_description': DEBUGINFOD_URLS=https://debuginfod.ubuntu.com PYTHONPATH=/home/srjn/ros2_ws/build/diff_drive_description/prefix_override:/usr/lib/python3/dist-packages/colcon_core/task/python/colcon_distutils_commands:/home/srjn/ros2_ws/install/diff_drive_description/lib/python3.12/site-packages:${PYTHONPATH} /usr/bin/python3 -W ignore:setup.py install is deprecated -W ignore:easy_install command is deprecated setup.py egg_info --egg-base ../../build/diff_drive_description build --build-base /home/srjn/ros2_ws/build/diff_drive_description/build install --record /home/srjn/ros2_ws/build/diff_drive_description/install.log --single-version-externally-managed install_data
[1.146s] running egg_info
[1.168s] writing ../../build/diff_drive_description/diff_drive_description.egg-info/PKG-INFO
[1.168s] writing dependency_links to ../../build/diff_drive_description/diff_drive_description.egg-info/dependency_links.txt
[1.168s] writing requirements to ../../build/diff_drive_description/diff_drive_description.egg-info/requires.txt
[1.169s] writing top-level names to ../../build/diff_drive_description/diff_drive_description.egg-info/top_level.txt
[1.209s] reading manifest file '../../build/diff_drive_description/diff_drive_description.egg-info/SOURCES.txt'
[1.210s] writing manifest file '../../build/diff_drive_description/diff_drive_description.egg-info/SOURCES.txt'
[1.210s] running build
[1.210s] running build_py
[1.210s] running install
[1.219s] running install_lib
[1.240s] running install_data
[1.240s] copying urdf/diff_drive_macro.xacro -> /home/srjn/ros2_ws/install/diff_drive_description/share/diff_drive_description
[1.241s] running install_egg_info
[1.262s] removing '/home/srjn/ros2_ws/install/diff_drive_description/lib/python3.12/site-packages/diff_drive_description-0.0.0-py3.12.egg-info' (and everything under it)
[1.262s] Copying ../../build/diff_drive_description/diff_drive_description.egg-info to /home/srjn/ros2_ws/install/diff_drive_description/lib/python3.12/site-packages/diff_drive_description-0.0.0-py3.12.egg-info
[1.263s] running install_scripts
[1.408s] writing list of installed files to '/home/srjn/ros2_ws/build/diff_drive_description/install.log'
[1.447s] Invoked command in '/home/srjn/ros2_ws/src/diff_drive_description' returned '0': DEBUGINFOD_URLS=https://debuginfod.ubuntu.com PYTHONPATH=/home/srjn/ros2_ws/build/diff_drive_description/prefix_override:/usr/lib/python3/dist-packages/colcon_core/task/python/colcon_distutils_commands:/home/srjn/ros2_ws/install/diff_drive_description/lib/python3.12/site-packages:${PYTHONPATH} /usr/bin/python3 -W ignore:setup.py install is deprecated -W ignore:easy_install command is deprecated setup.py egg_info --egg-base ../../build/diff_drive_description build --build-base /home/srjn/ros2_ws/build/diff_drive_description/build install --record /home/srjn/ros2_ws/build/diff_drive_description/install.log --single-version-externally-managed install_data
